{'file': 'orbit_p0.0700.bin', 'm_A (Msun)': 1.0, 'm_B (Msun)': 4.0, 'e': 0.5, 'apapse': False, 'm_P (Msun)': 0.0, 'l (rad)': 0.0, 'a (AU)': 0.07, 't_stop (day)': 1633478.507816798, 'stability': 'ST'}
{'file': 'orbit_p0.0800.bin', 'm_A (Msun)': 1.0, 'm_B (Msun)': 4.0, 'e': 0.5, 'apapse': False, 'm_P (Msun)': 0.0, 'l (rad)': 0.0, 'a (AU)': 0.08, 't_stop (day)': 1633478.507816798, 'stability': 'ST'}
{'file': 'orbit_p0.0900.bin', 'm_A (Msun)': 1.0, 'm_B (Msun)': 4.0, 'e': 0.5, 'apapse': False, 'm_P (Msun)': 0.0, 'l (rad)': 0.0, 'a (AU)': 0.09, 't_stop (day)': 1633478.507816798, 'stability': 'ST'}
{'file': 'orbit_p0.1000.bin', 'm_A (Msun)': 1.0, 'm_B (Msun)': 4.0, 'e': 0.5, 'apapse': False, 'm_P (Msun)': 0.0, 'l (rad)': 0.0, 'a (AU)': 0.1, 't_stop (day)': 24421.01222817485, 'stability': 'CA'}
{'file': 'orbit_a0.0700.bin', 'm_A (Msun)': 1.0, 'm_B (Msun)': 4.0, 'e': 0.5, 'apapse': True, 'm_P (Msun)': 0.0, 'l (rad)': 0.0, 'a (AU)': 0.07, 't_stop (day)': 1633478.507816798, 'stability': 'ST'}
{'file': 'orbit_a0.0800.bin', 'm_A (Msun)': 1.0, 'm_B (Msun)': 4.0, 'e': 0.5, 'apapse': True, 'm_P (Msun)': 0.0, 'l (rad)': 0.0, 'a (AU)': 0.08, 't_stop (day)': 1633478.507816798, 'stability': 'ST'}
{'file': 'orbit_a0.0900.bin', 'm_A (Msun)': 1.0, 'm_B (Msun)': 4.0, 'e': 0.5, 'apapse': True, 'm_P (Msun)': 0.0, 'l (rad)': 0.0, 'a (AU)': 0.09, 't_stop (day)': 627002.4367449956, 'stability': 'CA'}
{'file': 'orbit_a0.1000.bin', 'm_A (Msun)': 1.0, 'm_B (Msun)': 4.0, 'e': 0.5, 'apapse': True, 'm_P (Msun)': 0.0, 'l (rad)': 0.0, 'a (AU)': 0.1, 't_stop (day)': 7120.379142449049, 'stability': 'CA'}
{'file': 'orbit_p0.0700.bin', 'm_A (Msun)': 1.0, 'm_B (Msun)': 4.0, 'e': 0.5, 'apapse': False, 'm_P (Msun)': 0.0, 'l (rad)': 1.5707963267948966, 'a (AU)': 0.07, 't_stop (day)': 1633478.507816798, 'stability': 'ST'}
{'file': 'orbit_p0.0800.bin', 'm_A (Msun)': 1.0, 'm_B (Msun)': 4.0, 'e': 0.5, 'apapse': False, 'm_P (Msun)': 0.0, 'l (rad)': 1.5707963267948966, 'a (AU)': 0.08, 't_stop (day)': 1633478.507816798, 'stability': 'ST'}
{'file': 'orbit_p0.0900.bin', 'm_A (Msun)': 1.0, 'm_B (Msun)': 4.0, 'e': 0.5, 'apapse': False, 'm_P (Msun)': 0.0, 'l (rad)': 1.5707963267948966, 'a (AU)': 0.09, 't_stop (day)': 4724.963445620482, 'stability': 'CA'}
{'file': 'orbit_p0.1000.bin', 'm_A (Msun)': 1.0, 'm_B (Msun)': 4.0, 'e': 0.5, 'apapse': False, 'm_P (Msun)': 0.0, 'l (rad)': 1.5707963267948966, 'a (AU)': 0.1, 't_stop (day)': 1980.1570932770226, 'stability': 'CA'}
{'file': 'orbit_a0.0700.bin', 'm_A (Msun)': 1.0, 'm_B (Msun)': 4.0, 'e': 0.5, 'apapse': True, 'm_P (Msun)': 0.0, 'l (rad)': 1.5707963267948966, 'a (AU)': 0.07, 't_stop (day)': 1633478.507816798, 'stability': 'ST'}
{'file': 'orbit_a0.0800.bin', 'm_A (Msun)': 1.0, 'm_B (Msun)': 4.0, 'e': 0.5, 'apapse': True, 'm_P (Msun)': 0.0, 'l (rad)': 1.5707963267948966, 'a (AU)': 0.08, 't_stop (day)': 1633478.507816798, 'stability': 'ST'}
{'file': 'orbit_a0.0900.bin', 'm_A (Msun)': 1.0, 'm_B (Msun)': 4.0, 'e': 0.5, 'apapse': True, 'm_P (Msun)': 0.0, 'l (rad)': 1.5707963267948966, 'a (AU)': 0.09, 't_stop (day)': 980315.89690942, 'stability': 'EJ'}
{'file': 'orbit_a0.1000.bin', 'm_A (Msun)': 1.0, 'm_B (Msun)': 4.0, 'e': 0.5, 'apapse': True, 'm_P (Msun)': 0.0, 'l (rad)': 1.5707963267948966, 'a (AU)': 0.1, 't_stop (day)': 29741.95604777859, 'stability': 'EJ'}
{'file': 'orbit_p0.0700.bin', 'm_A (Msun)': 1.0, 'm_B (Msun)': 4.0, 'e': 0.5, 'apapse': False, 'm_P (Msun)': 0.0, 'l (rad)': 3.141592653589793, 'a (AU)': 0.07, 't_stop (day)': 1633478.507816798, 'stability': 'ST'}
{'file': 'orbit_p0.0800.bin', 'm_A (Msun)': 1.0, 'm_B (Msun)': 4.0, 'e': 0.5, 'apapse': False, 'm_P (Msun)': 0.0, 'l (rad)': 3.141592653589793, 'a (AU)': 0.08, 't_stop (day)': 1633478.507816798, 'stability': 'ST'}
{'file': 'orbit_p0.0900.bin', 'm_A (Msun)': 1.0, 'm_B (Msun)': 4.0, 'e': 0.5, 'apapse': False, 'm_P (Msun)': 0.0, 'l (rad)': 3.141592653589793, 'a (AU)': 0.09, 't_stop (day)': 1633478.507816798, 'stability': 'ST'}
{'file': 'orbit_p0.1000.bin', 'm_A (Msun)': 1.0, 'm_B (Msun)': 4.0, 'e': 0.5, 'apapse': False, 'm_P (Msun)': 0.0, 'l (rad)': 3.141592653589793, 'a (AU)': 0.1, 't_stop (day)': 252670.29785663105, 'stability': 'CB'}
{'file': 'orbit_a0.0700.bin', 'm_A (Msun)': 1.0, 'm_B (Msun)': 4.0, 'e': 0.5, 'apapse': True, 'm_P (Msun)': 0.0, 'l (rad)': 3.141592653589793, 'a (AU)': 0.07, 't_stop (day)': 1633478.507816798, 'stability': 'ST'}
{'file': 'orbit_a0.0800.bin', 'm_A (Msun)': 1.0, 'm_B (Msun)': 4.0, 'e': 0.5, 'apapse': True, 'm_P (Msun)': 0.0, 'l (rad)': 3.141592653589793, 'a (AU)': 0.08, 't_stop (day)': 1633478.507816798, 'stability': 'ST'}
{'file': 'orbit_a0.0900.bin', 'm_A (Msun)': 1.0, 'm_B (Msun)': 4.0, 'e': 0.5, 'apapse': True, 'm_P (Msun)': 0.0, 'l (rad)': 3.141592653589793, 'a (AU)': 0.09, 't_stop (day)': 1633478.507816798, 'stability': 'ST'}
{'file': 'orbit_a0.1000.bin', 'm_A (Msun)': 1.0, 'm_B (Msun)': 4.0, 'e': 0.5, 'apapse': True, 'm_P (Msun)': 0.0, 'l (rad)': 3.141592653589793, 'a (AU)': 0.1, 't_stop (day)': 44175.158299661554, 'stability': 'CA'}
{'file': 'orbit_p0.0700.bin', 'm_A (Msun)': 1.0, 'm_B (Msun)': 4.0, 'e': 0.5, 'apapse': False, 'm_P (Msun)': 0.0, 'l (rad)': 4.71238898038469, 'a (AU)': 0.07, 't_stop (day)': 1633478.507816798, 'stability': 'ST'}
{'file': 'orbit_p0.0800.bin', 'm_A (Msun)': 1.0, 'm_B (Msun)': 4.0, 'e': 0.5, 'apapse': False, 'm_P (Msun)': 0.0, 'l (rad)': 4.71238898038469, 'a (AU)': 0.08, 't_stop (day)': 1633478.507816798, 'stability': 'ST'}
{'file': 'orbit_p0.0900.bin', 'm_A (Msun)': 1.0, 'm_B (Msun)': 4.0, 'e': 0.5, 'apapse': False, 'm_P (Msun)': 0.0, 'l (rad)': 4.71238898038469, 'a (AU)': 0.09, 't_stop (day)': 34301.76713114106, 'stability': 'CA'}
{'file': 'orbit_p0.1000.bin', 'm_A (Msun)': 1.0, 'm_B (Msun)': 4.0, 'e': 0.5, 'apapse': False, 'm_P (Msun)': 0.0, 'l (rad)': 4.71238898038469, 'a (AU)': 0.1, 't_stop (day)': 3802.862880583573, 'stability': 'EJ'}
{'file': 'orbit_a0.0700.bin', 'm_A (Msun)': 1.0, 'm_B (Msun)': 4.0, 'e': 0.5, 'apapse': True, 'm_P (Msun)': 0.0, 'l (rad)': 4.71238898038469, 'a (AU)': 0.07, 't_stop (day)': 1633478.507816798, 'stability': 'ST'}
{'file': 'orbit_a0.0800.bin', 'm_A (Msun)': 1.0, 'm_B (Msun)': 4.0, 'e': 0.5, 'apapse': True, 'm_P (Msun)': 0.0, 'l (rad)': 4.71238898038469, 'a (AU)': 0.08, 't_stop (day)': 1633478.507816798, 'stability': 'ST'}
{'file': 'orbit_a0.0900.bin', 'm_A (Msun)': 1.0, 'm_B (Msun)': 4.0, 'e': 0.5, 'apapse': True, 'm_P (Msun)': 0.0, 'l (rad)': 4.71238898038469, 'a (AU)': 0.09, 't_stop (day)': 283344.11021824746, 'stability': 'CA'}
{'file': 'orbit_a0.1000.bin', 'm_A (Msun)': 1.0, 'm_B (Msun)': 4.0, 'e': 0.5, 'apapse': True, 'm_P (Msun)': 0.0, 'l (rad)': 4.71238898038469, 'a (AU)': 0.1, 't_stop (day)': 10549.101289767426, 'stability': 'CA'}
