{'file': 'orbit_p0.1600.bin', 'm_A (Msun)': 1.0, 'm_B (Msun)': 0.4285714285714286, 'e': 0.4, 'apapse': False, 'm_P (Msun)': 0.000954594233969325, 'l (rad)': 0.0, 'a (AU)': 0.16, 't_stop (day)': 3055958.462454599, 'stability': 'ST'}
{'file': 'orbit_p0.1700.bin', 'm_A (Msun)': 1.0, 'm_B (Msun)': 0.4285714285714286, 'e': 0.4, 'apapse': False, 'm_P (Msun)': 0.000954594233969325, 'l (rad)': 0.0, 'a (AU)': 0.16999999999999998, 't_stop (day)': 3055958.462454599, 'stability': 'ST'}
{'file': 'orbit_p0.1800.bin', 'm_A (Msun)': 1.0, 'm_B (Msun)': 0.4285714285714286, 'e': 0.4, 'apapse': False, 'm_P (Msun)': 0.000954594233969325, 'l (rad)': 0.0, 'a (AU)': 0.18, 't_stop (day)': 3055958.462454599, 'stability': 'ST'}
{'file': 'orbit_p0.1900.bin', 'm_A (Msun)': 1.0, 'm_B (Msun)': 0.4285714285714286, 'e': 0.4, 'apapse': False, 'm_P (Msun)': 0.000954594233969325, 'l (rad)': 0.0, 'a (AU)': 0.19, 't_stop (day)': 3055958.462454599, 'stability': 'ST'}
{'file': 'orbit_p0.2000.bin', 'm_A (Msun)': 1.0, 'm_B (Msun)': 0.4285714285714286, 'e': 0.4, 'apapse': False, 'm_P (Msun)': 0.000954594233969325, 'l (rad)': 0.0, 'a (AU)': 0.19999999999999998, 't_stop (day)': 784268.3411236961, 'stability': 'CA'}
{'file': 'orbit_a0.1600.bin', 'm_A (Msun)': 1.0, 'm_B (Msun)': 0.4285714285714286, 'e': 0.4, 'apapse': True, 'm_P (Msun)': 0.000954594233969325, 'l (rad)': 0.0, 'a (AU)': 0.16, 't_stop (day)': 3055958.462454599, 'stability': 'ST'}
{'file': 'orbit_a0.1700.bin', 'm_A (Msun)': 1.0, 'm_B (Msun)': 0.4285714285714286, 'e': 0.4, 'apapse': True, 'm_P (Msun)': 0.000954594233969325, 'l (rad)': 0.0, 'a (AU)': 0.16999999999999998, 't_stop (day)': 3055958.462454599, 'stability': 'ST'}
{'file': 'orbit_a0.1800.bin', 'm_A (Msun)': 1.0, 'm_B (Msun)': 0.4285714285714286, 'e': 0.4, 'apapse': True, 'm_P (Msun)': 0.000954594233969325, 'l (rad)': 0.0, 'a (AU)': 0.18, 't_stop (day)': 3055958.462454599, 'stability': 'ST'}
{'file': 'orbit_a0.1900.bin', 'm_A (Msun)': 1.0, 'm_B (Msun)': 0.4285714285714286, 'e': 0.4, 'apapse': True, 'm_P (Msun)': 0.000954594233969325, 'l (rad)': 0.0, 'a (AU)': 0.19, 't_stop (day)': 3055958.462454599, 'stability': 'ST'}
{'file': 'orbit_a0.2000.bin', 'm_A (Msun)': 1.0, 'm_B (Msun)': 0.4285714285714286, 'e': 0.4, 'apapse': True, 'm_P (Msun)': 0.000954594233969325, 'l (rad)': 0.0, 'a (AU)': 0.19999999999999998, 't_stop (day)': 3055958.462454599, 'stability': 'ST'}
{'file': 'orbit_p0.1600.bin', 'm_A (Msun)': 1.0, 'm_B (Msun)': 0.4285714285714286, 'e': 0.4, 'apapse': False, 'm_P (Msun)': 0.000954594233969325, 'l (rad)': 1.5707963267948966, 'a (AU)': 0.16, 't_stop (day)': 3055958.462454599, 'stability': 'ST'}
{'file': 'orbit_p0.1700.bin', 'm_A (Msun)': 1.0, 'm_B (Msun)': 0.4285714285714286, 'e': 0.4, 'apapse': False, 'm_P (Msun)': 0.000954594233969325, 'l (rad)': 1.5707963267948966, 'a (AU)': 0.16999999999999998, 't_stop (day)': 3055958.462454599, 'stability': 'ST'}
{'file': 'orbit_p0.1800.bin', 'm_A (Msun)': 1.0, 'm_B (Msun)': 0.4285714285714286, 'e': 0.4, 'apapse': False, 'm_P (Msun)': 0.000954594233969325, 'l (rad)': 1.5707963267948966, 'a (AU)': 0.18, 't_stop (day)': 3055958.462454599, 'stability': 'ST'}
{'file': 'orbit_p0.1900.bin', 'm_A (Msun)': 1.0, 'm_B (Msun)': 0.4285714285714286, 'e': 0.4, 'apapse': False, 'm_P (Msun)': 0.000954594233969325, 'l (rad)': 1.5707963267948966, 'a (AU)': 0.19, 't_stop (day)': 59643.34918731838, 'stability': 'CA'}
{'file': 'orbit_p0.2000.bin', 'm_A (Msun)': 1.0, 'm_B (Msun)': 0.4285714285714286, 'e': 0.4, 'apapse': False, 'm_P (Msun)': 0.000954594233969325, 'l (rad)': 1.5707963267948966, 'a (AU)': 0.19999999999999998, 't_stop (day)': 23849.744868257723, 'stability': 'CA'}
{'file': 'orbit_a0.1600.bin', 'm_A (Msun)': 1.0, 'm_B (Msun)': 0.4285714285714286, 'e': 0.4, 'apapse': True, 'm_P (Msun)': 0.000954594233969325, 'l (rad)': 1.5707963267948966, 'a (AU)': 0.16, 't_stop (day)': 3055958.462454599, 'stability': 'ST'}
{'file': 'orbit_a0.1700.bin', 'm_A (Msun)': 1.0, 'm_B (Msun)': 0.4285714285714286, 'e': 0.4, 'apapse': True, 'm_P (Msun)': 0.000954594233969325, 'l (rad)': 1.5707963267948966, 'a (AU)': 0.16999999999999998, 't_stop (day)': 3055958.462454599, 'stability': 'ST'}
{'file': 'orbit_a0.1800.bin', 'm_A (Msun)': 1.0, 'm_B (Msun)': 0.4285714285714286, 'e': 0.4, 'apapse': True, 'm_P (Msun)': 0.000954594233969325, 'l (rad)': 1.5707963267948966, 'a (AU)': 0.18, 't_stop (day)': 3055958.462454599, 'stability': 'ST'}
{'file': 'orbit_a0.1900.bin', 'm_A (Msun)': 1.0, 'm_B (Msun)': 0.4285714285714286, 'e': 0.4, 'apapse': True, 'm_P (Msun)': 0.000954594233969325, 'l (rad)': 1.5707963267948966, 'a (AU)': 0.19, 't_stop (day)': 3055958.462454599, 'stability': 'ST'}
{'file': 'orbit_a0.2000.bin', 'm_A (Msun)': 1.0, 'm_B (Msun)': 0.4285714285714286, 'e': 0.4, 'apapse': True, 'm_P (Msun)': 0.000954594233969325, 'l (rad)': 1.5707963267948966, 'a (AU)': 0.19999999999999998, 't_stop (day)': 268903.71353482007, 'stability': 'CB'}
{'file': 'orbit_p0.1600.bin', 'm_A (Msun)': 1.0, 'm_B (Msun)': 0.4285714285714286, 'e': 0.4, 'apapse': False, 'm_P (Msun)': 0.000954594233969325, 'l (rad)': 3.141592653589793, 'a (AU)': 0.16, 't_stop (day)': 3055958.462454599, 'stability': 'ST'}
{'file': 'orbit_p0.1700.bin', 'm_A (Msun)': 1.0, 'm_B (Msun)': 0.4285714285714286, 'e': 0.4, 'apapse': False, 'm_P (Msun)': 0.000954594233969325, 'l (rad)': 3.141592653589793, 'a (AU)': 0.16999999999999998, 't_stop (day)': 3055958.462454599, 'stability': 'ST'}
{'file': 'orbit_p0.1800.bin', 'm_A (Msun)': 1.0, 'm_B (Msun)': 0.4285714285714286, 'e': 0.4, 'apapse': False, 'm_P (Msun)': 0.000954594233969325, 'l (rad)': 3.141592653589793, 'a (AU)': 0.18, 't_stop (day)': 3055958.462454599, 'stability': 'ST'}
{'file': 'orbit_p0.1900.bin', 'm_A (Msun)': 1.0, 'm_B (Msun)': 0.4285714285714286, 'e': 0.4, 'apapse': False, 'm_P (Msun)': 0.000954594233969325, 'l (rad)': 3.141592653589793, 'a (AU)': 0.19, 't_stop (day)': 3055958.462454599, 'stability': 'ST'}
{'file': 'orbit_p0.2000.bin', 'm_A (Msun)': 1.0, 'm_B (Msun)': 0.4285714285714286, 'e': 0.4, 'apapse': False, 'm_P (Msun)': 0.000954594233969325, 'l (rad)': 3.141592653589793, 'a (AU)': 0.19999999999999998, 't_stop (day)': 3055958.462454599, 'stability': 'ST'}
{'file': 'orbit_a0.1600.bin', 'm_A (Msun)': 1.0, 'm_B (Msun)': 0.4285714285714286, 'e': 0.4, 'apapse': True, 'm_P (Msun)': 0.000954594233969325, 'l (rad)': 3.141592653589793, 'a (AU)': 0.16, 't_stop (day)': 3055958.462454599, 'stability': 'ST'}
{'file': 'orbit_a0.1700.bin', 'm_A (Msun)': 1.0, 'm_B (Msun)': 0.4285714285714286, 'e': 0.4, 'apapse': True, 'm_P (Msun)': 0.000954594233969325, 'l (rad)': 3.141592653589793, 'a (AU)': 0.16999999999999998, 't_stop (day)': 3055958.462454599, 'stability': 'ST'}
{'file': 'orbit_a0.1800.bin', 'm_A (Msun)': 1.0, 'm_B (Msun)': 0.4285714285714286, 'e': 0.4, 'apapse': True, 'm_P (Msun)': 0.000954594233969325, 'l (rad)': 3.141592653589793, 'a (AU)': 0.18, 't_stop (day)': 3055958.462454599, 'stability': 'ST'}
{'file': 'orbit_a0.1900.bin', 'm_A (Msun)': 1.0, 'm_B (Msun)': 0.4285714285714286, 'e': 0.4, 'apapse': True, 'm_P (Msun)': 0.000954594233969325, 'l (rad)': 3.141592653589793, 'a (AU)': 0.19, 't_stop (day)': 3055958.462454599, 'stability': 'ST'}
{'file': 'orbit_a0.2000.bin', 'm_A (Msun)': 1.0, 'm_B (Msun)': 0.4285714285714286, 'e': 0.4, 'apapse': True, 'm_P (Msun)': 0.000954594233969325, 'l (rad)': 3.141592653589793, 'a (AU)': 0.19999999999999998, 't_stop (day)': 362350.523049317, 'stability': 'CA'}
{'file': 'orbit_p0.1600.bin', 'm_A (Msun)': 1.0, 'm_B (Msun)': 0.4285714285714286, 'e': 0.4, 'apapse': False, 'm_P (Msun)': 0.000954594233969325, 'l (rad)': 4.71238898038469, 'a (AU)': 0.16, 't_stop (day)': 3055958.462454599, 'stability': 'ST'}
{'file': 'orbit_p0.1700.bin', 'm_A (Msun)': 1.0, 'm_B (Msun)': 0.4285714285714286, 'e': 0.4, 'apapse': False, 'm_P (Msun)': 0.000954594233969325, 'l (rad)': 4.71238898038469, 'a (AU)': 0.16999999999999998, 't_stop (day)': 3055958.462454599, 'stability': 'ST'}
{'file': 'orbit_p0.1800.bin', 'm_A (Msun)': 1.0, 'm_B (Msun)': 0.4285714285714286, 'e': 0.4, 'apapse': False, 'm_P (Msun)': 0.000954594233969325, 'l (rad)': 4.71238898038469, 'a (AU)': 0.18, 't_stop (day)': 3055958.462454599, 'stability': 'ST'}
{'file': 'orbit_p0.1900.bin', 'm_A (Msun)': 1.0, 'm_B (Msun)': 0.4285714285714286, 'e': 0.4, 'apapse': False, 'm_P (Msun)': 0.000954594233969325, 'l (rad)': 4.71238898038469, 'a (AU)': 0.19, 't_stop (day)': 57482.835030968185, 'stability': 'CA'}
{'file': 'orbit_p0.2000.bin', 'm_A (Msun)': 1.0, 'm_B (Msun)': 0.4285714285714286, 'e': 0.4, 'apapse': False, 'm_P (Msun)': 0.000954594233969325, 'l (rad)': 4.71238898038469, 'a (AU)': 0.19999999999999998, 't_stop (day)': 75914.71082131613, 'stability': 'EJ'}
{'file': 'orbit_a0.1600.bin', 'm_A (Msun)': 1.0, 'm_B (Msun)': 0.4285714285714286, 'e': 0.4, 'apapse': True, 'm_P (Msun)': 0.000954594233969325, 'l (rad)': 4.71238898038469, 'a (AU)': 0.16, 't_stop (day)': 3055958.462454599, 'stability': 'ST'}
{'file': 'orbit_a0.1700.bin', 'm_A (Msun)': 1.0, 'm_B (Msun)': 0.4285714285714286, 'e': 0.4, 'apapse': True, 'm_P (Msun)': 0.000954594233969325, 'l (rad)': 4.71238898038469, 'a (AU)': 0.16999999999999998, 't_stop (day)': 3055958.462454599, 'stability': 'ST'}
{'file': 'orbit_a0.1800.bin', 'm_A (Msun)': 1.0, 'm_B (Msun)': 0.4285714285714286, 'e': 0.4, 'apapse': True, 'm_P (Msun)': 0.000954594233969325, 'l (rad)': 4.71238898038469, 'a (AU)': 0.18, 't_stop (day)': 3055958.462454599, 'stability': 'ST'}
{'file': 'orbit_a0.1900.bin', 'm_A (Msun)': 1.0, 'm_B (Msun)': 0.4285714285714286, 'e': 0.4, 'apapse': True, 'm_P (Msun)': 0.000954594233969325, 'l (rad)': 4.71238898038469, 'a (AU)': 0.19, 't_stop (day)': 3055958.462454599, 'stability': 'ST'}
{'file': 'orbit_a0.2000.bin', 'm_A (Msun)': 1.0, 'm_B (Msun)': 0.4285714285714286, 'e': 0.4, 'apapse': True, 'm_P (Msun)': 0.000954594233969325, 'l (rad)': 4.71238898038469, 'a (AU)': 0.19999999999999998, 't_stop (day)': 354595.57100497314, 'stability': 'CA'}
