{'file': 'orbit_p0.0500.bin', 'm_A (Msun)': 1.0, 'm_B (Msun)': 2.333333333333333, 'e': 0.6, 'apapse': False, 'm_P (Msun)': 0.000954594233969325, 'l (rad)': 0.0, 'a (AU)': 0.05, 't_stop (day)': 2000594.4249770092, 'stability': 'ST'}
{'file': 'orbit_p0.0600.bin', 'm_A (Msun)': 1.0, 'm_B (Msun)': 2.333333333333333, 'e': 0.6, 'apapse': False, 'm_P (Msun)': 0.000954594233969325, 'l (rad)': 0.0, 'a (AU)': 0.060000000000000005, 't_stop (day)': 2000594.4249770092, 'stability': 'ST'}
{'file': 'orbit_p0.0700.bin', 'm_A (Msun)': 1.0, 'm_B (Msun)': 2.333333333333333, 'e': 0.6, 'apapse': False, 'm_P (Msun)': 0.000954594233969325, 'l (rad)': 0.0, 'a (AU)': 0.07, 't_stop (day)': 2000594.4249770092, 'stability': 'ST'}
{'file': 'orbit_p0.0800.bin', 'm_A (Msun)': 1.0, 'm_B (Msun)': 2.333333333333333, 'e': 0.6, 'apapse': False, 'm_P (Msun)': 0.000954594233969325, 'l (rad)': 0.0, 'a (AU)': 0.08, 't_stop (day)': 2000594.4249770092, 'stability': 'ST'}
{'file': 'orbit_p0.0900.bin', 'm_A (Msun)': 1.0, 'm_B (Msun)': 2.333333333333333, 'e': 0.6, 'apapse': False, 'm_P (Msun)': 0.000954594233969325, 'l (rad)': 0.0, 'a (AU)': 0.09000000000000001, 't_stop (day)': 15207.200021217763, 'stability': 'CA'}
{'file': 'orbit_a0.0500.bin', 'm_A (Msun)': 1.0, 'm_B (Msun)': 2.333333333333333, 'e': 0.6, 'apapse': True, 'm_P (Msun)': 0.000954594233969325, 'l (rad)': 0.0, 'a (AU)': 0.05, 't_stop (day)': 2000594.4249770092, 'stability': 'ST'}
{'file': 'orbit_a0.0600.bin', 'm_A (Msun)': 1.0, 'm_B (Msun)': 2.333333333333333, 'e': 0.6, 'apapse': True, 'm_P (Msun)': 0.000954594233969325, 'l (rad)': 0.0, 'a (AU)': 0.060000000000000005, 't_stop (day)': 2000594.4249770092, 'stability': 'ST'}
{'file': 'orbit_a0.0700.bin', 'm_A (Msun)': 1.0, 'm_B (Msun)': 2.333333333333333, 'e': 0.6, 'apapse': True, 'm_P (Msun)': 0.000954594233969325, 'l (rad)': 0.0, 'a (AU)': 0.07, 't_stop (day)': 2000594.4249770092, 'stability': 'ST'}
{'file': 'orbit_a0.0800.bin', 'm_A (Msun)': 1.0, 'm_B (Msun)': 2.333333333333333, 'e': 0.6, 'apapse': True, 'm_P (Msun)': 0.000954594233969325, 'l (rad)': 0.0, 'a (AU)': 0.08, 't_stop (day)': 1706281.722532269, 'stability': 'CA'}
{'file': 'orbit_a0.0900.bin', 'm_A (Msun)': 1.0, 'm_B (Msun)': 2.333333333333333, 'e': 0.6, 'apapse': True, 'm_P (Msun)': 0.000954594233969325, 'l (rad)': 0.0, 'a (AU)': 0.09000000000000001, 't_stop (day)': 57366.93476077814, 'stability': 'CA'}
{'file': 'orbit_p0.0500.bin', 'm_A (Msun)': 1.0, 'm_B (Msun)': 2.333333333333333, 'e': 0.6, 'apapse': False, 'm_P (Msun)': 0.000954594233969325, 'l (rad)': 1.5707963267948966, 'a (AU)': 0.05, 't_stop (day)': 2000594.4249770092, 'stability': 'ST'}
{'file': 'orbit_p0.0600.bin', 'm_A (Msun)': 1.0, 'm_B (Msun)': 2.333333333333333, 'e': 0.6, 'apapse': False, 'm_P (Msun)': 0.000954594233969325, 'l (rad)': 1.5707963267948966, 'a (AU)': 0.060000000000000005, 't_stop (day)': 2000594.4249770092, 'stability': 'ST'}
{'file': 'orbit_p0.0700.bin', 'm_A (Msun)': 1.0, 'm_B (Msun)': 2.333333333333333, 'e': 0.6, 'apapse': False, 'm_P (Msun)': 0.000954594233969325, 'l (rad)': 1.5707963267948966, 'a (AU)': 0.07, 't_stop (day)': 2000594.4249770092, 'stability': 'ST'}
{'file': 'orbit_p0.0800.bin', 'm_A (Msun)': 1.0, 'm_B (Msun)': 2.333333333333333, 'e': 0.6, 'apapse': False, 'm_P (Msun)': 0.000954594233969325, 'l (rad)': 1.5707963267948966, 'a (AU)': 0.08, 't_stop (day)': 170325.5114142638, 'stability': 'CB'}
{'file': 'orbit_p0.0900.bin', 'm_A (Msun)': 1.0, 'm_B (Msun)': 2.333333333333333, 'e': 0.6, 'apapse': False, 'm_P (Msun)': 0.000954594233969325, 'l (rad)': 1.5707963267948966, 'a (AU)': 0.09000000000000001, 't_stop (day)': 614.812771550632, 'stability': 'CA'}
{'file': 'orbit_a0.0500.bin', 'm_A (Msun)': 1.0, 'm_B (Msun)': 2.333333333333333, 'e': 0.6, 'apapse': True, 'm_P (Msun)': 0.000954594233969325, 'l (rad)': 1.5707963267948966, 'a (AU)': 0.05, 't_stop (day)': 2000594.4249770092, 'stability': 'ST'}
{'file': 'orbit_a0.0600.bin', 'm_A (Msun)': 1.0, 'm_B (Msun)': 2.333333333333333, 'e': 0.6, 'apapse': True, 'm_P (Msun)': 0.000954594233969325, 'l (rad)': 1.5707963267948966, 'a (AU)': 0.060000000000000005, 't_stop (day)': 2000594.4249770092, 'stability': 'ST'}
{'file': 'orbit_a0.0700.bin', 'm_A (Msun)': 1.0, 'm_B (Msun)': 2.333333333333333, 'e': 0.6, 'apapse': True, 'm_P (Msun)': 0.000954594233969325, 'l (rad)': 1.5707963267948966, 'a (AU)': 0.07, 't_stop (day)': 2000594.4249770092, 'stability': 'ST'}
{'file': 'orbit_a0.0800.bin', 'm_A (Msun)': 1.0, 'm_B (Msun)': 2.333333333333333, 'e': 0.6, 'apapse': True, 'm_P (Msun)': 0.000954594233969325, 'l (rad)': 1.5707963267948966, 'a (AU)': 0.08, 't_stop (day)': 1344519.799569071, 'stability': 'CA'}
{'file': 'orbit_a0.0900.bin', 'm_A (Msun)': 1.0, 'm_B (Msun)': 2.333333333333333, 'e': 0.6, 'apapse': True, 'm_P (Msun)': 0.000954594233969325, 'l (rad)': 1.5707963267948966, 'a (AU)': 0.09000000000000001, 't_stop (day)': 28918.876492791456, 'stability': 'CA'}
{'file': 'orbit_p0.0500.bin', 'm_A (Msun)': 1.0, 'm_B (Msun)': 2.333333333333333, 'e': 0.6, 'apapse': False, 'm_P (Msun)': 0.000954594233969325, 'l (rad)': 3.141592653589793, 'a (AU)': 0.05, 't_stop (day)': 2000594.4249770092, 'stability': 'ST'}
{'file': 'orbit_p0.0600.bin', 'm_A (Msun)': 1.0, 'm_B (Msun)': 2.333333333333333, 'e': 0.6, 'apapse': False, 'm_P (Msun)': 0.000954594233969325, 'l (rad)': 3.141592653589793, 'a (AU)': 0.060000000000000005, 't_stop (day)': 2000594.4249770092, 'stability': 'ST'}
{'file': 'orbit_p0.0700.bin', 'm_A (Msun)': 1.0, 'm_B (Msun)': 2.333333333333333, 'e': 0.6, 'apapse': False, 'm_P (Msun)': 0.000954594233969325, 'l (rad)': 3.141592653589793, 'a (AU)': 0.07, 't_stop (day)': 2000594.4249770092, 'stability': 'ST'}
{'file': 'orbit_p0.0800.bin', 'm_A (Msun)': 1.0, 'm_B (Msun)': 2.333333333333333, 'e': 0.6, 'apapse': False, 'm_P (Msun)': 0.000954594233969325, 'l (rad)': 3.141592653589793, 'a (AU)': 0.08, 't_stop (day)': 2000594.4249770092, 'stability': 'ST'}
{'file': 'orbit_p0.0900.bin', 'm_A (Msun)': 1.0, 'm_B (Msun)': 2.333333333333333, 'e': 0.6, 'apapse': False, 'm_P (Msun)': 0.000954594233969325, 'l (rad)': 3.141592653589793, 'a (AU)': 0.09000000000000001, 't_stop (day)': 16024.01660456951, 'stability': 'CA'}
{'file': 'orbit_a0.0500.bin', 'm_A (Msun)': 1.0, 'm_B (Msun)': 2.333333333333333, 'e': 0.6, 'apapse': True, 'm_P (Msun)': 0.000954594233969325, 'l (rad)': 3.141592653589793, 'a (AU)': 0.05, 't_stop (day)': 2000594.4249770092, 'stability': 'ST'}
{'file': 'orbit_a0.0600.bin', 'm_A (Msun)': 1.0, 'm_B (Msun)': 2.333333333333333, 'e': 0.6, 'apapse': True, 'm_P (Msun)': 0.000954594233969325, 'l (rad)': 3.141592653589793, 'a (AU)': 0.060000000000000005, 't_stop (day)': 2000594.4249770092, 'stability': 'ST'}
{'file': 'orbit_a0.0700.bin', 'm_A (Msun)': 1.0, 'm_B (Msun)': 2.333333333333333, 'e': 0.6, 'apapse': True, 'm_P (Msun)': 0.000954594233969325, 'l (rad)': 3.141592653589793, 'a (AU)': 0.07, 't_stop (day)': 2000594.4249770092, 'stability': 'ST'}
{'file': 'orbit_a0.0800.bin', 'm_A (Msun)': 1.0, 'm_B (Msun)': 2.333333333333333, 'e': 0.6, 'apapse': True, 'm_P (Msun)': 0.000954594233969325, 'l (rad)': 3.141592653589793, 'a (AU)': 0.08, 't_stop (day)': 2000594.4249770092, 'stability': 'ST'}
{'file': 'orbit_a0.0900.bin', 'm_A (Msun)': 1.0, 'm_B (Msun)': 2.333333333333333, 'e': 0.6, 'apapse': True, 'm_P (Msun)': 0.000954594233969325, 'l (rad)': 3.141592653589793, 'a (AU)': 0.09000000000000001, 't_stop (day)': 44476.56160642523, 'stability': 'EJ'}
{'file': 'orbit_p0.0500.bin', 'm_A (Msun)': 1.0, 'm_B (Msun)': 2.333333333333333, 'e': 0.6, 'apapse': False, 'm_P (Msun)': 0.000954594233969325, 'l (rad)': 4.71238898038469, 'a (AU)': 0.05, 't_stop (day)': 2000594.4249770092, 'stability': 'ST'}
{'file': 'orbit_p0.0600.bin', 'm_A (Msun)': 1.0, 'm_B (Msun)': 2.333333333333333, 'e': 0.6, 'apapse': False, 'm_P (Msun)': 0.000954594233969325, 'l (rad)': 4.71238898038469, 'a (AU)': 0.060000000000000005, 't_stop (day)': 2000594.4249770092, 'stability': 'ST'}
{'file': 'orbit_p0.0700.bin', 'm_A (Msun)': 1.0, 'm_B (Msun)': 2.333333333333333, 'e': 0.6, 'apapse': False, 'm_P (Msun)': 0.000954594233969325, 'l (rad)': 4.71238898038469, 'a (AU)': 0.07, 't_stop (day)': 2000594.4249770092, 'stability': 'ST'}
{'file': 'orbit_p0.0800.bin', 'm_A (Msun)': 1.0, 'm_B (Msun)': 2.333333333333333, 'e': 0.6, 'apapse': False, 'm_P (Msun)': 0.000954594233969325, 'l (rad)': 4.71238898038469, 'a (AU)': 0.08, 't_stop (day)': 120624.19160123069, 'stability': 'CA'}
{'file': 'orbit_p0.0900.bin', 'm_A (Msun)': 1.0, 'm_B (Msun)': 2.333333333333333, 'e': 0.6, 'apapse': False, 'm_P (Msun)': 0.000954594233969325, 'l (rad)': 4.71238898038469, 'a (AU)': 0.09000000000000001, 't_stop (day)': 16217.700114089883, 'stability': 'CA'}
{'file': 'orbit_a0.0500.bin', 'm_A (Msun)': 1.0, 'm_B (Msun)': 2.333333333333333, 'e': 0.6, 'apapse': True, 'm_P (Msun)': 0.000954594233969325, 'l (rad)': 4.71238898038469, 'a (AU)': 0.05, 't_stop (day)': 2000594.4249770092, 'stability': 'ST'}
{'file': 'orbit_a0.0600.bin', 'm_A (Msun)': 1.0, 'm_B (Msun)': 2.333333333333333, 'e': 0.6, 'apapse': True, 'm_P (Msun)': 0.000954594233969325, 'l (rad)': 4.71238898038469, 'a (AU)': 0.060000000000000005, 't_stop (day)': 2000594.4249770092, 'stability': 'ST'}
{'file': 'orbit_a0.0700.bin', 'm_A (Msun)': 1.0, 'm_B (Msun)': 2.333333333333333, 'e': 0.6, 'apapse': True, 'm_P (Msun)': 0.000954594233969325, 'l (rad)': 4.71238898038469, 'a (AU)': 0.07, 't_stop (day)': 2000594.4249770092, 'stability': 'ST'}
{'file': 'orbit_a0.0800.bin', 'm_A (Msun)': 1.0, 'm_B (Msun)': 2.333333333333333, 'e': 0.6, 'apapse': True, 'm_P (Msun)': 0.000954594233969325, 'l (rad)': 4.71238898038469, 'a (AU)': 0.08, 't_stop (day)': 792864.7286612731, 'stability': 'CA'}
{'file': 'orbit_a0.0900.bin', 'm_A (Msun)': 1.0, 'm_B (Msun)': 2.333333333333333, 'e': 0.6, 'apapse': True, 'm_P (Msun)': 0.000954594233969325, 'l (rad)': 4.71238898038469, 'a (AU)': 0.09000000000000001, 't_stop (day)': 27310.479926191532, 'stability': 'CA'}
