{'file': 'orbit_p0.3500.bin', 'm_A (Msun)': 1.0, 'm_B (Msun)': 0.11111111111111112, 'e': 0.1, 'apapse': False, 'm_P (Msun)': 0.000954594233969325, 'l (rad)': 0.0, 'a (AU)': 0.35, 't_stop (day)': 3465131.189399222, 'stability': 'ST'}
{'file': 'orbit_p0.3600.bin', 'm_A (Msun)': 1.0, 'm_B (Msun)': 0.11111111111111112, 'e': 0.1, 'apapse': False, 'm_P (Msun)': 0.000954594233969325, 'l (rad)': 0.0, 'a (AU)': 0.36, 't_stop (day)': 3465131.189399222, 'stability': 'ST'}
{'file': 'orbit_p0.3700.bin', 'm_A (Msun)': 1.0, 'm_B (Msun)': 0.11111111111111112, 'e': 0.1, 'apapse': False, 'm_P (Msun)': 0.000954594233969325, 'l (rad)': 0.0, 'a (AU)': 0.37, 't_stop (day)': 3465131.189399222, 'stability': 'ST'}
{'file': 'orbit_p0.3800.bin', 'm_A (Msun)': 1.0, 'm_B (Msun)': 0.11111111111111112, 'e': 0.1, 'apapse': False, 'm_P (Msun)': 0.000954594233969325, 'l (rad)': 0.0, 'a (AU)': 0.38, 't_stop (day)': 3465131.189399222, 'stability': 'ST'}
{'file': 'orbit_p0.3900.bin', 'm_A (Msun)': 1.0, 'm_B (Msun)': 0.11111111111111112, 'e': 0.1, 'apapse': False, 'm_P (Msun)': 0.000954594233969325, 'l (rad)': 0.0, 'a (AU)': 0.39, 't_stop (day)': 3465131.189399222, 'stability': 'ST'}
{'file': 'orbit_a0.3500.bin', 'm_A (Msun)': 1.0, 'm_B (Msun)': 0.11111111111111112, 'e': 0.1, 'apapse': True, 'm_P (Msun)': 0.000954594233969325, 'l (rad)': 0.0, 'a (AU)': 0.35, 't_stop (day)': 3465131.189399222, 'stability': 'ST'}
{'file': 'orbit_a0.3600.bin', 'm_A (Msun)': 1.0, 'm_B (Msun)': 0.11111111111111112, 'e': 0.1, 'apapse': True, 'm_P (Msun)': 0.000954594233969325, 'l (rad)': 0.0, 'a (AU)': 0.36, 't_stop (day)': 3465131.189399222, 'stability': 'ST'}
{'file': 'orbit_a0.3700.bin', 'm_A (Msun)': 1.0, 'm_B (Msun)': 0.11111111111111112, 'e': 0.1, 'apapse': True, 'm_P (Msun)': 0.000954594233969325, 'l (rad)': 0.0, 'a (AU)': 0.37, 't_stop (day)': 3465131.189399222, 'stability': 'ST'}
{'file': 'orbit_a0.3800.bin', 'm_A (Msun)': 1.0, 'm_B (Msun)': 0.11111111111111112, 'e': 0.1, 'apapse': True, 'm_P (Msun)': 0.000954594233969325, 'l (rad)': 0.0, 'a (AU)': 0.38, 't_stop (day)': 3465131.189399222, 'stability': 'ST'}
{'file': 'orbit_a0.3900.bin', 'm_A (Msun)': 1.0, 'm_B (Msun)': 0.11111111111111112, 'e': 0.1, 'apapse': True, 'm_P (Msun)': 0.000954594233969325, 'l (rad)': 0.0, 'a (AU)': 0.39, 't_stop (day)': 64838.62836010732, 'stability': 'CB'}
{'file': 'orbit_p0.3500.bin', 'm_A (Msun)': 1.0, 'm_B (Msun)': 0.11111111111111112, 'e': 0.1, 'apapse': False, 'm_P (Msun)': 0.000954594233969325, 'l (rad)': 1.5707963267948966, 'a (AU)': 0.35, 't_stop (day)': 3465131.189399222, 'stability': 'ST'}
{'file': 'orbit_p0.3600.bin', 'm_A (Msun)': 1.0, 'm_B (Msun)': 0.11111111111111112, 'e': 0.1, 'apapse': False, 'm_P (Msun)': 0.000954594233969325, 'l (rad)': 1.5707963267948966, 'a (AU)': 0.36, 't_stop (day)': 3465131.189399222, 'stability': 'ST'}
{'file': 'orbit_p0.3700.bin', 'm_A (Msun)': 1.0, 'm_B (Msun)': 0.11111111111111112, 'e': 0.1, 'apapse': False, 'm_P (Msun)': 0.000954594233969325, 'l (rad)': 1.5707963267948966, 'a (AU)': 0.37, 't_stop (day)': 3465131.189399222, 'stability': 'ST'}
{'file': 'orbit_p0.3800.bin', 'm_A (Msun)': 1.0, 'm_B (Msun)': 0.11111111111111112, 'e': 0.1, 'apapse': False, 'm_P (Msun)': 0.000954594233969325, 'l (rad)': 1.5707963267948966, 'a (AU)': 0.38, 't_stop (day)': 251978.7827903983, 'stability': 'CB'}
{'file': 'orbit_p0.3900.bin', 'm_A (Msun)': 1.0, 'm_B (Msun)': 0.11111111111111112, 'e': 0.1, 'apapse': False, 'm_P (Msun)': 0.000954594233969325, 'l (rad)': 1.5707963267948966, 'a (AU)': 0.39, 't_stop (day)': 100504.06069033952, 'stability': 'CA'}
{'file': 'orbit_a0.3500.bin', 'm_A (Msun)': 1.0, 'm_B (Msun)': 0.11111111111111112, 'e': 0.1, 'apapse': True, 'm_P (Msun)': 0.000954594233969325, 'l (rad)': 1.5707963267948966, 'a (AU)': 0.35, 't_stop (day)': 3465131.189399222, 'stability': 'ST'}
{'file': 'orbit_a0.3600.bin', 'm_A (Msun)': 1.0, 'm_B (Msun)': 0.11111111111111112, 'e': 0.1, 'apapse': True, 'm_P (Msun)': 0.000954594233969325, 'l (rad)': 1.5707963267948966, 'a (AU)': 0.36, 't_stop (day)': 3465131.189399222, 'stability': 'ST'}
{'file': 'orbit_a0.3700.bin', 'm_A (Msun)': 1.0, 'm_B (Msun)': 0.11111111111111112, 'e': 0.1, 'apapse': True, 'm_P (Msun)': 0.000954594233969325, 'l (rad)': 1.5707963267948966, 'a (AU)': 0.37, 't_stop (day)': 3465131.189399222, 'stability': 'ST'}
{'file': 'orbit_a0.3800.bin', 'm_A (Msun)': 1.0, 'm_B (Msun)': 0.11111111111111112, 'e': 0.1, 'apapse': True, 'm_P (Msun)': 0.000954594233969325, 'l (rad)': 1.5707963267948966, 'a (AU)': 0.38, 't_stop (day)': 70021.79922234453, 'stability': 'EJ'}
{'file': 'orbit_a0.3900.bin', 'm_A (Msun)': 1.0, 'm_B (Msun)': 0.11111111111111112, 'e': 0.1, 'apapse': True, 'm_P (Msun)': 0.000954594233969325, 'l (rad)': 1.5707963267948966, 'a (AU)': 0.39, 't_stop (day)': 10840.509848843485, 'stability': 'CA'}
{'file': 'orbit_p0.3500.bin', 'm_A (Msun)': 1.0, 'm_B (Msun)': 0.11111111111111112, 'e': 0.1, 'apapse': False, 'm_P (Msun)': 0.000954594233969325, 'l (rad)': 3.141592653589793, 'a (AU)': 0.35, 't_stop (day)': 3465131.189399222, 'stability': 'ST'}
{'file': 'orbit_p0.3600.bin', 'm_A (Msun)': 1.0, 'm_B (Msun)': 0.11111111111111112, 'e': 0.1, 'apapse': False, 'm_P (Msun)': 0.000954594233969325, 'l (rad)': 3.141592653589793, 'a (AU)': 0.36, 't_stop (day)': 3465131.189399222, 'stability': 'ST'}
{'file': 'orbit_p0.3700.bin', 'm_A (Msun)': 1.0, 'm_B (Msun)': 0.11111111111111112, 'e': 0.1, 'apapse': False, 'm_P (Msun)': 0.000954594233969325, 'l (rad)': 3.141592653589793, 'a (AU)': 0.37, 't_stop (day)': 3465131.189399222, 'stability': 'ST'}
{'file': 'orbit_p0.3800.bin', 'm_A (Msun)': 1.0, 'm_B (Msun)': 0.11111111111111112, 'e': 0.1, 'apapse': False, 'm_P (Msun)': 0.000954594233969325, 'l (rad)': 3.141592653589793, 'a (AU)': 0.38, 't_stop (day)': 3465131.189399222, 'stability': 'ST'}
{'file': 'orbit_p0.3900.bin', 'm_A (Msun)': 1.0, 'm_B (Msun)': 0.11111111111111112, 'e': 0.1, 'apapse': False, 'm_P (Msun)': 0.000954594233969325, 'l (rad)': 3.141592653589793, 'a (AU)': 0.39, 't_stop (day)': 19269.362281714966, 'stability': 'CB'}
{'file': 'orbit_a0.3500.bin', 'm_A (Msun)': 1.0, 'm_B (Msun)': 0.11111111111111112, 'e': 0.1, 'apapse': True, 'm_P (Msun)': 0.000954594233969325, 'l (rad)': 3.141592653589793, 'a (AU)': 0.35, 't_stop (day)': 3465131.189399222, 'stability': 'ST'}
{'file': 'orbit_a0.3600.bin', 'm_A (Msun)': 1.0, 'm_B (Msun)': 0.11111111111111112, 'e': 0.1, 'apapse': True, 'm_P (Msun)': 0.000954594233969325, 'l (rad)': 3.141592653589793, 'a (AU)': 0.36, 't_stop (day)': 3465131.189399222, 'stability': 'ST'}
{'file': 'orbit_a0.3700.bin', 'm_A (Msun)': 1.0, 'm_B (Msun)': 0.11111111111111112, 'e': 0.1, 'apapse': True, 'm_P (Msun)': 0.000954594233969325, 'l (rad)': 3.141592653589793, 'a (AU)': 0.37, 't_stop (day)': 3465131.189399222, 'stability': 'ST'}
{'file': 'orbit_a0.3800.bin', 'm_A (Msun)': 1.0, 'm_B (Msun)': 0.11111111111111112, 'e': 0.1, 'apapse': True, 'm_P (Msun)': 0.000954594233969325, 'l (rad)': 3.141592653589793, 'a (AU)': 0.38, 't_stop (day)': 3465131.189399222, 'stability': 'ST'}
{'file': 'orbit_a0.3900.bin', 'm_A (Msun)': 1.0, 'm_B (Msun)': 0.11111111111111112, 'e': 0.1, 'apapse': True, 'm_P (Msun)': 0.000954594233969325, 'l (rad)': 3.141592653589793, 'a (AU)': 0.39, 't_stop (day)': 13985.0921926109, 'stability': 'CA'}
{'file': 'orbit_p0.3500.bin', 'm_A (Msun)': 1.0, 'm_B (Msun)': 0.11111111111111112, 'e': 0.1, 'apapse': False, 'm_P (Msun)': 0.000954594233969325, 'l (rad)': 4.71238898038469, 'a (AU)': 0.35, 't_stop (day)': 3465131.189399222, 'stability': 'ST'}
{'file': 'orbit_p0.3600.bin', 'm_A (Msun)': 1.0, 'm_B (Msun)': 0.11111111111111112, 'e': 0.1, 'apapse': False, 'm_P (Msun)': 0.000954594233969325, 'l (rad)': 4.71238898038469, 'a (AU)': 0.36, 't_stop (day)': 3465131.189399222, 'stability': 'ST'}
{'file': 'orbit_p0.3700.bin', 'm_A (Msun)': 1.0, 'm_B (Msun)': 0.11111111111111112, 'e': 0.1, 'apapse': False, 'm_P (Msun)': 0.000954594233969325, 'l (rad)': 4.71238898038469, 'a (AU)': 0.37, 't_stop (day)': 3465131.189399222, 'stability': 'ST'}
{'file': 'orbit_p0.3800.bin', 'm_A (Msun)': 1.0, 'm_B (Msun)': 0.11111111111111112, 'e': 0.1, 'apapse': False, 'm_P (Msun)': 0.000954594233969325, 'l (rad)': 4.71238898038469, 'a (AU)': 0.38, 't_stop (day)': 68263.0859485253, 'stability': 'CA'}
{'file': 'orbit_p0.3900.bin', 'm_A (Msun)': 1.0, 'm_B (Msun)': 0.11111111111111112, 'e': 0.1, 'apapse': False, 'm_P (Msun)': 0.000954594233969325, 'l (rad)': 4.71238898038469, 'a (AU)': 0.39, 't_stop (day)': 27936.408483140865, 'stability': 'EJ'}
{'file': 'orbit_a0.3500.bin', 'm_A (Msun)': 1.0, 'm_B (Msun)': 0.11111111111111112, 'e': 0.1, 'apapse': True, 'm_P (Msun)': 0.000954594233969325, 'l (rad)': 4.71238898038469, 'a (AU)': 0.35, 't_stop (day)': 3465131.189399222, 'stability': 'ST'}
{'file': 'orbit_a0.3600.bin', 'm_A (Msun)': 1.0, 'm_B (Msun)': 0.11111111111111112, 'e': 0.1, 'apapse': True, 'm_P (Msun)': 0.000954594233969325, 'l (rad)': 4.71238898038469, 'a (AU)': 0.36, 't_stop (day)': 3465131.189399222, 'stability': 'ST'}
{'file': 'orbit_a0.3700.bin', 'm_A (Msun)': 1.0, 'm_B (Msun)': 0.11111111111111112, 'e': 0.1, 'apapse': True, 'm_P (Msun)': 0.000954594233969325, 'l (rad)': 4.71238898038469, 'a (AU)': 0.37, 't_stop (day)': 3465131.189399222, 'stability': 'ST'}
{'file': 'orbit_a0.3800.bin', 'm_A (Msun)': 1.0, 'm_B (Msun)': 0.11111111111111112, 'e': 0.1, 'apapse': True, 'm_P (Msun)': 0.000954594233969325, 'l (rad)': 4.71238898038469, 'a (AU)': 0.38, 't_stop (day)': 26425.070031039013, 'stability': 'EJ'}
{'file': 'orbit_a0.3900.bin', 'm_A (Msun)': 1.0, 'm_B (Msun)': 0.11111111111111112, 'e': 0.1, 'apapse': True, 'm_P (Msun)': 0.000954594233969325, 'l (rad)': 4.71238898038469, 'a (AU)': 0.39, 't_stop (day)': 17919.11214784898, 'stability': 'CB'}
