{'file': 'orbit_p0.36.bin', 'm_A (Msun)': 1.0, 'm_B (Msun)': 0.1111111111111111, 'e': 0.1, 'apapse': False, 'm_P (Msun)': 0.0, 'l (rad)': 0.0, 'a (AU)': 0.36, 't_stop (day)': 3465131.189399222, 'stability': 'ST'}
{'file': 'orbit_p0.37.bin', 'm_A (Msun)': 1.0, 'm_B (Msun)': 0.1111111111111111, 'e': 0.1, 'apapse': False, 'm_P (Msun)': 0.0, 'l (rad)': 0.0, 'a (AU)': 0.37, 't_stop (day)': 3465131.189399222, 'stability': 'ST'}
{'file': 'orbit_p0.38.bin', 'm_A (Msun)': 1.0, 'm_B (Msun)': 0.1111111111111111, 'e': 0.1, 'apapse': False, 'm_P (Msun)': 0.0, 'l (rad)': 0.0, 'a (AU)': 0.38, 't_stop (day)': 3465131.189399222, 'stability': 'ST'}
{'file': 'orbit_p0.39.bin', 'm_A (Msun)': 1.0, 'm_B (Msun)': 0.1111111111111111, 'e': 0.1, 'apapse': False, 'm_P (Msun)': 0.0, 'l (rad)': 0.0, 'a (AU)': 0.39, 't_stop (day)': 3465131.189399222, 'stability': 'ST'}
{'file': 'orbit_a0.36.bin', 'm_A (Msun)': 1.0, 'm_B (Msun)': 0.1111111111111111, 'e': 0.1, 'apapse': True, 'm_P (Msun)': 0.0, 'l (rad)': 0.0, 'a (AU)': 0.36, 't_stop (day)': 3465131.189399222, 'stability': 'ST'}
{'file': 'orbit_a0.37.bin', 'm_A (Msun)': 1.0, 'm_B (Msun)': 0.1111111111111111, 'e': 0.1, 'apapse': True, 'm_P (Msun)': 0.0, 'l (rad)': 0.0, 'a (AU)': 0.37, 't_stop (day)': 3465131.189399222, 'stability': 'ST'}
{'file': 'orbit_a0.38.bin', 'm_A (Msun)': 1.0, 'm_B (Msun)': 0.1111111111111111, 'e': 0.1, 'apapse': True, 'm_P (Msun)': 0.0, 'l (rad)': 0.0, 'a (AU)': 0.38, 't_stop (day)': 3465131.189399222, 'stability': 'ST'}
{'file': 'orbit_a0.39.bin', 'm_A (Msun)': 1.0, 'm_B (Msun)': 0.1111111111111111, 'e': 0.1, 'apapse': True, 'm_P (Msun)': 0.0, 'l (rad)': 0.0, 'a (AU)': 0.39, 't_stop (day)': 108042.02423628693, 'stability': 'CB'}
{'file': 'orbit_p0.36.bin', 'm_A (Msun)': 1.0, 'm_B (Msun)': 0.1111111111111111, 'e': 0.1, 'apapse': False, 'm_P (Msun)': 0.0, 'l (rad)': 1.5707963267948966, 'a (AU)': 0.36, 't_stop (day)': 3465131.189399222, 'stability': 'ST'}
{'file': 'orbit_p0.37.bin', 'm_A (Msun)': 1.0, 'm_B (Msun)': 0.1111111111111111, 'e': 0.1, 'apapse': False, 'm_P (Msun)': 0.0, 'l (rad)': 1.5707963267948966, 'a (AU)': 0.37, 't_stop (day)': 3465131.189399222, 'stability': 'ST'}
{'file': 'orbit_p0.38.bin', 'm_A (Msun)': 1.0, 'm_B (Msun)': 0.1111111111111111, 'e': 0.1, 'apapse': False, 'm_P (Msun)': 0.0, 'l (rad)': 1.5707963267948966, 'a (AU)': 0.38, 't_stop (day)': 92295.23741091936, 'stability': 'CB'}
{'file': 'orbit_p0.39.bin', 'm_A (Msun)': 1.0, 'm_B (Msun)': 0.1111111111111111, 'e': 0.1, 'apapse': False, 'm_P (Msun)': 0.0, 'l (rad)': 1.5707963267948966, 'a (AU)': 0.39, 't_stop (day)': 121882.17555669416, 'stability': 'EJ'}
{'file': 'orbit_a0.36.bin', 'm_A (Msun)': 1.0, 'm_B (Msun)': 0.1111111111111111, 'e': 0.1, 'apapse': True, 'm_P (Msun)': 0.0, 'l (rad)': 1.5707963267948966, 'a (AU)': 0.36, 't_stop (day)': 3465131.189399222, 'stability': 'ST'}
{'file': 'orbit_a0.37.bin', 'm_A (Msun)': 1.0, 'm_B (Msun)': 0.1111111111111111, 'e': 0.1, 'apapse': True, 'm_P (Msun)': 0.0, 'l (rad)': 1.5707963267948966, 'a (AU)': 0.37, 't_stop (day)': 3465131.189399222, 'stability': 'ST'}
{'file': 'orbit_a0.38.bin', 'm_A (Msun)': 1.0, 'm_B (Msun)': 0.1111111111111111, 'e': 0.1, 'apapse': True, 'm_P (Msun)': 0.0, 'l (rad)': 1.5707963267948966, 'a (AU)': 0.38, 't_stop (day)': 16546.78941770879, 'stability': 'CB'}
{'file': 'orbit_a0.39.bin', 'm_A (Msun)': 1.0, 'm_B (Msun)': 0.1111111111111111, 'e': 0.1, 'apapse': True, 'm_P (Msun)': 0.0, 'l (rad)': 1.5707963267948966, 'a (AU)': 0.39, 't_stop (day)': 8835.177033896542, 'stability': 'CA'}
{'file': 'orbit_p0.36.bin', 'm_A (Msun)': 1.0, 'm_B (Msun)': 0.1111111111111111, 'e': 0.1, 'apapse': False, 'm_P (Msun)': 0.0, 'l (rad)': 3.141592653589793, 'a (AU)': 0.36, 't_stop (day)': 3465131.189399222, 'stability': 'ST'}
{'file': 'orbit_p0.37.bin', 'm_A (Msun)': 1.0, 'm_B (Msun)': 0.1111111111111111, 'e': 0.1, 'apapse': False, 'm_P (Msun)': 0.0, 'l (rad)': 3.141592653589793, 'a (AU)': 0.37, 't_stop (day)': 3465131.189399222, 'stability': 'ST'}
{'file': 'orbit_p0.38.bin', 'm_A (Msun)': 1.0, 'm_B (Msun)': 0.1111111111111111, 'e': 0.1, 'apapse': False, 'm_P (Msun)': 0.0, 'l (rad)': 3.141592653589793, 'a (AU)': 0.38, 't_stop (day)': 3465131.189399222, 'stability': 'ST'}
{'file': 'orbit_p0.39.bin', 'm_A (Msun)': 1.0, 'm_B (Msun)': 0.1111111111111111, 'e': 0.1, 'apapse': False, 'm_P (Msun)': 0.0, 'l (rad)': 3.141592653589793, 'a (AU)': 0.39, 't_stop (day)': 16732.98287965593, 'stability': 'CA'}
{'file': 'orbit_a0.36.bin', 'm_A (Msun)': 1.0, 'm_B (Msun)': 0.1111111111111111, 'e': 0.1, 'apapse': True, 'm_P (Msun)': 0.0, 'l (rad)': 3.141592653589793, 'a (AU)': 0.36, 't_stop (day)': 3465131.189399222, 'stability': 'ST'}
{'file': 'orbit_a0.37.bin', 'm_A (Msun)': 1.0, 'm_B (Msun)': 0.1111111111111111, 'e': 0.1, 'apapse': True, 'm_P (Msun)': 0.0, 'l (rad)': 3.141592653589793, 'a (AU)': 0.37, 't_stop (day)': 3465131.189399222, 'stability': 'ST'}
{'file': 'orbit_a0.38.bin', 'm_A (Msun)': 1.0, 'm_B (Msun)': 0.1111111111111111, 'e': 0.1, 'apapse': True, 'm_P (Msun)': 0.0, 'l (rad)': 3.141592653589793, 'a (AU)': 0.38, 't_stop (day)': 3465131.189399222, 'stability': 'ST'}
{'file': 'orbit_a0.39.bin', 'm_A (Msun)': 1.0, 'm_B (Msun)': 0.1111111111111111, 'e': 0.1, 'apapse': True, 'm_P (Msun)': 0.0, 'l (rad)': 3.141592653589793, 'a (AU)': 0.39, 't_stop (day)': 10221.134609434592, 'stability': 'CA'}
{'file': 'orbit_p0.36.bin', 'm_A (Msun)': 1.0, 'm_B (Msun)': 0.1111111111111111, 'e': 0.1, 'apapse': False, 'm_P (Msun)': 0.0, 'l (rad)': 4.71238898038469, 'a (AU)': 0.36, 't_stop (day)': 3465131.189399222, 'stability': 'ST'}
{'file': 'orbit_p0.37.bin', 'm_A (Msun)': 1.0, 'm_B (Msun)': 0.1111111111111111, 'e': 0.1, 'apapse': False, 'm_P (Msun)': 0.0, 'l (rad)': 4.71238898038469, 'a (AU)': 0.37, 't_stop (day)': 3465131.189399222, 'stability': 'ST'}
{'file': 'orbit_p0.38.bin', 'm_A (Msun)': 1.0, 'm_B (Msun)': 0.1111111111111111, 'e': 0.1, 'apapse': False, 'm_P (Msun)': 0.0, 'l (rad)': 4.71238898038469, 'a (AU)': 0.38, 't_stop (day)': 364944.3835743644, 'stability': 'CA'}
{'file': 'orbit_p0.39.bin', 'm_A (Msun)': 1.0, 'm_B (Msun)': 0.1111111111111111, 'e': 0.1, 'apapse': False, 'm_P (Msun)': 0.0, 'l (rad)': 4.71238898038469, 'a (AU)': 0.39, 't_stop (day)': 22000.013542225915, 'stability': 'EJ'}
{'file': 'orbit_a0.36.bin', 'm_A (Msun)': 1.0, 'm_B (Msun)': 0.1111111111111111, 'e': 0.1, 'apapse': True, 'm_P (Msun)': 0.0, 'l (rad)': 4.71238898038469, 'a (AU)': 0.36, 't_stop (day)': 3465131.189399222, 'stability': 'ST'}
{'file': 'orbit_a0.37.bin', 'm_A (Msun)': 1.0, 'm_B (Msun)': 0.1111111111111111, 'e': 0.1, 'apapse': True, 'm_P (Msun)': 0.0, 'l (rad)': 4.71238898038469, 'a (AU)': 0.37, 't_stop (day)': 3465131.189399222, 'stability': 'ST'}
{'file': 'orbit_a0.38.bin', 'm_A (Msun)': 1.0, 'm_B (Msun)': 0.1111111111111111, 'e': 0.1, 'apapse': True, 'm_P (Msun)': 0.0, 'l (rad)': 4.71238898038469, 'a (AU)': 0.38, 't_stop (day)': 10908.041587520609, 'stability': 'CA'}
{'file': 'orbit_a0.39.bin', 'm_A (Msun)': 1.0, 'm_B (Msun)': 0.1111111111111111, 'e': 0.1, 'apapse': True, 'm_P (Msun)': 0.0, 'l (rad)': 4.71238898038469, 'a (AU)': 0.39, 't_stop (day)': 21358.60149883095, 'stability': 'CA'}
