{'file': 'orbit_p0.0500.bin', 'm_A (Msun)': 1.0, 'm_B (Msun)': 0.6666666666666667, 'e': 0.7, 'apapse': False, 'm_P (Msun)': 0.028637827019079753, 'l (rad)': 0.0, 'a (AU)': 0.05, 't_stop (day)': 2829267.7686104896, 'stability': 'ST'}
{'file': 'orbit_p0.0600.bin', 'm_A (Msun)': 1.0, 'm_B (Msun)': 0.6666666666666667, 'e': 0.7, 'apapse': False, 'm_P (Msun)': 0.028637827019079753, 'l (rad)': 0.0, 'a (AU)': 0.060000000000000005, 't_stop (day)': 2829267.7686104896, 'stability': 'ST'}
{'file': 'orbit_p0.0700.bin', 'm_A (Msun)': 1.0, 'm_B (Msun)': 0.6666666666666667, 'e': 0.7, 'apapse': False, 'm_P (Msun)': 0.028637827019079753, 'l (rad)': 0.0, 'a (AU)': 0.07, 't_stop (day)': 2829267.7686104896, 'stability': 'ST'}
{'file': 'orbit_p0.0800.bin', 'm_A (Msun)': 1.0, 'm_B (Msun)': 0.6666666666666667, 'e': 0.7, 'apapse': False, 'm_P (Msun)': 0.028637827019079753, 'l (rad)': 0.0, 'a (AU)': 0.08, 't_stop (day)': 2829267.7686104896, 'stability': 'ST'}
{'file': 'orbit_p0.0900.bin', 'm_A (Msun)': 1.0, 'm_B (Msun)': 0.6666666666666667, 'e': 0.7, 'apapse': False, 'm_P (Msun)': 0.028637827019079753, 'l (rad)': 0.0, 'a (AU)': 0.09000000000000001, 't_stop (day)': 134410.88825575777, 'stability': 'CA'}
{'file': 'orbit_a0.0500.bin', 'm_A (Msun)': 1.0, 'm_B (Msun)': 0.6666666666666667, 'e': 0.7, 'apapse': True, 'm_P (Msun)': 0.028637827019079753, 'l (rad)': 0.0, 'a (AU)': 0.05, 't_stop (day)': 2829267.7686104896, 'stability': 'ST'}
{'file': 'orbit_a0.0600.bin', 'm_A (Msun)': 1.0, 'm_B (Msun)': 0.6666666666666667, 'e': 0.7, 'apapse': True, 'm_P (Msun)': 0.028637827019079753, 'l (rad)': 0.0, 'a (AU)': 0.060000000000000005, 't_stop (day)': 2829267.7686104896, 'stability': 'ST'}
{'file': 'orbit_a0.0700.bin', 'm_A (Msun)': 1.0, 'm_B (Msun)': 0.6666666666666667, 'e': 0.7, 'apapse': True, 'm_P (Msun)': 0.028637827019079753, 'l (rad)': 0.0, 'a (AU)': 0.07, 't_stop (day)': 2829267.7686104896, 'stability': 'ST'}
{'file': 'orbit_a0.0800.bin', 'm_A (Msun)': 1.0, 'm_B (Msun)': 0.6666666666666667, 'e': 0.7, 'apapse': True, 'm_P (Msun)': 0.028637827019079753, 'l (rad)': 0.0, 'a (AU)': 0.08, 't_stop (day)': 338641.24119034474, 'stability': 'CA'}
{'file': 'orbit_a0.0900.bin', 'm_A (Msun)': 1.0, 'm_B (Msun)': 0.6666666666666667, 'e': 0.7, 'apapse': True, 'm_P (Msun)': 0.028637827019079753, 'l (rad)': 0.0, 'a (AU)': 0.09000000000000001, 't_stop (day)': 22960.13678816292, 'stability': 'EJ'}
{'file': 'orbit_p0.0500.bin', 'm_A (Msun)': 1.0, 'm_B (Msun)': 0.6666666666666667, 'e': 0.7, 'apapse': False, 'm_P (Msun)': 0.028637827019079753, 'l (rad)': 1.5707963267948966, 'a (AU)': 0.05, 't_stop (day)': 2829267.7686104896, 'stability': 'ST'}
{'file': 'orbit_p0.0600.bin', 'm_A (Msun)': 1.0, 'm_B (Msun)': 0.6666666666666667, 'e': 0.7, 'apapse': False, 'm_P (Msun)': 0.028637827019079753, 'l (rad)': 1.5707963267948966, 'a (AU)': 0.060000000000000005, 't_stop (day)': 2829267.7686104896, 'stability': 'ST'}
{'file': 'orbit_p0.0700.bin', 'm_A (Msun)': 1.0, 'm_B (Msun)': 0.6666666666666667, 'e': 0.7, 'apapse': False, 'm_P (Msun)': 0.028637827019079753, 'l (rad)': 1.5707963267948966, 'a (AU)': 0.07, 't_stop (day)': 2829267.7686104896, 'stability': 'ST'}
{'file': 'orbit_p0.0800.bin', 'm_A (Msun)': 1.0, 'm_B (Msun)': 0.6666666666666667, 'e': 0.7, 'apapse': False, 'm_P (Msun)': 0.028637827019079753, 'l (rad)': 1.5707963267948966, 'a (AU)': 0.08, 't_stop (day)': 68331.10161443207, 'stability': 'CA'}
{'file': 'orbit_p0.0900.bin', 'm_A (Msun)': 1.0, 'm_B (Msun)': 0.6666666666666667, 'e': 0.7, 'apapse': False, 'm_P (Msun)': 0.028637827019079753, 'l (rad)': 1.5707963267948966, 'a (AU)': 0.09000000000000001, 't_stop (day)': 14780.185695585827, 'stability': 'CA'}
{'file': 'orbit_a0.0500.bin', 'm_A (Msun)': 1.0, 'm_B (Msun)': 0.6666666666666667, 'e': 0.7, 'apapse': True, 'm_P (Msun)': 0.028637827019079753, 'l (rad)': 1.5707963267948966, 'a (AU)': 0.05, 't_stop (day)': 2829267.7686104896, 'stability': 'ST'}
{'file': 'orbit_a0.0600.bin', 'm_A (Msun)': 1.0, 'm_B (Msun)': 0.6666666666666667, 'e': 0.7, 'apapse': True, 'm_P (Msun)': 0.028637827019079753, 'l (rad)': 1.5707963267948966, 'a (AU)': 0.060000000000000005, 't_stop (day)': 2829267.7686104896, 'stability': 'ST'}
{'file': 'orbit_a0.0700.bin', 'm_A (Msun)': 1.0, 'm_B (Msun)': 0.6666666666666667, 'e': 0.7, 'apapse': True, 'm_P (Msun)': 0.028637827019079753, 'l (rad)': 1.5707963267948966, 'a (AU)': 0.07, 't_stop (day)': 2829267.7686104896, 'stability': 'ST'}
{'file': 'orbit_a0.0800.bin', 'm_A (Msun)': 1.0, 'm_B (Msun)': 0.6666666666666667, 'e': 0.7, 'apapse': True, 'm_P (Msun)': 0.028637827019079753, 'l (rad)': 1.5707963267948966, 'a (AU)': 0.08, 't_stop (day)': 777754.3759864916, 'stability': 'CA'}
{'file': 'orbit_a0.0900.bin', 'm_A (Msun)': 1.0, 'm_B (Msun)': 0.6666666666666667, 'e': 0.7, 'apapse': True, 'm_P (Msun)': 0.028637827019079753, 'l (rad)': 1.5707963267948966, 'a (AU)': 0.09000000000000001, 't_stop (day)': 46271.72715571601, 'stability': 'CA'}
{'file': 'orbit_p0.0500.bin', 'm_A (Msun)': 1.0, 'm_B (Msun)': 0.6666666666666667, 'e': 0.7, 'apapse': False, 'm_P (Msun)': 0.028637827019079753, 'l (rad)': 3.141592653589793, 'a (AU)': 0.05, 't_stop (day)': 2829267.7686104896, 'stability': 'ST'}
{'file': 'orbit_p0.0600.bin', 'm_A (Msun)': 1.0, 'm_B (Msun)': 0.6666666666666667, 'e': 0.7, 'apapse': False, 'm_P (Msun)': 0.028637827019079753, 'l (rad)': 3.141592653589793, 'a (AU)': 0.060000000000000005, 't_stop (day)': 2829267.7686104896, 'stability': 'ST'}
{'file': 'orbit_p0.0700.bin', 'm_A (Msun)': 1.0, 'm_B (Msun)': 0.6666666666666667, 'e': 0.7, 'apapse': False, 'm_P (Msun)': 0.028637827019079753, 'l (rad)': 3.141592653589793, 'a (AU)': 0.07, 't_stop (day)': 2829267.7686104896, 'stability': 'ST'}
{'file': 'orbit_p0.0800.bin', 'm_A (Msun)': 1.0, 'm_B (Msun)': 0.6666666666666667, 'e': 0.7, 'apapse': False, 'm_P (Msun)': 0.028637827019079753, 'l (rad)': 3.141592653589793, 'a (AU)': 0.08, 't_stop (day)': 1403429.5641100525, 'stability': 'CA'}
{'file': 'orbit_p0.0900.bin', 'm_A (Msun)': 1.0, 'm_B (Msun)': 0.6666666666666667, 'e': 0.7, 'apapse': False, 'm_P (Msun)': 0.028637827019079753, 'l (rad)': 3.141592653589793, 'a (AU)': 0.09000000000000001, 't_stop (day)': 45930.63120530192, 'stability': 'CA'}
{'file': 'orbit_a0.0500.bin', 'm_A (Msun)': 1.0, 'm_B (Msun)': 0.6666666666666667, 'e': 0.7, 'apapse': True, 'm_P (Msun)': 0.028637827019079753, 'l (rad)': 3.141592653589793, 'a (AU)': 0.05, 't_stop (day)': 2829267.7686104896, 'stability': 'ST'}
{'file': 'orbit_a0.0600.bin', 'm_A (Msun)': 1.0, 'm_B (Msun)': 0.6666666666666667, 'e': 0.7, 'apapse': True, 'm_P (Msun)': 0.028637827019079753, 'l (rad)': 3.141592653589793, 'a (AU)': 0.060000000000000005, 't_stop (day)': 2829267.7686104896, 'stability': 'ST'}
{'file': 'orbit_a0.0700.bin', 'm_A (Msun)': 1.0, 'm_B (Msun)': 0.6666666666666667, 'e': 0.7, 'apapse': True, 'm_P (Msun)': 0.028637827019079753, 'l (rad)': 3.141592653589793, 'a (AU)': 0.07, 't_stop (day)': 2829267.7686104896, 'stability': 'ST'}
{'file': 'orbit_a0.0800.bin', 'm_A (Msun)': 1.0, 'm_B (Msun)': 0.6666666666666667, 'e': 0.7, 'apapse': True, 'm_P (Msun)': 0.028637827019079753, 'l (rad)': 3.141592653589793, 'a (AU)': 0.08, 't_stop (day)': 1646931.5291926858, 'stability': 'CA'}
{'file': 'orbit_a0.0900.bin', 'm_A (Msun)': 1.0, 'm_B (Msun)': 0.6666666666666667, 'e': 0.7, 'apapse': True, 'm_P (Msun)': 0.028637827019079753, 'l (rad)': 3.141592653589793, 'a (AU)': 0.09000000000000001, 't_stop (day)': 28983.442306676217, 'stability': 'CA'}
{'file': 'orbit_p0.0500.bin', 'm_A (Msun)': 1.0, 'm_B (Msun)': 0.6666666666666667, 'e': 0.7, 'apapse': False, 'm_P (Msun)': 0.028637827019079753, 'l (rad)': 4.71238898038469, 'a (AU)': 0.05, 't_stop (day)': 2829267.7686104896, 'stability': 'ST'}
{'file': 'orbit_p0.0600.bin', 'm_A (Msun)': 1.0, 'm_B (Msun)': 0.6666666666666667, 'e': 0.7, 'apapse': False, 'm_P (Msun)': 0.028637827019079753, 'l (rad)': 4.71238898038469, 'a (AU)': 0.060000000000000005, 't_stop (day)': 2829267.7686104896, 'stability': 'ST'}
{'file': 'orbit_p0.0700.bin', 'm_A (Msun)': 1.0, 'm_B (Msun)': 0.6666666666666667, 'e': 0.7, 'apapse': False, 'm_P (Msun)': 0.028637827019079753, 'l (rad)': 4.71238898038469, 'a (AU)': 0.07, 't_stop (day)': 2829267.7686104896, 'stability': 'ST'}
{'file': 'orbit_p0.0800.bin', 'm_A (Msun)': 1.0, 'm_B (Msun)': 0.6666666666666667, 'e': 0.7, 'apapse': False, 'm_P (Msun)': 0.028637827019079753, 'l (rad)': 4.71238898038469, 'a (AU)': 0.08, 't_stop (day)': 1396730.252400395, 'stability': 'CA'}
{'file': 'orbit_p0.0900.bin', 'm_A (Msun)': 1.0, 'm_B (Msun)': 0.6666666666666667, 'e': 0.7, 'apapse': False, 'm_P (Msun)': 0.028637827019079753, 'l (rad)': 4.71238898038469, 'a (AU)': 0.09000000000000001, 't_stop (day)': 19615.024066569847, 'stability': 'EJ'}
{'file': 'orbit_a0.0500.bin', 'm_A (Msun)': 1.0, 'm_B (Msun)': 0.6666666666666667, 'e': 0.7, 'apapse': True, 'm_P (Msun)': 0.028637827019079753, 'l (rad)': 4.71238898038469, 'a (AU)': 0.05, 't_stop (day)': 2829267.7686104896, 'stability': 'ST'}
{'file': 'orbit_a0.0600.bin', 'm_A (Msun)': 1.0, 'm_B (Msun)': 0.6666666666666667, 'e': 0.7, 'apapse': True, 'm_P (Msun)': 0.028637827019079753, 'l (rad)': 4.71238898038469, 'a (AU)': 0.060000000000000005, 't_stop (day)': 2829267.7686104896, 'stability': 'ST'}
{'file': 'orbit_a0.0700.bin', 'm_A (Msun)': 1.0, 'm_B (Msun)': 0.6666666666666667, 'e': 0.7, 'apapse': True, 'm_P (Msun)': 0.028637827019079753, 'l (rad)': 4.71238898038469, 'a (AU)': 0.07, 't_stop (day)': 2829267.7686104896, 'stability': 'ST'}
{'file': 'orbit_a0.0800.bin', 'm_A (Msun)': 1.0, 'm_B (Msun)': 0.6666666666666667, 'e': 0.7, 'apapse': True, 'm_P (Msun)': 0.028637827019079753, 'l (rad)': 4.71238898038469, 'a (AU)': 0.08, 't_stop (day)': 301019.9325429641, 'stability': 'CA'}
{'file': 'orbit_a0.0900.bin', 'm_A (Msun)': 1.0, 'm_B (Msun)': 0.6666666666666667, 'e': 0.7, 'apapse': True, 'm_P (Msun)': 0.028637827019079753, 'l (rad)': 4.71238898038469, 'a (AU)': 0.09000000000000001, 't_stop (day)': 45480.73800643339, 'stability': 'CA'}
