{'file': 'orbit_p0.0600.bin', 'm_A (Msun)': 1.0, 'm_B (Msun)': 1.4999999999999998, 'e': 0.6, 'apapse': False, 'm_P (Msun)': 0.028637827019079753, 'l (rad)': 0.0, 'a (AU)': 0.06, 't_stop (day)': 2310087.4595994814, 'stability': 'ST'}
{'file': 'orbit_p0.0700.bin', 'm_A (Msun)': 1.0, 'm_B (Msun)': 1.4999999999999998, 'e': 0.6, 'apapse': False, 'm_P (Msun)': 0.028637827019079753, 'l (rad)': 0.0, 'a (AU)': 0.07, 't_stop (day)': 2310087.4595994814, 'stability': 'ST'}
{'file': 'orbit_p0.0800.bin', 'm_A (Msun)': 1.0, 'm_B (Msun)': 1.4999999999999998, 'e': 0.6, 'apapse': False, 'm_P (Msun)': 0.028637827019079753, 'l (rad)': 0.0, 'a (AU)': 0.08, 't_stop (day)': 2310087.4595994814, 'stability': 'ST'}
{'file': 'orbit_p0.0900.bin', 'm_A (Msun)': 1.0, 'm_B (Msun)': 1.4999999999999998, 'e': 0.6, 'apapse': False, 'm_P (Msun)': 0.028637827019079753, 'l (rad)': 0.0, 'a (AU)': 0.09, 't_stop (day)': 1191304.8877158826, 'stability': 'CA'}
{'file': 'orbit_p0.1000.bin', 'm_A (Msun)': 1.0, 'm_B (Msun)': 1.4999999999999998, 'e': 0.6, 'apapse': False, 'm_P (Msun)': 0.028637827019079753, 'l (rad)': 0.0, 'a (AU)': 0.1, 't_stop (day)': 87158.25595973592, 'stability': 'EJ'}
{'file': 'orbit_a0.0600.bin', 'm_A (Msun)': 1.0, 'm_B (Msun)': 1.4999999999999998, 'e': 0.6, 'apapse': True, 'm_P (Msun)': 0.028637827019079753, 'l (rad)': 0.0, 'a (AU)': 0.06, 't_stop (day)': 2310087.4595994814, 'stability': 'ST'}
{'file': 'orbit_a0.0700.bin', 'm_A (Msun)': 1.0, 'm_B (Msun)': 1.4999999999999998, 'e': 0.6, 'apapse': True, 'm_P (Msun)': 0.028637827019079753, 'l (rad)': 0.0, 'a (AU)': 0.07, 't_stop (day)': 2310087.4595994814, 'stability': 'ST'}
{'file': 'orbit_a0.0800.bin', 'm_A (Msun)': 1.0, 'm_B (Msun)': 1.4999999999999998, 'e': 0.6, 'apapse': True, 'm_P (Msun)': 0.028637827019079753, 'l (rad)': 0.0, 'a (AU)': 0.08, 't_stop (day)': 2310087.4595994814, 'stability': 'ST'}
{'file': 'orbit_a0.0900.bin', 'm_A (Msun)': 1.0, 'm_B (Msun)': 1.4999999999999998, 'e': 0.6, 'apapse': True, 'm_P (Msun)': 0.028637827019079753, 'l (rad)': 0.0, 'a (AU)': 0.09, 't_stop (day)': 1443722.179399212, 'stability': 'CA'}
{'file': 'orbit_a0.1000.bin', 'm_A (Msun)': 1.0, 'm_B (Msun)': 1.4999999999999998, 'e': 0.6, 'apapse': True, 'm_P (Msun)': 0.028637827019079753, 'l (rad)': 0.0, 'a (AU)': 0.1, 't_stop (day)': 7432.960481040182, 'stability': 'CA'}
{'file': 'orbit_p0.0600.bin', 'm_A (Msun)': 1.0, 'm_B (Msun)': 1.4999999999999998, 'e': 0.6, 'apapse': False, 'm_P (Msun)': 0.028637827019079753, 'l (rad)': 1.5707963267948966, 'a (AU)': 0.06, 't_stop (day)': 2310087.4595994814, 'stability': 'ST'}
{'file': 'orbit_p0.0700.bin', 'm_A (Msun)': 1.0, 'm_B (Msun)': 1.4999999999999998, 'e': 0.6, 'apapse': False, 'm_P (Msun)': 0.028637827019079753, 'l (rad)': 1.5707963267948966, 'a (AU)': 0.07, 't_stop (day)': 2310087.4595994814, 'stability': 'ST'}
{'file': 'orbit_p0.0800.bin', 'm_A (Msun)': 1.0, 'm_B (Msun)': 1.4999999999999998, 'e': 0.6, 'apapse': False, 'm_P (Msun)': 0.028637827019079753, 'l (rad)': 1.5707963267948966, 'a (AU)': 0.08, 't_stop (day)': 2310087.4595994814, 'stability': 'ST'}
{'file': 'orbit_p0.0900.bin', 'm_A (Msun)': 1.0, 'm_B (Msun)': 1.4999999999999998, 'e': 0.6, 'apapse': False, 'm_P (Msun)': 0.028637827019079753, 'l (rad)': 1.5707963267948966, 'a (AU)': 0.09, 't_stop (day)': 52245.2292543853, 'stability': 'EJ'}
{'file': 'orbit_p0.1000.bin', 'm_A (Msun)': 1.0, 'm_B (Msun)': 1.4999999999999998, 'e': 0.6, 'apapse': False, 'm_P (Msun)': 0.028637827019079753, 'l (rad)': 1.5707963267948966, 'a (AU)': 0.1, 't_stop (day)': 10347.204113020605, 'stability': 'CA'}
{'file': 'orbit_a0.0600.bin', 'm_A (Msun)': 1.0, 'm_B (Msun)': 1.4999999999999998, 'e': 0.6, 'apapse': True, 'm_P (Msun)': 0.028637827019079753, 'l (rad)': 1.5707963267948966, 'a (AU)': 0.06, 't_stop (day)': 2310087.4595994814, 'stability': 'ST'}
{'file': 'orbit_a0.0700.bin', 'm_A (Msun)': 1.0, 'm_B (Msun)': 1.4999999999999998, 'e': 0.6, 'apapse': True, 'm_P (Msun)': 0.028637827019079753, 'l (rad)': 1.5707963267948966, 'a (AU)': 0.07, 't_stop (day)': 2310087.4595994814, 'stability': 'ST'}
{'file': 'orbit_a0.0800.bin', 'm_A (Msun)': 1.0, 'm_B (Msun)': 1.4999999999999998, 'e': 0.6, 'apapse': True, 'm_P (Msun)': 0.028637827019079753, 'l (rad)': 1.5707963267948966, 'a (AU)': 0.08, 't_stop (day)': 2310087.4595994814, 'stability': 'ST'}
{'file': 'orbit_a0.0900.bin', 'm_A (Msun)': 1.0, 'm_B (Msun)': 1.4999999999999998, 'e': 0.6, 'apapse': True, 'm_P (Msun)': 0.028637827019079753, 'l (rad)': 1.5707963267948966, 'a (AU)': 0.09, 't_stop (day)': 676995.404644939, 'stability': 'CA'}
{'file': 'orbit_a0.1000.bin', 'm_A (Msun)': 1.0, 'm_B (Msun)': 1.4999999999999998, 'e': 0.6, 'apapse': True, 'm_P (Msun)': 0.028637827019079753, 'l (rad)': 1.5707963267948966, 'a (AU)': 0.1, 't_stop (day)': 37535.55062996565, 'stability': 'CA'}
{'file': 'orbit_p0.0600.bin', 'm_A (Msun)': 1.0, 'm_B (Msun)': 1.4999999999999998, 'e': 0.6, 'apapse': False, 'm_P (Msun)': 0.028637827019079753, 'l (rad)': 3.141592653589793, 'a (AU)': 0.06, 't_stop (day)': 2310087.4595994814, 'stability': 'ST'}
{'file': 'orbit_p0.0700.bin', 'm_A (Msun)': 1.0, 'm_B (Msun)': 1.4999999999999998, 'e': 0.6, 'apapse': False, 'm_P (Msun)': 0.028637827019079753, 'l (rad)': 3.141592653589793, 'a (AU)': 0.07, 't_stop (day)': 2310087.4595994814, 'stability': 'ST'}
{'file': 'orbit_p0.0800.bin', 'm_A (Msun)': 1.0, 'm_B (Msun)': 1.4999999999999998, 'e': 0.6, 'apapse': False, 'm_P (Msun)': 0.028637827019079753, 'l (rad)': 3.141592653589793, 'a (AU)': 0.08, 't_stop (day)': 2310087.4595994814, 'stability': 'ST'}
{'file': 'orbit_p0.0900.bin', 'm_A (Msun)': 1.0, 'm_B (Msun)': 1.4999999999999998, 'e': 0.6, 'apapse': False, 'm_P (Msun)': 0.028637827019079753, 'l (rad)': 3.141592653589793, 'a (AU)': 0.09, 't_stop (day)': 2310087.4595994814, 'stability': 'ST'}
{'file': 'orbit_p0.1000.bin', 'm_A (Msun)': 1.0, 'm_B (Msun)': 1.4999999999999998, 'e': 0.6, 'apapse': False, 'm_P (Msun)': 0.028637827019079753, 'l (rad)': 3.141592653589793, 'a (AU)': 0.1, 't_stop (day)': 100022.0050060873, 'stability': 'EJ'}
{'file': 'orbit_a0.0600.bin', 'm_A (Msun)': 1.0, 'm_B (Msun)': 1.4999999999999998, 'e': 0.6, 'apapse': True, 'm_P (Msun)': 0.028637827019079753, 'l (rad)': 3.141592653589793, 'a (AU)': 0.06, 't_stop (day)': 2310087.4595994814, 'stability': 'ST'}
{'file': 'orbit_a0.0700.bin', 'm_A (Msun)': 1.0, 'm_B (Msun)': 1.4999999999999998, 'e': 0.6, 'apapse': True, 'm_P (Msun)': 0.028637827019079753, 'l (rad)': 3.141592653589793, 'a (AU)': 0.07, 't_stop (day)': 2310087.4595994814, 'stability': 'ST'}
{'file': 'orbit_a0.0800.bin', 'm_A (Msun)': 1.0, 'm_B (Msun)': 1.4999999999999998, 'e': 0.6, 'apapse': True, 'm_P (Msun)': 0.028637827019079753, 'l (rad)': 3.141592653589793, 'a (AU)': 0.08, 't_stop (day)': 2310087.4595994814, 'stability': 'ST'}
{'file': 'orbit_a0.0900.bin', 'm_A (Msun)': 1.0, 'm_B (Msun)': 1.4999999999999998, 'e': 0.6, 'apapse': True, 'm_P (Msun)': 0.028637827019079753, 'l (rad)': 3.141592653589793, 'a (AU)': 0.09, 't_stop (day)': 729997.0674612809, 'stability': 'CA'}
{'file': 'orbit_a0.1000.bin', 'm_A (Msun)': 1.0, 'm_B (Msun)': 1.4999999999999998, 'e': 0.6, 'apapse': True, 'm_P (Msun)': 0.028637827019079753, 'l (rad)': 3.141592653589793, 'a (AU)': 0.1, 't_stop (day)': 12015.806243014173, 'stability': 'CA'}
{'file': 'orbit_p0.0600.bin', 'm_A (Msun)': 1.0, 'm_B (Msun)': 1.4999999999999998, 'e': 0.6, 'apapse': False, 'm_P (Msun)': 0.028637827019079753, 'l (rad)': 4.71238898038469, 'a (AU)': 0.06, 't_stop (day)': 2310087.4595994814, 'stability': 'ST'}
{'file': 'orbit_p0.0700.bin', 'm_A (Msun)': 1.0, 'm_B (Msun)': 1.4999999999999998, 'e': 0.6, 'apapse': False, 'm_P (Msun)': 0.028637827019079753, 'l (rad)': 4.71238898038469, 'a (AU)': 0.07, 't_stop (day)': 2310087.4595994814, 'stability': 'ST'}
{'file': 'orbit_p0.0800.bin', 'm_A (Msun)': 1.0, 'm_B (Msun)': 1.4999999999999998, 'e': 0.6, 'apapse': False, 'm_P (Msun)': 0.028637827019079753, 'l (rad)': 4.71238898038469, 'a (AU)': 0.08, 't_stop (day)': 2310087.4595994814, 'stability': 'ST'}
{'file': 'orbit_p0.0900.bin', 'm_A (Msun)': 1.0, 'm_B (Msun)': 1.4999999999999998, 'e': 0.6, 'apapse': False, 'm_P (Msun)': 0.028637827019079753, 'l (rad)': 4.71238898038469, 'a (AU)': 0.09, 't_stop (day)': 66281.84222484344, 'stability': 'CA'}
{'file': 'orbit_p0.1000.bin', 'm_A (Msun)': 1.0, 'm_B (Msun)': 1.4999999999999998, 'e': 0.6, 'apapse': False, 'm_P (Msun)': 0.028637827019079753, 'l (rad)': 4.71238898038469, 'a (AU)': 0.1, 't_stop (day)': 32957.16360873377, 'stability': 'EJ'}
{'file': 'orbit_a0.0600.bin', 'm_A (Msun)': 1.0, 'm_B (Msun)': 1.4999999999999998, 'e': 0.6, 'apapse': True, 'm_P (Msun)': 0.028637827019079753, 'l (rad)': 4.71238898038469, 'a (AU)': 0.06, 't_stop (day)': 2310087.4595994814, 'stability': 'ST'}
{'file': 'orbit_a0.0700.bin', 'm_A (Msun)': 1.0, 'm_B (Msun)': 1.4999999999999998, 'e': 0.6, 'apapse': True, 'm_P (Msun)': 0.028637827019079753, 'l (rad)': 4.71238898038469, 'a (AU)': 0.07, 't_stop (day)': 2310087.4595994814, 'stability': 'ST'}
{'file': 'orbit_a0.0800.bin', 'm_A (Msun)': 1.0, 'm_B (Msun)': 1.4999999999999998, 'e': 0.6, 'apapse': True, 'm_P (Msun)': 0.028637827019079753, 'l (rad)': 4.71238898038469, 'a (AU)': 0.08, 't_stop (day)': 2310087.4595994814, 'stability': 'ST'}
{'file': 'orbit_a0.0900.bin', 'm_A (Msun)': 1.0, 'm_B (Msun)': 1.4999999999999998, 'e': 0.6, 'apapse': True, 'm_P (Msun)': 0.028637827019079753, 'l (rad)': 4.71238898038469, 'a (AU)': 0.09, 't_stop (day)': 2310087.4595994814, 'stability': 'ST'}
{'file': 'orbit_a0.1000.bin', 'm_A (Msun)': 1.0, 'm_B (Msun)': 1.4999999999999998, 'e': 0.6, 'apapse': True, 'm_P (Msun)': 0.028637827019079753, 'l (rad)': 4.71238898038469, 'a (AU)': 0.1, 't_stop (day)': 94029.3645736202, 'stability': 'CA'}
