{'file': 'orbit_p0.3600.bin', 'm_A (Msun)': 1.0, 'm_B (Msun)': 0.25, 'e': 0.0, 'apapse': False, 'm_P (Msun)': 0.000954594233969325, 'l (rad)': 0.0, 'a (AU)': 0.36, 't_stop (day)': 3266957.015633596, 'stability': 'ST'}
{'file': 'orbit_p0.3700.bin', 'm_A (Msun)': 1.0, 'm_B (Msun)': 0.25, 'e': 0.0, 'apapse': False, 'm_P (Msun)': 0.000954594233969325, 'l (rad)': 0.0, 'a (AU)': 0.37, 't_stop (day)': 3266957.015633596, 'stability': 'ST'}
{'file': 'orbit_p0.3800.bin', 'm_A (Msun)': 1.0, 'm_B (Msun)': 0.25, 'e': 0.0, 'apapse': False, 'm_P (Msun)': 0.000954594233969325, 'l (rad)': 0.0, 'a (AU)': 0.38, 't_stop (day)': 3266957.015633596, 'stability': 'ST'}
{'file': 'orbit_p0.3900.bin', 'm_A (Msun)': 1.0, 'm_B (Msun)': 0.25, 'e': 0.0, 'apapse': False, 'm_P (Msun)': 0.000954594233969325, 'l (rad)': 0.0, 'a (AU)': 0.39, 't_stop (day)': 3266957.015633596, 'stability': 'ST'}
{'file': 'orbit_p0.4000.bin', 'm_A (Msun)': 1.0, 'm_B (Msun)': 0.25, 'e': 0.0, 'apapse': False, 'm_P (Msun)': 0.000954594233969325, 'l (rad)': 0.0, 'a (AU)': 0.4, 't_stop (day)': 3266957.015633596, 'stability': 'ST'}
{'file': 'orbit_a0.3600.bin', 'm_A (Msun)': 1.0, 'm_B (Msun)': 0.25, 'e': 0.0, 'apapse': True, 'm_P (Msun)': 0.000954594233969325, 'l (rad)': 0.0, 'a (AU)': 0.36, 't_stop (day)': 3266957.015633596, 'stability': 'ST'}
{'file': 'orbit_a0.3700.bin', 'm_A (Msun)': 1.0, 'm_B (Msun)': 0.25, 'e': 0.0, 'apapse': True, 'm_P (Msun)': 0.000954594233969325, 'l (rad)': 0.0, 'a (AU)': 0.37, 't_stop (day)': 3266957.015633596, 'stability': 'ST'}
{'file': 'orbit_a0.3800.bin', 'm_A (Msun)': 1.0, 'm_B (Msun)': 0.25, 'e': 0.0, 'apapse': True, 'm_P (Msun)': 0.000954594233969325, 'l (rad)': 0.0, 'a (AU)': 0.38, 't_stop (day)': 3266957.015633596, 'stability': 'ST'}
{'file': 'orbit_a0.3900.bin', 'm_A (Msun)': 1.0, 'm_B (Msun)': 0.25, 'e': 0.0, 'apapse': True, 'm_P (Msun)': 0.000954594233969325, 'l (rad)': 0.0, 'a (AU)': 0.39, 't_stop (day)': 3266957.015633596, 'stability': 'ST'}
{'file': 'orbit_a0.4000.bin', 'm_A (Msun)': 1.0, 'm_B (Msun)': 0.25, 'e': 0.0, 'apapse': True, 'm_P (Msun)': 0.000954594233969325, 'l (rad)': 0.0, 'a (AU)': 0.4, 't_stop (day)': 52690.770448807794, 'stability': 'CA'}
{'file': 'orbit_p0.3600.bin', 'm_A (Msun)': 1.0, 'm_B (Msun)': 0.25, 'e': 0.0, 'apapse': False, 'm_P (Msun)': 0.000954594233969325, 'l (rad)': 1.5707963267948966, 'a (AU)': 0.36, 't_stop (day)': 3266957.015633596, 'stability': 'ST'}
{'file': 'orbit_p0.3700.bin', 'm_A (Msun)': 1.0, 'm_B (Msun)': 0.25, 'e': 0.0, 'apapse': False, 'm_P (Msun)': 0.000954594233969325, 'l (rad)': 1.5707963267948966, 'a (AU)': 0.37, 't_stop (day)': 3266957.015633596, 'stability': 'ST'}
{'file': 'orbit_p0.3800.bin', 'm_A (Msun)': 1.0, 'm_B (Msun)': 0.25, 'e': 0.0, 'apapse': False, 'm_P (Msun)': 0.000954594233969325, 'l (rad)': 1.5707963267948966, 'a (AU)': 0.38, 't_stop (day)': 360383.92678000784, 'stability': 'CA'}
{'file': 'orbit_p0.3900.bin', 'm_A (Msun)': 1.0, 'm_B (Msun)': 0.25, 'e': 0.0, 'apapse': False, 'm_P (Msun)': 0.000954594233969325, 'l (rad)': 1.5707963267948966, 'a (AU)': 0.39, 't_stop (day)': 4023.962205682828, 'stability': 'CA'}
{'file': 'orbit_p0.4000.bin', 'm_A (Msun)': 1.0, 'm_B (Msun)': 0.25, 'e': 0.0, 'apapse': False, 'm_P (Msun)': 0.000954594233969325, 'l (rad)': 1.5707963267948966, 'a (AU)': 0.4, 't_stop (day)': 1571.9973951640452, 'stability': 'CA'}
{'file': 'orbit_a0.3600.bin', 'm_A (Msun)': 1.0, 'm_B (Msun)': 0.25, 'e': 0.0, 'apapse': True, 'm_P (Msun)': 0.000954594233969325, 'l (rad)': 1.5707963267948966, 'a (AU)': 0.36, 't_stop (day)': 3266957.015633596, 'stability': 'ST'}
{'file': 'orbit_a0.3700.bin', 'm_A (Msun)': 1.0, 'm_B (Msun)': 0.25, 'e': 0.0, 'apapse': True, 'm_P (Msun)': 0.000954594233969325, 'l (rad)': 1.5707963267948966, 'a (AU)': 0.37, 't_stop (day)': 3266957.015633596, 'stability': 'ST'}
{'file': 'orbit_a0.3800.bin', 'm_A (Msun)': 1.0, 'm_B (Msun)': 0.25, 'e': 0.0, 'apapse': True, 'm_P (Msun)': 0.000954594233969325, 'l (rad)': 1.5707963267948966, 'a (AU)': 0.38, 't_stop (day)': 352680.8319878284, 'stability': 'CA'}
{'file': 'orbit_a0.3900.bin', 'm_A (Msun)': 1.0, 'm_B (Msun)': 0.25, 'e': 0.0, 'apapse': True, 'm_P (Msun)': 0.000954594233969325, 'l (rad)': 1.5707963267948966, 'a (AU)': 0.39, 't_stop (day)': 11608.566368678397, 'stability': 'CA'}
{'file': 'orbit_a0.4000.bin', 'm_A (Msun)': 1.0, 'm_B (Msun)': 0.25, 'e': 0.0, 'apapse': True, 'm_P (Msun)': 0.000954594233969325, 'l (rad)': 1.5707963267948966, 'a (AU)': 0.4, 't_stop (day)': 2507.2052208211244, 'stability': 'CA'}
{'file': 'orbit_p0.3600.bin', 'm_A (Msun)': 1.0, 'm_B (Msun)': 0.25, 'e': 0.0, 'apapse': False, 'm_P (Msun)': 0.000954594233969325, 'l (rad)': 3.141592653589793, 'a (AU)': 0.36, 't_stop (day)': 3266957.015633596, 'stability': 'ST'}
{'file': 'orbit_p0.3700.bin', 'm_A (Msun)': 1.0, 'm_B (Msun)': 0.25, 'e': 0.0, 'apapse': False, 'm_P (Msun)': 0.000954594233969325, 'l (rad)': 3.141592653589793, 'a (AU)': 0.37, 't_stop (day)': 3266957.015633596, 'stability': 'ST'}
{'file': 'orbit_p0.3800.bin', 'm_A (Msun)': 1.0, 'm_B (Msun)': 0.25, 'e': 0.0, 'apapse': False, 'm_P (Msun)': 0.000954594233969325, 'l (rad)': 3.141592653589793, 'a (AU)': 0.38, 't_stop (day)': 3266957.015633596, 'stability': 'ST'}
{'file': 'orbit_p0.3900.bin', 'm_A (Msun)': 1.0, 'm_B (Msun)': 0.25, 'e': 0.0, 'apapse': False, 'm_P (Msun)': 0.000954594233969325, 'l (rad)': 3.141592653589793, 'a (AU)': 0.39, 't_stop (day)': 3266957.015633596, 'stability': 'ST'}
{'file': 'orbit_p0.4000.bin', 'm_A (Msun)': 1.0, 'm_B (Msun)': 0.25, 'e': 0.0, 'apapse': False, 'm_P (Msun)': 0.000954594233969325, 'l (rad)': 3.141592653589793, 'a (AU)': 0.4, 't_stop (day)': 52690.756280409354, 'stability': 'CA'}
{'file': 'orbit_a0.3600.bin', 'm_A (Msun)': 1.0, 'm_B (Msun)': 0.25, 'e': 0.0, 'apapse': True, 'm_P (Msun)': 0.000954594233969325, 'l (rad)': 3.141592653589793, 'a (AU)': 0.36, 't_stop (day)': 3266957.015633596, 'stability': 'ST'}
{'file': 'orbit_a0.3700.bin', 'm_A (Msun)': 1.0, 'm_B (Msun)': 0.25, 'e': 0.0, 'apapse': True, 'm_P (Msun)': 0.000954594233969325, 'l (rad)': 3.141592653589793, 'a (AU)': 0.37, 't_stop (day)': 3266957.015633596, 'stability': 'ST'}
{'file': 'orbit_a0.3800.bin', 'm_A (Msun)': 1.0, 'm_B (Msun)': 0.25, 'e': 0.0, 'apapse': True, 'm_P (Msun)': 0.000954594233969325, 'l (rad)': 3.141592653589793, 'a (AU)': 0.38, 't_stop (day)': 3266957.015633596, 'stability': 'ST'}
{'file': 'orbit_a0.3900.bin', 'm_A (Msun)': 1.0, 'm_B (Msun)': 0.25, 'e': 0.0, 'apapse': True, 'm_P (Msun)': 0.000954594233969325, 'l (rad)': 3.141592653589793, 'a (AU)': 0.39, 't_stop (day)': 3266957.015633596, 'stability': 'ST'}
{'file': 'orbit_a0.4000.bin', 'm_A (Msun)': 1.0, 'm_B (Msun)': 0.25, 'e': 0.0, 'apapse': True, 'm_P (Msun)': 0.000954594233969325, 'l (rad)': 3.141592653589793, 'a (AU)': 0.4, 't_stop (day)': 3266957.015633596, 'stability': 'ST'}
{'file': 'orbit_p0.3600.bin', 'm_A (Msun)': 1.0, 'm_B (Msun)': 0.25, 'e': 0.0, 'apapse': False, 'm_P (Msun)': 0.000954594233969325, 'l (rad)': 4.71238898038469, 'a (AU)': 0.36, 't_stop (day)': 3266957.015633596, 'stability': 'ST'}
{'file': 'orbit_p0.3700.bin', 'm_A (Msun)': 1.0, 'm_B (Msun)': 0.25, 'e': 0.0, 'apapse': False, 'm_P (Msun)': 0.000954594233969325, 'l (rad)': 4.71238898038469, 'a (AU)': 0.37, 't_stop (day)': 3266957.015633596, 'stability': 'ST'}
{'file': 'orbit_p0.3800.bin', 'm_A (Msun)': 1.0, 'm_B (Msun)': 0.25, 'e': 0.0, 'apapse': False, 'm_P (Msun)': 0.000954594233969325, 'l (rad)': 4.71238898038469, 'a (AU)': 0.38, 't_stop (day)': 666874.1161678272, 'stability': 'CA'}
{'file': 'orbit_p0.3900.bin', 'm_A (Msun)': 1.0, 'm_B (Msun)': 0.25, 'e': 0.0, 'apapse': False, 'm_P (Msun)': 0.000954594233969325, 'l (rad)': 4.71238898038469, 'a (AU)': 0.39, 't_stop (day)': 10166.554334312908, 'stability': 'CA'}
{'file': 'orbit_p0.4000.bin', 'm_A (Msun)': 1.0, 'm_B (Msun)': 0.25, 'e': 0.0, 'apapse': False, 'm_P (Msun)': 0.000954594233969325, 'l (rad)': 4.71238898038469, 'a (AU)': 0.4, 't_stop (day)': 2507.2052286841135, 'stability': 'CA'}
{'file': 'orbit_a0.3600.bin', 'm_A (Msun)': 1.0, 'm_B (Msun)': 0.25, 'e': 0.0, 'apapse': True, 'm_P (Msun)': 0.000954594233969325, 'l (rad)': 4.71238898038469, 'a (AU)': 0.36, 't_stop (day)': 3266957.015633596, 'stability': 'ST'}
{'file': 'orbit_a0.3700.bin', 'm_A (Msun)': 1.0, 'm_B (Msun)': 0.25, 'e': 0.0, 'apapse': True, 'm_P (Msun)': 0.000954594233969325, 'l (rad)': 4.71238898038469, 'a (AU)': 0.37, 't_stop (day)': 3266957.015633596, 'stability': 'ST'}
{'file': 'orbit_a0.3800.bin', 'm_A (Msun)': 1.0, 'm_B (Msun)': 0.25, 'e': 0.0, 'apapse': True, 'm_P (Msun)': 0.000954594233969325, 'l (rad)': 4.71238898038469, 'a (AU)': 0.38, 't_stop (day)': 311500.3036280043, 'stability': 'CB'}
{'file': 'orbit_a0.3900.bin', 'm_A (Msun)': 1.0, 'm_B (Msun)': 0.25, 'e': 0.0, 'apapse': True, 'm_P (Msun)': 0.000954594233969325, 'l (rad)': 4.71238898038469, 'a (AU)': 0.39, 't_stop (day)': 4023.962241933711, 'stability': 'CA'}
{'file': 'orbit_a0.4000.bin', 'm_A (Msun)': 1.0, 'm_B (Msun)': 0.25, 'e': 0.0, 'apapse': True, 'm_P (Msun)': 0.000954594233969325, 'l (rad)': 4.71238898038469, 'a (AU)': 0.4, 't_stop (day)': 1571.9973625187076, 'stability': 'CA'}
