{'file': 'orbit_p0.0900.bin', 'm_A (Msun)': 1.0, 'm_B (Msun)': 0.4285714285714286, 'e': 0.6, 'apapse': False, 'm_P (Msun)': 0.000954594233969325, 'l (rad)': 0.0, 'a (AU)': 0.09, 't_stop (day)': 3055958.462454599, 'stability': 'ST'}
{'file': 'orbit_p0.1000.bin', 'm_A (Msun)': 1.0, 'm_B (Msun)': 0.4285714285714286, 'e': 0.6, 'apapse': False, 'm_P (Msun)': 0.000954594233969325, 'l (rad)': 0.0, 'a (AU)': 0.1, 't_stop (day)': 3055958.462454599, 'stability': 'ST'}
{'file': 'orbit_p0.1100.bin', 'm_A (Msun)': 1.0, 'm_B (Msun)': 0.4285714285714286, 'e': 0.6, 'apapse': False, 'm_P (Msun)': 0.000954594233969325, 'l (rad)': 0.0, 'a (AU)': 0.11, 't_stop (day)': 3055958.462454599, 'stability': 'ST'}
{'file': 'orbit_p0.1200.bin', 'm_A (Msun)': 1.0, 'm_B (Msun)': 0.4285714285714286, 'e': 0.6, 'apapse': False, 'm_P (Msun)': 0.000954594233969325, 'l (rad)': 0.0, 'a (AU)': 0.12, 't_stop (day)': 1336179.4417798955, 'stability': 'CA'}
{'file': 'orbit_p0.1300.bin', 'm_A (Msun)': 1.0, 'm_B (Msun)': 0.4285714285714286, 'e': 0.6, 'apapse': False, 'm_P (Msun)': 0.000954594233969325, 'l (rad)': 0.0, 'a (AU)': 0.13, 't_stop (day)': 26579.332446632205, 'stability': 'CA'}
{'file': 'orbit_a0.0900.bin', 'm_A (Msun)': 1.0, 'm_B (Msun)': 0.4285714285714286, 'e': 0.6, 'apapse': True, 'm_P (Msun)': 0.000954594233969325, 'l (rad)': 0.0, 'a (AU)': 0.09, 't_stop (day)': 3055958.462454599, 'stability': 'ST'}
{'file': 'orbit_a0.1000.bin', 'm_A (Msun)': 1.0, 'm_B (Msun)': 0.4285714285714286, 'e': 0.6, 'apapse': True, 'm_P (Msun)': 0.000954594233969325, 'l (rad)': 0.0, 'a (AU)': 0.1, 't_stop (day)': 3055958.462454599, 'stability': 'ST'}
{'file': 'orbit_a0.1100.bin', 'm_A (Msun)': 1.0, 'm_B (Msun)': 0.4285714285714286, 'e': 0.6, 'apapse': True, 'm_P (Msun)': 0.000954594233969325, 'l (rad)': 0.0, 'a (AU)': 0.11, 't_stop (day)': 3055958.462454599, 'stability': 'ST'}
{'file': 'orbit_a0.1200.bin', 'm_A (Msun)': 1.0, 'm_B (Msun)': 0.4285714285714286, 'e': 0.6, 'apapse': True, 'm_P (Msun)': 0.000954594233969325, 'l (rad)': 0.0, 'a (AU)': 0.12, 't_stop (day)': 107305.00329181812, 'stability': 'CA'}
{'file': 'orbit_a0.1300.bin', 'm_A (Msun)': 1.0, 'm_B (Msun)': 0.4285714285714286, 'e': 0.6, 'apapse': True, 'm_P (Msun)': 0.000954594233969325, 'l (rad)': 0.0, 'a (AU)': 0.13, 't_stop (day)': 59088.44989513988, 'stability': 'CA'}
{'file': 'orbit_p0.0900.bin', 'm_A (Msun)': 1.0, 'm_B (Msun)': 0.4285714285714286, 'e': 0.6, 'apapse': False, 'm_P (Msun)': 0.000954594233969325, 'l (rad)': 1.5707963267948966, 'a (AU)': 0.09, 't_stop (day)': 3055958.462454599, 'stability': 'ST'}
{'file': 'orbit_p0.1000.bin', 'm_A (Msun)': 1.0, 'm_B (Msun)': 0.4285714285714286, 'e': 0.6, 'apapse': False, 'm_P (Msun)': 0.000954594233969325, 'l (rad)': 1.5707963267948966, 'a (AU)': 0.1, 't_stop (day)': 3055958.462454599, 'stability': 'ST'}
{'file': 'orbit_p0.1100.bin', 'm_A (Msun)': 1.0, 'm_B (Msun)': 0.4285714285714286, 'e': 0.6, 'apapse': False, 'm_P (Msun)': 0.000954594233969325, 'l (rad)': 1.5707963267948966, 'a (AU)': 0.11, 't_stop (day)': 3055958.462454599, 'stability': 'ST'}
{'file': 'orbit_p0.1200.bin', 'm_A (Msun)': 1.0, 'm_B (Msun)': 0.4285714285714286, 'e': 0.6, 'apapse': False, 'm_P (Msun)': 0.000954594233969325, 'l (rad)': 1.5707963267948966, 'a (AU)': 0.12, 't_stop (day)': 349438.1744659378, 'stability': 'CA'}
{'file': 'orbit_p0.1300.bin', 'm_A (Msun)': 1.0, 'm_B (Msun)': 0.4285714285714286, 'e': 0.6, 'apapse': False, 'm_P (Msun)': 0.000954594233969325, 'l (rad)': 1.5707963267948966, 'a (AU)': 0.13, 't_stop (day)': 70333.84210567999, 'stability': 'CA'}
{'file': 'orbit_a0.0900.bin', 'm_A (Msun)': 1.0, 'm_B (Msun)': 0.4285714285714286, 'e': 0.6, 'apapse': True, 'm_P (Msun)': 0.000954594233969325, 'l (rad)': 1.5707963267948966, 'a (AU)': 0.09, 't_stop (day)': 3055958.462454599, 'stability': 'ST'}
{'file': 'orbit_a0.1000.bin', 'm_A (Msun)': 1.0, 'm_B (Msun)': 0.4285714285714286, 'e': 0.6, 'apapse': True, 'm_P (Msun)': 0.000954594233969325, 'l (rad)': 1.5707963267948966, 'a (AU)': 0.1, 't_stop (day)': 3055958.462454599, 'stability': 'ST'}
{'file': 'orbit_a0.1100.bin', 'm_A (Msun)': 1.0, 'm_B (Msun)': 0.4285714285714286, 'e': 0.6, 'apapse': True, 'm_P (Msun)': 0.000954594233969325, 'l (rad)': 1.5707963267948966, 'a (AU)': 0.11, 't_stop (day)': 3055958.462454599, 'stability': 'ST'}
{'file': 'orbit_a0.1200.bin', 'm_A (Msun)': 1.0, 'm_B (Msun)': 0.4285714285714286, 'e': 0.6, 'apapse': True, 'm_P (Msun)': 0.000954594233969325, 'l (rad)': 1.5707963267948966, 'a (AU)': 0.12, 't_stop (day)': 242662.16216281365, 'stability': 'CA'}
{'file': 'orbit_a0.1300.bin', 'm_A (Msun)': 1.0, 'm_B (Msun)': 0.4285714285714286, 'e': 0.6, 'apapse': True, 'm_P (Msun)': 0.000954594233969325, 'l (rad)': 1.5707963267948966, 'a (AU)': 0.13, 't_stop (day)': 87269.82482802431, 'stability': 'CA'}
{'file': 'orbit_p0.0900.bin', 'm_A (Msun)': 1.0, 'm_B (Msun)': 0.4285714285714286, 'e': 0.6, 'apapse': False, 'm_P (Msun)': 0.000954594233969325, 'l (rad)': 3.141592653589793, 'a (AU)': 0.09, 't_stop (day)': 3055958.462454599, 'stability': 'ST'}
{'file': 'orbit_p0.1000.bin', 'm_A (Msun)': 1.0, 'm_B (Msun)': 0.4285714285714286, 'e': 0.6, 'apapse': False, 'm_P (Msun)': 0.000954594233969325, 'l (rad)': 3.141592653589793, 'a (AU)': 0.1, 't_stop (day)': 3055958.462454599, 'stability': 'ST'}
{'file': 'orbit_p0.1100.bin', 'm_A (Msun)': 1.0, 'm_B (Msun)': 0.4285714285714286, 'e': 0.6, 'apapse': False, 'm_P (Msun)': 0.000954594233969325, 'l (rad)': 3.141592653589793, 'a (AU)': 0.11, 't_stop (day)': 3055958.462454599, 'stability': 'ST'}
{'file': 'orbit_p0.1200.bin', 'm_A (Msun)': 1.0, 'm_B (Msun)': 0.4285714285714286, 'e': 0.6, 'apapse': False, 'm_P (Msun)': 0.000954594233969325, 'l (rad)': 3.141592653589793, 'a (AU)': 0.12, 't_stop (day)': 3055958.462454599, 'stability': 'ST'}
{'file': 'orbit_p0.1300.bin', 'm_A (Msun)': 1.0, 'm_B (Msun)': 0.4285714285714286, 'e': 0.6, 'apapse': False, 'm_P (Msun)': 0.000954594233969325, 'l (rad)': 3.141592653589793, 'a (AU)': 0.13, 't_stop (day)': 219934.85869320107, 'stability': 'CA'}
{'file': 'orbit_a0.0900.bin', 'm_A (Msun)': 1.0, 'm_B (Msun)': 0.4285714285714286, 'e': 0.6, 'apapse': True, 'm_P (Msun)': 0.000954594233969325, 'l (rad)': 3.141592653589793, 'a (AU)': 0.09, 't_stop (day)': 3055958.462454599, 'stability': 'ST'}
{'file': 'orbit_a0.1000.bin', 'm_A (Msun)': 1.0, 'm_B (Msun)': 0.4285714285714286, 'e': 0.6, 'apapse': True, 'm_P (Msun)': 0.000954594233969325, 'l (rad)': 3.141592653589793, 'a (AU)': 0.1, 't_stop (day)': 3055958.462454599, 'stability': 'ST'}
{'file': 'orbit_a0.1100.bin', 'm_A (Msun)': 1.0, 'm_B (Msun)': 0.4285714285714286, 'e': 0.6, 'apapse': True, 'm_P (Msun)': 0.000954594233969325, 'l (rad)': 3.141592653589793, 'a (AU)': 0.11, 't_stop (day)': 3055958.462454599, 'stability': 'ST'}
{'file': 'orbit_a0.1200.bin', 'm_A (Msun)': 1.0, 'm_B (Msun)': 0.4285714285714286, 'e': 0.6, 'apapse': True, 'm_P (Msun)': 0.000954594233969325, 'l (rad)': 3.141592653589793, 'a (AU)': 0.12, 't_stop (day)': 546994.8855164306, 'stability': 'CA'}
{'file': 'orbit_a0.1300.bin', 'm_A (Msun)': 1.0, 'm_B (Msun)': 0.4285714285714286, 'e': 0.6, 'apapse': True, 'm_P (Msun)': 0.000954594233969325, 'l (rad)': 3.141592653589793, 'a (AU)': 0.13, 't_stop (day)': 50008.230721312895, 'stability': 'CA'}
{'file': 'orbit_p0.0900.bin', 'm_A (Msun)': 1.0, 'm_B (Msun)': 0.4285714285714286, 'e': 0.6, 'apapse': False, 'm_P (Msun)': 0.000954594233969325, 'l (rad)': 4.71238898038469, 'a (AU)': 0.09, 't_stop (day)': 3055958.462454599, 'stability': 'ST'}
{'file': 'orbit_p0.1000.bin', 'm_A (Msun)': 1.0, 'm_B (Msun)': 0.4285714285714286, 'e': 0.6, 'apapse': False, 'm_P (Msun)': 0.000954594233969325, 'l (rad)': 4.71238898038469, 'a (AU)': 0.1, 't_stop (day)': 3055958.462454599, 'stability': 'ST'}
{'file': 'orbit_p0.1100.bin', 'm_A (Msun)': 1.0, 'm_B (Msun)': 0.4285714285714286, 'e': 0.6, 'apapse': False, 'm_P (Msun)': 0.000954594233969325, 'l (rad)': 4.71238898038469, 'a (AU)': 0.11, 't_stop (day)': 3055958.462454599, 'stability': 'ST'}
{'file': 'orbit_p0.1200.bin', 'm_A (Msun)': 1.0, 'm_B (Msun)': 0.4285714285714286, 'e': 0.6, 'apapse': False, 'm_P (Msun)': 0.000954594233969325, 'l (rad)': 4.71238898038469, 'a (AU)': 0.12, 't_stop (day)': 134734.99752522985, 'stability': 'CB'}
{'file': 'orbit_p0.1300.bin', 'm_A (Msun)': 1.0, 'm_B (Msun)': 0.4285714285714286, 'e': 0.6, 'apapse': False, 'm_P (Msun)': 0.000954594233969325, 'l (rad)': 4.71238898038469, 'a (AU)': 0.13, 't_stop (day)': 15751.527287940555, 'stability': 'EJ'}
{'file': 'orbit_a0.0900.bin', 'm_A (Msun)': 1.0, 'm_B (Msun)': 0.4285714285714286, 'e': 0.6, 'apapse': True, 'm_P (Msun)': 0.000954594233969325, 'l (rad)': 4.71238898038469, 'a (AU)': 0.09, 't_stop (day)': 3055958.462454599, 'stability': 'ST'}
{'file': 'orbit_a0.1000.bin', 'm_A (Msun)': 1.0, 'm_B (Msun)': 0.4285714285714286, 'e': 0.6, 'apapse': True, 'm_P (Msun)': 0.000954594233969325, 'l (rad)': 4.71238898038469, 'a (AU)': 0.1, 't_stop (day)': 3055958.462454599, 'stability': 'ST'}
{'file': 'orbit_a0.1100.bin', 'm_A (Msun)': 1.0, 'm_B (Msun)': 0.4285714285714286, 'e': 0.6, 'apapse': True, 'm_P (Msun)': 0.000954594233969325, 'l (rad)': 4.71238898038469, 'a (AU)': 0.11, 't_stop (day)': 3055958.462454599, 'stability': 'ST'}
{'file': 'orbit_a0.1200.bin', 'm_A (Msun)': 1.0, 'm_B (Msun)': 0.4285714285714286, 'e': 0.6, 'apapse': True, 'm_P (Msun)': 0.000954594233969325, 'l (rad)': 4.71238898038469, 'a (AU)': 0.12, 't_stop (day)': 435483.1358792786, 'stability': 'CA'}
{'file': 'orbit_a0.1300.bin', 'm_A (Msun)': 1.0, 'm_B (Msun)': 0.4285714285714286, 'e': 0.6, 'apapse': True, 'm_P (Msun)': 0.000954594233969325, 'l (rad)': 4.71238898038469, 'a (AU)': 0.13, 't_stop (day)': 20876.22683472645, 'stability': 'CA'}
