{'file': 'orbit_p0.08.bin', 'm_A (Msun)': 1.0, 'm_B (Msun)': 9.000000000000002, 'e': 0.3, 'apapse': False, 'm_P (Msun)': 0.0, 'l (rad)': 0.0, 'a (AU)': 0.08, 't_stop (day)': 1155043.7297997407, 'stability': 'ST'}
{'file': 'orbit_p0.09.bin', 'm_A (Msun)': 1.0, 'm_B (Msun)': 9.000000000000002, 'e': 0.3, 'apapse': False, 'm_P (Msun)': 0.0, 'l (rad)': 0.0, 'a (AU)': 0.09, 't_stop (day)': 1155043.7297997407, 'stability': 'ST'}
{'file': 'orbit_p0.10.bin', 'm_A (Msun)': 1.0, 'm_B (Msun)': 9.000000000000002, 'e': 0.3, 'apapse': False, 'm_P (Msun)': 0.0, 'l (rad)': 0.0, 'a (AU)': 0.1, 't_stop (day)': 1155043.7297997407, 'stability': 'ST'}
{'file': 'orbit_p0.11.bin', 'm_A (Msun)': 1.0, 'm_B (Msun)': 9.000000000000002, 'e': 0.3, 'apapse': False, 'm_P (Msun)': 0.0, 'l (rad)': 0.0, 'a (AU)': 0.11, 't_stop (day)': 59040.84695405726, 'stability': 'CA'}
{'file': 'orbit_a0.08.bin', 'm_A (Msun)': 1.0, 'm_B (Msun)': 9.000000000000002, 'e': 0.3, 'apapse': True, 'm_P (Msun)': 0.0, 'l (rad)': 0.0, 'a (AU)': 0.08, 't_stop (day)': 1155043.7297997407, 'stability': 'ST'}
{'file': 'orbit_a0.09.bin', 'm_A (Msun)': 1.0, 'm_B (Msun)': 9.000000000000002, 'e': 0.3, 'apapse': True, 'm_P (Msun)': 0.0, 'l (rad)': 0.0, 'a (AU)': 0.09, 't_stop (day)': 1155043.7297997407, 'stability': 'ST'}
{'file': 'orbit_a0.10.bin', 'm_A (Msun)': 1.0, 'm_B (Msun)': 9.000000000000002, 'e': 0.3, 'apapse': True, 'm_P (Msun)': 0.0, 'l (rad)': 0.0, 'a (AU)': 0.1, 't_stop (day)': 1155043.7297997407, 'stability': 'ST'}
{'file': 'orbit_a0.11.bin', 'm_A (Msun)': 1.0, 'm_B (Msun)': 9.000000000000002, 'e': 0.3, 'apapse': True, 'm_P (Msun)': 0.0, 'l (rad)': 0.0, 'a (AU)': 0.11, 't_stop (day)': 4440.603315617915, 'stability': 'EJ'}
{'file': 'orbit_p0.08.bin', 'm_A (Msun)': 1.0, 'm_B (Msun)': 9.000000000000002, 'e': 0.3, 'apapse': False, 'm_P (Msun)': 0.0, 'l (rad)': 1.5707963267948966, 'a (AU)': 0.08, 't_stop (day)': 1155043.7297997407, 'stability': 'ST'}
{'file': 'orbit_p0.09.bin', 'm_A (Msun)': 1.0, 'm_B (Msun)': 9.000000000000002, 'e': 0.3, 'apapse': False, 'm_P (Msun)': 0.0, 'l (rad)': 1.5707963267948966, 'a (AU)': 0.09, 't_stop (day)': 1155043.7297997407, 'stability': 'ST'}
{'file': 'orbit_p0.10.bin', 'm_A (Msun)': 1.0, 'm_B (Msun)': 9.000000000000002, 'e': 0.3, 'apapse': False, 'm_P (Msun)': 0.0, 'l (rad)': 1.5707963267948966, 'a (AU)': 0.1, 't_stop (day)': 3843.352667783836, 'stability': 'CA'}
{'file': 'orbit_p0.11.bin', 'm_A (Msun)': 1.0, 'm_B (Msun)': 9.000000000000002, 'e': 0.3, 'apapse': False, 'm_P (Msun)': 0.0, 'l (rad)': 1.5707963267948966, 'a (AU)': 0.11, 't_stop (day)': 1150.0859641528332, 'stability': 'CA'}
{'file': 'orbit_a0.08.bin', 'm_A (Msun)': 1.0, 'm_B (Msun)': 9.000000000000002, 'e': 0.3, 'apapse': True, 'm_P (Msun)': 0.0, 'l (rad)': 1.5707963267948966, 'a (AU)': 0.08, 't_stop (day)': 1155043.7297997407, 'stability': 'ST'}
{'file': 'orbit_a0.09.bin', 'm_A (Msun)': 1.0, 'm_B (Msun)': 9.000000000000002, 'e': 0.3, 'apapse': True, 'm_P (Msun)': 0.0, 'l (rad)': 1.5707963267948966, 'a (AU)': 0.09, 't_stop (day)': 1155043.7297997407, 'stability': 'ST'}
{'file': 'orbit_a0.10.bin', 'm_A (Msun)': 1.0, 'm_B (Msun)': 9.000000000000002, 'e': 0.3, 'apapse': True, 'm_P (Msun)': 0.0, 'l (rad)': 1.5707963267948966, 'a (AU)': 0.1, 't_stop (day)': 1155043.7297997407, 'stability': 'ST'}
{'file': 'orbit_a0.11.bin', 'm_A (Msun)': 1.0, 'm_B (Msun)': 9.000000000000002, 'e': 0.3, 'apapse': True, 'm_P (Msun)': 0.0, 'l (rad)': 1.5707963267948966, 'a (AU)': 0.11, 't_stop (day)': 3004.8843019980222, 'stability': 'EJ'}
{'file': 'orbit_p0.08.bin', 'm_A (Msun)': 1.0, 'm_B (Msun)': 9.000000000000002, 'e': 0.3, 'apapse': False, 'm_P (Msun)': 0.0, 'l (rad)': 3.141592653589793, 'a (AU)': 0.08, 't_stop (day)': 1155043.7297997407, 'stability': 'ST'}
{'file': 'orbit_p0.09.bin', 'm_A (Msun)': 1.0, 'm_B (Msun)': 9.000000000000002, 'e': 0.3, 'apapse': False, 'm_P (Msun)': 0.0, 'l (rad)': 3.141592653589793, 'a (AU)': 0.09, 't_stop (day)': 1155043.7297997407, 'stability': 'ST'}
{'file': 'orbit_p0.10.bin', 'm_A (Msun)': 1.0, 'm_B (Msun)': 9.000000000000002, 'e': 0.3, 'apapse': False, 'm_P (Msun)': 0.0, 'l (rad)': 3.141592653589793, 'a (AU)': 0.1, 't_stop (day)': 1155043.7297997407, 'stability': 'ST'}
{'file': 'orbit_p0.11.bin', 'm_A (Msun)': 1.0, 'm_B (Msun)': 9.000000000000002, 'e': 0.3, 'apapse': False, 'm_P (Msun)': 0.0, 'l (rad)': 3.141592653589793, 'a (AU)': 0.11, 't_stop (day)': 1005016.1610006968, 'stability': 'CA'}
{'file': 'orbit_a0.08.bin', 'm_A (Msun)': 1.0, 'm_B (Msun)': 9.000000000000002, 'e': 0.3, 'apapse': True, 'm_P (Msun)': 0.0, 'l (rad)': 3.141592653589793, 'a (AU)': 0.08, 't_stop (day)': 1155043.7297997407, 'stability': 'ST'}
{'file': 'orbit_a0.09.bin', 'm_A (Msun)': 1.0, 'm_B (Msun)': 9.000000000000002, 'e': 0.3, 'apapse': True, 'm_P (Msun)': 0.0, 'l (rad)': 3.141592653589793, 'a (AU)': 0.09, 't_stop (day)': 1155043.7297997407, 'stability': 'ST'}
{'file': 'orbit_a0.10.bin', 'm_A (Msun)': 1.0, 'm_B (Msun)': 9.000000000000002, 'e': 0.3, 'apapse': True, 'm_P (Msun)': 0.0, 'l (rad)': 3.141592653589793, 'a (AU)': 0.1, 't_stop (day)': 1155043.7297997407, 'stability': 'ST'}
{'file': 'orbit_a0.11.bin', 'm_A (Msun)': 1.0, 'm_B (Msun)': 9.000000000000002, 'e': 0.3, 'apapse': True, 'm_P (Msun)': 0.0, 'l (rad)': 3.141592653589793, 'a (AU)': 0.11, 't_stop (day)': 7019.438266699739, 'stability': 'CB'}
{'file': 'orbit_p0.08.bin', 'm_A (Msun)': 1.0, 'm_B (Msun)': 9.000000000000002, 'e': 0.3, 'apapse': False, 'm_P (Msun)': 0.0, 'l (rad)': 4.71238898038469, 'a (AU)': 0.08, 't_stop (day)': 1155043.7297997407, 'stability': 'ST'}
{'file': 'orbit_p0.09.bin', 'm_A (Msun)': 1.0, 'm_B (Msun)': 9.000000000000002, 'e': 0.3, 'apapse': False, 'm_P (Msun)': 0.0, 'l (rad)': 4.71238898038469, 'a (AU)': 0.09, 't_stop (day)': 1155043.7297997407, 'stability': 'ST'}
{'file': 'orbit_p0.10.bin', 'm_A (Msun)': 1.0, 'm_B (Msun)': 9.000000000000002, 'e': 0.3, 'apapse': False, 'm_P (Msun)': 0.0, 'l (rad)': 4.71238898038469, 'a (AU)': 0.1, 't_stop (day)': 2269.0042009890167, 'stability': 'CA'}
{'file': 'orbit_p0.11.bin', 'm_A (Msun)': 1.0, 'm_B (Msun)': 9.000000000000002, 'e': 0.3, 'apapse': False, 'm_P (Msun)': 0.0, 'l (rad)': 4.71238898038469, 'a (AU)': 0.11, 't_stop (day)': 5661.9128110973725, 'stability': 'CA'}
{'file': 'orbit_a0.08.bin', 'm_A (Msun)': 1.0, 'm_B (Msun)': 9.000000000000002, 'e': 0.3, 'apapse': True, 'm_P (Msun)': 0.0, 'l (rad)': 4.71238898038469, 'a (AU)': 0.08, 't_stop (day)': 1155043.7297997407, 'stability': 'ST'}
{'file': 'orbit_a0.09.bin', 'm_A (Msun)': 1.0, 'm_B (Msun)': 9.000000000000002, 'e': 0.3, 'apapse': True, 'm_P (Msun)': 0.0, 'l (rad)': 4.71238898038469, 'a (AU)': 0.09, 't_stop (day)': 1155043.7297997407, 'stability': 'ST'}
{'file': 'orbit_a0.10.bin', 'm_A (Msun)': 1.0, 'm_B (Msun)': 9.000000000000002, 'e': 0.3, 'apapse': True, 'm_P (Msun)': 0.0, 'l (rad)': 4.71238898038469, 'a (AU)': 0.1, 't_stop (day)': 1155043.7297997407, 'stability': 'ST'}
{'file': 'orbit_a0.11.bin', 'm_A (Msun)': 1.0, 'm_B (Msun)': 9.000000000000002, 'e': 0.3, 'apapse': True, 'm_P (Msun)': 0.0, 'l (rad)': 4.71238898038469, 'a (AU)': 0.11, 't_stop (day)': 4383.635009668492, 'stability': 'EJ'}
