{'file': 'orbit_p0.02.bin', 'm_A (Msun)': 1.0, 'm_B (Msun)': 2.333333333333333, 'e': 0.8, 'apapse': False, 'm_P (Msun)': 0.0, 'l (rad)': 0.0, 'a (AU)': 0.02, 't_stop (day)': 2000594.4249770092, 'stability': 'ST'}
{'file': 'orbit_p0.03.bin', 'm_A (Msun)': 1.0, 'm_B (Msun)': 2.333333333333333, 'e': 0.8, 'apapse': False, 'm_P (Msun)': 0.0, 'l (rad)': 0.0, 'a (AU)': 0.03, 't_stop (day)': 2000594.4249770092, 'stability': 'ST'}
{'file': 'orbit_p0.04.bin', 'm_A (Msun)': 1.0, 'm_B (Msun)': 2.333333333333333, 'e': 0.8, 'apapse': False, 'm_P (Msun)': 0.0, 'l (rad)': 0.0, 'a (AU)': 0.04, 't_stop (day)': 63018.18757739908, 'stability': 'CA'}
{'file': 'orbit_p0.05.bin', 'm_A (Msun)': 1.0, 'm_B (Msun)': 2.333333333333333, 'e': 0.8, 'apapse': False, 'm_P (Msun)': 0.0, 'l (rad)': 0.0, 'a (AU)': 0.05, 't_stop (day)': 13948.418783987829, 'stability': 'EJ'}
{'file': 'orbit_a0.02.bin', 'm_A (Msun)': 1.0, 'm_B (Msun)': 2.333333333333333, 'e': 0.8, 'apapse': True, 'm_P (Msun)': 0.0, 'l (rad)': 0.0, 'a (AU)': 0.02, 't_stop (day)': 2000594.4249770092, 'stability': 'ST'}
{'file': 'orbit_a0.03.bin', 'm_A (Msun)': 1.0, 'm_B (Msun)': 2.333333333333333, 'e': 0.8, 'apapse': True, 'm_P (Msun)': 0.0, 'l (rad)': 0.0, 'a (AU)': 0.03, 't_stop (day)': 2000594.4249770092, 'stability': 'ST'}
{'file': 'orbit_a0.04.bin', 'm_A (Msun)': 1.0, 'm_B (Msun)': 2.333333333333333, 'e': 0.8, 'apapse': True, 'm_P (Msun)': 0.0, 'l (rad)': 0.0, 'a (AU)': 0.04, 't_stop (day)': 57114.936540683484, 'stability': 'CA'}
{'file': 'orbit_a0.05.bin', 'm_A (Msun)': 1.0, 'm_B (Msun)': 2.333333333333333, 'e': 0.8, 'apapse': True, 'm_P (Msun)': 0.0, 'l (rad)': 0.0, 'a (AU)': 0.05, 't_stop (day)': 10928.513212605902, 'stability': 'EJ'}
{'file': 'orbit_p0.02.bin', 'm_A (Msun)': 1.0, 'm_B (Msun)': 2.333333333333333, 'e': 0.8, 'apapse': False, 'm_P (Msun)': 0.0, 'l (rad)': 1.5707963267948966, 'a (AU)': 0.02, 't_stop (day)': 2000594.4249770092, 'stability': 'ST'}
{'file': 'orbit_p0.03.bin', 'm_A (Msun)': 1.0, 'm_B (Msun)': 2.333333333333333, 'e': 0.8, 'apapse': False, 'm_P (Msun)': 0.0, 'l (rad)': 1.5707963267948966, 'a (AU)': 0.03, 't_stop (day)': 2000594.4249770092, 'stability': 'ST'}
{'file': 'orbit_p0.04.bin', 'm_A (Msun)': 1.0, 'm_B (Msun)': 2.333333333333333, 'e': 0.8, 'apapse': False, 'm_P (Msun)': 0.0, 'l (rad)': 1.5707963267948966, 'a (AU)': 0.04, 't_stop (day)': 57216.97766041139, 'stability': 'CA'}
{'file': 'orbit_p0.05.bin', 'm_A (Msun)': 1.0, 'm_B (Msun)': 2.333333333333333, 'e': 0.8, 'apapse': False, 'm_P (Msun)': 0.0, 'l (rad)': 1.5707963267948966, 'a (AU)': 0.05, 't_stop (day)': 201.77669283319568, 'stability': 'CA'}
{'file': 'orbit_a0.02.bin', 'm_A (Msun)': 1.0, 'm_B (Msun)': 2.333333333333333, 'e': 0.8, 'apapse': True, 'm_P (Msun)': 0.0, 'l (rad)': 1.5707963267948966, 'a (AU)': 0.02, 't_stop (day)': 2000594.4249770092, 'stability': 'ST'}
{'file': 'orbit_a0.03.bin', 'm_A (Msun)': 1.0, 'm_B (Msun)': 2.333333333333333, 'e': 0.8, 'apapse': True, 'm_P (Msun)': 0.0, 'l (rad)': 1.5707963267948966, 'a (AU)': 0.03, 't_stop (day)': 2000594.4249770092, 'stability': 'ST'}
{'file': 'orbit_a0.04.bin', 'm_A (Msun)': 1.0, 'm_B (Msun)': 2.333333333333333, 'e': 0.8, 'apapse': True, 'm_P (Msun)': 0.0, 'l (rad)': 1.5707963267948966, 'a (AU)': 0.04, 't_stop (day)': 169755.49470540776, 'stability': 'CA'}
{'file': 'orbit_a0.05.bin', 'm_A (Msun)': 1.0, 'm_B (Msun)': 2.333333333333333, 'e': 0.8, 'apapse': True, 'm_P (Msun)': 0.0, 'l (rad)': 1.5707963267948966, 'a (AU)': 0.05, 't_stop (day)': 4300.848949770648, 'stability': 'CA'}
{'file': 'orbit_p0.02.bin', 'm_A (Msun)': 1.0, 'm_B (Msun)': 2.333333333333333, 'e': 0.8, 'apapse': False, 'm_P (Msun)': 0.0, 'l (rad)': 3.141592653589793, 'a (AU)': 0.02, 't_stop (day)': 2000594.4249770092, 'stability': 'ST'}
{'file': 'orbit_p0.03.bin', 'm_A (Msun)': 1.0, 'm_B (Msun)': 2.333333333333333, 'e': 0.8, 'apapse': False, 'm_P (Msun)': 0.0, 'l (rad)': 3.141592653589793, 'a (AU)': 0.03, 't_stop (day)': 2000594.4249770092, 'stability': 'ST'}
{'file': 'orbit_p0.04.bin', 'm_A (Msun)': 1.0, 'm_B (Msun)': 2.333333333333333, 'e': 0.8, 'apapse': False, 'm_P (Msun)': 0.0, 'l (rad)': 3.141592653589793, 'a (AU)': 0.04, 't_stop (day)': 95430.79720084487, 'stability': 'CA'}
{'file': 'orbit_p0.05.bin', 'm_A (Msun)': 1.0, 'm_B (Msun)': 2.333333333333333, 'e': 0.8, 'apapse': False, 'm_P (Msun)': 0.0, 'l (rad)': 3.141592653589793, 'a (AU)': 0.05, 't_stop (day)': 4209.026019824499, 'stability': 'CA'}
{'file': 'orbit_a0.02.bin', 'm_A (Msun)': 1.0, 'm_B (Msun)': 2.333333333333333, 'e': 0.8, 'apapse': True, 'm_P (Msun)': 0.0, 'l (rad)': 3.141592653589793, 'a (AU)': 0.02, 't_stop (day)': 2000594.4249770092, 'stability': 'ST'}
{'file': 'orbit_a0.03.bin', 'm_A (Msun)': 1.0, 'm_B (Msun)': 2.333333333333333, 'e': 0.8, 'apapse': True, 'm_P (Msun)': 0.0, 'l (rad)': 3.141592653589793, 'a (AU)': 0.03, 't_stop (day)': 2000594.4249770092, 'stability': 'ST'}
{'file': 'orbit_a0.04.bin', 'm_A (Msun)': 1.0, 'm_B (Msun)': 2.333333333333333, 'e': 0.8, 'apapse': True, 'm_P (Msun)': 0.0, 'l (rad)': 3.141592653589793, 'a (AU)': 0.04, 't_stop (day)': 181752.44072624095, 'stability': 'CA'}
{'file': 'orbit_a0.05.bin', 'm_A (Msun)': 1.0, 'm_B (Msun)': 2.333333333333333, 'e': 0.8, 'apapse': True, 'm_P (Msun)': 0.0, 'l (rad)': 3.141592653589793, 'a (AU)': 0.05, 't_stop (day)': 1353.0312102080281, 'stability': 'CB'}
{'file': 'orbit_p0.02.bin', 'm_A (Msun)': 1.0, 'm_B (Msun)': 2.333333333333333, 'e': 0.8, 'apapse': False, 'm_P (Msun)': 0.0, 'l (rad)': 4.71238898038469, 'a (AU)': 0.02, 't_stop (day)': 2000594.4249770092, 'stability': 'ST'}
{'file': 'orbit_p0.03.bin', 'm_A (Msun)': 1.0, 'm_B (Msun)': 2.333333333333333, 'e': 0.8, 'apapse': False, 'm_P (Msun)': 0.0, 'l (rad)': 4.71238898038469, 'a (AU)': 0.03, 't_stop (day)': 2000594.4249770092, 'stability': 'ST'}
{'file': 'orbit_p0.04.bin', 'm_A (Msun)': 1.0, 'm_B (Msun)': 2.333333333333333, 'e': 0.8, 'apapse': False, 'm_P (Msun)': 0.0, 'l (rad)': 4.71238898038469, 'a (AU)': 0.04, 't_stop (day)': 119233.30058805722, 'stability': 'CA'}
{'file': 'orbit_p0.05.bin', 'm_A (Msun)': 1.0, 'm_B (Msun)': 2.333333333333333, 'e': 0.8, 'apapse': False, 'm_P (Msun)': 0.0, 'l (rad)': 4.71238898038469, 'a (AU)': 0.05, 't_stop (day)': 1003.6498016421747, 'stability': 'CA'}
{'file': 'orbit_a0.02.bin', 'm_A (Msun)': 1.0, 'm_B (Msun)': 2.333333333333333, 'e': 0.8, 'apapse': True, 'm_P (Msun)': 0.0, 'l (rad)': 4.71238898038469, 'a (AU)': 0.02, 't_stop (day)': 2000594.4249770092, 'stability': 'ST'}
{'file': 'orbit_a0.03.bin', 'm_A (Msun)': 1.0, 'm_B (Msun)': 2.333333333333333, 'e': 0.8, 'apapse': True, 'm_P (Msun)': 0.0, 'l (rad)': 4.71238898038469, 'a (AU)': 0.03, 't_stop (day)': 2000594.4249770092, 'stability': 'ST'}
{'file': 'orbit_a0.04.bin', 'm_A (Msun)': 1.0, 'm_B (Msun)': 2.333333333333333, 'e': 0.8, 'apapse': True, 'm_P (Msun)': 0.0, 'l (rad)': 4.71238898038469, 'a (AU)': 0.04, 't_stop (day)': 80530.28843918297, 'stability': 'CA'}
{'file': 'orbit_a0.05.bin', 'm_A (Msun)': 1.0, 'm_B (Msun)': 2.333333333333333, 'e': 0.8, 'apapse': True, 'm_P (Msun)': 0.0, 'l (rad)': 4.71238898038469, 'a (AU)': 0.05, 't_stop (day)': 1307.070529429816, 'stability': 'CA'}
