{'file': 'orbit_p0.2300.bin', 'm_A (Msun)': 1.0, 'm_B (Msun)': 0.25, 'e': 0.3, 'apapse': False, 'm_P (Msun)': 0.0, 'l (rad)': 0.0, 'a (AU)': 0.23, 't_stop (day)': 3266957.015633596, 'stability': 'ST'}
{'file': 'orbit_p0.2400.bin', 'm_A (Msun)': 1.0, 'm_B (Msun)': 0.25, 'e': 0.3, 'apapse': False, 'm_P (Msun)': 0.0, 'l (rad)': 0.0, 'a (AU)': 0.24, 't_stop (day)': 3266957.015633596, 'stability': 'ST'}
{'file': 'orbit_p0.2500.bin', 'm_A (Msun)': 1.0, 'm_B (Msun)': 0.25, 'e': 0.3, 'apapse': False, 'm_P (Msun)': 0.0, 'l (rad)': 0.0, 'a (AU)': 0.25, 't_stop (day)': 3266957.015633596, 'stability': 'ST'}
{'file': 'orbit_p0.2600.bin', 'm_A (Msun)': 1.0, 'm_B (Msun)': 0.25, 'e': 0.3, 'apapse': False, 'm_P (Msun)': 0.0, 'l (rad)': 0.0, 'a (AU)': 0.26, 't_stop (day)': 3266957.015633596, 'stability': 'ST'}
{'file': 'orbit_a0.2300.bin', 'm_A (Msun)': 1.0, 'm_B (Msun)': 0.25, 'e': 0.3, 'apapse': True, 'm_P (Msun)': 0.0, 'l (rad)': 0.0, 'a (AU)': 0.23, 't_stop (day)': 3266957.015633596, 'stability': 'ST'}
{'file': 'orbit_a0.2400.bin', 'm_A (Msun)': 1.0, 'm_B (Msun)': 0.25, 'e': 0.3, 'apapse': True, 'm_P (Msun)': 0.0, 'l (rad)': 0.0, 'a (AU)': 0.24, 't_stop (day)': 3266957.015633596, 'stability': 'ST'}
{'file': 'orbit_a0.2500.bin', 'm_A (Msun)': 1.0, 'm_B (Msun)': 0.25, 'e': 0.3, 'apapse': True, 'm_P (Msun)': 0.0, 'l (rad)': 0.0, 'a (AU)': 0.25, 't_stop (day)': 3266957.015633596, 'stability': 'ST'}
{'file': 'orbit_a0.2600.bin', 'm_A (Msun)': 1.0, 'm_B (Msun)': 0.25, 'e': 0.3, 'apapse': True, 'm_P (Msun)': 0.0, 'l (rad)': 0.0, 'a (AU)': 0.26, 't_stop (day)': 204068.66660758178, 'stability': 'CA'}
{'file': 'orbit_p0.2300.bin', 'm_A (Msun)': 1.0, 'm_B (Msun)': 0.25, 'e': 0.3, 'apapse': False, 'm_P (Msun)': 0.0, 'l (rad)': 1.5707963267948966, 'a (AU)': 0.23, 't_stop (day)': 3266957.015633596, 'stability': 'ST'}
{'file': 'orbit_p0.2400.bin', 'm_A (Msun)': 1.0, 'm_B (Msun)': 0.25, 'e': 0.3, 'apapse': False, 'm_P (Msun)': 0.0, 'l (rad)': 1.5707963267948966, 'a (AU)': 0.24, 't_stop (day)': 3266957.015633596, 'stability': 'ST'}
{'file': 'orbit_p0.2500.bin', 'm_A (Msun)': 1.0, 'm_B (Msun)': 0.25, 'e': 0.3, 'apapse': False, 'm_P (Msun)': 0.0, 'l (rad)': 1.5707963267948966, 'a (AU)': 0.25, 't_stop (day)': 525372.7331194011, 'stability': 'CA'}
{'file': 'orbit_p0.2600.bin', 'm_A (Msun)': 1.0, 'm_B (Msun)': 0.25, 'e': 0.3, 'apapse': False, 'm_P (Msun)': 0.0, 'l (rad)': 1.5707963267948966, 'a (AU)': 0.26, 't_stop (day)': 473197.4514626115, 'stability': 'CB'}
{'file': 'orbit_a0.2300.bin', 'm_A (Msun)': 1.0, 'm_B (Msun)': 0.25, 'e': 0.3, 'apapse': True, 'm_P (Msun)': 0.0, 'l (rad)': 1.5707963267948966, 'a (AU)': 0.23, 't_stop (day)': 3266957.015633596, 'stability': 'ST'}
{'file': 'orbit_a0.2400.bin', 'm_A (Msun)': 1.0, 'm_B (Msun)': 0.25, 'e': 0.3, 'apapse': True, 'm_P (Msun)': 0.0, 'l (rad)': 1.5707963267948966, 'a (AU)': 0.24, 't_stop (day)': 3266957.015633596, 'stability': 'ST'}
{'file': 'orbit_a0.2500.bin', 'm_A (Msun)': 1.0, 'm_B (Msun)': 0.25, 'e': 0.3, 'apapse': True, 'm_P (Msun)': 0.0, 'l (rad)': 1.5707963267948966, 'a (AU)': 0.25, 't_stop (day)': 3266957.015633596, 'stability': 'ST'}
{'file': 'orbit_a0.2600.bin', 'm_A (Msun)': 1.0, 'm_B (Msun)': 0.25, 'e': 0.3, 'apapse': True, 'm_P (Msun)': 0.0, 'l (rad)': 1.5707963267948966, 'a (AU)': 0.26, 't_stop (day)': 89426.49186378662, 'stability': 'CA'}
{'file': 'orbit_p0.2300.bin', 'm_A (Msun)': 1.0, 'm_B (Msun)': 0.25, 'e': 0.3, 'apapse': False, 'm_P (Msun)': 0.0, 'l (rad)': 3.141592653589793, 'a (AU)': 0.23, 't_stop (day)': 3266957.015633596, 'stability': 'ST'}
{'file': 'orbit_p0.2400.bin', 'm_A (Msun)': 1.0, 'm_B (Msun)': 0.25, 'e': 0.3, 'apapse': False, 'm_P (Msun)': 0.0, 'l (rad)': 3.141592653589793, 'a (AU)': 0.24, 't_stop (day)': 3266957.015633596, 'stability': 'ST'}
{'file': 'orbit_p0.2500.bin', 'm_A (Msun)': 1.0, 'm_B (Msun)': 0.25, 'e': 0.3, 'apapse': False, 'm_P (Msun)': 0.0, 'l (rad)': 3.141592653589793, 'a (AU)': 0.25, 't_stop (day)': 3266957.015633596, 'stability': 'ST'}
{'file': 'orbit_p0.2600.bin', 'm_A (Msun)': 1.0, 'm_B (Msun)': 0.25, 'e': 0.3, 'apapse': False, 'm_P (Msun)': 0.0, 'l (rad)': 3.141592653589793, 'a (AU)': 0.26, 't_stop (day)': 410721.2596164873, 'stability': 'CA'}
{'file': 'orbit_a0.2300.bin', 'm_A (Msun)': 1.0, 'm_B (Msun)': 0.25, 'e': 0.3, 'apapse': True, 'm_P (Msun)': 0.0, 'l (rad)': 3.141592653589793, 'a (AU)': 0.23, 't_stop (day)': 3266957.015633596, 'stability': 'ST'}
{'file': 'orbit_a0.2400.bin', 'm_A (Msun)': 1.0, 'm_B (Msun)': 0.25, 'e': 0.3, 'apapse': True, 'm_P (Msun)': 0.0, 'l (rad)': 3.141592653589793, 'a (AU)': 0.24, 't_stop (day)': 3266957.015633596, 'stability': 'ST'}
{'file': 'orbit_a0.2500.bin', 'm_A (Msun)': 1.0, 'm_B (Msun)': 0.25, 'e': 0.3, 'apapse': True, 'm_P (Msun)': 0.0, 'l (rad)': 3.141592653589793, 'a (AU)': 0.25, 't_stop (day)': 3266957.015633596, 'stability': 'ST'}
{'file': 'orbit_a0.2600.bin', 'm_A (Msun)': 1.0, 'm_B (Msun)': 0.25, 'e': 0.3, 'apapse': True, 'm_P (Msun)': 0.0, 'l (rad)': 3.141592653589793, 'a (AU)': 0.26, 't_stop (day)': 3266957.015633596, 'stability': 'ST'}
{'file': 'orbit_p0.2300.bin', 'm_A (Msun)': 1.0, 'm_B (Msun)': 0.25, 'e': 0.3, 'apapse': False, 'm_P (Msun)': 0.0, 'l (rad)': 4.71238898038469, 'a (AU)': 0.23, 't_stop (day)': 3266957.015633596, 'stability': 'ST'}
{'file': 'orbit_p0.2400.bin', 'm_A (Msun)': 1.0, 'm_B (Msun)': 0.25, 'e': 0.3, 'apapse': False, 'm_P (Msun)': 0.0, 'l (rad)': 4.71238898038469, 'a (AU)': 0.24, 't_stop (day)': 3266957.015633596, 'stability': 'ST'}
{'file': 'orbit_p0.2500.bin', 'm_A (Msun)': 1.0, 'm_B (Msun)': 0.25, 'e': 0.3, 'apapse': False, 'm_P (Msun)': 0.0, 'l (rad)': 4.71238898038469, 'a (AU)': 0.25, 't_stop (day)': 784126.177767929, 'stability': 'CA'}
{'file': 'orbit_p0.2600.bin', 'm_A (Msun)': 1.0, 'm_B (Msun)': 0.25, 'e': 0.3, 'apapse': False, 'm_P (Msun)': 0.0, 'l (rad)': 4.71238898038469, 'a (AU)': 0.26, 't_stop (day)': 2271003.3554313937, 'stability': 'CA'}
{'file': 'orbit_a0.2300.bin', 'm_A (Msun)': 1.0, 'm_B (Msun)': 0.25, 'e': 0.3, 'apapse': True, 'm_P (Msun)': 0.0, 'l (rad)': 4.71238898038469, 'a (AU)': 0.23, 't_stop (day)': 3266957.015633596, 'stability': 'ST'}
{'file': 'orbit_a0.2400.bin', 'm_A (Msun)': 1.0, 'm_B (Msun)': 0.25, 'e': 0.3, 'apapse': True, 'm_P (Msun)': 0.0, 'l (rad)': 4.71238898038469, 'a (AU)': 0.24, 't_stop (day)': 3266957.015633596, 'stability': 'ST'}
{'file': 'orbit_a0.2500.bin', 'm_A (Msun)': 1.0, 'm_B (Msun)': 0.25, 'e': 0.3, 'apapse': True, 'm_P (Msun)': 0.0, 'l (rad)': 4.71238898038469, 'a (AU)': 0.25, 't_stop (day)': 3266957.015633596, 'stability': 'ST'}
{'file': 'orbit_a0.2600.bin', 'm_A (Msun)': 1.0, 'm_B (Msun)': 0.25, 'e': 0.3, 'apapse': True, 'm_P (Msun)': 0.0, 'l (rad)': 4.71238898038469, 'a (AU)': 0.26, 't_stop (day)': 57089.32418339488, 'stability': 'CA'}
