{'file': 'orbit_p0.1000.bin', 'm_A (Msun)': 1.0, 'm_B (Msun)': 4.0, 'e': 0.3, 'apapse': False, 'm_P (Msun)': 0.028637827019079753, 'l (rad)': 0.0, 'a (AU)': 0.09999999999999999, 't_stop (day)': 1633478.507816798, 'stability': 'ST'}
{'file': 'orbit_p0.1100.bin', 'm_A (Msun)': 1.0, 'm_B (Msun)': 4.0, 'e': 0.3, 'apapse': False, 'm_P (Msun)': 0.028637827019079753, 'l (rad)': 0.0, 'a (AU)': 0.11, 't_stop (day)': 1633478.507816798, 'stability': 'ST'}
{'file': 'orbit_p0.1200.bin', 'm_A (Msun)': 1.0, 'm_B (Msun)': 4.0, 'e': 0.3, 'apapse': False, 'm_P (Msun)': 0.028637827019079753, 'l (rad)': 0.0, 'a (AU)': 0.12, 't_stop (day)': 1633478.507816798, 'stability': 'ST'}
{'file': 'orbit_p0.1300.bin', 'm_A (Msun)': 1.0, 'm_B (Msun)': 4.0, 'e': 0.3, 'apapse': False, 'm_P (Msun)': 0.028637827019079753, 'l (rad)': 0.0, 'a (AU)': 0.13, 't_stop (day)': 1633478.507816798, 'stability': 'ST'}
{'file': 'orbit_p0.1400.bin', 'm_A (Msun)': 1.0, 'm_B (Msun)': 4.0, 'e': 0.3, 'apapse': False, 'm_P (Msun)': 0.028637827019079753, 'l (rad)': 0.0, 'a (AU)': 0.13999999999999999, 't_stop (day)': 153895.3327199002, 'stability': 'CB'}
{'file': 'orbit_a0.1000.bin', 'm_A (Msun)': 1.0, 'm_B (Msun)': 4.0, 'e': 0.3, 'apapse': True, 'm_P (Msun)': 0.028637827019079753, 'l (rad)': 0.0, 'a (AU)': 0.09999999999999999, 't_stop (day)': 1633478.507816798, 'stability': 'ST'}
{'file': 'orbit_a0.1100.bin', 'm_A (Msun)': 1.0, 'm_B (Msun)': 4.0, 'e': 0.3, 'apapse': True, 'm_P (Msun)': 0.028637827019079753, 'l (rad)': 0.0, 'a (AU)': 0.11, 't_stop (day)': 1633478.507816798, 'stability': 'ST'}
{'file': 'orbit_a0.1200.bin', 'm_A (Msun)': 1.0, 'm_B (Msun)': 4.0, 'e': 0.3, 'apapse': True, 'm_P (Msun)': 0.028637827019079753, 'l (rad)': 0.0, 'a (AU)': 0.12, 't_stop (day)': 1633478.507816798, 'stability': 'ST'}
{'file': 'orbit_a0.1300.bin', 'm_A (Msun)': 1.0, 'm_B (Msun)': 4.0, 'e': 0.3, 'apapse': True, 'm_P (Msun)': 0.028637827019079753, 'l (rad)': 0.0, 'a (AU)': 0.13, 't_stop (day)': 1633478.507816798, 'stability': 'ST'}
{'file': 'orbit_a0.1400.bin', 'm_A (Msun)': 1.0, 'm_B (Msun)': 4.0, 'e': 0.3, 'apapse': True, 'm_P (Msun)': 0.028637827019079753, 'l (rad)': 0.0, 'a (AU)': 0.13999999999999999, 't_stop (day)': 6290.511607589578, 'stability': 'CA'}
{'file': 'orbit_p0.1000.bin', 'm_A (Msun)': 1.0, 'm_B (Msun)': 4.0, 'e': 0.3, 'apapse': False, 'm_P (Msun)': 0.028637827019079753, 'l (rad)': 1.5707963267948966, 'a (AU)': 0.09999999999999999, 't_stop (day)': 1633478.507816798, 'stability': 'ST'}
{'file': 'orbit_p0.1100.bin', 'm_A (Msun)': 1.0, 'm_B (Msun)': 4.0, 'e': 0.3, 'apapse': False, 'm_P (Msun)': 0.028637827019079753, 'l (rad)': 1.5707963267948966, 'a (AU)': 0.11, 't_stop (day)': 1633478.507816798, 'stability': 'ST'}
{'file': 'orbit_p0.1200.bin', 'm_A (Msun)': 1.0, 'm_B (Msun)': 4.0, 'e': 0.3, 'apapse': False, 'm_P (Msun)': 0.028637827019079753, 'l (rad)': 1.5707963267948966, 'a (AU)': 0.12, 't_stop (day)': 1633478.507816798, 'stability': 'ST'}
{'file': 'orbit_p0.1300.bin', 'm_A (Msun)': 1.0, 'm_B (Msun)': 4.0, 'e': 0.3, 'apapse': False, 'm_P (Msun)': 0.028637827019079753, 'l (rad)': 1.5707963267948966, 'a (AU)': 0.13, 't_stop (day)': 16545.106672259462, 'stability': 'CB'}
{'file': 'orbit_p0.1400.bin', 'm_A (Msun)': 1.0, 'm_B (Msun)': 4.0, 'e': 0.3, 'apapse': False, 'm_P (Msun)': 0.028637827019079753, 'l (rad)': 1.5707963267948966, 'a (AU)': 0.13999999999999999, 't_stop (day)': 529.8742561543562, 'stability': 'CA'}
{'file': 'orbit_a0.1000.bin', 'm_A (Msun)': 1.0, 'm_B (Msun)': 4.0, 'e': 0.3, 'apapse': True, 'm_P (Msun)': 0.028637827019079753, 'l (rad)': 1.5707963267948966, 'a (AU)': 0.09999999999999999, 't_stop (day)': 1633478.507816798, 'stability': 'ST'}
{'file': 'orbit_a0.1100.bin', 'm_A (Msun)': 1.0, 'm_B (Msun)': 4.0, 'e': 0.3, 'apapse': True, 'm_P (Msun)': 0.028637827019079753, 'l (rad)': 1.5707963267948966, 'a (AU)': 0.11, 't_stop (day)': 1633478.507816798, 'stability': 'ST'}
{'file': 'orbit_a0.1200.bin', 'm_A (Msun)': 1.0, 'm_B (Msun)': 4.0, 'e': 0.3, 'apapse': True, 'm_P (Msun)': 0.028637827019079753, 'l (rad)': 1.5707963267948966, 'a (AU)': 0.12, 't_stop (day)': 1633478.507816798, 'stability': 'ST'}
{'file': 'orbit_a0.1300.bin', 'm_A (Msun)': 1.0, 'm_B (Msun)': 4.0, 'e': 0.3, 'apapse': True, 'm_P (Msun)': 0.028637827019079753, 'l (rad)': 1.5707963267948966, 'a (AU)': 0.13, 't_stop (day)': 1633478.507816798, 'stability': 'ST'}
{'file': 'orbit_a0.1400.bin', 'm_A (Msun)': 1.0, 'm_B (Msun)': 4.0, 'e': 0.3, 'apapse': True, 'm_P (Msun)': 0.028637827019079753, 'l (rad)': 1.5707963267948966, 'a (AU)': 0.13999999999999999, 't_stop (day)': 5019.829118249356, 'stability': 'CA'}
{'file': 'orbit_p0.1000.bin', 'm_A (Msun)': 1.0, 'm_B (Msun)': 4.0, 'e': 0.3, 'apapse': False, 'm_P (Msun)': 0.028637827019079753, 'l (rad)': 3.141592653589793, 'a (AU)': 0.09999999999999999, 't_stop (day)': 1633478.507816798, 'stability': 'ST'}
{'file': 'orbit_p0.1100.bin', 'm_A (Msun)': 1.0, 'm_B (Msun)': 4.0, 'e': 0.3, 'apapse': False, 'm_P (Msun)': 0.028637827019079753, 'l (rad)': 3.141592653589793, 'a (AU)': 0.11, 't_stop (day)': 1633478.507816798, 'stability': 'ST'}
{'file': 'orbit_p0.1200.bin', 'm_A (Msun)': 1.0, 'm_B (Msun)': 4.0, 'e': 0.3, 'apapse': False, 'm_P (Msun)': 0.028637827019079753, 'l (rad)': 3.141592653589793, 'a (AU)': 0.12, 't_stop (day)': 1633478.507816798, 'stability': 'ST'}
{'file': 'orbit_p0.1300.bin', 'm_A (Msun)': 1.0, 'm_B (Msun)': 4.0, 'e': 0.3, 'apapse': False, 'm_P (Msun)': 0.028637827019079753, 'l (rad)': 3.141592653589793, 'a (AU)': 0.13, 't_stop (day)': 1633478.507816798, 'stability': 'ST'}
{'file': 'orbit_p0.1400.bin', 'm_A (Msun)': 1.0, 'm_B (Msun)': 4.0, 'e': 0.3, 'apapse': False, 'm_P (Msun)': 0.028637827019079753, 'l (rad)': 3.141592653589793, 'a (AU)': 0.13999999999999999, 't_stop (day)': 1633478.507816798, 'stability': 'ST'}
{'file': 'orbit_a0.1000.bin', 'm_A (Msun)': 1.0, 'm_B (Msun)': 4.0, 'e': 0.3, 'apapse': True, 'm_P (Msun)': 0.028637827019079753, 'l (rad)': 3.141592653589793, 'a (AU)': 0.09999999999999999, 't_stop (day)': 1633478.507816798, 'stability': 'ST'}
{'file': 'orbit_a0.1100.bin', 'm_A (Msun)': 1.0, 'm_B (Msun)': 4.0, 'e': 0.3, 'apapse': True, 'm_P (Msun)': 0.028637827019079753, 'l (rad)': 3.141592653589793, 'a (AU)': 0.11, 't_stop (day)': 1633478.507816798, 'stability': 'ST'}
{'file': 'orbit_a0.1200.bin', 'm_A (Msun)': 1.0, 'm_B (Msun)': 4.0, 'e': 0.3, 'apapse': True, 'm_P (Msun)': 0.028637827019079753, 'l (rad)': 3.141592653589793, 'a (AU)': 0.12, 't_stop (day)': 1633478.507816798, 'stability': 'ST'}
{'file': 'orbit_a0.1300.bin', 'm_A (Msun)': 1.0, 'm_B (Msun)': 4.0, 'e': 0.3, 'apapse': True, 'm_P (Msun)': 0.028637827019079753, 'l (rad)': 3.141592653589793, 'a (AU)': 0.13, 't_stop (day)': 1633478.507816798, 'stability': 'ST'}
{'file': 'orbit_a0.1400.bin', 'm_A (Msun)': 1.0, 'm_B (Msun)': 4.0, 'e': 0.3, 'apapse': True, 'm_P (Msun)': 0.028637827019079753, 'l (rad)': 3.141592653589793, 'a (AU)': 0.13999999999999999, 't_stop (day)': 7717.651074083573, 'stability': 'EJ'}
{'file': 'orbit_p0.1000.bin', 'm_A (Msun)': 1.0, 'm_B (Msun)': 4.0, 'e': 0.3, 'apapse': False, 'm_P (Msun)': 0.028637827019079753, 'l (rad)': 4.71238898038469, 'a (AU)': 0.09999999999999999, 't_stop (day)': 1633478.507816798, 'stability': 'ST'}
{'file': 'orbit_p0.1100.bin', 'm_A (Msun)': 1.0, 'm_B (Msun)': 4.0, 'e': 0.3, 'apapse': False, 'm_P (Msun)': 0.028637827019079753, 'l (rad)': 4.71238898038469, 'a (AU)': 0.11, 't_stop (day)': 1633478.507816798, 'stability': 'ST'}
{'file': 'orbit_p0.1200.bin', 'm_A (Msun)': 1.0, 'm_B (Msun)': 4.0, 'e': 0.3, 'apapse': False, 'm_P (Msun)': 0.028637827019079753, 'l (rad)': 4.71238898038469, 'a (AU)': 0.12, 't_stop (day)': 1633478.507816798, 'stability': 'ST'}
{'file': 'orbit_p0.1300.bin', 'm_A (Msun)': 1.0, 'm_B (Msun)': 4.0, 'e': 0.3, 'apapse': False, 'm_P (Msun)': 0.028637827019079753, 'l (rad)': 4.71238898038469, 'a (AU)': 0.13, 't_stop (day)': 5253.438678261252, 'stability': 'CA'}
{'file': 'orbit_p0.1400.bin', 'm_A (Msun)': 1.0, 'm_B (Msun)': 4.0, 'e': 0.3, 'apapse': False, 'm_P (Msun)': 0.028637827019079753, 'l (rad)': 4.71238898038469, 'a (AU)': 0.13999999999999999, 't_stop (day)': 2686.280112052949, 'stability': 'CA'}
{'file': 'orbit_a0.1000.bin', 'm_A (Msun)': 1.0, 'm_B (Msun)': 4.0, 'e': 0.3, 'apapse': True, 'm_P (Msun)': 0.028637827019079753, 'l (rad)': 4.71238898038469, 'a (AU)': 0.09999999999999999, 't_stop (day)': 1633478.507816798, 'stability': 'ST'}
{'file': 'orbit_a0.1100.bin', 'm_A (Msun)': 1.0, 'm_B (Msun)': 4.0, 'e': 0.3, 'apapse': True, 'm_P (Msun)': 0.028637827019079753, 'l (rad)': 4.71238898038469, 'a (AU)': 0.11, 't_stop (day)': 1633478.507816798, 'stability': 'ST'}
{'file': 'orbit_a0.1200.bin', 'm_A (Msun)': 1.0, 'm_B (Msun)': 4.0, 'e': 0.3, 'apapse': True, 'm_P (Msun)': 0.028637827019079753, 'l (rad)': 4.71238898038469, 'a (AU)': 0.12, 't_stop (day)': 1633478.507816798, 'stability': 'ST'}
{'file': 'orbit_a0.1300.bin', 'm_A (Msun)': 1.0, 'm_B (Msun)': 4.0, 'e': 0.3, 'apapse': True, 'm_P (Msun)': 0.028637827019079753, 'l (rad)': 4.71238898038469, 'a (AU)': 0.13, 't_stop (day)': 1633478.507816798, 'stability': 'ST'}
{'file': 'orbit_a0.1400.bin', 'm_A (Msun)': 1.0, 'm_B (Msun)': 4.0, 'e': 0.3, 'apapse': True, 'm_P (Msun)': 0.028637827019079753, 'l (rad)': 4.71238898038469, 'a (AU)': 0.13999999999999999, 't_stop (day)': 4994.464999120801, 'stability': 'CA'}
