{'file': 'orbit_p0.1100.bin', 'm_A (Msun)': 1.0, 'm_B (Msun)': 1.4999999999999998, 'e': 0.4, 'apapse': False, 'm_P (Msun)': 0.028637827019079753, 'l (rad)': 0.0, 'a (AU)': 0.11, 't_stop (day)': 2310087.4595994814, 'stability': 'ST'}
{'file': 'orbit_p0.1200.bin', 'm_A (Msun)': 1.0, 'm_B (Msun)': 1.4999999999999998, 'e': 0.4, 'apapse': False, 'm_P (Msun)': 0.028637827019079753, 'l (rad)': 0.0, 'a (AU)': 0.12000000000000001, 't_stop (day)': 2310087.4595994814, 'stability': 'ST'}
{'file': 'orbit_p0.1300.bin', 'm_A (Msun)': 1.0, 'm_B (Msun)': 1.4999999999999998, 'e': 0.4, 'apapse': False, 'm_P (Msun)': 0.028637827019079753, 'l (rad)': 0.0, 'a (AU)': 0.13, 't_stop (day)': 2310087.4595994814, 'stability': 'ST'}
{'file': 'orbit_p0.1400.bin', 'm_A (Msun)': 1.0, 'm_B (Msun)': 1.4999999999999998, 'e': 0.4, 'apapse': False, 'm_P (Msun)': 0.028637827019079753, 'l (rad)': 0.0, 'a (AU)': 0.14, 't_stop (day)': 2310087.4595994814, 'stability': 'ST'}
{'file': 'orbit_p0.1500.bin', 'm_A (Msun)': 1.0, 'm_B (Msun)': 1.4999999999999998, 'e': 0.4, 'apapse': False, 'm_P (Msun)': 0.028637827019079753, 'l (rad)': 0.0, 'a (AU)': 0.15, 't_stop (day)': 2064572.4194823692, 'stability': 'CA'}
{'file': 'orbit_a0.1100.bin', 'm_A (Msun)': 1.0, 'm_B (Msun)': 1.4999999999999998, 'e': 0.4, 'apapse': True, 'm_P (Msun)': 0.028637827019079753, 'l (rad)': 0.0, 'a (AU)': 0.11, 't_stop (day)': 2310087.4595994814, 'stability': 'ST'}
{'file': 'orbit_a0.1200.bin', 'm_A (Msun)': 1.0, 'm_B (Msun)': 1.4999999999999998, 'e': 0.4, 'apapse': True, 'm_P (Msun)': 0.028637827019079753, 'l (rad)': 0.0, 'a (AU)': 0.12000000000000001, 't_stop (day)': 2310087.4595994814, 'stability': 'ST'}
{'file': 'orbit_a0.1300.bin', 'm_A (Msun)': 1.0, 'm_B (Msun)': 1.4999999999999998, 'e': 0.4, 'apapse': True, 'm_P (Msun)': 0.028637827019079753, 'l (rad)': 0.0, 'a (AU)': 0.13, 't_stop (day)': 2310087.4595994814, 'stability': 'ST'}
{'file': 'orbit_a0.1400.bin', 'm_A (Msun)': 1.0, 'm_B (Msun)': 1.4999999999999998, 'e': 0.4, 'apapse': True, 'm_P (Msun)': 0.028637827019079753, 'l (rad)': 0.0, 'a (AU)': 0.14, 't_stop (day)': 2310087.4595994814, 'stability': 'ST'}
{'file': 'orbit_a0.1500.bin', 'm_A (Msun)': 1.0, 'm_B (Msun)': 1.4999999999999998, 'e': 0.4, 'apapse': True, 'm_P (Msun)': 0.028637827019079753, 'l (rad)': 0.0, 'a (AU)': 0.15, 't_stop (day)': 2310087.4595994814, 'stability': 'ST'}
{'file': 'orbit_p0.1100.bin', 'm_A (Msun)': 1.0, 'm_B (Msun)': 1.4999999999999998, 'e': 0.4, 'apapse': False, 'm_P (Msun)': 0.028637827019079753, 'l (rad)': 1.5707963267948966, 'a (AU)': 0.11, 't_stop (day)': 2310087.4595994814, 'stability': 'ST'}
{'file': 'orbit_p0.1200.bin', 'm_A (Msun)': 1.0, 'm_B (Msun)': 1.4999999999999998, 'e': 0.4, 'apapse': False, 'm_P (Msun)': 0.028637827019079753, 'l (rad)': 1.5707963267948966, 'a (AU)': 0.12000000000000001, 't_stop (day)': 2310087.4595994814, 'stability': 'ST'}
{'file': 'orbit_p0.1300.bin', 'm_A (Msun)': 1.0, 'm_B (Msun)': 1.4999999999999998, 'e': 0.4, 'apapse': False, 'm_P (Msun)': 0.028637827019079753, 'l (rad)': 1.5707963267948966, 'a (AU)': 0.13, 't_stop (day)': 2310087.4595994814, 'stability': 'ST'}
{'file': 'orbit_p0.1400.bin', 'm_A (Msun)': 1.0, 'm_B (Msun)': 1.4999999999999998, 'e': 0.4, 'apapse': False, 'm_P (Msun)': 0.028637827019079753, 'l (rad)': 1.5707963267948966, 'a (AU)': 0.14, 't_stop (day)': 102103.24939369573, 'stability': 'CA'}
{'file': 'orbit_p0.1500.bin', 'm_A (Msun)': 1.0, 'm_B (Msun)': 1.4999999999999998, 'e': 0.4, 'apapse': False, 'm_P (Msun)': 0.028637827019079753, 'l (rad)': 1.5707963267948966, 'a (AU)': 0.15, 't_stop (day)': 9741.580521032518, 'stability': 'EJ'}
{'file': 'orbit_a0.1100.bin', 'm_A (Msun)': 1.0, 'm_B (Msun)': 1.4999999999999998, 'e': 0.4, 'apapse': True, 'm_P (Msun)': 0.028637827019079753, 'l (rad)': 1.5707963267948966, 'a (AU)': 0.11, 't_stop (day)': 2310087.4595994814, 'stability': 'ST'}
{'file': 'orbit_a0.1200.bin', 'm_A (Msun)': 1.0, 'm_B (Msun)': 1.4999999999999998, 'e': 0.4, 'apapse': True, 'm_P (Msun)': 0.028637827019079753, 'l (rad)': 1.5707963267948966, 'a (AU)': 0.12000000000000001, 't_stop (day)': 2310087.4595994814, 'stability': 'ST'}
{'file': 'orbit_a0.1300.bin', 'm_A (Msun)': 1.0, 'm_B (Msun)': 1.4999999999999998, 'e': 0.4, 'apapse': True, 'm_P (Msun)': 0.028637827019079753, 'l (rad)': 1.5707963267948966, 'a (AU)': 0.13, 't_stop (day)': 2310087.4595994814, 'stability': 'ST'}
{'file': 'orbit_a0.1400.bin', 'm_A (Msun)': 1.0, 'm_B (Msun)': 1.4999999999999998, 'e': 0.4, 'apapse': True, 'm_P (Msun)': 0.028637827019079753, 'l (rad)': 1.5707963267948966, 'a (AU)': 0.14, 't_stop (day)': 2310087.4595994814, 'stability': 'ST'}
{'file': 'orbit_a0.1500.bin', 'm_A (Msun)': 1.0, 'm_B (Msun)': 1.4999999999999998, 'e': 0.4, 'apapse': True, 'm_P (Msun)': 0.028637827019079753, 'l (rad)': 1.5707963267948966, 'a (AU)': 0.15, 't_stop (day)': 2310087.4595994814, 'stability': 'ST'}
{'file': 'orbit_p0.1100.bin', 'm_A (Msun)': 1.0, 'm_B (Msun)': 1.4999999999999998, 'e': 0.4, 'apapse': False, 'm_P (Msun)': 0.028637827019079753, 'l (rad)': 3.141592653589793, 'a (AU)': 0.11, 't_stop (day)': 2310087.4595994814, 'stability': 'ST'}
{'file': 'orbit_p0.1200.bin', 'm_A (Msun)': 1.0, 'm_B (Msun)': 1.4999999999999998, 'e': 0.4, 'apapse': False, 'm_P (Msun)': 0.028637827019079753, 'l (rad)': 3.141592653589793, 'a (AU)': 0.12000000000000001, 't_stop (day)': 2310087.4595994814, 'stability': 'ST'}
{'file': 'orbit_p0.1300.bin', 'm_A (Msun)': 1.0, 'm_B (Msun)': 1.4999999999999998, 'e': 0.4, 'apapse': False, 'm_P (Msun)': 0.028637827019079753, 'l (rad)': 3.141592653589793, 'a (AU)': 0.13, 't_stop (day)': 2310087.4595994814, 'stability': 'ST'}
{'file': 'orbit_p0.1400.bin', 'm_A (Msun)': 1.0, 'm_B (Msun)': 1.4999999999999998, 'e': 0.4, 'apapse': False, 'm_P (Msun)': 0.028637827019079753, 'l (rad)': 3.141592653589793, 'a (AU)': 0.14, 't_stop (day)': 2310087.4595994814, 'stability': 'ST'}
{'file': 'orbit_p0.1500.bin', 'm_A (Msun)': 1.0, 'm_B (Msun)': 1.4999999999999998, 'e': 0.4, 'apapse': False, 'm_P (Msun)': 0.028637827019079753, 'l (rad)': 3.141592653589793, 'a (AU)': 0.15, 't_stop (day)': 2310087.4595994814, 'stability': 'ST'}
{'file': 'orbit_a0.1100.bin', 'm_A (Msun)': 1.0, 'm_B (Msun)': 1.4999999999999998, 'e': 0.4, 'apapse': True, 'm_P (Msun)': 0.028637827019079753, 'l (rad)': 3.141592653589793, 'a (AU)': 0.11, 't_stop (day)': 2310087.4595994814, 'stability': 'ST'}
{'file': 'orbit_a0.1200.bin', 'm_A (Msun)': 1.0, 'm_B (Msun)': 1.4999999999999998, 'e': 0.4, 'apapse': True, 'm_P (Msun)': 0.028637827019079753, 'l (rad)': 3.141592653589793, 'a (AU)': 0.12000000000000001, 't_stop (day)': 2310087.4595994814, 'stability': 'ST'}
{'file': 'orbit_a0.1300.bin', 'm_A (Msun)': 1.0, 'm_B (Msun)': 1.4999999999999998, 'e': 0.4, 'apapse': True, 'm_P (Msun)': 0.028637827019079753, 'l (rad)': 3.141592653589793, 'a (AU)': 0.13, 't_stop (day)': 2310087.4595994814, 'stability': 'ST'}
{'file': 'orbit_a0.1400.bin', 'm_A (Msun)': 1.0, 'm_B (Msun)': 1.4999999999999998, 'e': 0.4, 'apapse': True, 'm_P (Msun)': 0.028637827019079753, 'l (rad)': 3.141592653589793, 'a (AU)': 0.14, 't_stop (day)': 2310087.4595994814, 'stability': 'ST'}
{'file': 'orbit_a0.1500.bin', 'm_A (Msun)': 1.0, 'm_B (Msun)': 1.4999999999999998, 'e': 0.4, 'apapse': True, 'm_P (Msun)': 0.028637827019079753, 'l (rad)': 3.141592653589793, 'a (AU)': 0.15, 't_stop (day)': 2310087.4595994814, 'stability': 'ST'}
{'file': 'orbit_p0.1100.bin', 'm_A (Msun)': 1.0, 'm_B (Msun)': 1.4999999999999998, 'e': 0.4, 'apapse': False, 'm_P (Msun)': 0.028637827019079753, 'l (rad)': 4.71238898038469, 'a (AU)': 0.11, 't_stop (day)': 2310087.4595994814, 'stability': 'ST'}
{'file': 'orbit_p0.1200.bin', 'm_A (Msun)': 1.0, 'm_B (Msun)': 1.4999999999999998, 'e': 0.4, 'apapse': False, 'm_P (Msun)': 0.028637827019079753, 'l (rad)': 4.71238898038469, 'a (AU)': 0.12000000000000001, 't_stop (day)': 2310087.4595994814, 'stability': 'ST'}
{'file': 'orbit_p0.1300.bin', 'm_A (Msun)': 1.0, 'm_B (Msun)': 1.4999999999999998, 'e': 0.4, 'apapse': False, 'm_P (Msun)': 0.028637827019079753, 'l (rad)': 4.71238898038469, 'a (AU)': 0.13, 't_stop (day)': 2310087.4595994814, 'stability': 'ST'}
{'file': 'orbit_p0.1400.bin', 'm_A (Msun)': 1.0, 'm_B (Msun)': 1.4999999999999998, 'e': 0.4, 'apapse': False, 'm_P (Msun)': 0.028637827019079753, 'l (rad)': 4.71238898038469, 'a (AU)': 0.14, 't_stop (day)': 45339.12044148001, 'stability': 'CA'}
{'file': 'orbit_p0.1500.bin', 'm_A (Msun)': 1.0, 'm_B (Msun)': 1.4999999999999998, 'e': 0.4, 'apapse': False, 'm_P (Msun)': 0.028637827019079753, 'l (rad)': 4.71238898038469, 'a (AU)': 0.15, 't_stop (day)': 8701.481901474137, 'stability': 'CA'}
{'file': 'orbit_a0.1100.bin', 'm_A (Msun)': 1.0, 'm_B (Msun)': 1.4999999999999998, 'e': 0.4, 'apapse': True, 'm_P (Msun)': 0.028637827019079753, 'l (rad)': 4.71238898038469, 'a (AU)': 0.11, 't_stop (day)': 2310087.4595994814, 'stability': 'ST'}
{'file': 'orbit_a0.1200.bin', 'm_A (Msun)': 1.0, 'm_B (Msun)': 1.4999999999999998, 'e': 0.4, 'apapse': True, 'm_P (Msun)': 0.028637827019079753, 'l (rad)': 4.71238898038469, 'a (AU)': 0.12000000000000001, 't_stop (day)': 2310087.4595994814, 'stability': 'ST'}
{'file': 'orbit_a0.1300.bin', 'm_A (Msun)': 1.0, 'm_B (Msun)': 1.4999999999999998, 'e': 0.4, 'apapse': True, 'm_P (Msun)': 0.028637827019079753, 'l (rad)': 4.71238898038469, 'a (AU)': 0.13, 't_stop (day)': 2310087.4595994814, 'stability': 'ST'}
{'file': 'orbit_a0.1400.bin', 'm_A (Msun)': 1.0, 'm_B (Msun)': 1.4999999999999998, 'e': 0.4, 'apapse': True, 'm_P (Msun)': 0.028637827019079753, 'l (rad)': 4.71238898038469, 'a (AU)': 0.14, 't_stop (day)': 2310087.4595994814, 'stability': 'ST'}
{'file': 'orbit_a0.1500.bin', 'm_A (Msun)': 1.0, 'm_B (Msun)': 1.4999999999999998, 'e': 0.4, 'apapse': True, 'm_P (Msun)': 0.028637827019079753, 'l (rad)': 4.71238898038469, 'a (AU)': 0.15, 't_stop (day)': 1756876.5122245192, 'stability': 'CA'}
