{'file': 'orbit_p0.10.bin', 'm_A (Msun)': 1.0, 'm_B (Msun)': 9.000000000000002, 'e': 0.1, 'apapse': False, 'm_P (Msun)': 0.0, 'l (rad)': 0.0, 'a (AU)': 0.1, 't_stop (day)': 1155043.7297997407, 'stability': 'ST'}
{'file': 'orbit_p0.11.bin', 'm_A (Msun)': 1.0, 'm_B (Msun)': 9.000000000000002, 'e': 0.1, 'apapse': False, 'm_P (Msun)': 0.0, 'l (rad)': 0.0, 'a (AU)': 0.11, 't_stop (day)': 1155043.7297997407, 'stability': 'ST'}
{'file': 'orbit_p0.12.bin', 'm_A (Msun)': 1.0, 'm_B (Msun)': 9.000000000000002, 'e': 0.1, 'apapse': False, 'm_P (Msun)': 0.0, 'l (rad)': 0.0, 'a (AU)': 0.12, 't_stop (day)': 1155043.7297997407, 'stability': 'ST'}
{'file': 'orbit_p0.13.bin', 'm_A (Msun)': 1.0, 'm_B (Msun)': 9.000000000000002, 'e': 0.1, 'apapse': False, 'm_P (Msun)': 0.0, 'l (rad)': 0.0, 'a (AU)': 0.13, 't_stop (day)': 1155043.7297997407, 'stability': 'ST'}
{'file': 'orbit_a0.10.bin', 'm_A (Msun)': 1.0, 'm_B (Msun)': 9.000000000000002, 'e': 0.1, 'apapse': True, 'm_P (Msun)': 0.0, 'l (rad)': 0.0, 'a (AU)': 0.1, 't_stop (day)': 1155043.7297997407, 'stability': 'ST'}
{'file': 'orbit_a0.11.bin', 'm_A (Msun)': 1.0, 'm_B (Msun)': 9.000000000000002, 'e': 0.1, 'apapse': True, 'm_P (Msun)': 0.0, 'l (rad)': 0.0, 'a (AU)': 0.11, 't_stop (day)': 1155043.7297997407, 'stability': 'ST'}
{'file': 'orbit_a0.12.bin', 'm_A (Msun)': 1.0, 'm_B (Msun)': 9.000000000000002, 'e': 0.1, 'apapse': True, 'm_P (Msun)': 0.0, 'l (rad)': 0.0, 'a (AU)': 0.12, 't_stop (day)': 1155043.7297997407, 'stability': 'ST'}
{'file': 'orbit_a0.13.bin', 'm_A (Msun)': 1.0, 'm_B (Msun)': 9.000000000000002, 'e': 0.1, 'apapse': True, 'm_P (Msun)': 0.0, 'l (rad)': 0.0, 'a (AU)': 0.13, 't_stop (day)': 6658.948090100031, 'stability': 'CA'}
{'file': 'orbit_p0.10.bin', 'm_A (Msun)': 1.0, 'm_B (Msun)': 9.000000000000002, 'e': 0.1, 'apapse': False, 'm_P (Msun)': 0.0, 'l (rad)': 1.5707963267948966, 'a (AU)': 0.1, 't_stop (day)': 1155043.7297997407, 'stability': 'ST'}
{'file': 'orbit_p0.11.bin', 'm_A (Msun)': 1.0, 'm_B (Msun)': 9.000000000000002, 'e': 0.1, 'apapse': False, 'm_P (Msun)': 0.0, 'l (rad)': 1.5707963267948966, 'a (AU)': 0.11, 't_stop (day)': 1155043.7297997407, 'stability': 'ST'}
{'file': 'orbit_p0.12.bin', 'm_A (Msun)': 1.0, 'm_B (Msun)': 9.000000000000002, 'e': 0.1, 'apapse': False, 'm_P (Msun)': 0.0, 'l (rad)': 1.5707963267948966, 'a (AU)': 0.12, 't_stop (day)': 3820.366137151502, 'stability': 'CA'}
{'file': 'orbit_p0.13.bin', 'm_A (Msun)': 1.0, 'm_B (Msun)': 9.000000000000002, 'e': 0.1, 'apapse': False, 'm_P (Msun)': 0.0, 'l (rad)': 1.5707963267948966, 'a (AU)': 0.13, 't_stop (day)': 683.8647815515482, 'stability': 'CA'}
{'file': 'orbit_a0.10.bin', 'm_A (Msun)': 1.0, 'm_B (Msun)': 9.000000000000002, 'e': 0.1, 'apapse': True, 'm_P (Msun)': 0.0, 'l (rad)': 1.5707963267948966, 'a (AU)': 0.1, 't_stop (day)': 1155043.7297997407, 'stability': 'ST'}
{'file': 'orbit_a0.11.bin', 'm_A (Msun)': 1.0, 'm_B (Msun)': 9.000000000000002, 'e': 0.1, 'apapse': True, 'm_P (Msun)': 0.0, 'l (rad)': 1.5707963267948966, 'a (AU)': 0.11, 't_stop (day)': 1155043.7297997407, 'stability': 'ST'}
{'file': 'orbit_a0.12.bin', 'm_A (Msun)': 1.0, 'm_B (Msun)': 9.000000000000002, 'e': 0.1, 'apapse': True, 'm_P (Msun)': 0.0, 'l (rad)': 1.5707963267948966, 'a (AU)': 0.12, 't_stop (day)': 1155043.7297997407, 'stability': 'ST'}
{'file': 'orbit_a0.13.bin', 'm_A (Msun)': 1.0, 'm_B (Msun)': 9.000000000000002, 'e': 0.1, 'apapse': True, 'm_P (Msun)': 0.0, 'l (rad)': 1.5707963267948966, 'a (AU)': 0.13, 't_stop (day)': 7711.637571062478, 'stability': 'CA'}
{'file': 'orbit_p0.10.bin', 'm_A (Msun)': 1.0, 'm_B (Msun)': 9.000000000000002, 'e': 0.1, 'apapse': False, 'm_P (Msun)': 0.0, 'l (rad)': 3.141592653589793, 'a (AU)': 0.1, 't_stop (day)': 1155043.7297997407, 'stability': 'ST'}
{'file': 'orbit_p0.11.bin', 'm_A (Msun)': 1.0, 'm_B (Msun)': 9.000000000000002, 'e': 0.1, 'apapse': False, 'm_P (Msun)': 0.0, 'l (rad)': 3.141592653589793, 'a (AU)': 0.11, 't_stop (day)': 1155043.7297997407, 'stability': 'ST'}
{'file': 'orbit_p0.12.bin', 'm_A (Msun)': 1.0, 'm_B (Msun)': 9.000000000000002, 'e': 0.1, 'apapse': False, 'm_P (Msun)': 0.0, 'l (rad)': 3.141592653589793, 'a (AU)': 0.12, 't_stop (day)': 1155043.7297997407, 'stability': 'ST'}
{'file': 'orbit_p0.13.bin', 'm_A (Msun)': 1.0, 'm_B (Msun)': 9.000000000000002, 'e': 0.1, 'apapse': False, 'm_P (Msun)': 0.0, 'l (rad)': 3.141592653589793, 'a (AU)': 0.13, 't_stop (day)': 1155043.7297997407, 'stability': 'ST'}
{'file': 'orbit_a0.10.bin', 'm_A (Msun)': 1.0, 'm_B (Msun)': 9.000000000000002, 'e': 0.1, 'apapse': True, 'm_P (Msun)': 0.0, 'l (rad)': 3.141592653589793, 'a (AU)': 0.1, 't_stop (day)': 1155043.7297997407, 'stability': 'ST'}
{'file': 'orbit_a0.11.bin', 'm_A (Msun)': 1.0, 'm_B (Msun)': 9.000000000000002, 'e': 0.1, 'apapse': True, 'm_P (Msun)': 0.0, 'l (rad)': 3.141592653589793, 'a (AU)': 0.11, 't_stop (day)': 1155043.7297997407, 'stability': 'ST'}
{'file': 'orbit_a0.12.bin', 'm_A (Msun)': 1.0, 'm_B (Msun)': 9.000000000000002, 'e': 0.1, 'apapse': True, 'm_P (Msun)': 0.0, 'l (rad)': 3.141592653589793, 'a (AU)': 0.12, 't_stop (day)': 1155043.7297997407, 'stability': 'ST'}
{'file': 'orbit_a0.13.bin', 'm_A (Msun)': 1.0, 'm_B (Msun)': 9.000000000000002, 'e': 0.1, 'apapse': True, 'm_P (Msun)': 0.0, 'l (rad)': 3.141592653589793, 'a (AU)': 0.13, 't_stop (day)': 4936.180574263475, 'stability': 'CA'}
{'file': 'orbit_p0.10.bin', 'm_A (Msun)': 1.0, 'm_B (Msun)': 9.000000000000002, 'e': 0.1, 'apapse': False, 'm_P (Msun)': 0.0, 'l (rad)': 4.71238898038469, 'a (AU)': 0.1, 't_stop (day)': 1155043.7297997407, 'stability': 'ST'}
{'file': 'orbit_p0.11.bin', 'm_A (Msun)': 1.0, 'm_B (Msun)': 9.000000000000002, 'e': 0.1, 'apapse': False, 'm_P (Msun)': 0.0, 'l (rad)': 4.71238898038469, 'a (AU)': 0.11, 't_stop (day)': 1155043.7297997407, 'stability': 'ST'}
{'file': 'orbit_p0.12.bin', 'm_A (Msun)': 1.0, 'm_B (Msun)': 9.000000000000002, 'e': 0.1, 'apapse': False, 'm_P (Msun)': 0.0, 'l (rad)': 4.71238898038469, 'a (AU)': 0.12, 't_stop (day)': 5091.434685597078, 'stability': 'CA'}
{'file': 'orbit_p0.13.bin', 'm_A (Msun)': 1.0, 'm_B (Msun)': 9.000000000000002, 'e': 0.1, 'apapse': False, 'm_P (Msun)': 0.0, 'l (rad)': 4.71238898038469, 'a (AU)': 0.13, 't_stop (day)': 1545.5066096755659, 'stability': 'CB'}
{'file': 'orbit_a0.10.bin', 'm_A (Msun)': 1.0, 'm_B (Msun)': 9.000000000000002, 'e': 0.1, 'apapse': True, 'm_P (Msun)': 0.0, 'l (rad)': 4.71238898038469, 'a (AU)': 0.1, 't_stop (day)': 1155043.7297997407, 'stability': 'ST'}
{'file': 'orbit_a0.11.bin', 'm_A (Msun)': 1.0, 'm_B (Msun)': 9.000000000000002, 'e': 0.1, 'apapse': True, 'm_P (Msun)': 0.0, 'l (rad)': 4.71238898038469, 'a (AU)': 0.11, 't_stop (day)': 1155043.7297997407, 'stability': 'ST'}
{'file': 'orbit_a0.12.bin', 'm_A (Msun)': 1.0, 'm_B (Msun)': 9.000000000000002, 'e': 0.1, 'apapse': True, 'm_P (Msun)': 0.0, 'l (rad)': 4.71238898038469, 'a (AU)': 0.12, 't_stop (day)': 1155043.7297997407, 'stability': 'ST'}
{'file': 'orbit_a0.13.bin', 'm_A (Msun)': 1.0, 'm_B (Msun)': 9.000000000000002, 'e': 0.1, 'apapse': True, 'm_P (Msun)': 0.0, 'l (rad)': 4.71238898038469, 'a (AU)': 0.13, 't_stop (day)': 639.3988490017194, 'stability': 'CA'}
