{'file': 'orbit_p0.1600.bin', 'm_A (Msun)': 1.0, 'm_B (Msun)': 0.11111111111111112, 'e': 0.5, 'apapse': False, 'm_P (Msun)': 0.000954594233969325, 'l (rad)': 0.0, 'a (AU)': 0.16, 't_stop (day)': 3465131.189399222, 'stability': 'ST'}
{'file': 'orbit_p0.1700.bin', 'm_A (Msun)': 1.0, 'm_B (Msun)': 0.11111111111111112, 'e': 0.5, 'apapse': False, 'm_P (Msun)': 0.000954594233969325, 'l (rad)': 0.0, 'a (AU)': 0.16999999999999998, 't_stop (day)': 3465131.189399222, 'stability': 'ST'}
{'file': 'orbit_p0.1800.bin', 'm_A (Msun)': 1.0, 'm_B (Msun)': 0.11111111111111112, 'e': 0.5, 'apapse': False, 'm_P (Msun)': 0.000954594233969325, 'l (rad)': 0.0, 'a (AU)': 0.18, 't_stop (day)': 3465131.189399222, 'stability': 'ST'}
{'file': 'orbit_p0.1900.bin', 'm_A (Msun)': 1.0, 'm_B (Msun)': 0.11111111111111112, 'e': 0.5, 'apapse': False, 'm_P (Msun)': 0.000954594233969325, 'l (rad)': 0.0, 'a (AU)': 0.19, 't_stop (day)': 3465131.189399222, 'stability': 'ST'}
{'file': 'orbit_p0.2000.bin', 'm_A (Msun)': 1.0, 'm_B (Msun)': 0.11111111111111112, 'e': 0.5, 'apapse': False, 'm_P (Msun)': 0.000954594233969325, 'l (rad)': 0.0, 'a (AU)': 0.19999999999999998, 't_stop (day)': 1325887.230880536, 'stability': 'EJ'}
{'file': 'orbit_a0.1600.bin', 'm_A (Msun)': 1.0, 'm_B (Msun)': 0.11111111111111112, 'e': 0.5, 'apapse': True, 'm_P (Msun)': 0.000954594233969325, 'l (rad)': 0.0, 'a (AU)': 0.16, 't_stop (day)': 3465131.189399222, 'stability': 'ST'}
{'file': 'orbit_a0.1700.bin', 'm_A (Msun)': 1.0, 'm_B (Msun)': 0.11111111111111112, 'e': 0.5, 'apapse': True, 'm_P (Msun)': 0.000954594233969325, 'l (rad)': 0.0, 'a (AU)': 0.16999999999999998, 't_stop (day)': 3465131.189399222, 'stability': 'ST'}
{'file': 'orbit_a0.1800.bin', 'm_A (Msun)': 1.0, 'm_B (Msun)': 0.11111111111111112, 'e': 0.5, 'apapse': True, 'm_P (Msun)': 0.000954594233969325, 'l (rad)': 0.0, 'a (AU)': 0.18, 't_stop (day)': 3465131.189399222, 'stability': 'ST'}
{'file': 'orbit_a0.1900.bin', 'm_A (Msun)': 1.0, 'm_B (Msun)': 0.11111111111111112, 'e': 0.5, 'apapse': True, 'm_P (Msun)': 0.000954594233969325, 'l (rad)': 0.0, 'a (AU)': 0.19, 't_stop (day)': 3465131.189399222, 'stability': 'ST'}
{'file': 'orbit_a0.2000.bin', 'm_A (Msun)': 1.0, 'm_B (Msun)': 0.11111111111111112, 'e': 0.5, 'apapse': True, 'm_P (Msun)': 0.000954594233969325, 'l (rad)': 0.0, 'a (AU)': 0.19999999999999998, 't_stop (day)': 270553.5734798763, 'stability': 'CA'}
{'file': 'orbit_p0.1600.bin', 'm_A (Msun)': 1.0, 'm_B (Msun)': 0.11111111111111112, 'e': 0.5, 'apapse': False, 'm_P (Msun)': 0.000954594233969325, 'l (rad)': 1.5707963267948966, 'a (AU)': 0.16, 't_stop (day)': 3465131.189399222, 'stability': 'ST'}
{'file': 'orbit_p0.1700.bin', 'm_A (Msun)': 1.0, 'm_B (Msun)': 0.11111111111111112, 'e': 0.5, 'apapse': False, 'm_P (Msun)': 0.000954594233969325, 'l (rad)': 1.5707963267948966, 'a (AU)': 0.16999999999999998, 't_stop (day)': 3465131.189399222, 'stability': 'ST'}
{'file': 'orbit_p0.1800.bin', 'm_A (Msun)': 1.0, 'm_B (Msun)': 0.11111111111111112, 'e': 0.5, 'apapse': False, 'm_P (Msun)': 0.000954594233969325, 'l (rad)': 1.5707963267948966, 'a (AU)': 0.18, 't_stop (day)': 3465131.189399222, 'stability': 'ST'}
{'file': 'orbit_p0.1900.bin', 'm_A (Msun)': 1.0, 'm_B (Msun)': 0.11111111111111112, 'e': 0.5, 'apapse': False, 'm_P (Msun)': 0.000954594233969325, 'l (rad)': 1.5707963267948966, 'a (AU)': 0.19, 't_stop (day)': 3465131.189399222, 'stability': 'ST'}
{'file': 'orbit_p0.2000.bin', 'm_A (Msun)': 1.0, 'm_B (Msun)': 0.11111111111111112, 'e': 0.5, 'apapse': False, 'm_P (Msun)': 0.000954594233969325, 'l (rad)': 1.5707963267948966, 'a (AU)': 0.19999999999999998, 't_stop (day)': 984035.7368181434, 'stability': 'EJ'}
{'file': 'orbit_a0.1600.bin', 'm_A (Msun)': 1.0, 'm_B (Msun)': 0.11111111111111112, 'e': 0.5, 'apapse': True, 'm_P (Msun)': 0.000954594233969325, 'l (rad)': 1.5707963267948966, 'a (AU)': 0.16, 't_stop (day)': 3465131.189399222, 'stability': 'ST'}
{'file': 'orbit_a0.1700.bin', 'm_A (Msun)': 1.0, 'm_B (Msun)': 0.11111111111111112, 'e': 0.5, 'apapse': True, 'm_P (Msun)': 0.000954594233969325, 'l (rad)': 1.5707963267948966, 'a (AU)': 0.16999999999999998, 't_stop (day)': 3465131.189399222, 'stability': 'ST'}
{'file': 'orbit_a0.1800.bin', 'm_A (Msun)': 1.0, 'm_B (Msun)': 0.11111111111111112, 'e': 0.5, 'apapse': True, 'm_P (Msun)': 0.000954594233969325, 'l (rad)': 1.5707963267948966, 'a (AU)': 0.18, 't_stop (day)': 3465131.189399222, 'stability': 'ST'}
{'file': 'orbit_a0.1900.bin', 'm_A (Msun)': 1.0, 'm_B (Msun)': 0.11111111111111112, 'e': 0.5, 'apapse': True, 'm_P (Msun)': 0.000954594233969325, 'l (rad)': 1.5707963267948966, 'a (AU)': 0.19, 't_stop (day)': 3465131.189399222, 'stability': 'ST'}
{'file': 'orbit_a0.2000.bin', 'm_A (Msun)': 1.0, 'm_B (Msun)': 0.11111111111111112, 'e': 0.5, 'apapse': True, 'm_P (Msun)': 0.000954594233969325, 'l (rad)': 1.5707963267948966, 'a (AU)': 0.19999999999999998, 't_stop (day)': 205053.6118420865, 'stability': 'CA'}
{'file': 'orbit_p0.1600.bin', 'm_A (Msun)': 1.0, 'm_B (Msun)': 0.11111111111111112, 'e': 0.5, 'apapse': False, 'm_P (Msun)': 0.000954594233969325, 'l (rad)': 3.141592653589793, 'a (AU)': 0.16, 't_stop (day)': 3465131.189399222, 'stability': 'ST'}
{'file': 'orbit_p0.1700.bin', 'm_A (Msun)': 1.0, 'm_B (Msun)': 0.11111111111111112, 'e': 0.5, 'apapse': False, 'm_P (Msun)': 0.000954594233969325, 'l (rad)': 3.141592653589793, 'a (AU)': 0.16999999999999998, 't_stop (day)': 3465131.189399222, 'stability': 'ST'}
{'file': 'orbit_p0.1800.bin', 'm_A (Msun)': 1.0, 'm_B (Msun)': 0.11111111111111112, 'e': 0.5, 'apapse': False, 'm_P (Msun)': 0.000954594233969325, 'l (rad)': 3.141592653589793, 'a (AU)': 0.18, 't_stop (day)': 3465131.189399222, 'stability': 'ST'}
{'file': 'orbit_p0.1900.bin', 'm_A (Msun)': 1.0, 'm_B (Msun)': 0.11111111111111112, 'e': 0.5, 'apapse': False, 'm_P (Msun)': 0.000954594233969325, 'l (rad)': 3.141592653589793, 'a (AU)': 0.19, 't_stop (day)': 3465131.189399222, 'stability': 'ST'}
{'file': 'orbit_p0.2000.bin', 'm_A (Msun)': 1.0, 'm_B (Msun)': 0.11111111111111112, 'e': 0.5, 'apapse': False, 'm_P (Msun)': 0.000954594233969325, 'l (rad)': 3.141592653589793, 'a (AU)': 0.19999999999999998, 't_stop (day)': 351892.0856978151, 'stability': 'CA'}
{'file': 'orbit_a0.1600.bin', 'm_A (Msun)': 1.0, 'm_B (Msun)': 0.11111111111111112, 'e': 0.5, 'apapse': True, 'm_P (Msun)': 0.000954594233969325, 'l (rad)': 3.141592653589793, 'a (AU)': 0.16, 't_stop (day)': 3465131.189399222, 'stability': 'ST'}
{'file': 'orbit_a0.1700.bin', 'm_A (Msun)': 1.0, 'm_B (Msun)': 0.11111111111111112, 'e': 0.5, 'apapse': True, 'm_P (Msun)': 0.000954594233969325, 'l (rad)': 3.141592653589793, 'a (AU)': 0.16999999999999998, 't_stop (day)': 3465131.189399222, 'stability': 'ST'}
{'file': 'orbit_a0.1800.bin', 'm_A (Msun)': 1.0, 'm_B (Msun)': 0.11111111111111112, 'e': 0.5, 'apapse': True, 'm_P (Msun)': 0.000954594233969325, 'l (rad)': 3.141592653589793, 'a (AU)': 0.18, 't_stop (day)': 3465131.189399222, 'stability': 'ST'}
{'file': 'orbit_a0.1900.bin', 'm_A (Msun)': 1.0, 'm_B (Msun)': 0.11111111111111112, 'e': 0.5, 'apapse': True, 'm_P (Msun)': 0.000954594233969325, 'l (rad)': 3.141592653589793, 'a (AU)': 0.19, 't_stop (day)': 3465131.189399222, 'stability': 'ST'}
{'file': 'orbit_a0.2000.bin', 'm_A (Msun)': 1.0, 'm_B (Msun)': 0.11111111111111112, 'e': 0.5, 'apapse': True, 'm_P (Msun)': 0.000954594233969325, 'l (rad)': 3.141592653589793, 'a (AU)': 0.19999999999999998, 't_stop (day)': 1197343.4420752414, 'stability': 'CA'}
{'file': 'orbit_p0.1600.bin', 'm_A (Msun)': 1.0, 'm_B (Msun)': 0.11111111111111112, 'e': 0.5, 'apapse': False, 'm_P (Msun)': 0.000954594233969325, 'l (rad)': 4.71238898038469, 'a (AU)': 0.16, 't_stop (day)': 3465131.189399222, 'stability': 'ST'}
{'file': 'orbit_p0.1700.bin', 'm_A (Msun)': 1.0, 'm_B (Msun)': 0.11111111111111112, 'e': 0.5, 'apapse': False, 'm_P (Msun)': 0.000954594233969325, 'l (rad)': 4.71238898038469, 'a (AU)': 0.16999999999999998, 't_stop (day)': 3465131.189399222, 'stability': 'ST'}
{'file': 'orbit_p0.1800.bin', 'm_A (Msun)': 1.0, 'm_B (Msun)': 0.11111111111111112, 'e': 0.5, 'apapse': False, 'm_P (Msun)': 0.000954594233969325, 'l (rad)': 4.71238898038469, 'a (AU)': 0.18, 't_stop (day)': 3465131.189399222, 'stability': 'ST'}
{'file': 'orbit_p0.1900.bin', 'm_A (Msun)': 1.0, 'm_B (Msun)': 0.11111111111111112, 'e': 0.5, 'apapse': False, 'm_P (Msun)': 0.000954594233969325, 'l (rad)': 4.71238898038469, 'a (AU)': 0.19, 't_stop (day)': 3465131.189399222, 'stability': 'ST'}
{'file': 'orbit_p0.2000.bin', 'm_A (Msun)': 1.0, 'm_B (Msun)': 0.11111111111111112, 'e': 0.5, 'apapse': False, 'm_P (Msun)': 0.000954594233969325, 'l (rad)': 4.71238898038469, 'a (AU)': 0.19999999999999998, 't_stop (day)': 451167.0238159859, 'stability': 'CA'}
{'file': 'orbit_a0.1600.bin', 'm_A (Msun)': 1.0, 'm_B (Msun)': 0.11111111111111112, 'e': 0.5, 'apapse': True, 'm_P (Msun)': 0.000954594233969325, 'l (rad)': 4.71238898038469, 'a (AU)': 0.16, 't_stop (day)': 3465131.189399222, 'stability': 'ST'}
{'file': 'orbit_a0.1700.bin', 'm_A (Msun)': 1.0, 'm_B (Msun)': 0.11111111111111112, 'e': 0.5, 'apapse': True, 'm_P (Msun)': 0.000954594233969325, 'l (rad)': 4.71238898038469, 'a (AU)': 0.16999999999999998, 't_stop (day)': 3465131.189399222, 'stability': 'ST'}
{'file': 'orbit_a0.1800.bin', 'm_A (Msun)': 1.0, 'm_B (Msun)': 0.11111111111111112, 'e': 0.5, 'apapse': True, 'm_P (Msun)': 0.000954594233969325, 'l (rad)': 4.71238898038469, 'a (AU)': 0.18, 't_stop (day)': 3465131.189399222, 'stability': 'ST'}
{'file': 'orbit_a0.1900.bin', 'm_A (Msun)': 1.0, 'm_B (Msun)': 0.11111111111111112, 'e': 0.5, 'apapse': True, 'm_P (Msun)': 0.000954594233969325, 'l (rad)': 4.71238898038469, 'a (AU)': 0.19, 't_stop (day)': 3465131.189399222, 'stability': 'ST'}
{'file': 'orbit_a0.2000.bin', 'm_A (Msun)': 1.0, 'm_B (Msun)': 0.11111111111111112, 'e': 0.5, 'apapse': True, 'm_P (Msun)': 0.000954594233969325, 'l (rad)': 4.71238898038469, 'a (AU)': 0.19999999999999998, 't_stop (day)': 262048.2062810636, 'stability': 'CA'}
