{'file': 'orbit_p0.1900.bin', 'm_A (Msun)': 1.0, 'm_B (Msun)': 0.25, 'e': 0.4, 'apapse': False, 'm_P (Msun)': 0.0, 'l (rad)': 0.0, 'a (AU)': 0.19, 't_stop (day)': 3266957.015633596, 'stability': 'ST'}
{'file': 'orbit_p0.2000.bin', 'm_A (Msun)': 1.0, 'm_B (Msun)': 0.25, 'e': 0.4, 'apapse': False, 'm_P (Msun)': 0.0, 'l (rad)': 0.0, 'a (AU)': 0.2, 't_stop (day)': 3266957.015633596, 'stability': 'ST'}
{'file': 'orbit_p0.2100.bin', 'm_A (Msun)': 1.0, 'm_B (Msun)': 0.25, 'e': 0.4, 'apapse': False, 'm_P (Msun)': 0.0, 'l (rad)': 0.0, 'a (AU)': 0.21, 't_stop (day)': 829547.0365159389, 'stability': 'CA'}
{'file': 'orbit_p0.2200.bin', 'm_A (Msun)': 1.0, 'm_B (Msun)': 0.25, 'e': 0.4, 'apapse': False, 'm_P (Msun)': 0.0, 'l (rad)': 0.0, 'a (AU)': 0.22, 't_stop (day)': 819677.6559964452, 'stability': 'CA'}
{'file': 'orbit_a0.1900.bin', 'm_A (Msun)': 1.0, 'm_B (Msun)': 0.25, 'e': 0.4, 'apapse': True, 'm_P (Msun)': 0.0, 'l (rad)': 0.0, 'a (AU)': 0.19, 't_stop (day)': 3266957.015633596, 'stability': 'ST'}
{'file': 'orbit_a0.2000.bin', 'm_A (Msun)': 1.0, 'm_B (Msun)': 0.25, 'e': 0.4, 'apapse': True, 'm_P (Msun)': 0.0, 'l (rad)': 0.0, 'a (AU)': 0.2, 't_stop (day)': 3266957.015633596, 'stability': 'ST'}
{'file': 'orbit_a0.2100.bin', 'm_A (Msun)': 1.0, 'm_B (Msun)': 0.25, 'e': 0.4, 'apapse': True, 'm_P (Msun)': 0.0, 'l (rad)': 0.0, 'a (AU)': 0.21, 't_stop (day)': 3266957.015633596, 'stability': 'ST'}
{'file': 'orbit_a0.2200.bin', 'm_A (Msun)': 1.0, 'm_B (Msun)': 0.25, 'e': 0.4, 'apapse': True, 'm_P (Msun)': 0.0, 'l (rad)': 0.0, 'a (AU)': 0.22, 't_stop (day)': 106055.3126735965, 'stability': 'CA'}
{'file': 'orbit_p0.1900.bin', 'm_A (Msun)': 1.0, 'm_B (Msun)': 0.25, 'e': 0.4, 'apapse': False, 'm_P (Msun)': 0.0, 'l (rad)': 1.5707963267948966, 'a (AU)': 0.19, 't_stop (day)': 3266957.015633596, 'stability': 'ST'}
{'file': 'orbit_p0.2000.bin', 'm_A (Msun)': 1.0, 'm_B (Msun)': 0.25, 'e': 0.4, 'apapse': False, 'm_P (Msun)': 0.0, 'l (rad)': 1.5707963267948966, 'a (AU)': 0.2, 't_stop (day)': 3266957.015633596, 'stability': 'ST'}
{'file': 'orbit_p0.2100.bin', 'm_A (Msun)': 1.0, 'm_B (Msun)': 0.25, 'e': 0.4, 'apapse': False, 'm_P (Msun)': 0.0, 'l (rad)': 1.5707963267948966, 'a (AU)': 0.21, 't_stop (day)': 278085.826275985, 'stability': 'CA'}
{'file': 'orbit_p0.2200.bin', 'm_A (Msun)': 1.0, 'm_B (Msun)': 0.25, 'e': 0.4, 'apapse': False, 'm_P (Msun)': 0.0, 'l (rad)': 1.5707963267948966, 'a (AU)': 0.22, 't_stop (day)': 103630.58274844727, 'stability': 'CA'}
{'file': 'orbit_a0.1900.bin', 'm_A (Msun)': 1.0, 'm_B (Msun)': 0.25, 'e': 0.4, 'apapse': True, 'm_P (Msun)': 0.0, 'l (rad)': 1.5707963267948966, 'a (AU)': 0.19, 't_stop (day)': 3266957.015633596, 'stability': 'ST'}
{'file': 'orbit_a0.2000.bin', 'm_A (Msun)': 1.0, 'm_B (Msun)': 0.25, 'e': 0.4, 'apapse': True, 'm_P (Msun)': 0.0, 'l (rad)': 1.5707963267948966, 'a (AU)': 0.2, 't_stop (day)': 3266957.015633596, 'stability': 'ST'}
{'file': 'orbit_a0.2100.bin', 'm_A (Msun)': 1.0, 'm_B (Msun)': 0.25, 'e': 0.4, 'apapse': True, 'm_P (Msun)': 0.0, 'l (rad)': 1.5707963267948966, 'a (AU)': 0.21, 't_stop (day)': 3266957.015633596, 'stability': 'ST'}
{'file': 'orbit_a0.2200.bin', 'm_A (Msun)': 1.0, 'm_B (Msun)': 0.25, 'e': 0.4, 'apapse': True, 'm_P (Msun)': 0.0, 'l (rad)': 1.5707963267948966, 'a (AU)': 0.22, 't_stop (day)': 159915.327294657, 'stability': 'CA'}
{'file': 'orbit_p0.1900.bin', 'm_A (Msun)': 1.0, 'm_B (Msun)': 0.25, 'e': 0.4, 'apapse': False, 'm_P (Msun)': 0.0, 'l (rad)': 3.141592653589793, 'a (AU)': 0.19, 't_stop (day)': 3266957.015633596, 'stability': 'ST'}
{'file': 'orbit_p0.2000.bin', 'm_A (Msun)': 1.0, 'm_B (Msun)': 0.25, 'e': 0.4, 'apapse': False, 'm_P (Msun)': 0.0, 'l (rad)': 3.141592653589793, 'a (AU)': 0.2, 't_stop (day)': 3266957.015633596, 'stability': 'ST'}
{'file': 'orbit_p0.2100.bin', 'm_A (Msun)': 1.0, 'm_B (Msun)': 0.25, 'e': 0.4, 'apapse': False, 'm_P (Msun)': 0.0, 'l (rad)': 3.141592653589793, 'a (AU)': 0.21, 't_stop (day)': 3266957.015633596, 'stability': 'ST'}
{'file': 'orbit_p0.2200.bin', 'm_A (Msun)': 1.0, 'm_B (Msun)': 0.25, 'e': 0.4, 'apapse': False, 'm_P (Msun)': 0.0, 'l (rad)': 3.141592653589793, 'a (AU)': 0.22, 't_stop (day)': 429386.9187595022, 'stability': 'CA'}
{'file': 'orbit_a0.1900.bin', 'm_A (Msun)': 1.0, 'm_B (Msun)': 0.25, 'e': 0.4, 'apapse': True, 'm_P (Msun)': 0.0, 'l (rad)': 3.141592653589793, 'a (AU)': 0.19, 't_stop (day)': 3266957.015633596, 'stability': 'ST'}
{'file': 'orbit_a0.2000.bin', 'm_A (Msun)': 1.0, 'm_B (Msun)': 0.25, 'e': 0.4, 'apapse': True, 'm_P (Msun)': 0.0, 'l (rad)': 3.141592653589793, 'a (AU)': 0.2, 't_stop (day)': 3266957.015633596, 'stability': 'ST'}
{'file': 'orbit_a0.2100.bin', 'm_A (Msun)': 1.0, 'm_B (Msun)': 0.25, 'e': 0.4, 'apapse': True, 'm_P (Msun)': 0.0, 'l (rad)': 3.141592653589793, 'a (AU)': 0.21, 't_stop (day)': 3266957.015633596, 'stability': 'ST'}
{'file': 'orbit_a0.2200.bin', 'm_A (Msun)': 1.0, 'm_B (Msun)': 0.25, 'e': 0.4, 'apapse': True, 'm_P (Msun)': 0.0, 'l (rad)': 3.141592653589793, 'a (AU)': 0.22, 't_stop (day)': 3266957.015633596, 'stability': 'ST'}
{'file': 'orbit_p0.1900.bin', 'm_A (Msun)': 1.0, 'm_B (Msun)': 0.25, 'e': 0.4, 'apapse': False, 'm_P (Msun)': 0.0, 'l (rad)': 4.71238898038469, 'a (AU)': 0.19, 't_stop (day)': 3266957.015633596, 'stability': 'ST'}
{'file': 'orbit_p0.2000.bin', 'm_A (Msun)': 1.0, 'm_B (Msun)': 0.25, 'e': 0.4, 'apapse': False, 'm_P (Msun)': 0.0, 'l (rad)': 4.71238898038469, 'a (AU)': 0.2, 't_stop (day)': 3266957.015633596, 'stability': 'ST'}
{'file': 'orbit_p0.2100.bin', 'm_A (Msun)': 1.0, 'm_B (Msun)': 0.25, 'e': 0.4, 'apapse': False, 'm_P (Msun)': 0.0, 'l (rad)': 4.71238898038469, 'a (AU)': 0.21, 't_stop (day)': 150976.8996812652, 'stability': 'EJ'}
{'file': 'orbit_p0.2200.bin', 'm_A (Msun)': 1.0, 'm_B (Msun)': 0.25, 'e': 0.4, 'apapse': False, 'm_P (Msun)': 0.0, 'l (rad)': 4.71238898038469, 'a (AU)': 0.22, 't_stop (day)': 280680.6390108136, 'stability': 'CA'}
{'file': 'orbit_a0.1900.bin', 'm_A (Msun)': 1.0, 'm_B (Msun)': 0.25, 'e': 0.4, 'apapse': True, 'm_P (Msun)': 0.0, 'l (rad)': 4.71238898038469, 'a (AU)': 0.19, 't_stop (day)': 3266957.015633596, 'stability': 'ST'}
{'file': 'orbit_a0.2000.bin', 'm_A (Msun)': 1.0, 'm_B (Msun)': 0.25, 'e': 0.4, 'apapse': True, 'm_P (Msun)': 0.0, 'l (rad)': 4.71238898038469, 'a (AU)': 0.2, 't_stop (day)': 3266957.015633596, 'stability': 'ST'}
{'file': 'orbit_a0.2100.bin', 'm_A (Msun)': 1.0, 'm_B (Msun)': 0.25, 'e': 0.4, 'apapse': True, 'm_P (Msun)': 0.0, 'l (rad)': 4.71238898038469, 'a (AU)': 0.21, 't_stop (day)': 3266957.015633596, 'stability': 'ST'}
{'file': 'orbit_a0.2200.bin', 'm_A (Msun)': 1.0, 'm_B (Msun)': 0.25, 'e': 0.4, 'apapse': True, 'm_P (Msun)': 0.0, 'l (rad)': 4.71238898038469, 'a (AU)': 0.22, 't_stop (day)': 259595.93642177334, 'stability': 'CA'}
