{'file': 'orbit_p0.22.bin', 'm_A (Msun)': 1.0, 'm_B (Msun)': 0.1111111111111111, 'e': 0.4, 'apapse': False, 'm_P (Msun)': 0.0, 'l (rad)': 0.0, 'a (AU)': 0.22, 't_stop (day)': 3465131.189399222, 'stability': 'ST'}
{'file': 'orbit_p0.23.bin', 'm_A (Msun)': 1.0, 'm_B (Msun)': 0.1111111111111111, 'e': 0.4, 'apapse': False, 'm_P (Msun)': 0.0, 'l (rad)': 0.0, 'a (AU)': 0.23, 't_stop (day)': 3465131.189399222, 'stability': 'ST'}
{'file': 'orbit_p0.24.bin', 'm_A (Msun)': 1.0, 'm_B (Msun)': 0.1111111111111111, 'e': 0.4, 'apapse': False, 'm_P (Msun)': 0.0, 'l (rad)': 0.0, 'a (AU)': 0.24, 't_stop (day)': 3465131.189399222, 'stability': 'ST'}
{'file': 'orbit_p0.25.bin', 'm_A (Msun)': 1.0, 'm_B (Msun)': 0.1111111111111111, 'e': 0.4, 'apapse': False, 'm_P (Msun)': 0.0, 'l (rad)': 0.0, 'a (AU)': 0.25, 't_stop (day)': 1443992.8800568685, 'stability': 'CA'}
{'file': 'orbit_a0.22.bin', 'm_A (Msun)': 1.0, 'm_B (Msun)': 0.1111111111111111, 'e': 0.4, 'apapse': True, 'm_P (Msun)': 0.0, 'l (rad)': 0.0, 'a (AU)': 0.22, 't_stop (day)': 3465131.189399222, 'stability': 'ST'}
{'file': 'orbit_a0.23.bin', 'm_A (Msun)': 1.0, 'm_B (Msun)': 0.1111111111111111, 'e': 0.4, 'apapse': True, 'm_P (Msun)': 0.0, 'l (rad)': 0.0, 'a (AU)': 0.23, 't_stop (day)': 3465131.189399222, 'stability': 'ST'}
{'file': 'orbit_a0.24.bin', 'm_A (Msun)': 1.0, 'm_B (Msun)': 0.1111111111111111, 'e': 0.4, 'apapse': True, 'm_P (Msun)': 0.0, 'l (rad)': 0.0, 'a (AU)': 0.24, 't_stop (day)': 3465131.189399222, 'stability': 'ST'}
{'file': 'orbit_a0.25.bin', 'm_A (Msun)': 1.0, 'm_B (Msun)': 0.1111111111111111, 'e': 0.4, 'apapse': True, 'm_P (Msun)': 0.0, 'l (rad)': 0.0, 'a (AU)': 0.25, 't_stop (day)': 3465131.189399222, 'stability': 'ST'}
{'file': 'orbit_p0.22.bin', 'm_A (Msun)': 1.0, 'm_B (Msun)': 0.1111111111111111, 'e': 0.4, 'apapse': False, 'm_P (Msun)': 0.0, 'l (rad)': 1.5707963267948966, 'a (AU)': 0.22, 't_stop (day)': 3465131.189399222, 'stability': 'ST'}
{'file': 'orbit_p0.23.bin', 'm_A (Msun)': 1.0, 'm_B (Msun)': 0.1111111111111111, 'e': 0.4, 'apapse': False, 'm_P (Msun)': 0.0, 'l (rad)': 1.5707963267948966, 'a (AU)': 0.23, 't_stop (day)': 3465131.189399222, 'stability': 'ST'}
{'file': 'orbit_p0.24.bin', 'm_A (Msun)': 1.0, 'm_B (Msun)': 0.1111111111111111, 'e': 0.4, 'apapse': False, 'm_P (Msun)': 0.0, 'l (rad)': 1.5707963267948966, 'a (AU)': 0.24, 't_stop (day)': 1775245.427305572, 'stability': 'CA'}
{'file': 'orbit_p0.25.bin', 'm_A (Msun)': 1.0, 'm_B (Msun)': 0.1111111111111111, 'e': 0.4, 'apapse': False, 'm_P (Msun)': 0.0, 'l (rad)': 1.5707963267948966, 'a (AU)': 0.25, 't_stop (day)': 374201.4898349895, 'stability': 'EJ'}
{'file': 'orbit_a0.22.bin', 'm_A (Msun)': 1.0, 'm_B (Msun)': 0.1111111111111111, 'e': 0.4, 'apapse': True, 'm_P (Msun)': 0.0, 'l (rad)': 1.5707963267948966, 'a (AU)': 0.22, 't_stop (day)': 3465131.189399222, 'stability': 'ST'}
{'file': 'orbit_a0.23.bin', 'm_A (Msun)': 1.0, 'm_B (Msun)': 0.1111111111111111, 'e': 0.4, 'apapse': True, 'm_P (Msun)': 0.0, 'l (rad)': 1.5707963267948966, 'a (AU)': 0.23, 't_stop (day)': 3465131.189399222, 'stability': 'ST'}
{'file': 'orbit_a0.24.bin', 'm_A (Msun)': 1.0, 'm_B (Msun)': 0.1111111111111111, 'e': 0.4, 'apapse': True, 'm_P (Msun)': 0.0, 'l (rad)': 1.5707963267948966, 'a (AU)': 0.24, 't_stop (day)': 2625488.4345886046, 'stability': 'CA'}
{'file': 'orbit_a0.25.bin', 'm_A (Msun)': 1.0, 'm_B (Msun)': 0.1111111111111111, 'e': 0.4, 'apapse': True, 'm_P (Msun)': 0.0, 'l (rad)': 1.5707963267948966, 'a (AU)': 0.25, 't_stop (day)': 310753.14706867374, 'stability': 'CA'}
{'file': 'orbit_p0.22.bin', 'm_A (Msun)': 1.0, 'm_B (Msun)': 0.1111111111111111, 'e': 0.4, 'apapse': False, 'm_P (Msun)': 0.0, 'l (rad)': 3.141592653589793, 'a (AU)': 0.22, 't_stop (day)': 3465131.189399222, 'stability': 'ST'}
{'file': 'orbit_p0.23.bin', 'm_A (Msun)': 1.0, 'm_B (Msun)': 0.1111111111111111, 'e': 0.4, 'apapse': False, 'm_P (Msun)': 0.0, 'l (rad)': 3.141592653589793, 'a (AU)': 0.23, 't_stop (day)': 3465131.189399222, 'stability': 'ST'}
{'file': 'orbit_p0.24.bin', 'm_A (Msun)': 1.0, 'm_B (Msun)': 0.1111111111111111, 'e': 0.4, 'apapse': False, 'm_P (Msun)': 0.0, 'l (rad)': 3.141592653589793, 'a (AU)': 0.24, 't_stop (day)': 3465131.189399222, 'stability': 'ST'}
{'file': 'orbit_p0.25.bin', 'm_A (Msun)': 1.0, 'm_B (Msun)': 0.1111111111111111, 'e': 0.4, 'apapse': False, 'm_P (Msun)': 0.0, 'l (rad)': 3.141592653589793, 'a (AU)': 0.25, 't_stop (day)': 353544.7859158862, 'stability': 'CA'}
{'file': 'orbit_a0.22.bin', 'm_A (Msun)': 1.0, 'm_B (Msun)': 0.1111111111111111, 'e': 0.4, 'apapse': True, 'm_P (Msun)': 0.0, 'l (rad)': 3.141592653589793, 'a (AU)': 0.22, 't_stop (day)': 3465131.189399222, 'stability': 'ST'}
{'file': 'orbit_a0.23.bin', 'm_A (Msun)': 1.0, 'm_B (Msun)': 0.1111111111111111, 'e': 0.4, 'apapse': True, 'm_P (Msun)': 0.0, 'l (rad)': 3.141592653589793, 'a (AU)': 0.23, 't_stop (day)': 3465131.189399222, 'stability': 'ST'}
{'file': 'orbit_a0.24.bin', 'm_A (Msun)': 1.0, 'm_B (Msun)': 0.1111111111111111, 'e': 0.4, 'apapse': True, 'm_P (Msun)': 0.0, 'l (rad)': 3.141592653589793, 'a (AU)': 0.24, 't_stop (day)': 3465131.189399222, 'stability': 'ST'}
{'file': 'orbit_a0.25.bin', 'm_A (Msun)': 1.0, 'm_B (Msun)': 0.1111111111111111, 'e': 0.4, 'apapse': True, 'm_P (Msun)': 0.0, 'l (rad)': 3.141592653589793, 'a (AU)': 0.25, 't_stop (day)': 508562.8347693083, 'stability': 'CA'}
{'file': 'orbit_p0.22.bin', 'm_A (Msun)': 1.0, 'm_B (Msun)': 0.1111111111111111, 'e': 0.4, 'apapse': False, 'm_P (Msun)': 0.0, 'l (rad)': 4.71238898038469, 'a (AU)': 0.22, 't_stop (day)': 3465131.189399222, 'stability': 'ST'}
{'file': 'orbit_p0.23.bin', 'm_A (Msun)': 1.0, 'm_B (Msun)': 0.1111111111111111, 'e': 0.4, 'apapse': False, 'm_P (Msun)': 0.0, 'l (rad)': 4.71238898038469, 'a (AU)': 0.23, 't_stop (day)': 3465131.189399222, 'stability': 'ST'}
{'file': 'orbit_p0.24.bin', 'm_A (Msun)': 1.0, 'm_B (Msun)': 0.1111111111111111, 'e': 0.4, 'apapse': False, 'm_P (Msun)': 0.0, 'l (rad)': 4.71238898038469, 'a (AU)': 0.24, 't_stop (day)': 2412128.2381019494, 'stability': 'CA'}
{'file': 'orbit_p0.25.bin', 'm_A (Msun)': 1.0, 'm_B (Msun)': 0.1111111111111111, 'e': 0.4, 'apapse': False, 'm_P (Msun)': 0.0, 'l (rad)': 4.71238898038469, 'a (AU)': 0.25, 't_stop (day)': 3465131.189399222, 'stability': 'ST'}
{'file': 'orbit_a0.22.bin', 'm_A (Msun)': 1.0, 'm_B (Msun)': 0.1111111111111111, 'e': 0.4, 'apapse': True, 'm_P (Msun)': 0.0, 'l (rad)': 4.71238898038469, 'a (AU)': 0.22, 't_stop (day)': 3465131.189399222, 'stability': 'ST'}
{'file': 'orbit_a0.23.bin', 'm_A (Msun)': 1.0, 'm_B (Msun)': 0.1111111111111111, 'e': 0.4, 'apapse': True, 'm_P (Msun)': 0.0, 'l (rad)': 4.71238898038469, 'a (AU)': 0.23, 't_stop (day)': 3465131.189399222, 'stability': 'ST'}
{'file': 'orbit_a0.24.bin', 'm_A (Msun)': 1.0, 'm_B (Msun)': 0.1111111111111111, 'e': 0.4, 'apapse': True, 'm_P (Msun)': 0.0, 'l (rad)': 4.71238898038469, 'a (AU)': 0.24, 't_stop (day)': 3465131.189399222, 'stability': 'ST'}
{'file': 'orbit_a0.25.bin', 'm_A (Msun)': 1.0, 'm_B (Msun)': 0.1111111111111111, 'e': 0.4, 'apapse': True, 'm_P (Msun)': 0.0, 'l (rad)': 4.71238898038469, 'a (AU)': 0.25, 't_stop (day)': 485496.12479469203, 'stability': 'EJ'}
