{'file': 'orbit_p0.2100.bin', 'm_A (Msun)': 1.0, 'm_B (Msun)': 0.11111111111111112, 'e': 0.4, 'apapse': False, 'm_P (Msun)': 0.000954594233969325, 'l (rad)': 0.0, 'a (AU)': 0.21000000000000002, 't_stop (day)': 3465131.189399222, 'stability': 'ST'}
{'file': 'orbit_p0.2200.bin', 'm_A (Msun)': 1.0, 'm_B (Msun)': 0.11111111111111112, 'e': 0.4, 'apapse': False, 'm_P (Msun)': 0.000954594233969325, 'l (rad)': 0.0, 'a (AU)': 0.22, 't_stop (day)': 3465131.189399222, 'stability': 'ST'}
{'file': 'orbit_p0.2300.bin', 'm_A (Msun)': 1.0, 'm_B (Msun)': 0.11111111111111112, 'e': 0.4, 'apapse': False, 'm_P (Msun)': 0.000954594233969325, 'l (rad)': 0.0, 'a (AU)': 0.23, 't_stop (day)': 3465131.189399222, 'stability': 'ST'}
{'file': 'orbit_p0.2400.bin', 'm_A (Msun)': 1.0, 'm_B (Msun)': 0.11111111111111112, 'e': 0.4, 'apapse': False, 'm_P (Msun)': 0.000954594233969325, 'l (rad)': 0.0, 'a (AU)': 0.24000000000000002, 't_stop (day)': 3465131.189399222, 'stability': 'ST'}
{'file': 'orbit_p0.2500.bin', 'm_A (Msun)': 1.0, 'm_B (Msun)': 0.11111111111111112, 'e': 0.4, 'apapse': False, 'm_P (Msun)': 0.000954594233969325, 'l (rad)': 0.0, 'a (AU)': 0.25, 't_stop (day)': 177544.3487690663, 'stability': 'CA'}
{'file': 'orbit_a0.2100.bin', 'm_A (Msun)': 1.0, 'm_B (Msun)': 0.11111111111111112, 'e': 0.4, 'apapse': True, 'm_P (Msun)': 0.000954594233969325, 'l (rad)': 0.0, 'a (AU)': 0.21000000000000002, 't_stop (day)': 3465131.189399222, 'stability': 'ST'}
{'file': 'orbit_a0.2200.bin', 'm_A (Msun)': 1.0, 'm_B (Msun)': 0.11111111111111112, 'e': 0.4, 'apapse': True, 'm_P (Msun)': 0.000954594233969325, 'l (rad)': 0.0, 'a (AU)': 0.22, 't_stop (day)': 3465131.189399222, 'stability': 'ST'}
{'file': 'orbit_a0.2300.bin', 'm_A (Msun)': 1.0, 'm_B (Msun)': 0.11111111111111112, 'e': 0.4, 'apapse': True, 'm_P (Msun)': 0.000954594233969325, 'l (rad)': 0.0, 'a (AU)': 0.23, 't_stop (day)': 3465131.189399222, 'stability': 'ST'}
{'file': 'orbit_a0.2400.bin', 'm_A (Msun)': 1.0, 'm_B (Msun)': 0.11111111111111112, 'e': 0.4, 'apapse': True, 'm_P (Msun)': 0.000954594233969325, 'l (rad)': 0.0, 'a (AU)': 0.24000000000000002, 't_stop (day)': 1714528.8009653136, 'stability': 'CA'}
{'file': 'orbit_a0.2500.bin', 'm_A (Msun)': 1.0, 'm_B (Msun)': 0.11111111111111112, 'e': 0.4, 'apapse': True, 'm_P (Msun)': 0.000954594233969325, 'l (rad)': 0.0, 'a (AU)': 0.25, 't_stop (day)': 3465131.189399222, 'stability': 'ST'}
{'file': 'orbit_p0.2100.bin', 'm_A (Msun)': 1.0, 'm_B (Msun)': 0.11111111111111112, 'e': 0.4, 'apapse': False, 'm_P (Msun)': 0.000954594233969325, 'l (rad)': 1.5707963267948966, 'a (AU)': 0.21000000000000002, 't_stop (day)': 3465131.189399222, 'stability': 'ST'}
{'file': 'orbit_p0.2200.bin', 'm_A (Msun)': 1.0, 'm_B (Msun)': 0.11111111111111112, 'e': 0.4, 'apapse': False, 'm_P (Msun)': 0.000954594233969325, 'l (rad)': 1.5707963267948966, 'a (AU)': 0.22, 't_stop (day)': 3465131.189399222, 'stability': 'ST'}
{'file': 'orbit_p0.2300.bin', 'm_A (Msun)': 1.0, 'm_B (Msun)': 0.11111111111111112, 'e': 0.4, 'apapse': False, 'm_P (Msun)': 0.000954594233969325, 'l (rad)': 1.5707963267948966, 'a (AU)': 0.23, 't_stop (day)': 3465131.189399222, 'stability': 'ST'}
{'file': 'orbit_p0.2400.bin', 'm_A (Msun)': 1.0, 'm_B (Msun)': 0.11111111111111112, 'e': 0.4, 'apapse': False, 'm_P (Msun)': 0.000954594233969325, 'l (rad)': 1.5707963267948966, 'a (AU)': 0.24000000000000002, 't_stop (day)': 3465131.189399222, 'stability': 'ST'}
{'file': 'orbit_p0.2500.bin', 'm_A (Msun)': 1.0, 'm_B (Msun)': 0.11111111111111112, 'e': 0.4, 'apapse': False, 'm_P (Msun)': 0.000954594233969325, 'l (rad)': 1.5707963267948966, 'a (AU)': 0.25, 't_stop (day)': 666137.0165634635, 'stability': 'CA'}
{'file': 'orbit_a0.2100.bin', 'm_A (Msun)': 1.0, 'm_B (Msun)': 0.11111111111111112, 'e': 0.4, 'apapse': True, 'm_P (Msun)': 0.000954594233969325, 'l (rad)': 1.5707963267948966, 'a (AU)': 0.21000000000000002, 't_stop (day)': 3465131.189399222, 'stability': 'ST'}
{'file': 'orbit_a0.2200.bin', 'm_A (Msun)': 1.0, 'm_B (Msun)': 0.11111111111111112, 'e': 0.4, 'apapse': True, 'm_P (Msun)': 0.000954594233969325, 'l (rad)': 1.5707963267948966, 'a (AU)': 0.22, 't_stop (day)': 3465131.189399222, 'stability': 'ST'}
{'file': 'orbit_a0.2300.bin', 'm_A (Msun)': 1.0, 'm_B (Msun)': 0.11111111111111112, 'e': 0.4, 'apapse': True, 'm_P (Msun)': 0.000954594233969325, 'l (rad)': 1.5707963267948966, 'a (AU)': 0.23, 't_stop (day)': 3465131.189399222, 'stability': 'ST'}
{'file': 'orbit_a0.2400.bin', 'm_A (Msun)': 1.0, 'm_B (Msun)': 0.11111111111111112, 'e': 0.4, 'apapse': True, 'm_P (Msun)': 0.000954594233969325, 'l (rad)': 1.5707963267948966, 'a (AU)': 0.24000000000000002, 't_stop (day)': 3233118.2054271395, 'stability': 'CA'}
{'file': 'orbit_a0.2500.bin', 'm_A (Msun)': 1.0, 'm_B (Msun)': 0.11111111111111112, 'e': 0.4, 'apapse': True, 'm_P (Msun)': 0.000954594233969325, 'l (rad)': 1.5707963267948966, 'a (AU)': 0.25, 't_stop (day)': 447229.8651595623, 'stability': 'EJ'}
{'file': 'orbit_p0.2100.bin', 'm_A (Msun)': 1.0, 'm_B (Msun)': 0.11111111111111112, 'e': 0.4, 'apapse': False, 'm_P (Msun)': 0.000954594233969325, 'l (rad)': 3.141592653589793, 'a (AU)': 0.21000000000000002, 't_stop (day)': 3465131.189399222, 'stability': 'ST'}
{'file': 'orbit_p0.2200.bin', 'm_A (Msun)': 1.0, 'm_B (Msun)': 0.11111111111111112, 'e': 0.4, 'apapse': False, 'm_P (Msun)': 0.000954594233969325, 'l (rad)': 3.141592653589793, 'a (AU)': 0.22, 't_stop (day)': 3465131.189399222, 'stability': 'ST'}
{'file': 'orbit_p0.2300.bin', 'm_A (Msun)': 1.0, 'm_B (Msun)': 0.11111111111111112, 'e': 0.4, 'apapse': False, 'm_P (Msun)': 0.000954594233969325, 'l (rad)': 3.141592653589793, 'a (AU)': 0.23, 't_stop (day)': 3465131.189399222, 'stability': 'ST'}
{'file': 'orbit_p0.2400.bin', 'm_A (Msun)': 1.0, 'm_B (Msun)': 0.11111111111111112, 'e': 0.4, 'apapse': False, 'm_P (Msun)': 0.000954594233969325, 'l (rad)': 3.141592653589793, 'a (AU)': 0.24000000000000002, 't_stop (day)': 3465131.189399222, 'stability': 'ST'}
{'file': 'orbit_p0.2500.bin', 'm_A (Msun)': 1.0, 'm_B (Msun)': 0.11111111111111112, 'e': 0.4, 'apapse': False, 'm_P (Msun)': 0.000954594233969325, 'l (rad)': 3.141592653589793, 'a (AU)': 0.25, 't_stop (day)': 853607.2521302827, 'stability': 'CA'}
{'file': 'orbit_a0.2100.bin', 'm_A (Msun)': 1.0, 'm_B (Msun)': 0.11111111111111112, 'e': 0.4, 'apapse': True, 'm_P (Msun)': 0.000954594233969325, 'l (rad)': 3.141592653589793, 'a (AU)': 0.21000000000000002, 't_stop (day)': 3465131.189399222, 'stability': 'ST'}
{'file': 'orbit_a0.2200.bin', 'm_A (Msun)': 1.0, 'm_B (Msun)': 0.11111111111111112, 'e': 0.4, 'apapse': True, 'm_P (Msun)': 0.000954594233969325, 'l (rad)': 3.141592653589793, 'a (AU)': 0.22, 't_stop (day)': 3465131.189399222, 'stability': 'ST'}
{'file': 'orbit_a0.2300.bin', 'm_A (Msun)': 1.0, 'm_B (Msun)': 0.11111111111111112, 'e': 0.4, 'apapse': True, 'm_P (Msun)': 0.000954594233969325, 'l (rad)': 3.141592653589793, 'a (AU)': 0.23, 't_stop (day)': 3465131.189399222, 'stability': 'ST'}
{'file': 'orbit_a0.2400.bin', 'm_A (Msun)': 1.0, 'm_B (Msun)': 0.11111111111111112, 'e': 0.4, 'apapse': True, 'm_P (Msun)': 0.000954594233969325, 'l (rad)': 3.141592653589793, 'a (AU)': 0.24000000000000002, 't_stop (day)': 3465131.189399222, 'stability': 'ST'}
{'file': 'orbit_a0.2500.bin', 'm_A (Msun)': 1.0, 'm_B (Msun)': 0.11111111111111112, 'e': 0.4, 'apapse': True, 'm_P (Msun)': 0.000954594233969325, 'l (rad)': 3.141592653589793, 'a (AU)': 0.25, 't_stop (day)': 1988122.1845302659, 'stability': 'CA'}
{'file': 'orbit_p0.2100.bin', 'm_A (Msun)': 1.0, 'm_B (Msun)': 0.11111111111111112, 'e': 0.4, 'apapse': False, 'm_P (Msun)': 0.000954594233969325, 'l (rad)': 4.71238898038469, 'a (AU)': 0.21000000000000002, 't_stop (day)': 3465131.189399222, 'stability': 'ST'}
{'file': 'orbit_p0.2200.bin', 'm_A (Msun)': 1.0, 'm_B (Msun)': 0.11111111111111112, 'e': 0.4, 'apapse': False, 'm_P (Msun)': 0.000954594233969325, 'l (rad)': 4.71238898038469, 'a (AU)': 0.22, 't_stop (day)': 3465131.189399222, 'stability': 'ST'}
{'file': 'orbit_p0.2300.bin', 'm_A (Msun)': 1.0, 'm_B (Msun)': 0.11111111111111112, 'e': 0.4, 'apapse': False, 'm_P (Msun)': 0.000954594233969325, 'l (rad)': 4.71238898038469, 'a (AU)': 0.23, 't_stop (day)': 3465131.189399222, 'stability': 'ST'}
{'file': 'orbit_p0.2400.bin', 'm_A (Msun)': 1.0, 'm_B (Msun)': 0.11111111111111112, 'e': 0.4, 'apapse': False, 'm_P (Msun)': 0.000954594233969325, 'l (rad)': 4.71238898038469, 'a (AU)': 0.24000000000000002, 't_stop (day)': 1398823.6148058097, 'stability': 'EJ'}
{'file': 'orbit_p0.2500.bin', 'm_A (Msun)': 1.0, 'm_B (Msun)': 0.11111111111111112, 'e': 0.4, 'apapse': False, 'm_P (Msun)': 0.000954594233969325, 'l (rad)': 4.71238898038469, 'a (AU)': 0.25, 't_stop (day)': 3465131.189399222, 'stability': 'ST'}
{'file': 'orbit_a0.2100.bin', 'm_A (Msun)': 1.0, 'm_B (Msun)': 0.11111111111111112, 'e': 0.4, 'apapse': True, 'm_P (Msun)': 0.000954594233969325, 'l (rad)': 4.71238898038469, 'a (AU)': 0.21000000000000002, 't_stop (day)': 3465131.189399222, 'stability': 'ST'}
{'file': 'orbit_a0.2200.bin', 'm_A (Msun)': 1.0, 'm_B (Msun)': 0.11111111111111112, 'e': 0.4, 'apapse': True, 'm_P (Msun)': 0.000954594233969325, 'l (rad)': 4.71238898038469, 'a (AU)': 0.22, 't_stop (day)': 3465131.189399222, 'stability': 'ST'}
{'file': 'orbit_a0.2300.bin', 'm_A (Msun)': 1.0, 'm_B (Msun)': 0.11111111111111112, 'e': 0.4, 'apapse': True, 'm_P (Msun)': 0.000954594233969325, 'l (rad)': 4.71238898038469, 'a (AU)': 0.23, 't_stop (day)': 3465131.189399222, 'stability': 'ST'}
{'file': 'orbit_a0.2400.bin', 'm_A (Msun)': 1.0, 'm_B (Msun)': 0.11111111111111112, 'e': 0.4, 'apapse': True, 'm_P (Msun)': 0.000954594233969325, 'l (rad)': 4.71238898038469, 'a (AU)': 0.24000000000000002, 't_stop (day)': 3465131.189399222, 'stability': 'ST'}
{'file': 'orbit_a0.2500.bin', 'm_A (Msun)': 1.0, 'm_B (Msun)': 0.11111111111111112, 'e': 0.4, 'apapse': True, 'm_P (Msun)': 0.000954594233969325, 'l (rad)': 4.71238898038469, 'a (AU)': 0.25, 't_stop (day)': 2163808.4623384573, 'stability': 'CA'}
