{'file': 'orbit_p0.0300.bin', 'm_A (Msun)': 1.0, 'm_B (Msun)': 0.11111111111111112, 'e': 0.8, 'apapse': False, 'm_P (Msun)': 0.028637827019079753, 'l (rad)': 0.0, 'a (AU)': 0.03, 't_stop (day)': 3465131.189399222, 'stability': 'ST'}
{'file': 'orbit_p0.0400.bin', 'm_A (Msun)': 1.0, 'm_B (Msun)': 0.11111111111111112, 'e': 0.8, 'apapse': False, 'm_P (Msun)': 0.028637827019079753, 'l (rad)': 0.0, 'a (AU)': 0.04, 't_stop (day)': 3465131.189399222, 'stability': 'ST'}
{'file': 'orbit_p0.0500.bin', 'm_A (Msun)': 1.0, 'm_B (Msun)': 0.11111111111111112, 'e': 0.8, 'apapse': False, 'm_P (Msun)': 0.028637827019079753, 'l (rad)': 0.0, 'a (AU)': 0.05, 't_stop (day)': 3465131.189399222, 'stability': 'ST'}
{'file': 'orbit_p0.0600.bin', 'm_A (Msun)': 1.0, 'm_B (Msun)': 0.11111111111111112, 'e': 0.8, 'apapse': False, 'm_P (Msun)': 0.028637827019079753, 'l (rad)': 0.0, 'a (AU)': 0.06, 't_stop (day)': 3465131.189399222, 'stability': 'ST'}
{'file': 'orbit_p0.0700.bin', 'm_A (Msun)': 1.0, 'm_B (Msun)': 0.11111111111111112, 'e': 0.8, 'apapse': False, 'm_P (Msun)': 0.028637827019079753, 'l (rad)': 0.0, 'a (AU)': 0.07, 't_stop (day)': 337946.1942024022, 'stability': 'CA'}
{'file': 'orbit_a0.0300.bin', 'm_A (Msun)': 1.0, 'm_B (Msun)': 0.11111111111111112, 'e': 0.8, 'apapse': True, 'm_P (Msun)': 0.028637827019079753, 'l (rad)': 0.0, 'a (AU)': 0.03, 't_stop (day)': 3465131.189399222, 'stability': 'ST'}
{'file': 'orbit_a0.0400.bin', 'm_A (Msun)': 1.0, 'm_B (Msun)': 0.11111111111111112, 'e': 0.8, 'apapse': True, 'm_P (Msun)': 0.028637827019079753, 'l (rad)': 0.0, 'a (AU)': 0.04, 't_stop (day)': 3465131.189399222, 'stability': 'ST'}
{'file': 'orbit_a0.0500.bin', 'm_A (Msun)': 1.0, 'm_B (Msun)': 0.11111111111111112, 'e': 0.8, 'apapse': True, 'm_P (Msun)': 0.028637827019079753, 'l (rad)': 0.0, 'a (AU)': 0.05, 't_stop (day)': 3465131.189399222, 'stability': 'ST'}
{'file': 'orbit_a0.0600.bin', 'm_A (Msun)': 1.0, 'm_B (Msun)': 0.11111111111111112, 'e': 0.8, 'apapse': True, 'm_P (Msun)': 0.028637827019079753, 'l (rad)': 0.0, 'a (AU)': 0.06, 't_stop (day)': 3465131.189399222, 'stability': 'ST'}
{'file': 'orbit_a0.0700.bin', 'm_A (Msun)': 1.0, 'm_B (Msun)': 0.11111111111111112, 'e': 0.8, 'apapse': True, 'm_P (Msun)': 0.028637827019079753, 'l (rad)': 0.0, 'a (AU)': 0.07, 't_stop (day)': 318910.3509632366, 'stability': 'CA'}
{'file': 'orbit_p0.0300.bin', 'm_A (Msun)': 1.0, 'm_B (Msun)': 0.11111111111111112, 'e': 0.8, 'apapse': False, 'm_P (Msun)': 0.028637827019079753, 'l (rad)': 1.5707963267948966, 'a (AU)': 0.03, 't_stop (day)': 3465131.189399222, 'stability': 'ST'}
{'file': 'orbit_p0.0400.bin', 'm_A (Msun)': 1.0, 'm_B (Msun)': 0.11111111111111112, 'e': 0.8, 'apapse': False, 'm_P (Msun)': 0.028637827019079753, 'l (rad)': 1.5707963267948966, 'a (AU)': 0.04, 't_stop (day)': 3465131.189399222, 'stability': 'ST'}
{'file': 'orbit_p0.0500.bin', 'm_A (Msun)': 1.0, 'm_B (Msun)': 0.11111111111111112, 'e': 0.8, 'apapse': False, 'm_P (Msun)': 0.028637827019079753, 'l (rad)': 1.5707963267948966, 'a (AU)': 0.05, 't_stop (day)': 3465131.189399222, 'stability': 'ST'}
{'file': 'orbit_p0.0600.bin', 'm_A (Msun)': 1.0, 'm_B (Msun)': 0.11111111111111112, 'e': 0.8, 'apapse': False, 'm_P (Msun)': 0.028637827019079753, 'l (rad)': 1.5707963267948966, 'a (AU)': 0.06, 't_stop (day)': 529734.2018356518, 'stability': 'CA'}
{'file': 'orbit_p0.0700.bin', 'm_A (Msun)': 1.0, 'm_B (Msun)': 0.11111111111111112, 'e': 0.8, 'apapse': False, 'm_P (Msun)': 0.028637827019079753, 'l (rad)': 1.5707963267948966, 'a (AU)': 0.07, 't_stop (day)': 2269382.8347901595, 'stability': 'EJ'}
{'file': 'orbit_a0.0300.bin', 'm_A (Msun)': 1.0, 'm_B (Msun)': 0.11111111111111112, 'e': 0.8, 'apapse': True, 'm_P (Msun)': 0.028637827019079753, 'l (rad)': 1.5707963267948966, 'a (AU)': 0.03, 't_stop (day)': 3465131.189399222, 'stability': 'ST'}
{'file': 'orbit_a0.0400.bin', 'm_A (Msun)': 1.0, 'm_B (Msun)': 0.11111111111111112, 'e': 0.8, 'apapse': True, 'm_P (Msun)': 0.028637827019079753, 'l (rad)': 1.5707963267948966, 'a (AU)': 0.04, 't_stop (day)': 3465131.189399222, 'stability': 'ST'}
{'file': 'orbit_a0.0500.bin', 'm_A (Msun)': 1.0, 'm_B (Msun)': 0.11111111111111112, 'e': 0.8, 'apapse': True, 'm_P (Msun)': 0.028637827019079753, 'l (rad)': 1.5707963267948966, 'a (AU)': 0.05, 't_stop (day)': 3465131.189399222, 'stability': 'ST'}
{'file': 'orbit_a0.0600.bin', 'm_A (Msun)': 1.0, 'm_B (Msun)': 0.11111111111111112, 'e': 0.8, 'apapse': True, 'm_P (Msun)': 0.028637827019079753, 'l (rad)': 1.5707963267948966, 'a (AU)': 0.06, 't_stop (day)': 3465131.189399222, 'stability': 'ST'}
{'file': 'orbit_a0.0700.bin', 'm_A (Msun)': 1.0, 'm_B (Msun)': 0.11111111111111112, 'e': 0.8, 'apapse': True, 'm_P (Msun)': 0.028637827019079753, 'l (rad)': 1.5707963267948966, 'a (AU)': 0.07, 't_stop (day)': 565034.0818026465, 'stability': 'CA'}
{'file': 'orbit_p0.0300.bin', 'm_A (Msun)': 1.0, 'm_B (Msun)': 0.11111111111111112, 'e': 0.8, 'apapse': False, 'm_P (Msun)': 0.028637827019079753, 'l (rad)': 3.141592653589793, 'a (AU)': 0.03, 't_stop (day)': 3465131.189399222, 'stability': 'ST'}
{'file': 'orbit_p0.0400.bin', 'm_A (Msun)': 1.0, 'm_B (Msun)': 0.11111111111111112, 'e': 0.8, 'apapse': False, 'm_P (Msun)': 0.028637827019079753, 'l (rad)': 3.141592653589793, 'a (AU)': 0.04, 't_stop (day)': 3465131.189399222, 'stability': 'ST'}
{'file': 'orbit_p0.0500.bin', 'm_A (Msun)': 1.0, 'm_B (Msun)': 0.11111111111111112, 'e': 0.8, 'apapse': False, 'm_P (Msun)': 0.028637827019079753, 'l (rad)': 3.141592653589793, 'a (AU)': 0.05, 't_stop (day)': 3465131.189399222, 'stability': 'ST'}
{'file': 'orbit_p0.0600.bin', 'm_A (Msun)': 1.0, 'm_B (Msun)': 0.11111111111111112, 'e': 0.8, 'apapse': False, 'm_P (Msun)': 0.028637827019079753, 'l (rad)': 3.141592653589793, 'a (AU)': 0.06, 't_stop (day)': 1738750.498007311, 'stability': 'CA'}
{'file': 'orbit_p0.0700.bin', 'm_A (Msun)': 1.0, 'm_B (Msun)': 0.11111111111111112, 'e': 0.8, 'apapse': False, 'm_P (Msun)': 0.028637827019079753, 'l (rad)': 3.141592653589793, 'a (AU)': 0.07, 't_stop (day)': 2762107.7598377927, 'stability': 'EJ'}
{'file': 'orbit_a0.0300.bin', 'm_A (Msun)': 1.0, 'm_B (Msun)': 0.11111111111111112, 'e': 0.8, 'apapse': True, 'm_P (Msun)': 0.028637827019079753, 'l (rad)': 3.141592653589793, 'a (AU)': 0.03, 't_stop (day)': 3465131.189399222, 'stability': 'ST'}
{'file': 'orbit_a0.0400.bin', 'm_A (Msun)': 1.0, 'm_B (Msun)': 0.11111111111111112, 'e': 0.8, 'apapse': True, 'm_P (Msun)': 0.028637827019079753, 'l (rad)': 3.141592653589793, 'a (AU)': 0.04, 't_stop (day)': 3465131.189399222, 'stability': 'ST'}
{'file': 'orbit_a0.0500.bin', 'm_A (Msun)': 1.0, 'm_B (Msun)': 0.11111111111111112, 'e': 0.8, 'apapse': True, 'm_P (Msun)': 0.028637827019079753, 'l (rad)': 3.141592653589793, 'a (AU)': 0.05, 't_stop (day)': 3465131.189399222, 'stability': 'ST'}
{'file': 'orbit_a0.0600.bin', 'm_A (Msun)': 1.0, 'm_B (Msun)': 0.11111111111111112, 'e': 0.8, 'apapse': True, 'm_P (Msun)': 0.028637827019079753, 'l (rad)': 3.141592653589793, 'a (AU)': 0.06, 't_stop (day)': 2612336.709625133, 'stability': 'CA'}
{'file': 'orbit_a0.0700.bin', 'm_A (Msun)': 1.0, 'm_B (Msun)': 0.11111111111111112, 'e': 0.8, 'apapse': True, 'm_P (Msun)': 0.028637827019079753, 'l (rad)': 3.141592653589793, 'a (AU)': 0.07, 't_stop (day)': 2813599.0578477182, 'stability': 'EJ'}
{'file': 'orbit_p0.0300.bin', 'm_A (Msun)': 1.0, 'm_B (Msun)': 0.11111111111111112, 'e': 0.8, 'apapse': False, 'm_P (Msun)': 0.028637827019079753, 'l (rad)': 4.71238898038469, 'a (AU)': 0.03, 't_stop (day)': 3465131.189399222, 'stability': 'ST'}
{'file': 'orbit_p0.0400.bin', 'm_A (Msun)': 1.0, 'm_B (Msun)': 0.11111111111111112, 'e': 0.8, 'apapse': False, 'm_P (Msun)': 0.028637827019079753, 'l (rad)': 4.71238898038469, 'a (AU)': 0.04, 't_stop (day)': 3465131.189399222, 'stability': 'ST'}
{'file': 'orbit_p0.0500.bin', 'm_A (Msun)': 1.0, 'm_B (Msun)': 0.11111111111111112, 'e': 0.8, 'apapse': False, 'm_P (Msun)': 0.028637827019079753, 'l (rad)': 4.71238898038469, 'a (AU)': 0.05, 't_stop (day)': 3465131.189399222, 'stability': 'ST'}
{'file': 'orbit_p0.0600.bin', 'm_A (Msun)': 1.0, 'm_B (Msun)': 0.11111111111111112, 'e': 0.8, 'apapse': False, 'm_P (Msun)': 0.028637827019079753, 'l (rad)': 4.71238898038469, 'a (AU)': 0.06, 't_stop (day)': 3465131.189399222, 'stability': 'ST'}
{'file': 'orbit_p0.0700.bin', 'm_A (Msun)': 1.0, 'm_B (Msun)': 0.11111111111111112, 'e': 0.8, 'apapse': False, 'm_P (Msun)': 0.028637827019079753, 'l (rad)': 4.71238898038469, 'a (AU)': 0.07, 't_stop (day)': 216651.23475472853, 'stability': 'EJ'}
{'file': 'orbit_a0.0300.bin', 'm_A (Msun)': 1.0, 'm_B (Msun)': 0.11111111111111112, 'e': 0.8, 'apapse': True, 'm_P (Msun)': 0.028637827019079753, 'l (rad)': 4.71238898038469, 'a (AU)': 0.03, 't_stop (day)': 3465131.189399222, 'stability': 'ST'}
{'file': 'orbit_a0.0400.bin', 'm_A (Msun)': 1.0, 'm_B (Msun)': 0.11111111111111112, 'e': 0.8, 'apapse': True, 'm_P (Msun)': 0.028637827019079753, 'l (rad)': 4.71238898038469, 'a (AU)': 0.04, 't_stop (day)': 3465131.189399222, 'stability': 'ST'}
{'file': 'orbit_a0.0500.bin', 'm_A (Msun)': 1.0, 'm_B (Msun)': 0.11111111111111112, 'e': 0.8, 'apapse': True, 'm_P (Msun)': 0.028637827019079753, 'l (rad)': 4.71238898038469, 'a (AU)': 0.05, 't_stop (day)': 3465131.189399222, 'stability': 'ST'}
{'file': 'orbit_a0.0600.bin', 'm_A (Msun)': 1.0, 'm_B (Msun)': 0.11111111111111112, 'e': 0.8, 'apapse': True, 'm_P (Msun)': 0.028637827019079753, 'l (rad)': 4.71238898038469, 'a (AU)': 0.06, 't_stop (day)': 919499.0516701608, 'stability': 'CA'}
{'file': 'orbit_a0.0700.bin', 'm_A (Msun)': 1.0, 'm_B (Msun)': 0.11111111111111112, 'e': 0.8, 'apapse': True, 'm_P (Msun)': 0.028637827019079753, 'l (rad)': 4.71238898038469, 'a (AU)': 0.07, 't_stop (day)': 93690.73241406147, 'stability': 'CA'}
