{'file': 'orbit_p0.0350.bin', 'm_A (Msun)': 1.0, 'm_B (Msun)': 9.0, 'e': 0.6, 'apapse': False, 'm_P (Msun)': 0.000954594233969325, 'l (rad)': 0.0, 'a (AU)': 0.034999999999999996, 't_stop (day)': 1155043.7297997407, 'stability': 'ST'}
{'file': 'orbit_p0.0400.bin', 'm_A (Msun)': 1.0, 'm_B (Msun)': 9.0, 'e': 0.6, 'apapse': False, 'm_P (Msun)': 0.000954594233969325, 'l (rad)': 0.0, 'a (AU)': 0.04, 't_stop (day)': 1155043.7297997407, 'stability': 'ST'}
{'file': 'orbit_p0.0450.bin', 'm_A (Msun)': 1.0, 'm_B (Msun)': 9.0, 'e': 0.6, 'apapse': False, 'm_P (Msun)': 0.000954594233969325, 'l (rad)': 0.0, 'a (AU)': 0.045, 't_stop (day)': 1155043.7297997407, 'stability': 'ST'}
{'file': 'orbit_p0.0500.bin', 'm_A (Msun)': 1.0, 'm_B (Msun)': 9.0, 'e': 0.6, 'apapse': False, 'm_P (Msun)': 0.000954594233969325, 'l (rad)': 0.0, 'a (AU)': 0.049999999999999996, 't_stop (day)': 1155043.7297997407, 'stability': 'ST'}
{'file': 'orbit_p0.0550.bin', 'm_A (Msun)': 1.0, 'm_B (Msun)': 9.0, 'e': 0.6, 'apapse': False, 'm_P (Msun)': 0.000954594233969325, 'l (rad)': 0.0, 'a (AU)': 0.055, 't_stop (day)': 1019126.2947694866, 'stability': 'CA'}
{'file': 'orbit_a0.0350.bin', 'm_A (Msun)': 1.0, 'm_B (Msun)': 9.0, 'e': 0.6, 'apapse': True, 'm_P (Msun)': 0.000954594233969325, 'l (rad)': 0.0, 'a (AU)': 0.034999999999999996, 't_stop (day)': 1155043.7297997407, 'stability': 'ST'}
{'file': 'orbit_a0.0400.bin', 'm_A (Msun)': 1.0, 'm_B (Msun)': 9.0, 'e': 0.6, 'apapse': True, 'm_P (Msun)': 0.000954594233969325, 'l (rad)': 0.0, 'a (AU)': 0.04, 't_stop (day)': 1155043.7297997407, 'stability': 'ST'}
{'file': 'orbit_a0.0450.bin', 'm_A (Msun)': 1.0, 'm_B (Msun)': 9.0, 'e': 0.6, 'apapse': True, 'm_P (Msun)': 0.000954594233969325, 'l (rad)': 0.0, 'a (AU)': 0.045, 't_stop (day)': 1155043.7297997407, 'stability': 'ST'}
{'file': 'orbit_a0.0500.bin', 'm_A (Msun)': 1.0, 'm_B (Msun)': 9.0, 'e': 0.6, 'apapse': True, 'm_P (Msun)': 0.000954594233969325, 'l (rad)': 0.0, 'a (AU)': 0.049999999999999996, 't_stop (day)': 1155043.7297997407, 'stability': 'ST'}
{'file': 'orbit_a0.0550.bin', 'm_A (Msun)': 1.0, 'm_B (Msun)': 9.0, 'e': 0.6, 'apapse': True, 'm_P (Msun)': 0.000954594233969325, 'l (rad)': 0.0, 'a (AU)': 0.055, 't_stop (day)': 176339.82363299505, 'stability': 'CA'}
{'file': 'orbit_p0.0350.bin', 'm_A (Msun)': 1.0, 'm_B (Msun)': 9.0, 'e': 0.6, 'apapse': False, 'm_P (Msun)': 0.000954594233969325, 'l (rad)': 1.5707963267948966, 'a (AU)': 0.034999999999999996, 't_stop (day)': 1155043.7297997407, 'stability': 'ST'}
{'file': 'orbit_p0.0400.bin', 'm_A (Msun)': 1.0, 'm_B (Msun)': 9.0, 'e': 0.6, 'apapse': False, 'm_P (Msun)': 0.000954594233969325, 'l (rad)': 1.5707963267948966, 'a (AU)': 0.04, 't_stop (day)': 1155043.7297997407, 'stability': 'ST'}
{'file': 'orbit_p0.0450.bin', 'm_A (Msun)': 1.0, 'm_B (Msun)': 9.0, 'e': 0.6, 'apapse': False, 'm_P (Msun)': 0.000954594233969325, 'l (rad)': 1.5707963267948966, 'a (AU)': 0.045, 't_stop (day)': 1155043.7297997407, 'stability': 'ST'}
{'file': 'orbit_p0.0500.bin', 'm_A (Msun)': 1.0, 'm_B (Msun)': 9.0, 'e': 0.6, 'apapse': False, 'm_P (Msun)': 0.000954594233969325, 'l (rad)': 1.5707963267948966, 'a (AU)': 0.049999999999999996, 't_stop (day)': 1155043.7297997407, 'stability': 'ST'}
{'file': 'orbit_p0.0550.bin', 'm_A (Msun)': 1.0, 'm_B (Msun)': 9.0, 'e': 0.6, 'apapse': False, 'm_P (Msun)': 0.000954594233969325, 'l (rad)': 1.5707963267948966, 'a (AU)': 0.055, 't_stop (day)': 17345.01507126863, 'stability': 'CA'}
{'file': 'orbit_a0.0350.bin', 'm_A (Msun)': 1.0, 'm_B (Msun)': 9.0, 'e': 0.6, 'apapse': True, 'm_P (Msun)': 0.000954594233969325, 'l (rad)': 1.5707963267948966, 'a (AU)': 0.034999999999999996, 't_stop (day)': 1155043.7297997407, 'stability': 'ST'}
{'file': 'orbit_a0.0400.bin', 'm_A (Msun)': 1.0, 'm_B (Msun)': 9.0, 'e': 0.6, 'apapse': True, 'm_P (Msun)': 0.000954594233969325, 'l (rad)': 1.5707963267948966, 'a (AU)': 0.04, 't_stop (day)': 1155043.7297997407, 'stability': 'ST'}
{'file': 'orbit_a0.0450.bin', 'm_A (Msun)': 1.0, 'm_B (Msun)': 9.0, 'e': 0.6, 'apapse': True, 'm_P (Msun)': 0.000954594233969325, 'l (rad)': 1.5707963267948966, 'a (AU)': 0.045, 't_stop (day)': 1155043.7297997407, 'stability': 'ST'}
{'file': 'orbit_a0.0500.bin', 'm_A (Msun)': 1.0, 'm_B (Msun)': 9.0, 'e': 0.6, 'apapse': True, 'm_P (Msun)': 0.000954594233969325, 'l (rad)': 1.5707963267948966, 'a (AU)': 0.049999999999999996, 't_stop (day)': 1155043.7297997407, 'stability': 'ST'}
{'file': 'orbit_a0.0550.bin', 'm_A (Msun)': 1.0, 'm_B (Msun)': 9.0, 'e': 0.6, 'apapse': True, 'm_P (Msun)': 0.000954594233969325, 'l (rad)': 1.5707963267948966, 'a (AU)': 0.055, 't_stop (day)': 87612.3148985848, 'stability': 'CA'}
{'file': 'orbit_p0.0350.bin', 'm_A (Msun)': 1.0, 'm_B (Msun)': 9.0, 'e': 0.6, 'apapse': False, 'm_P (Msun)': 0.000954594233969325, 'l (rad)': 3.141592653589793, 'a (AU)': 0.034999999999999996, 't_stop (day)': 1155043.7297997407, 'stability': 'ST'}
{'file': 'orbit_p0.0400.bin', 'm_A (Msun)': 1.0, 'm_B (Msun)': 9.0, 'e': 0.6, 'apapse': False, 'm_P (Msun)': 0.000954594233969325, 'l (rad)': 3.141592653589793, 'a (AU)': 0.04, 't_stop (day)': 1155043.7297997407, 'stability': 'ST'}
{'file': 'orbit_p0.0450.bin', 'm_A (Msun)': 1.0, 'm_B (Msun)': 9.0, 'e': 0.6, 'apapse': False, 'm_P (Msun)': 0.000954594233969325, 'l (rad)': 3.141592653589793, 'a (AU)': 0.045, 't_stop (day)': 1155043.7297997407, 'stability': 'ST'}
{'file': 'orbit_p0.0500.bin', 'm_A (Msun)': 1.0, 'm_B (Msun)': 9.0, 'e': 0.6, 'apapse': False, 'm_P (Msun)': 0.000954594233969325, 'l (rad)': 3.141592653589793, 'a (AU)': 0.049999999999999996, 't_stop (day)': 1155043.7297997407, 'stability': 'ST'}
{'file': 'orbit_p0.0550.bin', 'm_A (Msun)': 1.0, 'm_B (Msun)': 9.0, 'e': 0.6, 'apapse': False, 'm_P (Msun)': 0.000954594233969325, 'l (rad)': 3.141592653589793, 'a (AU)': 0.055, 't_stop (day)': 1155043.7297997407, 'stability': 'ST'}
{'file': 'orbit_a0.0350.bin', 'm_A (Msun)': 1.0, 'm_B (Msun)': 9.0, 'e': 0.6, 'apapse': True, 'm_P (Msun)': 0.000954594233969325, 'l (rad)': 3.141592653589793, 'a (AU)': 0.034999999999999996, 't_stop (day)': 1155043.7297997407, 'stability': 'ST'}
{'file': 'orbit_a0.0400.bin', 'm_A (Msun)': 1.0, 'm_B (Msun)': 9.0, 'e': 0.6, 'apapse': True, 'm_P (Msun)': 0.000954594233969325, 'l (rad)': 3.141592653589793, 'a (AU)': 0.04, 't_stop (day)': 1155043.7297997407, 'stability': 'ST'}
{'file': 'orbit_a0.0450.bin', 'm_A (Msun)': 1.0, 'm_B (Msun)': 9.0, 'e': 0.6, 'apapse': True, 'm_P (Msun)': 0.000954594233969325, 'l (rad)': 3.141592653589793, 'a (AU)': 0.045, 't_stop (day)': 1155043.7297997407, 'stability': 'ST'}
{'file': 'orbit_a0.0500.bin', 'm_A (Msun)': 1.0, 'm_B (Msun)': 9.0, 'e': 0.6, 'apapse': True, 'm_P (Msun)': 0.000954594233969325, 'l (rad)': 3.141592653589793, 'a (AU)': 0.049999999999999996, 't_stop (day)': 1155043.7297997407, 'stability': 'ST'}
{'file': 'orbit_a0.0550.bin', 'm_A (Msun)': 1.0, 'm_B (Msun)': 9.0, 'e': 0.6, 'apapse': True, 'm_P (Msun)': 0.000954594233969325, 'l (rad)': 3.141592653589793, 'a (AU)': 0.055, 't_stop (day)': 1155043.7297997407, 'stability': 'ST'}
{'file': 'orbit_p0.0350.bin', 'm_A (Msun)': 1.0, 'm_B (Msun)': 9.0, 'e': 0.6, 'apapse': False, 'm_P (Msun)': 0.000954594233969325, 'l (rad)': 4.71238898038469, 'a (AU)': 0.034999999999999996, 't_stop (day)': 1155043.7297997407, 'stability': 'ST'}
{'file': 'orbit_p0.0400.bin', 'm_A (Msun)': 1.0, 'm_B (Msun)': 9.0, 'e': 0.6, 'apapse': False, 'm_P (Msun)': 0.000954594233969325, 'l (rad)': 4.71238898038469, 'a (AU)': 0.04, 't_stop (day)': 1155043.7297997407, 'stability': 'ST'}
{'file': 'orbit_p0.0450.bin', 'm_A (Msun)': 1.0, 'm_B (Msun)': 9.0, 'e': 0.6, 'apapse': False, 'm_P (Msun)': 0.000954594233969325, 'l (rad)': 4.71238898038469, 'a (AU)': 0.045, 't_stop (day)': 1155043.7297997407, 'stability': 'ST'}
{'file': 'orbit_p0.0500.bin', 'm_A (Msun)': 1.0, 'm_B (Msun)': 9.0, 'e': 0.6, 'apapse': False, 'm_P (Msun)': 0.000954594233969325, 'l (rad)': 4.71238898038469, 'a (AU)': 0.049999999999999996, 't_stop (day)': 1155043.7297997407, 'stability': 'ST'}
{'file': 'orbit_p0.0550.bin', 'm_A (Msun)': 1.0, 'm_B (Msun)': 9.0, 'e': 0.6, 'apapse': False, 'm_P (Msun)': 0.000954594233969325, 'l (rad)': 4.71238898038469, 'a (AU)': 0.055, 't_stop (day)': 20697.752547751155, 'stability': 'CA'}
{'file': 'orbit_a0.0350.bin', 'm_A (Msun)': 1.0, 'm_B (Msun)': 9.0, 'e': 0.6, 'apapse': True, 'm_P (Msun)': 0.000954594233969325, 'l (rad)': 4.71238898038469, 'a (AU)': 0.034999999999999996, 't_stop (day)': 1155043.7297997407, 'stability': 'ST'}
{'file': 'orbit_a0.0400.bin', 'm_A (Msun)': 1.0, 'm_B (Msun)': 9.0, 'e': 0.6, 'apapse': True, 'm_P (Msun)': 0.000954594233969325, 'l (rad)': 4.71238898038469, 'a (AU)': 0.04, 't_stop (day)': 1155043.7297997407, 'stability': 'ST'}
{'file': 'orbit_a0.0450.bin', 'm_A (Msun)': 1.0, 'm_B (Msun)': 9.0, 'e': 0.6, 'apapse': True, 'm_P (Msun)': 0.000954594233969325, 'l (rad)': 4.71238898038469, 'a (AU)': 0.045, 't_stop (day)': 1155043.7297997407, 'stability': 'ST'}
{'file': 'orbit_a0.0500.bin', 'm_A (Msun)': 1.0, 'm_B (Msun)': 9.0, 'e': 0.6, 'apapse': True, 'm_P (Msun)': 0.000954594233969325, 'l (rad)': 4.71238898038469, 'a (AU)': 0.049999999999999996, 't_stop (day)': 1155043.7297997407, 'stability': 'ST'}
{'file': 'orbit_a0.0550.bin', 'm_A (Msun)': 1.0, 'm_B (Msun)': 9.0, 'e': 0.6, 'apapse': True, 'm_P (Msun)': 0.000954594233969325, 'l (rad)': 4.71238898038469, 'a (AU)': 0.055, 't_stop (day)': 115062.45381938078, 'stability': 'EJ'}
