{'file': 'orbit_p0.0400.bin', 'm_A (Msun)': 1.0, 'm_B (Msun)': 1.0, 'e': 0.7, 'apapse': False, 'm_P (Msun)': 0.028637827019079753, 'l (rad)': 0.0, 'a (AU)': 0.039999999999999994, 't_stop (day)': 2582756.29681712, 'stability': 'ST'}
{'file': 'orbit_p0.0500.bin', 'm_A (Msun)': 1.0, 'm_B (Msun)': 1.0, 'e': 0.7, 'apapse': False, 'm_P (Msun)': 0.028637827019079753, 'l (rad)': 0.0, 'a (AU)': 0.049999999999999996, 't_stop (day)': 2582756.29681712, 'stability': 'ST'}
{'file': 'orbit_p0.0600.bin', 'm_A (Msun)': 1.0, 'm_B (Msun)': 1.0, 'e': 0.7, 'apapse': False, 'm_P (Msun)': 0.028637827019079753, 'l (rad)': 0.0, 'a (AU)': 0.06, 't_stop (day)': 2582756.29681712, 'stability': 'ST'}
{'file': 'orbit_p0.0700.bin', 'm_A (Msun)': 1.0, 'm_B (Msun)': 1.0, 'e': 0.7, 'apapse': False, 'm_P (Msun)': 0.028637827019079753, 'l (rad)': 0.0, 'a (AU)': 0.06999999999999999, 't_stop (day)': 1110532.6425996155, 'stability': 'EJ'}
{'file': 'orbit_p0.0800.bin', 'm_A (Msun)': 1.0, 'm_B (Msun)': 1.0, 'e': 0.7, 'apapse': False, 'm_P (Msun)': 0.028637827019079753, 'l (rad)': 0.0, 'a (AU)': 0.08, 't_stop (day)': 78610.70871066127, 'stability': 'CA'}
{'file': 'orbit_a0.0400.bin', 'm_A (Msun)': 1.0, 'm_B (Msun)': 1.0, 'e': 0.7, 'apapse': True, 'm_P (Msun)': 0.028637827019079753, 'l (rad)': 0.0, 'a (AU)': 0.039999999999999994, 't_stop (day)': 2582756.29681712, 'stability': 'ST'}
{'file': 'orbit_a0.0500.bin', 'm_A (Msun)': 1.0, 'm_B (Msun)': 1.0, 'e': 0.7, 'apapse': True, 'm_P (Msun)': 0.028637827019079753, 'l (rad)': 0.0, 'a (AU)': 0.049999999999999996, 't_stop (day)': 2582756.29681712, 'stability': 'ST'}
{'file': 'orbit_a0.0600.bin', 'm_A (Msun)': 1.0, 'm_B (Msun)': 1.0, 'e': 0.7, 'apapse': True, 'm_P (Msun)': 0.028637827019079753, 'l (rad)': 0.0, 'a (AU)': 0.06, 't_stop (day)': 2582756.29681712, 'stability': 'ST'}
{'file': 'orbit_a0.0700.bin', 'm_A (Msun)': 1.0, 'm_B (Msun)': 1.0, 'e': 0.7, 'apapse': True, 'm_P (Msun)': 0.028637827019079753, 'l (rad)': 0.0, 'a (AU)': 0.06999999999999999, 't_stop (day)': 618177.2288369373, 'stability': 'CA'}
{'file': 'orbit_a0.0800.bin', 'm_A (Msun)': 1.0, 'm_B (Msun)': 1.0, 'e': 0.7, 'apapse': True, 'm_P (Msun)': 0.028637827019079753, 'l (rad)': 0.0, 'a (AU)': 0.08, 't_stop (day)': 96924.842963301, 'stability': 'CA'}
{'file': 'orbit_p0.0400.bin', 'm_A (Msun)': 1.0, 'm_B (Msun)': 1.0, 'e': 0.7, 'apapse': False, 'm_P (Msun)': 0.028637827019079753, 'l (rad)': 1.5707963267948966, 'a (AU)': 0.039999999999999994, 't_stop (day)': 2582756.29681712, 'stability': 'ST'}
{'file': 'orbit_p0.0500.bin', 'm_A (Msun)': 1.0, 'm_B (Msun)': 1.0, 'e': 0.7, 'apapse': False, 'm_P (Msun)': 0.028637827019079753, 'l (rad)': 1.5707963267948966, 'a (AU)': 0.049999999999999996, 't_stop (day)': 2582756.29681712, 'stability': 'ST'}
{'file': 'orbit_p0.0600.bin', 'm_A (Msun)': 1.0, 'm_B (Msun)': 1.0, 'e': 0.7, 'apapse': False, 'm_P (Msun)': 0.028637827019079753, 'l (rad)': 1.5707963267948966, 'a (AU)': 0.06, 't_stop (day)': 2582756.29681712, 'stability': 'ST'}
{'file': 'orbit_p0.0700.bin', 'm_A (Msun)': 1.0, 'm_B (Msun)': 1.0, 'e': 0.7, 'apapse': False, 'm_P (Msun)': 0.028637827019079753, 'l (rad)': 1.5707963267948966, 'a (AU)': 0.06999999999999999, 't_stop (day)': 199277.99622977397, 'stability': 'EJ'}
{'file': 'orbit_p0.0800.bin', 'm_A (Msun)': 1.0, 'm_B (Msun)': 1.0, 'e': 0.7, 'apapse': False, 'm_P (Msun)': 0.028637827019079753, 'l (rad)': 1.5707963267948966, 'a (AU)': 0.08, 't_stop (day)': 11442.131053076875, 'stability': 'CA'}
{'file': 'orbit_a0.0400.bin', 'm_A (Msun)': 1.0, 'm_B (Msun)': 1.0, 'e': 0.7, 'apapse': True, 'm_P (Msun)': 0.028637827019079753, 'l (rad)': 1.5707963267948966, 'a (AU)': 0.039999999999999994, 't_stop (day)': 2582756.29681712, 'stability': 'ST'}
{'file': 'orbit_a0.0500.bin', 'm_A (Msun)': 1.0, 'm_B (Msun)': 1.0, 'e': 0.7, 'apapse': True, 'm_P (Msun)': 0.028637827019079753, 'l (rad)': 1.5707963267948966, 'a (AU)': 0.049999999999999996, 't_stop (day)': 2582756.29681712, 'stability': 'ST'}
{'file': 'orbit_a0.0600.bin', 'm_A (Msun)': 1.0, 'm_B (Msun)': 1.0, 'e': 0.7, 'apapse': True, 'm_P (Msun)': 0.028637827019079753, 'l (rad)': 1.5707963267948966, 'a (AU)': 0.06, 't_stop (day)': 2582756.29681712, 'stability': 'ST'}
{'file': 'orbit_a0.0700.bin', 'm_A (Msun)': 1.0, 'm_B (Msun)': 1.0, 'e': 0.7, 'apapse': True, 'm_P (Msun)': 0.028637827019079753, 'l (rad)': 1.5707963267948966, 'a (AU)': 0.06999999999999999, 't_stop (day)': 1431958.6110380823, 'stability': 'CA'}
{'file': 'orbit_a0.0800.bin', 'm_A (Msun)': 1.0, 'm_B (Msun)': 1.0, 'e': 0.7, 'apapse': True, 'm_P (Msun)': 0.028637827019079753, 'l (rad)': 1.5707963267948966, 'a (AU)': 0.08, 't_stop (day)': 431203.17397369083, 'stability': 'CA'}
{'file': 'orbit_p0.0400.bin', 'm_A (Msun)': 1.0, 'm_B (Msun)': 1.0, 'e': 0.7, 'apapse': False, 'm_P (Msun)': 0.028637827019079753, 'l (rad)': 3.141592653589793, 'a (AU)': 0.039999999999999994, 't_stop (day)': 2582756.29681712, 'stability': 'ST'}
{'file': 'orbit_p0.0500.bin', 'm_A (Msun)': 1.0, 'm_B (Msun)': 1.0, 'e': 0.7, 'apapse': False, 'm_P (Msun)': 0.028637827019079753, 'l (rad)': 3.141592653589793, 'a (AU)': 0.049999999999999996, 't_stop (day)': 2582756.29681712, 'stability': 'ST'}
{'file': 'orbit_p0.0600.bin', 'm_A (Msun)': 1.0, 'm_B (Msun)': 1.0, 'e': 0.7, 'apapse': False, 'm_P (Msun)': 0.028637827019079753, 'l (rad)': 3.141592653589793, 'a (AU)': 0.06, 't_stop (day)': 2582756.29681712, 'stability': 'ST'}
{'file': 'orbit_p0.0700.bin', 'm_A (Msun)': 1.0, 'm_B (Msun)': 1.0, 'e': 0.7, 'apapse': False, 'm_P (Msun)': 0.028637827019079753, 'l (rad)': 3.141592653589793, 'a (AU)': 0.06999999999999999, 't_stop (day)': 2582756.29681712, 'stability': 'ST'}
{'file': 'orbit_p0.0800.bin', 'm_A (Msun)': 1.0, 'm_B (Msun)': 1.0, 'e': 0.7, 'apapse': False, 'm_P (Msun)': 0.028637827019079753, 'l (rad)': 3.141592653589793, 'a (AU)': 0.08, 't_stop (day)': 51461.06552245506, 'stability': 'CA'}
{'file': 'orbit_a0.0400.bin', 'm_A (Msun)': 1.0, 'm_B (Msun)': 1.0, 'e': 0.7, 'apapse': True, 'm_P (Msun)': 0.028637827019079753, 'l (rad)': 3.141592653589793, 'a (AU)': 0.039999999999999994, 't_stop (day)': 2582756.29681712, 'stability': 'ST'}
{'file': 'orbit_a0.0500.bin', 'm_A (Msun)': 1.0, 'm_B (Msun)': 1.0, 'e': 0.7, 'apapse': True, 'm_P (Msun)': 0.028637827019079753, 'l (rad)': 3.141592653589793, 'a (AU)': 0.049999999999999996, 't_stop (day)': 2582756.29681712, 'stability': 'ST'}
{'file': 'orbit_a0.0600.bin', 'm_A (Msun)': 1.0, 'm_B (Msun)': 1.0, 'e': 0.7, 'apapse': True, 'm_P (Msun)': 0.028637827019079753, 'l (rad)': 3.141592653589793, 'a (AU)': 0.06, 't_stop (day)': 2582756.29681712, 'stability': 'ST'}
{'file': 'orbit_a0.0700.bin', 'm_A (Msun)': 1.0, 'm_B (Msun)': 1.0, 'e': 0.7, 'apapse': True, 'm_P (Msun)': 0.028637827019079753, 'l (rad)': 3.141592653589793, 'a (AU)': 0.06999999999999999, 't_stop (day)': 2582756.29681712, 'stability': 'ST'}
{'file': 'orbit_a0.0800.bin', 'm_A (Msun)': 1.0, 'm_B (Msun)': 1.0, 'e': 0.7, 'apapse': True, 'm_P (Msun)': 0.028637827019079753, 'l (rad)': 3.141592653589793, 'a (AU)': 0.08, 't_stop (day)': 57002.48502239511, 'stability': 'CA'}
{'file': 'orbit_p0.0400.bin', 'm_A (Msun)': 1.0, 'm_B (Msun)': 1.0, 'e': 0.7, 'apapse': False, 'm_P (Msun)': 0.028637827019079753, 'l (rad)': 4.71238898038469, 'a (AU)': 0.039999999999999994, 't_stop (day)': 2582756.29681712, 'stability': 'ST'}
{'file': 'orbit_p0.0500.bin', 'm_A (Msun)': 1.0, 'm_B (Msun)': 1.0, 'e': 0.7, 'apapse': False, 'm_P (Msun)': 0.028637827019079753, 'l (rad)': 4.71238898038469, 'a (AU)': 0.049999999999999996, 't_stop (day)': 2582756.29681712, 'stability': 'ST'}
{'file': 'orbit_p0.0600.bin', 'm_A (Msun)': 1.0, 'm_B (Msun)': 1.0, 'e': 0.7, 'apapse': False, 'm_P (Msun)': 0.028637827019079753, 'l (rad)': 4.71238898038469, 'a (AU)': 0.06, 't_stop (day)': 2582756.29681712, 'stability': 'ST'}
{'file': 'orbit_p0.0700.bin', 'm_A (Msun)': 1.0, 'm_B (Msun)': 1.0, 'e': 0.7, 'apapse': False, 'm_P (Msun)': 0.028637827019079753, 'l (rad)': 4.71238898038469, 'a (AU)': 0.06999999999999999, 't_stop (day)': 810122.6699122452, 'stability': 'CA'}
{'file': 'orbit_p0.0800.bin', 'm_A (Msun)': 1.0, 'm_B (Msun)': 1.0, 'e': 0.7, 'apapse': False, 'm_P (Msun)': 0.028637827019079753, 'l (rad)': 4.71238898038469, 'a (AU)': 0.08, 't_stop (day)': 14483.733453865007, 'stability': 'CA'}
{'file': 'orbit_a0.0400.bin', 'm_A (Msun)': 1.0, 'm_B (Msun)': 1.0, 'e': 0.7, 'apapse': True, 'm_P (Msun)': 0.028637827019079753, 'l (rad)': 4.71238898038469, 'a (AU)': 0.039999999999999994, 't_stop (day)': 2582756.29681712, 'stability': 'ST'}
{'file': 'orbit_a0.0500.bin', 'm_A (Msun)': 1.0, 'm_B (Msun)': 1.0, 'e': 0.7, 'apapse': True, 'm_P (Msun)': 0.028637827019079753, 'l (rad)': 4.71238898038469, 'a (AU)': 0.049999999999999996, 't_stop (day)': 2582756.29681712, 'stability': 'ST'}
{'file': 'orbit_a0.0600.bin', 'm_A (Msun)': 1.0, 'm_B (Msun)': 1.0, 'e': 0.7, 'apapse': True, 'm_P (Msun)': 0.028637827019079753, 'l (rad)': 4.71238898038469, 'a (AU)': 0.06, 't_stop (day)': 2582756.29681712, 'stability': 'ST'}
{'file': 'orbit_a0.0700.bin', 'm_A (Msun)': 1.0, 'm_B (Msun)': 1.0, 'e': 0.7, 'apapse': True, 'm_P (Msun)': 0.028637827019079753, 'l (rad)': 4.71238898038469, 'a (AU)': 0.06999999999999999, 't_stop (day)': 321396.5726031413, 'stability': 'CA'}
{'file': 'orbit_a0.0800.bin', 'm_A (Msun)': 1.0, 'm_B (Msun)': 1.0, 'e': 0.7, 'apapse': True, 'm_P (Msun)': 0.028637827019079753, 'l (rad)': 4.71238898038469, 'a (AU)': 0.08, 't_stop (day)': 41621.176455301895, 'stability': 'CA'}
