{'file': 'orbit_p0.09.bin', 'm_A (Msun)': 1.0, 'm_B (Msun)': 9.000000000000002, 'e': 0.2, 'apapse': False, 'm_P (Msun)': 0.0, 'l (rad)': 0.0, 'a (AU)': 0.09, 't_stop (day)': 1155043.7297997407, 'stability': 'ST'}
{'file': 'orbit_p0.10.bin', 'm_A (Msun)': 1.0, 'm_B (Msun)': 9.000000000000002, 'e': 0.2, 'apapse': False, 'm_P (Msun)': 0.0, 'l (rad)': 0.0, 'a (AU)': 0.1, 't_stop (day)': 1155043.7297997407, 'stability': 'ST'}
{'file': 'orbit_p0.11.bin', 'm_A (Msun)': 1.0, 'm_B (Msun)': 9.000000000000002, 'e': 0.2, 'apapse': False, 'm_P (Msun)': 0.0, 'l (rad)': 0.0, 'a (AU)': 0.11, 't_stop (day)': 1155043.7297997407, 'stability': 'ST'}
{'file': 'orbit_p0.12.bin', 'm_A (Msun)': 1.0, 'm_B (Msun)': 9.000000000000002, 'e': 0.2, 'apapse': False, 'm_P (Msun)': 0.0, 'l (rad)': 0.0, 'a (AU)': 0.12, 't_stop (day)': 188760.8855319986, 'stability': 'CB'}
{'file': 'orbit_a0.09.bin', 'm_A (Msun)': 1.0, 'm_B (Msun)': 9.000000000000002, 'e': 0.2, 'apapse': True, 'm_P (Msun)': 0.0, 'l (rad)': 0.0, 'a (AU)': 0.09, 't_stop (day)': 1155043.7297997407, 'stability': 'ST'}
{'file': 'orbit_a0.10.bin', 'm_A (Msun)': 1.0, 'm_B (Msun)': 9.000000000000002, 'e': 0.2, 'apapse': True, 'm_P (Msun)': 0.0, 'l (rad)': 0.0, 'a (AU)': 0.1, 't_stop (day)': 1155043.7297997407, 'stability': 'ST'}
{'file': 'orbit_a0.11.bin', 'm_A (Msun)': 1.0, 'm_B (Msun)': 9.000000000000002, 'e': 0.2, 'apapse': True, 'm_P (Msun)': 0.0, 'l (rad)': 0.0, 'a (AU)': 0.11, 't_stop (day)': 1155043.7297997407, 'stability': 'ST'}
{'file': 'orbit_a0.12.bin', 'm_A (Msun)': 1.0, 'm_B (Msun)': 9.000000000000002, 'e': 0.2, 'apapse': True, 'm_P (Msun)': 0.0, 'l (rad)': 0.0, 'a (AU)': 0.12, 't_stop (day)': 25661.749382433536, 'stability': 'EJ'}
{'file': 'orbit_p0.09.bin', 'm_A (Msun)': 1.0, 'm_B (Msun)': 9.000000000000002, 'e': 0.2, 'apapse': False, 'm_P (Msun)': 0.0, 'l (rad)': 1.5707963267948966, 'a (AU)': 0.09, 't_stop (day)': 1155043.7297997407, 'stability': 'ST'}
{'file': 'orbit_p0.10.bin', 'm_A (Msun)': 1.0, 'm_B (Msun)': 9.000000000000002, 'e': 0.2, 'apapse': False, 'm_P (Msun)': 0.0, 'l (rad)': 1.5707963267948966, 'a (AU)': 0.1, 't_stop (day)': 1155043.7297997407, 'stability': 'ST'}
{'file': 'orbit_p0.11.bin', 'm_A (Msun)': 1.0, 'm_B (Msun)': 9.000000000000002, 'e': 0.2, 'apapse': False, 'm_P (Msun)': 0.0, 'l (rad)': 1.5707963267948966, 'a (AU)': 0.11, 't_stop (day)': 2233.0660834534283, 'stability': 'CA'}
{'file': 'orbit_p0.12.bin', 'm_A (Msun)': 1.0, 'm_B (Msun)': 9.000000000000002, 'e': 0.2, 'apapse': False, 'm_P (Msun)': 0.0, 'l (rad)': 1.5707963267948966, 'a (AU)': 0.12, 't_stop (day)': 20323.839834569964, 'stability': 'CA'}
{'file': 'orbit_a0.09.bin', 'm_A (Msun)': 1.0, 'm_B (Msun)': 9.000000000000002, 'e': 0.2, 'apapse': True, 'm_P (Msun)': 0.0, 'l (rad)': 1.5707963267948966, 'a (AU)': 0.09, 't_stop (day)': 1155043.7297997407, 'stability': 'ST'}
{'file': 'orbit_a0.10.bin', 'm_A (Msun)': 1.0, 'm_B (Msun)': 9.000000000000002, 'e': 0.2, 'apapse': True, 'm_P (Msun)': 0.0, 'l (rad)': 1.5707963267948966, 'a (AU)': 0.1, 't_stop (day)': 1155043.7297997407, 'stability': 'ST'}
{'file': 'orbit_a0.11.bin', 'm_A (Msun)': 1.0, 'm_B (Msun)': 9.000000000000002, 'e': 0.2, 'apapse': True, 'm_P (Msun)': 0.0, 'l (rad)': 1.5707963267948966, 'a (AU)': 0.11, 't_stop (day)': 28938.36778269118, 'stability': 'EJ'}
{'file': 'orbit_a0.12.bin', 'm_A (Msun)': 1.0, 'm_B (Msun)': 9.000000000000002, 'e': 0.2, 'apapse': True, 'm_P (Msun)': 0.0, 'l (rad)': 1.5707963267948966, 'a (AU)': 0.12, 't_stop (day)': 655.042560115763, 'stability': 'CA'}
{'file': 'orbit_p0.09.bin', 'm_A (Msun)': 1.0, 'm_B (Msun)': 9.000000000000002, 'e': 0.2, 'apapse': False, 'm_P (Msun)': 0.0, 'l (rad)': 3.141592653589793, 'a (AU)': 0.09, 't_stop (day)': 1155043.7297997407, 'stability': 'ST'}
{'file': 'orbit_p0.10.bin', 'm_A (Msun)': 1.0, 'm_B (Msun)': 9.000000000000002, 'e': 0.2, 'apapse': False, 'm_P (Msun)': 0.0, 'l (rad)': 3.141592653589793, 'a (AU)': 0.1, 't_stop (day)': 1155043.7297997407, 'stability': 'ST'}
{'file': 'orbit_p0.11.bin', 'm_A (Msun)': 1.0, 'm_B (Msun)': 9.000000000000002, 'e': 0.2, 'apapse': False, 'm_P (Msun)': 0.0, 'l (rad)': 3.141592653589793, 'a (AU)': 0.11, 't_stop (day)': 1155043.7297997407, 'stability': 'ST'}
{'file': 'orbit_p0.12.bin', 'm_A (Msun)': 1.0, 'm_B (Msun)': 9.000000000000002, 'e': 0.2, 'apapse': False, 'm_P (Msun)': 0.0, 'l (rad)': 3.141592653589793, 'a (AU)': 0.12, 't_stop (day)': 1155043.7297997407, 'stability': 'ST'}
{'file': 'orbit_a0.09.bin', 'm_A (Msun)': 1.0, 'm_B (Msun)': 9.000000000000002, 'e': 0.2, 'apapse': True, 'm_P (Msun)': 0.0, 'l (rad)': 3.141592653589793, 'a (AU)': 0.09, 't_stop (day)': 1155043.7297997407, 'stability': 'ST'}
{'file': 'orbit_a0.10.bin', 'm_A (Msun)': 1.0, 'm_B (Msun)': 9.000000000000002, 'e': 0.2, 'apapse': True, 'm_P (Msun)': 0.0, 'l (rad)': 3.141592653589793, 'a (AU)': 0.1, 't_stop (day)': 1155043.7297997407, 'stability': 'ST'}
{'file': 'orbit_a0.11.bin', 'm_A (Msun)': 1.0, 'm_B (Msun)': 9.000000000000002, 'e': 0.2, 'apapse': True, 'm_P (Msun)': 0.0, 'l (rad)': 3.141592653589793, 'a (AU)': 0.11, 't_stop (day)': 1155043.7297997407, 'stability': 'ST'}
{'file': 'orbit_a0.12.bin', 'm_A (Msun)': 1.0, 'm_B (Msun)': 9.000000000000002, 'e': 0.2, 'apapse': True, 'm_P (Msun)': 0.0, 'l (rad)': 3.141592653589793, 'a (AU)': 0.12, 't_stop (day)': 6918.391779271213, 'stability': 'EJ'}
{'file': 'orbit_p0.09.bin', 'm_A (Msun)': 1.0, 'm_B (Msun)': 9.000000000000002, 'e': 0.2, 'apapse': False, 'm_P (Msun)': 0.0, 'l (rad)': 4.71238898038469, 'a (AU)': 0.09, 't_stop (day)': 1155043.7297997407, 'stability': 'ST'}
{'file': 'orbit_p0.10.bin', 'm_A (Msun)': 1.0, 'm_B (Msun)': 9.000000000000002, 'e': 0.2, 'apapse': False, 'm_P (Msun)': 0.0, 'l (rad)': 4.71238898038469, 'a (AU)': 0.1, 't_stop (day)': 1155043.7297997407, 'stability': 'ST'}
{'file': 'orbit_p0.11.bin', 'm_A (Msun)': 1.0, 'm_B (Msun)': 9.000000000000002, 'e': 0.2, 'apapse': False, 'm_P (Msun)': 0.0, 'l (rad)': 4.71238898038469, 'a (AU)': 0.11, 't_stop (day)': 3142.47613759571, 'stability': 'CA'}
{'file': 'orbit_p0.12.bin', 'm_A (Msun)': 1.0, 'm_B (Msun)': 9.000000000000002, 'e': 0.2, 'apapse': False, 'm_P (Msun)': 0.0, 'l (rad)': 4.71238898038469, 'a (AU)': 0.12, 't_stop (day)': 19069.73257410482, 'stability': 'CA'}
{'file': 'orbit_a0.09.bin', 'm_A (Msun)': 1.0, 'm_B (Msun)': 9.000000000000002, 'e': 0.2, 'apapse': True, 'm_P (Msun)': 0.0, 'l (rad)': 4.71238898038469, 'a (AU)': 0.09, 't_stop (day)': 1155043.7297997407, 'stability': 'ST'}
{'file': 'orbit_a0.10.bin', 'm_A (Msun)': 1.0, 'm_B (Msun)': 9.000000000000002, 'e': 0.2, 'apapse': True, 'm_P (Msun)': 0.0, 'l (rad)': 4.71238898038469, 'a (AU)': 0.1, 't_stop (day)': 1155043.7297997407, 'stability': 'ST'}
{'file': 'orbit_a0.11.bin', 'm_A (Msun)': 1.0, 'm_B (Msun)': 9.000000000000002, 'e': 0.2, 'apapse': True, 'm_P (Msun)': 0.0, 'l (rad)': 4.71238898038469, 'a (AU)': 0.11, 't_stop (day)': 59108.46849922563, 'stability': 'CB'}
{'file': 'orbit_a0.12.bin', 'm_A (Msun)': 1.0, 'm_B (Msun)': 9.000000000000002, 'e': 0.2, 'apapse': True, 'm_P (Msun)': 0.0, 'l (rad)': 4.71238898038469, 'a (AU)': 0.12, 't_stop (day)': 879.4502883087165, 'stability': 'CA'}
