{'file': 'orbit_p0.0600.bin', 'm_A (Msun)': 1.0, 'm_B (Msun)': 0.25, 'e': 0.7, 'apapse': False, 'm_P (Msun)': 0.000954594233969325, 'l (rad)': 0.0, 'a (AU)': 0.06, 't_stop (day)': 3266957.015633596, 'stability': 'ST'}
{'file': 'orbit_p0.0700.bin', 'm_A (Msun)': 1.0, 'm_B (Msun)': 0.25, 'e': 0.7, 'apapse': False, 'm_P (Msun)': 0.000954594233969325, 'l (rad)': 0.0, 'a (AU)': 0.07, 't_stop (day)': 3266957.015633596, 'stability': 'ST'}
{'file': 'orbit_p0.0800.bin', 'm_A (Msun)': 1.0, 'm_B (Msun)': 0.25, 'e': 0.7, 'apapse': False, 'm_P (Msun)': 0.000954594233969325, 'l (rad)': 0.0, 'a (AU)': 0.08, 't_stop (day)': 3266957.015633596, 'stability': 'ST'}
{'file': 'orbit_p0.0900.bin', 'm_A (Msun)': 1.0, 'm_B (Msun)': 0.25, 'e': 0.7, 'apapse': False, 'm_P (Msun)': 0.000954594233969325, 'l (rad)': 0.0, 'a (AU)': 0.09, 't_stop (day)': 3266957.015633596, 'stability': 'ST'}
{'file': 'orbit_p0.1000.bin', 'm_A (Msun)': 1.0, 'm_B (Msun)': 0.25, 'e': 0.7, 'apapse': False, 'm_P (Msun)': 0.000954594233969325, 'l (rad)': 0.0, 'a (AU)': 0.1, 't_stop (day)': 155974.5937462524, 'stability': 'CA'}
{'file': 'orbit_a0.0600.bin', 'm_A (Msun)': 1.0, 'm_B (Msun)': 0.25, 'e': 0.7, 'apapse': True, 'm_P (Msun)': 0.000954594233969325, 'l (rad)': 0.0, 'a (AU)': 0.06, 't_stop (day)': 3266957.015633596, 'stability': 'ST'}
{'file': 'orbit_a0.0700.bin', 'm_A (Msun)': 1.0, 'm_B (Msun)': 0.25, 'e': 0.7, 'apapse': True, 'm_P (Msun)': 0.000954594233969325, 'l (rad)': 0.0, 'a (AU)': 0.07, 't_stop (day)': 3266957.015633596, 'stability': 'ST'}
{'file': 'orbit_a0.0800.bin', 'm_A (Msun)': 1.0, 'm_B (Msun)': 0.25, 'e': 0.7, 'apapse': True, 'm_P (Msun)': 0.000954594233969325, 'l (rad)': 0.0, 'a (AU)': 0.08, 't_stop (day)': 3266957.015633596, 'stability': 'ST'}
{'file': 'orbit_a0.0900.bin', 'm_A (Msun)': 1.0, 'm_B (Msun)': 0.25, 'e': 0.7, 'apapse': True, 'm_P (Msun)': 0.000954594233969325, 'l (rad)': 0.0, 'a (AU)': 0.09, 't_stop (day)': 2243521.5148813548, 'stability': 'CA'}
{'file': 'orbit_a0.1000.bin', 'm_A (Msun)': 1.0, 'm_B (Msun)': 0.25, 'e': 0.7, 'apapse': True, 'm_P (Msun)': 0.000954594233969325, 'l (rad)': 0.0, 'a (AU)': 0.1, 't_stop (day)': 52589.32732057193, 'stability': 'CA'}
{'file': 'orbit_p0.0600.bin', 'm_A (Msun)': 1.0, 'm_B (Msun)': 0.25, 'e': 0.7, 'apapse': False, 'm_P (Msun)': 0.000954594233969325, 'l (rad)': 1.5707963267948966, 'a (AU)': 0.06, 't_stop (day)': 3266957.015633596, 'stability': 'ST'}
{'file': 'orbit_p0.0700.bin', 'm_A (Msun)': 1.0, 'm_B (Msun)': 0.25, 'e': 0.7, 'apapse': False, 'm_P (Msun)': 0.000954594233969325, 'l (rad)': 1.5707963267948966, 'a (AU)': 0.07, 't_stop (day)': 3266957.015633596, 'stability': 'ST'}
{'file': 'orbit_p0.0800.bin', 'm_A (Msun)': 1.0, 'm_B (Msun)': 0.25, 'e': 0.7, 'apapse': False, 'm_P (Msun)': 0.000954594233969325, 'l (rad)': 1.5707963267948966, 'a (AU)': 0.08, 't_stop (day)': 3266957.015633596, 'stability': 'ST'}
{'file': 'orbit_p0.0900.bin', 'm_A (Msun)': 1.0, 'm_B (Msun)': 0.25, 'e': 0.7, 'apapse': False, 'm_P (Msun)': 0.000954594233969325, 'l (rad)': 1.5707963267948966, 'a (AU)': 0.09, 't_stop (day)': 2271775.5516896355, 'stability': 'CA'}
{'file': 'orbit_p0.1000.bin', 'm_A (Msun)': 1.0, 'm_B (Msun)': 0.25, 'e': 0.7, 'apapse': False, 'm_P (Msun)': 0.000954594233969325, 'l (rad)': 1.5707963267948966, 'a (AU)': 0.1, 't_stop (day)': 244901.81507064242, 'stability': 'CA'}
{'file': 'orbit_a0.0600.bin', 'm_A (Msun)': 1.0, 'm_B (Msun)': 0.25, 'e': 0.7, 'apapse': True, 'm_P (Msun)': 0.000954594233969325, 'l (rad)': 1.5707963267948966, 'a (AU)': 0.06, 't_stop (day)': 3266957.015633596, 'stability': 'ST'}
{'file': 'orbit_a0.0700.bin', 'm_A (Msun)': 1.0, 'm_B (Msun)': 0.25, 'e': 0.7, 'apapse': True, 'm_P (Msun)': 0.000954594233969325, 'l (rad)': 1.5707963267948966, 'a (AU)': 0.07, 't_stop (day)': 3266957.015633596, 'stability': 'ST'}
{'file': 'orbit_a0.0800.bin', 'm_A (Msun)': 1.0, 'm_B (Msun)': 0.25, 'e': 0.7, 'apapse': True, 'm_P (Msun)': 0.000954594233969325, 'l (rad)': 1.5707963267948966, 'a (AU)': 0.08, 't_stop (day)': 3266957.015633596, 'stability': 'ST'}
{'file': 'orbit_a0.0900.bin', 'm_A (Msun)': 1.0, 'm_B (Msun)': 0.25, 'e': 0.7, 'apapse': True, 'm_P (Msun)': 0.000954594233969325, 'l (rad)': 1.5707963267948966, 'a (AU)': 0.09, 't_stop (day)': 683742.1541598829, 'stability': 'CA'}
{'file': 'orbit_a0.1000.bin', 'm_A (Msun)': 1.0, 'm_B (Msun)': 0.25, 'e': 0.7, 'apapse': True, 'm_P (Msun)': 0.000954594233969325, 'l (rad)': 1.5707963267948966, 'a (AU)': 0.1, 't_stop (day)': 281807.35979764134, 'stability': 'CA'}
{'file': 'orbit_p0.0600.bin', 'm_A (Msun)': 1.0, 'm_B (Msun)': 0.25, 'e': 0.7, 'apapse': False, 'm_P (Msun)': 0.000954594233969325, 'l (rad)': 3.141592653589793, 'a (AU)': 0.06, 't_stop (day)': 3266957.015633596, 'stability': 'ST'}
{'file': 'orbit_p0.0700.bin', 'm_A (Msun)': 1.0, 'm_B (Msun)': 0.25, 'e': 0.7, 'apapse': False, 'm_P (Msun)': 0.000954594233969325, 'l (rad)': 3.141592653589793, 'a (AU)': 0.07, 't_stop (day)': 3266957.015633596, 'stability': 'ST'}
{'file': 'orbit_p0.0800.bin', 'm_A (Msun)': 1.0, 'm_B (Msun)': 0.25, 'e': 0.7, 'apapse': False, 'm_P (Msun)': 0.000954594233969325, 'l (rad)': 3.141592653589793, 'a (AU)': 0.08, 't_stop (day)': 3266957.015633596, 'stability': 'ST'}
{'file': 'orbit_p0.0900.bin', 'm_A (Msun)': 1.0, 'm_B (Msun)': 0.25, 'e': 0.7, 'apapse': False, 'm_P (Msun)': 0.000954594233969325, 'l (rad)': 3.141592653589793, 'a (AU)': 0.09, 't_stop (day)': 1267352.7531307554, 'stability': 'CA'}
{'file': 'orbit_p0.1000.bin', 'm_A (Msun)': 1.0, 'm_B (Msun)': 0.25, 'e': 0.7, 'apapse': False, 'm_P (Msun)': 0.000954594233969325, 'l (rad)': 3.141592653589793, 'a (AU)': 0.1, 't_stop (day)': 91741.60027374726, 'stability': 'CA'}
{'file': 'orbit_a0.0600.bin', 'm_A (Msun)': 1.0, 'm_B (Msun)': 0.25, 'e': 0.7, 'apapse': True, 'm_P (Msun)': 0.000954594233969325, 'l (rad)': 3.141592653589793, 'a (AU)': 0.06, 't_stop (day)': 3266957.015633596, 'stability': 'ST'}
{'file': 'orbit_a0.0700.bin', 'm_A (Msun)': 1.0, 'm_B (Msun)': 0.25, 'e': 0.7, 'apapse': True, 'm_P (Msun)': 0.000954594233969325, 'l (rad)': 3.141592653589793, 'a (AU)': 0.07, 't_stop (day)': 3266957.015633596, 'stability': 'ST'}
{'file': 'orbit_a0.0800.bin', 'm_A (Msun)': 1.0, 'm_B (Msun)': 0.25, 'e': 0.7, 'apapse': True, 'm_P (Msun)': 0.000954594233969325, 'l (rad)': 3.141592653589793, 'a (AU)': 0.08, 't_stop (day)': 3266957.015633596, 'stability': 'ST'}
{'file': 'orbit_a0.0900.bin', 'm_A (Msun)': 1.0, 'm_B (Msun)': 0.25, 'e': 0.7, 'apapse': True, 'm_P (Msun)': 0.000954594233969325, 'l (rad)': 3.141592653589793, 'a (AU)': 0.09, 't_stop (day)': 2735144.349630971, 'stability': 'CA'}
{'file': 'orbit_a0.1000.bin', 'm_A (Msun)': 1.0, 'm_B (Msun)': 0.25, 'e': 0.7, 'apapse': True, 'm_P (Msun)': 0.000954594233969325, 'l (rad)': 3.141592653589793, 'a (AU)': 0.1, 't_stop (day)': 120592.2399106186, 'stability': 'CA'}
{'file': 'orbit_p0.0600.bin', 'm_A (Msun)': 1.0, 'm_B (Msun)': 0.25, 'e': 0.7, 'apapse': False, 'm_P (Msun)': 0.000954594233969325, 'l (rad)': 4.71238898038469, 'a (AU)': 0.06, 't_stop (day)': 3266957.015633596, 'stability': 'ST'}
{'file': 'orbit_p0.0700.bin', 'm_A (Msun)': 1.0, 'm_B (Msun)': 0.25, 'e': 0.7, 'apapse': False, 'm_P (Msun)': 0.000954594233969325, 'l (rad)': 4.71238898038469, 'a (AU)': 0.07, 't_stop (day)': 3266957.015633596, 'stability': 'ST'}
{'file': 'orbit_p0.0800.bin', 'm_A (Msun)': 1.0, 'm_B (Msun)': 0.25, 'e': 0.7, 'apapse': False, 'm_P (Msun)': 0.000954594233969325, 'l (rad)': 4.71238898038469, 'a (AU)': 0.08, 't_stop (day)': 3266957.015633596, 'stability': 'ST'}
{'file': 'orbit_p0.0900.bin', 'm_A (Msun)': 1.0, 'm_B (Msun)': 0.25, 'e': 0.7, 'apapse': False, 'm_P (Msun)': 0.000954594233969325, 'l (rad)': 4.71238898038469, 'a (AU)': 0.09, 't_stop (day)': 925562.5016700455, 'stability': 'CA'}
{'file': 'orbit_p0.1000.bin', 'm_A (Msun)': 1.0, 'm_B (Msun)': 0.25, 'e': 0.7, 'apapse': False, 'm_P (Msun)': 0.000954594233969325, 'l (rad)': 4.71238898038469, 'a (AU)': 0.1, 't_stop (day)': 487901.92102821317, 'stability': 'EJ'}
{'file': 'orbit_a0.0600.bin', 'm_A (Msun)': 1.0, 'm_B (Msun)': 0.25, 'e': 0.7, 'apapse': True, 'm_P (Msun)': 0.000954594233969325, 'l (rad)': 4.71238898038469, 'a (AU)': 0.06, 't_stop (day)': 3266957.015633596, 'stability': 'ST'}
{'file': 'orbit_a0.0700.bin', 'm_A (Msun)': 1.0, 'm_B (Msun)': 0.25, 'e': 0.7, 'apapse': True, 'm_P (Msun)': 0.000954594233969325, 'l (rad)': 4.71238898038469, 'a (AU)': 0.07, 't_stop (day)': 3266957.015633596, 'stability': 'ST'}
{'file': 'orbit_a0.0800.bin', 'm_A (Msun)': 1.0, 'm_B (Msun)': 0.25, 'e': 0.7, 'apapse': True, 'm_P (Msun)': 0.000954594233969325, 'l (rad)': 4.71238898038469, 'a (AU)': 0.08, 't_stop (day)': 3266957.015633596, 'stability': 'ST'}
{'file': 'orbit_a0.0900.bin', 'm_A (Msun)': 1.0, 'm_B (Msun)': 0.25, 'e': 0.7, 'apapse': True, 'm_P (Msun)': 0.000954594233969325, 'l (rad)': 4.71238898038469, 'a (AU)': 0.09, 't_stop (day)': 1807928.5829723207, 'stability': 'CA'}
{'file': 'orbit_a0.1000.bin', 'm_A (Msun)': 1.0, 'm_B (Msun)': 0.25, 'e': 0.7, 'apapse': True, 'm_P (Msun)': 0.000954594233969325, 'l (rad)': 4.71238898038469, 'a (AU)': 0.1, 't_stop (day)': 218621.0732657999, 'stability': 'EJ'}
