{'file': 'orbit_p0.2100.bin', 'm_A (Msun)': 1.0, 'm_B (Msun)': 1.5, 'e': 0.0, 'apapse': False, 'm_P (Msun)': 0.000954594233969325, 'l (rad)': 0.0, 'a (AU)': 0.21000000000000002, 't_stop (day)': 2310087.4595994814, 'stability': 'ST'}
{'file': 'orbit_p0.2200.bin', 'm_A (Msun)': 1.0, 'm_B (Msun)': 1.5, 'e': 0.0, 'apapse': False, 'm_P (Msun)': 0.000954594233969325, 'l (rad)': 0.0, 'a (AU)': 0.22, 't_stop (day)': 2310087.4595994814, 'stability': 'ST'}
{'file': 'orbit_p0.2300.bin', 'm_A (Msun)': 1.0, 'm_B (Msun)': 1.5, 'e': 0.0, 'apapse': False, 'm_P (Msun)': 0.000954594233969325, 'l (rad)': 0.0, 'a (AU)': 0.23, 't_stop (day)': 2310087.4595994814, 'stability': 'ST'}
{'file': 'orbit_p0.2400.bin', 'm_A (Msun)': 1.0, 'm_B (Msun)': 1.5, 'e': 0.0, 'apapse': False, 'm_P (Msun)': 0.000954594233969325, 'l (rad)': 0.0, 'a (AU)': 0.24000000000000002, 't_stop (day)': 2310087.4595994814, 'stability': 'ST'}
{'file': 'orbit_p0.2500.bin', 'm_A (Msun)': 1.0, 'm_B (Msun)': 1.5, 'e': 0.0, 'apapse': False, 'm_P (Msun)': 0.000954594233969325, 'l (rad)': 0.0, 'a (AU)': 0.25, 't_stop (day)': 2310087.4595994814, 'stability': 'ST'}
{'file': 'orbit_a0.2100.bin', 'm_A (Msun)': 1.0, 'm_B (Msun)': 1.5, 'e': 0.0, 'apapse': True, 'm_P (Msun)': 0.000954594233969325, 'l (rad)': 0.0, 'a (AU)': 0.21000000000000002, 't_stop (day)': 2310087.4595994814, 'stability': 'ST'}
{'file': 'orbit_a0.2200.bin', 'm_A (Msun)': 1.0, 'm_B (Msun)': 1.5, 'e': 0.0, 'apapse': True, 'm_P (Msun)': 0.000954594233969325, 'l (rad)': 0.0, 'a (AU)': 0.22, 't_stop (day)': 2310087.4595994814, 'stability': 'ST'}
{'file': 'orbit_a0.2300.bin', 'm_A (Msun)': 1.0, 'm_B (Msun)': 1.5, 'e': 0.0, 'apapse': True, 'm_P (Msun)': 0.000954594233969325, 'l (rad)': 0.0, 'a (AU)': 0.23, 't_stop (day)': 2310087.4595994814, 'stability': 'ST'}
{'file': 'orbit_a0.2400.bin', 'm_A (Msun)': 1.0, 'm_B (Msun)': 1.5, 'e': 0.0, 'apapse': True, 'm_P (Msun)': 0.000954594233969325, 'l (rad)': 0.0, 'a (AU)': 0.24000000000000002, 't_stop (day)': 2310087.4595994814, 'stability': 'ST'}
{'file': 'orbit_a0.2500.bin', 'm_A (Msun)': 1.0, 'm_B (Msun)': 1.5, 'e': 0.0, 'apapse': True, 'm_P (Msun)': 0.000954594233969325, 'l (rad)': 0.0, 'a (AU)': 0.25, 't_stop (day)': 2310087.4595994814, 'stability': 'ST'}
{'file': 'orbit_p0.2100.bin', 'm_A (Msun)': 1.0, 'm_B (Msun)': 1.5, 'e': 0.0, 'apapse': False, 'm_P (Msun)': 0.000954594233969325, 'l (rad)': 1.5707963267948966, 'a (AU)': 0.21000000000000002, 't_stop (day)': 2310087.4595994814, 'stability': 'ST'}
{'file': 'orbit_p0.2200.bin', 'm_A (Msun)': 1.0, 'm_B (Msun)': 1.5, 'e': 0.0, 'apapse': False, 'm_P (Msun)': 0.000954594233969325, 'l (rad)': 1.5707963267948966, 'a (AU)': 0.22, 't_stop (day)': 2310087.4595994814, 'stability': 'ST'}
{'file': 'orbit_p0.2300.bin', 'm_A (Msun)': 1.0, 'm_B (Msun)': 1.5, 'e': 0.0, 'apapse': False, 'm_P (Msun)': 0.000954594233969325, 'l (rad)': 1.5707963267948966, 'a (AU)': 0.23, 't_stop (day)': 2310087.4595994814, 'stability': 'ST'}
{'file': 'orbit_p0.2400.bin', 'm_A (Msun)': 1.0, 'm_B (Msun)': 1.5, 'e': 0.0, 'apapse': False, 'm_P (Msun)': 0.000954594233969325, 'l (rad)': 1.5707963267948966, 'a (AU)': 0.24000000000000002, 't_stop (day)': 1973.8589073099004, 'stability': 'CB'}
{'file': 'orbit_p0.2500.bin', 'm_A (Msun)': 1.0, 'm_B (Msun)': 1.5, 'e': 0.0, 'apapse': False, 'm_P (Msun)': 0.000954594233969325, 'l (rad)': 1.5707963267948966, 'a (AU)': 0.25, 't_stop (day)': 4742.24712947354, 'stability': 'CB'}
{'file': 'orbit_a0.2100.bin', 'm_A (Msun)': 1.0, 'm_B (Msun)': 1.5, 'e': 0.0, 'apapse': True, 'm_P (Msun)': 0.000954594233969325, 'l (rad)': 1.5707963267948966, 'a (AU)': 0.21000000000000002, 't_stop (day)': 2310087.4595994814, 'stability': 'ST'}
{'file': 'orbit_a0.2200.bin', 'm_A (Msun)': 1.0, 'm_B (Msun)': 1.5, 'e': 0.0, 'apapse': True, 'm_P (Msun)': 0.000954594233969325, 'l (rad)': 1.5707963267948966, 'a (AU)': 0.22, 't_stop (day)': 2310087.4595994814, 'stability': 'ST'}
{'file': 'orbit_a0.2300.bin', 'm_A (Msun)': 1.0, 'm_B (Msun)': 1.5, 'e': 0.0, 'apapse': True, 'm_P (Msun)': 0.000954594233969325, 'l (rad)': 1.5707963267948966, 'a (AU)': 0.23, 't_stop (day)': 2310087.4595994814, 'stability': 'ST'}
{'file': 'orbit_a0.2400.bin', 'm_A (Msun)': 1.0, 'm_B (Msun)': 1.5, 'e': 0.0, 'apapse': True, 'm_P (Msun)': 0.000954594233969325, 'l (rad)': 1.5707963267948966, 'a (AU)': 0.24000000000000002, 't_stop (day)': 595.1030610085874, 'stability': 'CB'}
{'file': 'orbit_a0.2500.bin', 'm_A (Msun)': 1.0, 'm_B (Msun)': 1.5, 'e': 0.0, 'apapse': True, 'm_P (Msun)': 0.000954594233969325, 'l (rad)': 1.5707963267948966, 'a (AU)': 0.25, 't_stop (day)': 666.8593654249986, 'stability': 'CA'}
{'file': 'orbit_p0.2100.bin', 'm_A (Msun)': 1.0, 'm_B (Msun)': 1.5, 'e': 0.0, 'apapse': False, 'm_P (Msun)': 0.000954594233969325, 'l (rad)': 3.141592653589793, 'a (AU)': 0.21000000000000002, 't_stop (day)': 2310087.4595994814, 'stability': 'ST'}
{'file': 'orbit_p0.2200.bin', 'm_A (Msun)': 1.0, 'm_B (Msun)': 1.5, 'e': 0.0, 'apapse': False, 'm_P (Msun)': 0.000954594233969325, 'l (rad)': 3.141592653589793, 'a (AU)': 0.22, 't_stop (day)': 2310087.4595994814, 'stability': 'ST'}
{'file': 'orbit_p0.2300.bin', 'm_A (Msun)': 1.0, 'm_B (Msun)': 1.5, 'e': 0.0, 'apapse': False, 'm_P (Msun)': 0.000954594233969325, 'l (rad)': 3.141592653589793, 'a (AU)': 0.23, 't_stop (day)': 2310087.4595994814, 'stability': 'ST'}
{'file': 'orbit_p0.2400.bin', 'm_A (Msun)': 1.0, 'm_B (Msun)': 1.5, 'e': 0.0, 'apapse': False, 'm_P (Msun)': 0.000954594233969325, 'l (rad)': 3.141592653589793, 'a (AU)': 0.24000000000000002, 't_stop (day)': 2310087.4595994814, 'stability': 'ST'}
{'file': 'orbit_p0.2500.bin', 'm_A (Msun)': 1.0, 'm_B (Msun)': 1.5, 'e': 0.0, 'apapse': False, 'm_P (Msun)': 0.000954594233969325, 'l (rad)': 3.141592653589793, 'a (AU)': 0.25, 't_stop (day)': 2310087.4595994814, 'stability': 'ST'}
{'file': 'orbit_a0.2100.bin', 'm_A (Msun)': 1.0, 'm_B (Msun)': 1.5, 'e': 0.0, 'apapse': True, 'm_P (Msun)': 0.000954594233969325, 'l (rad)': 3.141592653589793, 'a (AU)': 0.21000000000000002, 't_stop (day)': 2310087.4595994814, 'stability': 'ST'}
{'file': 'orbit_a0.2200.bin', 'm_A (Msun)': 1.0, 'm_B (Msun)': 1.5, 'e': 0.0, 'apapse': True, 'm_P (Msun)': 0.000954594233969325, 'l (rad)': 3.141592653589793, 'a (AU)': 0.22, 't_stop (day)': 2310087.4595994814, 'stability': 'ST'}
{'file': 'orbit_a0.2300.bin', 'm_A (Msun)': 1.0, 'm_B (Msun)': 1.5, 'e': 0.0, 'apapse': True, 'm_P (Msun)': 0.000954594233969325, 'l (rad)': 3.141592653589793, 'a (AU)': 0.23, 't_stop (day)': 2310087.4595994814, 'stability': 'ST'}
{'file': 'orbit_a0.2400.bin', 'm_A (Msun)': 1.0, 'm_B (Msun)': 1.5, 'e': 0.0, 'apapse': True, 'm_P (Msun)': 0.000954594233969325, 'l (rad)': 3.141592653589793, 'a (AU)': 0.24000000000000002, 't_stop (day)': 2310087.4595994814, 'stability': 'ST'}
{'file': 'orbit_a0.2500.bin', 'm_A (Msun)': 1.0, 'm_B (Msun)': 1.5, 'e': 0.0, 'apapse': True, 'm_P (Msun)': 0.000954594233969325, 'l (rad)': 3.141592653589793, 'a (AU)': 0.25, 't_stop (day)': 2310087.4595994814, 'stability': 'ST'}
{'file': 'orbit_p0.2100.bin', 'm_A (Msun)': 1.0, 'm_B (Msun)': 1.5, 'e': 0.0, 'apapse': False, 'm_P (Msun)': 0.000954594233969325, 'l (rad)': 4.71238898038469, 'a (AU)': 0.21000000000000002, 't_stop (day)': 2310087.4595994814, 'stability': 'ST'}
{'file': 'orbit_p0.2200.bin', 'm_A (Msun)': 1.0, 'm_B (Msun)': 1.5, 'e': 0.0, 'apapse': False, 'm_P (Msun)': 0.000954594233969325, 'l (rad)': 4.71238898038469, 'a (AU)': 0.22, 't_stop (day)': 2310087.4595994814, 'stability': 'ST'}
{'file': 'orbit_p0.2300.bin', 'm_A (Msun)': 1.0, 'm_B (Msun)': 1.5, 'e': 0.0, 'apapse': False, 'm_P (Msun)': 0.000954594233969325, 'l (rad)': 4.71238898038469, 'a (AU)': 0.23, 't_stop (day)': 2310087.4595994814, 'stability': 'ST'}
{'file': 'orbit_p0.2400.bin', 'm_A (Msun)': 1.0, 'm_B (Msun)': 1.5, 'e': 0.0, 'apapse': False, 'm_P (Msun)': 0.000954594233969325, 'l (rad)': 4.71238898038469, 'a (AU)': 0.24000000000000002, 't_stop (day)': 595.1030384815659, 'stability': 'CB'}
{'file': 'orbit_p0.2500.bin', 'm_A (Msun)': 1.0, 'm_B (Msun)': 1.5, 'e': 0.0, 'apapse': False, 'm_P (Msun)': 0.000954594233969325, 'l (rad)': 4.71238898038469, 'a (AU)': 0.25, 't_stop (day)': 666.8593592632938, 'stability': 'CA'}
{'file': 'orbit_a0.2100.bin', 'm_A (Msun)': 1.0, 'm_B (Msun)': 1.5, 'e': 0.0, 'apapse': True, 'm_P (Msun)': 0.000954594233969325, 'l (rad)': 4.71238898038469, 'a (AU)': 0.21000000000000002, 't_stop (day)': 2310087.4595994814, 'stability': 'ST'}
{'file': 'orbit_a0.2200.bin', 'm_A (Msun)': 1.0, 'm_B (Msun)': 1.5, 'e': 0.0, 'apapse': True, 'm_P (Msun)': 0.000954594233969325, 'l (rad)': 4.71238898038469, 'a (AU)': 0.22, 't_stop (day)': 2310087.4595994814, 'stability': 'ST'}
{'file': 'orbit_a0.2300.bin', 'm_A (Msun)': 1.0, 'm_B (Msun)': 1.5, 'e': 0.0, 'apapse': True, 'm_P (Msun)': 0.000954594233969325, 'l (rad)': 4.71238898038469, 'a (AU)': 0.23, 't_stop (day)': 2310087.4595994814, 'stability': 'ST'}
{'file': 'orbit_a0.2400.bin', 'm_A (Msun)': 1.0, 'm_B (Msun)': 1.5, 'e': 0.0, 'apapse': True, 'm_P (Msun)': 0.000954594233969325, 'l (rad)': 4.71238898038469, 'a (AU)': 0.24000000000000002, 't_stop (day)': 1973.8589222131234, 'stability': 'CB'}
{'file': 'orbit_a0.2500.bin', 'm_A (Msun)': 1.0, 'm_B (Msun)': 1.5, 'e': 0.0, 'apapse': True, 'm_P (Msun)': 0.000954594233969325, 'l (rad)': 4.71238898038469, 'a (AU)': 0.25, 't_stop (day)': 5715.902769616502, 'stability': 'CB'}
