{'file': 'orbit_p0.0900.bin', 'm_A (Msun)': 1.0, 'm_B (Msun)': 2.333333333333333, 'e': 0.4, 'apapse': False, 'm_P (Msun)': 0.028637827019079753, 'l (rad)': 0.0, 'a (AU)': 0.09, 't_stop (day)': 2000594.4249770092, 'stability': 'ST'}
{'file': 'orbit_p0.1000.bin', 'm_A (Msun)': 1.0, 'm_B (Msun)': 2.333333333333333, 'e': 0.4, 'apapse': False, 'm_P (Msun)': 0.028637827019079753, 'l (rad)': 0.0, 'a (AU)': 0.1, 't_stop (day)': 2000594.4249770092, 'stability': 'ST'}
{'file': 'orbit_p0.1100.bin', 'm_A (Msun)': 1.0, 'm_B (Msun)': 2.333333333333333, 'e': 0.4, 'apapse': False, 'm_P (Msun)': 0.028637827019079753, 'l (rad)': 0.0, 'a (AU)': 0.11, 't_stop (day)': 2000594.4249770092, 'stability': 'ST'}
{'file': 'orbit_p0.1200.bin', 'm_A (Msun)': 1.0, 'm_B (Msun)': 2.333333333333333, 'e': 0.4, 'apapse': False, 'm_P (Msun)': 0.028637827019079753, 'l (rad)': 0.0, 'a (AU)': 0.12, 't_stop (day)': 2000594.4249770092, 'stability': 'ST'}
{'file': 'orbit_p0.1300.bin', 'm_A (Msun)': 1.0, 'm_B (Msun)': 2.333333333333333, 'e': 0.4, 'apapse': False, 'm_P (Msun)': 0.028637827019079753, 'l (rad)': 0.0, 'a (AU)': 0.13, 't_stop (day)': 2000594.4249770092, 'stability': 'ST'}
{'file': 'orbit_a0.0900.bin', 'm_A (Msun)': 1.0, 'm_B (Msun)': 2.333333333333333, 'e': 0.4, 'apapse': True, 'm_P (Msun)': 0.028637827019079753, 'l (rad)': 0.0, 'a (AU)': 0.09, 't_stop (day)': 2000594.4249770092, 'stability': 'ST'}
{'file': 'orbit_a0.1000.bin', 'm_A (Msun)': 1.0, 'm_B (Msun)': 2.333333333333333, 'e': 0.4, 'apapse': True, 'm_P (Msun)': 0.028637827019079753, 'l (rad)': 0.0, 'a (AU)': 0.1, 't_stop (day)': 2000594.4249770092, 'stability': 'ST'}
{'file': 'orbit_a0.1100.bin', 'm_A (Msun)': 1.0, 'm_B (Msun)': 2.333333333333333, 'e': 0.4, 'apapse': True, 'm_P (Msun)': 0.028637827019079753, 'l (rad)': 0.0, 'a (AU)': 0.11, 't_stop (day)': 2000594.4249770092, 'stability': 'ST'}
{'file': 'orbit_a0.1200.bin', 'm_A (Msun)': 1.0, 'm_B (Msun)': 2.333333333333333, 'e': 0.4, 'apapse': True, 'm_P (Msun)': 0.028637827019079753, 'l (rad)': 0.0, 'a (AU)': 0.12, 't_stop (day)': 2000594.4249770092, 'stability': 'ST'}
{'file': 'orbit_a0.1300.bin', 'm_A (Msun)': 1.0, 'm_B (Msun)': 2.333333333333333, 'e': 0.4, 'apapse': True, 'm_P (Msun)': 0.028637827019079753, 'l (rad)': 0.0, 'a (AU)': 0.13, 't_stop (day)': 1402900.3425195953, 'stability': 'CA'}
{'file': 'orbit_p0.0900.bin', 'm_A (Msun)': 1.0, 'm_B (Msun)': 2.333333333333333, 'e': 0.4, 'apapse': False, 'm_P (Msun)': 0.028637827019079753, 'l (rad)': 1.5707963267948966, 'a (AU)': 0.09, 't_stop (day)': 2000594.4249770092, 'stability': 'ST'}
{'file': 'orbit_p0.1000.bin', 'm_A (Msun)': 1.0, 'm_B (Msun)': 2.333333333333333, 'e': 0.4, 'apapse': False, 'm_P (Msun)': 0.028637827019079753, 'l (rad)': 1.5707963267948966, 'a (AU)': 0.1, 't_stop (day)': 2000594.4249770092, 'stability': 'ST'}
{'file': 'orbit_p0.1100.bin', 'm_A (Msun)': 1.0, 'm_B (Msun)': 2.333333333333333, 'e': 0.4, 'apapse': False, 'm_P (Msun)': 0.028637827019079753, 'l (rad)': 1.5707963267948966, 'a (AU)': 0.11, 't_stop (day)': 2000594.4249770092, 'stability': 'ST'}
{'file': 'orbit_p0.1200.bin', 'm_A (Msun)': 1.0, 'm_B (Msun)': 2.333333333333333, 'e': 0.4, 'apapse': False, 'm_P (Msun)': 0.028637827019079753, 'l (rad)': 1.5707963267948966, 'a (AU)': 0.12, 't_stop (day)': 2000594.4249770092, 'stability': 'ST'}
{'file': 'orbit_p0.1300.bin', 'm_A (Msun)': 1.0, 'm_B (Msun)': 2.333333333333333, 'e': 0.4, 'apapse': False, 'm_P (Msun)': 0.028637827019079753, 'l (rad)': 1.5707963267948966, 'a (AU)': 0.13, 't_stop (day)': 7194.200290922708, 'stability': 'CA'}
{'file': 'orbit_a0.0900.bin', 'm_A (Msun)': 1.0, 'm_B (Msun)': 2.333333333333333, 'e': 0.4, 'apapse': True, 'm_P (Msun)': 0.028637827019079753, 'l (rad)': 1.5707963267948966, 'a (AU)': 0.09, 't_stop (day)': 2000594.4249770092, 'stability': 'ST'}
{'file': 'orbit_a0.1000.bin', 'm_A (Msun)': 1.0, 'm_B (Msun)': 2.333333333333333, 'e': 0.4, 'apapse': True, 'm_P (Msun)': 0.028637827019079753, 'l (rad)': 1.5707963267948966, 'a (AU)': 0.1, 't_stop (day)': 2000594.4249770092, 'stability': 'ST'}
{'file': 'orbit_a0.1100.bin', 'm_A (Msun)': 1.0, 'm_B (Msun)': 2.333333333333333, 'e': 0.4, 'apapse': True, 'm_P (Msun)': 0.028637827019079753, 'l (rad)': 1.5707963267948966, 'a (AU)': 0.11, 't_stop (day)': 2000594.4249770092, 'stability': 'ST'}
{'file': 'orbit_a0.1200.bin', 'm_A (Msun)': 1.0, 'm_B (Msun)': 2.333333333333333, 'e': 0.4, 'apapse': True, 'm_P (Msun)': 0.028637827019079753, 'l (rad)': 1.5707963267948966, 'a (AU)': 0.12, 't_stop (day)': 2000594.4249770092, 'stability': 'ST'}
{'file': 'orbit_a0.1300.bin', 'm_A (Msun)': 1.0, 'm_B (Msun)': 2.333333333333333, 'e': 0.4, 'apapse': True, 'm_P (Msun)': 0.028637827019079753, 'l (rad)': 1.5707963267948966, 'a (AU)': 0.13, 't_stop (day)': 1167444.9857564105, 'stability': 'CA'}
{'file': 'orbit_p0.0900.bin', 'm_A (Msun)': 1.0, 'm_B (Msun)': 2.333333333333333, 'e': 0.4, 'apapse': False, 'm_P (Msun)': 0.028637827019079753, 'l (rad)': 3.141592653589793, 'a (AU)': 0.09, 't_stop (day)': 2000594.4249770092, 'stability': 'ST'}
{'file': 'orbit_p0.1000.bin', 'm_A (Msun)': 1.0, 'm_B (Msun)': 2.333333333333333, 'e': 0.4, 'apapse': False, 'm_P (Msun)': 0.028637827019079753, 'l (rad)': 3.141592653589793, 'a (AU)': 0.1, 't_stop (day)': 2000594.4249770092, 'stability': 'ST'}
{'file': 'orbit_p0.1100.bin', 'm_A (Msun)': 1.0, 'm_B (Msun)': 2.333333333333333, 'e': 0.4, 'apapse': False, 'm_P (Msun)': 0.028637827019079753, 'l (rad)': 3.141592653589793, 'a (AU)': 0.11, 't_stop (day)': 2000594.4249770092, 'stability': 'ST'}
{'file': 'orbit_p0.1200.bin', 'm_A (Msun)': 1.0, 'm_B (Msun)': 2.333333333333333, 'e': 0.4, 'apapse': False, 'm_P (Msun)': 0.028637827019079753, 'l (rad)': 3.141592653589793, 'a (AU)': 0.12, 't_stop (day)': 2000594.4249770092, 'stability': 'ST'}
{'file': 'orbit_p0.1300.bin', 'm_A (Msun)': 1.0, 'm_B (Msun)': 2.333333333333333, 'e': 0.4, 'apapse': False, 'm_P (Msun)': 0.028637827019079753, 'l (rad)': 3.141592653589793, 'a (AU)': 0.13, 't_stop (day)': 2000594.4249770092, 'stability': 'ST'}
{'file': 'orbit_a0.0900.bin', 'm_A (Msun)': 1.0, 'm_B (Msun)': 2.333333333333333, 'e': 0.4, 'apapse': True, 'm_P (Msun)': 0.028637827019079753, 'l (rad)': 3.141592653589793, 'a (AU)': 0.09, 't_stop (day)': 2000594.4249770092, 'stability': 'ST'}
{'file': 'orbit_a0.1000.bin', 'm_A (Msun)': 1.0, 'm_B (Msun)': 2.333333333333333, 'e': 0.4, 'apapse': True, 'm_P (Msun)': 0.028637827019079753, 'l (rad)': 3.141592653589793, 'a (AU)': 0.1, 't_stop (day)': 2000594.4249770092, 'stability': 'ST'}
{'file': 'orbit_a0.1100.bin', 'm_A (Msun)': 1.0, 'm_B (Msun)': 2.333333333333333, 'e': 0.4, 'apapse': True, 'm_P (Msun)': 0.028637827019079753, 'l (rad)': 3.141592653589793, 'a (AU)': 0.11, 't_stop (day)': 2000594.4249770092, 'stability': 'ST'}
{'file': 'orbit_a0.1200.bin', 'm_A (Msun)': 1.0, 'm_B (Msun)': 2.333333333333333, 'e': 0.4, 'apapse': True, 'm_P (Msun)': 0.028637827019079753, 'l (rad)': 3.141592653589793, 'a (AU)': 0.12, 't_stop (day)': 2000594.4249770092, 'stability': 'ST'}
{'file': 'orbit_a0.1300.bin', 'm_A (Msun)': 1.0, 'm_B (Msun)': 2.333333333333333, 'e': 0.4, 'apapse': True, 'm_P (Msun)': 0.028637827019079753, 'l (rad)': 3.141592653589793, 'a (AU)': 0.13, 't_stop (day)': 2000594.4249770092, 'stability': 'ST'}
{'file': 'orbit_p0.0900.bin', 'm_A (Msun)': 1.0, 'm_B (Msun)': 2.333333333333333, 'e': 0.4, 'apapse': False, 'm_P (Msun)': 0.028637827019079753, 'l (rad)': 4.71238898038469, 'a (AU)': 0.09, 't_stop (day)': 2000594.4249770092, 'stability': 'ST'}
{'file': 'orbit_p0.1000.bin', 'm_A (Msun)': 1.0, 'm_B (Msun)': 2.333333333333333, 'e': 0.4, 'apapse': False, 'm_P (Msun)': 0.028637827019079753, 'l (rad)': 4.71238898038469, 'a (AU)': 0.1, 't_stop (day)': 2000594.4249770092, 'stability': 'ST'}
{'file': 'orbit_p0.1100.bin', 'm_A (Msun)': 1.0, 'm_B (Msun)': 2.333333333333333, 'e': 0.4, 'apapse': False, 'm_P (Msun)': 0.028637827019079753, 'l (rad)': 4.71238898038469, 'a (AU)': 0.11, 't_stop (day)': 2000594.4249770092, 'stability': 'ST'}
{'file': 'orbit_p0.1200.bin', 'm_A (Msun)': 1.0, 'm_B (Msun)': 2.333333333333333, 'e': 0.4, 'apapse': False, 'm_P (Msun)': 0.028637827019079753, 'l (rad)': 4.71238898038469, 'a (AU)': 0.12, 't_stop (day)': 2000594.4249770092, 'stability': 'ST'}
{'file': 'orbit_p0.1300.bin', 'm_A (Msun)': 1.0, 'm_B (Msun)': 2.333333333333333, 'e': 0.4, 'apapse': False, 'm_P (Msun)': 0.028637827019079753, 'l (rad)': 4.71238898038469, 'a (AU)': 0.13, 't_stop (day)': 19982.02158445548, 'stability': 'EJ'}
{'file': 'orbit_a0.0900.bin', 'm_A (Msun)': 1.0, 'm_B (Msun)': 2.333333333333333, 'e': 0.4, 'apapse': True, 'm_P (Msun)': 0.028637827019079753, 'l (rad)': 4.71238898038469, 'a (AU)': 0.09, 't_stop (day)': 2000594.4249770092, 'stability': 'ST'}
{'file': 'orbit_a0.1000.bin', 'm_A (Msun)': 1.0, 'm_B (Msun)': 2.333333333333333, 'e': 0.4, 'apapse': True, 'm_P (Msun)': 0.028637827019079753, 'l (rad)': 4.71238898038469, 'a (AU)': 0.1, 't_stop (day)': 2000594.4249770092, 'stability': 'ST'}
{'file': 'orbit_a0.1100.bin', 'm_A (Msun)': 1.0, 'm_B (Msun)': 2.333333333333333, 'e': 0.4, 'apapse': True, 'm_P (Msun)': 0.028637827019079753, 'l (rad)': 4.71238898038469, 'a (AU)': 0.11, 't_stop (day)': 2000594.4249770092, 'stability': 'ST'}
{'file': 'orbit_a0.1200.bin', 'm_A (Msun)': 1.0, 'm_B (Msun)': 2.333333333333333, 'e': 0.4, 'apapse': True, 'm_P (Msun)': 0.028637827019079753, 'l (rad)': 4.71238898038469, 'a (AU)': 0.12, 't_stop (day)': 2000594.4249770092, 'stability': 'ST'}
{'file': 'orbit_a0.1300.bin', 'm_A (Msun)': 1.0, 'm_B (Msun)': 2.333333333333333, 'e': 0.4, 'apapse': True, 'm_P (Msun)': 0.028637827019079753, 'l (rad)': 4.71238898038469, 'a (AU)': 0.13, 't_stop (day)': 2000594.4249770092, 'stability': 'ST'}
