{'file': 'orbit_p0.0400.bin', 'm_A (Msun)': 1.0, 'm_B (Msun)': 9.0, 'e': 0.5, 'apapse': False, 'm_P (Msun)': 0.000954594233969325, 'l (rad)': 0.0, 'a (AU)': 0.039999999999999994, 't_stop (day)': 1155043.7297997407, 'stability': 'ST'}
{'file': 'orbit_p0.0500.bin', 'm_A (Msun)': 1.0, 'm_B (Msun)': 9.0, 'e': 0.5, 'apapse': False, 'm_P (Msun)': 0.000954594233969325, 'l (rad)': 0.0, 'a (AU)': 0.049999999999999996, 't_stop (day)': 1155043.7297997407, 'stability': 'ST'}
{'file': 'orbit_p0.0600.bin', 'm_A (Msun)': 1.0, 'm_B (Msun)': 9.0, 'e': 0.5, 'apapse': False, 'm_P (Msun)': 0.000954594233969325, 'l (rad)': 0.0, 'a (AU)': 0.06, 't_stop (day)': 1155043.7297997407, 'stability': 'ST'}
{'file': 'orbit_p0.0700.bin', 'm_A (Msun)': 1.0, 'm_B (Msun)': 9.0, 'e': 0.5, 'apapse': False, 'm_P (Msun)': 0.000954594233969325, 'l (rad)': 0.0, 'a (AU)': 0.06999999999999999, 't_stop (day)': 1155043.7297997407, 'stability': 'ST'}
{'file': 'orbit_p0.0800.bin', 'm_A (Msun)': 1.0, 'm_B (Msun)': 9.0, 'e': 0.5, 'apapse': False, 'm_P (Msun)': 0.000954594233969325, 'l (rad)': 0.0, 'a (AU)': 0.08, 't_stop (day)': 36015.32316635477, 'stability': 'EJ'}
{'file': 'orbit_a0.0400.bin', 'm_A (Msun)': 1.0, 'm_B (Msun)': 9.0, 'e': 0.5, 'apapse': True, 'm_P (Msun)': 0.000954594233969325, 'l (rad)': 0.0, 'a (AU)': 0.039999999999999994, 't_stop (day)': 1155043.7297997407, 'stability': 'ST'}
{'file': 'orbit_a0.0500.bin', 'm_A (Msun)': 1.0, 'm_B (Msun)': 9.0, 'e': 0.5, 'apapse': True, 'm_P (Msun)': 0.000954594233969325, 'l (rad)': 0.0, 'a (AU)': 0.049999999999999996, 't_stop (day)': 1155043.7297997407, 'stability': 'ST'}
{'file': 'orbit_a0.0600.bin', 'm_A (Msun)': 1.0, 'm_B (Msun)': 9.0, 'e': 0.5, 'apapse': True, 'm_P (Msun)': 0.000954594233969325, 'l (rad)': 0.0, 'a (AU)': 0.06, 't_stop (day)': 1155043.7297997407, 'stability': 'ST'}
{'file': 'orbit_a0.0700.bin', 'm_A (Msun)': 1.0, 'm_B (Msun)': 9.0, 'e': 0.5, 'apapse': True, 'm_P (Msun)': 0.000954594233969325, 'l (rad)': 0.0, 'a (AU)': 0.06999999999999999, 't_stop (day)': 1155043.7297997407, 'stability': 'ST'}
{'file': 'orbit_a0.0800.bin', 'm_A (Msun)': 1.0, 'm_B (Msun)': 9.0, 'e': 0.5, 'apapse': True, 'm_P (Msun)': 0.000954594233969325, 'l (rad)': 0.0, 'a (AU)': 0.08, 't_stop (day)': 3094.9631716933623, 'stability': 'EJ'}
{'file': 'orbit_p0.0400.bin', 'm_A (Msun)': 1.0, 'm_B (Msun)': 9.0, 'e': 0.5, 'apapse': False, 'm_P (Msun)': 0.000954594233969325, 'l (rad)': 1.5707963267948966, 'a (AU)': 0.039999999999999994, 't_stop (day)': 1155043.7297997407, 'stability': 'ST'}
{'file': 'orbit_p0.0500.bin', 'm_A (Msun)': 1.0, 'm_B (Msun)': 9.0, 'e': 0.5, 'apapse': False, 'm_P (Msun)': 0.000954594233969325, 'l (rad)': 1.5707963267948966, 'a (AU)': 0.049999999999999996, 't_stop (day)': 1155043.7297997407, 'stability': 'ST'}
{'file': 'orbit_p0.0600.bin', 'm_A (Msun)': 1.0, 'm_B (Msun)': 9.0, 'e': 0.5, 'apapse': False, 'm_P (Msun)': 0.000954594233969325, 'l (rad)': 1.5707963267948966, 'a (AU)': 0.06, 't_stop (day)': 1155043.7297997407, 'stability': 'ST'}
{'file': 'orbit_p0.0700.bin', 'm_A (Msun)': 1.0, 'm_B (Msun)': 9.0, 'e': 0.5, 'apapse': False, 'm_P (Msun)': 0.000954594233969325, 'l (rad)': 1.5707963267948966, 'a (AU)': 0.06999999999999999, 't_stop (day)': 10425.255281809268, 'stability': 'CB'}
{'file': 'orbit_p0.0800.bin', 'm_A (Msun)': 1.0, 'm_B (Msun)': 9.0, 'e': 0.5, 'apapse': False, 'm_P (Msun)': 0.000954594233969325, 'l (rad)': 1.5707963267948966, 'a (AU)': 0.08, 't_stop (day)': 3198.825963272991, 'stability': 'EJ'}
{'file': 'orbit_a0.0400.bin', 'm_A (Msun)': 1.0, 'm_B (Msun)': 9.0, 'e': 0.5, 'apapse': True, 'm_P (Msun)': 0.000954594233969325, 'l (rad)': 1.5707963267948966, 'a (AU)': 0.039999999999999994, 't_stop (day)': 1155043.7297997407, 'stability': 'ST'}
{'file': 'orbit_a0.0500.bin', 'm_A (Msun)': 1.0, 'm_B (Msun)': 9.0, 'e': 0.5, 'apapse': True, 'm_P (Msun)': 0.000954594233969325, 'l (rad)': 1.5707963267948966, 'a (AU)': 0.049999999999999996, 't_stop (day)': 1155043.7297997407, 'stability': 'ST'}
{'file': 'orbit_a0.0600.bin', 'm_A (Msun)': 1.0, 'm_B (Msun)': 9.0, 'e': 0.5, 'apapse': True, 'm_P (Msun)': 0.000954594233969325, 'l (rad)': 1.5707963267948966, 'a (AU)': 0.06, 't_stop (day)': 1155043.7297997407, 'stability': 'ST'}
{'file': 'orbit_a0.0700.bin', 'm_A (Msun)': 1.0, 'm_B (Msun)': 9.0, 'e': 0.5, 'apapse': True, 'm_P (Msun)': 0.000954594233969325, 'l (rad)': 1.5707963267948966, 'a (AU)': 0.06999999999999999, 't_stop (day)': 1155043.7297997407, 'stability': 'ST'}
{'file': 'orbit_a0.0800.bin', 'm_A (Msun)': 1.0, 'm_B (Msun)': 9.0, 'e': 0.5, 'apapse': True, 'm_P (Msun)': 0.000954594233969325, 'l (rad)': 1.5707963267948966, 'a (AU)': 0.08, 't_stop (day)': 5339.508325695301, 'stability': 'EJ'}
{'file': 'orbit_p0.0400.bin', 'm_A (Msun)': 1.0, 'm_B (Msun)': 9.0, 'e': 0.5, 'apapse': False, 'm_P (Msun)': 0.000954594233969325, 'l (rad)': 3.141592653589793, 'a (AU)': 0.039999999999999994, 't_stop (day)': 1155043.7297997407, 'stability': 'ST'}
{'file': 'orbit_p0.0500.bin', 'm_A (Msun)': 1.0, 'm_B (Msun)': 9.0, 'e': 0.5, 'apapse': False, 'm_P (Msun)': 0.000954594233969325, 'l (rad)': 3.141592653589793, 'a (AU)': 0.049999999999999996, 't_stop (day)': 1155043.7297997407, 'stability': 'ST'}
{'file': 'orbit_p0.0600.bin', 'm_A (Msun)': 1.0, 'm_B (Msun)': 9.0, 'e': 0.5, 'apapse': False, 'm_P (Msun)': 0.000954594233969325, 'l (rad)': 3.141592653589793, 'a (AU)': 0.06, 't_stop (day)': 1155043.7297997407, 'stability': 'ST'}
{'file': 'orbit_p0.0700.bin', 'm_A (Msun)': 1.0, 'm_B (Msun)': 9.0, 'e': 0.5, 'apapse': False, 'm_P (Msun)': 0.000954594233969325, 'l (rad)': 3.141592653589793, 'a (AU)': 0.06999999999999999, 't_stop (day)': 1155043.7297997407, 'stability': 'ST'}
{'file': 'orbit_p0.0800.bin', 'm_A (Msun)': 1.0, 'm_B (Msun)': 9.0, 'e': 0.5, 'apapse': False, 'm_P (Msun)': 0.000954594233969325, 'l (rad)': 3.141592653589793, 'a (AU)': 0.08, 't_stop (day)': 11871.801024050601, 'stability': 'EJ'}
{'file': 'orbit_a0.0400.bin', 'm_A (Msun)': 1.0, 'm_B (Msun)': 9.0, 'e': 0.5, 'apapse': True, 'm_P (Msun)': 0.000954594233969325, 'l (rad)': 3.141592653589793, 'a (AU)': 0.039999999999999994, 't_stop (day)': 1155043.7297997407, 'stability': 'ST'}
{'file': 'orbit_a0.0500.bin', 'm_A (Msun)': 1.0, 'm_B (Msun)': 9.0, 'e': 0.5, 'apapse': True, 'm_P (Msun)': 0.000954594233969325, 'l (rad)': 3.141592653589793, 'a (AU)': 0.049999999999999996, 't_stop (day)': 1155043.7297997407, 'stability': 'ST'}
{'file': 'orbit_a0.0600.bin', 'm_A (Msun)': 1.0, 'm_B (Msun)': 9.0, 'e': 0.5, 'apapse': True, 'm_P (Msun)': 0.000954594233969325, 'l (rad)': 3.141592653589793, 'a (AU)': 0.06, 't_stop (day)': 1155043.7297997407, 'stability': 'ST'}
{'file': 'orbit_a0.0700.bin', 'm_A (Msun)': 1.0, 'm_B (Msun)': 9.0, 'e': 0.5, 'apapse': True, 'm_P (Msun)': 0.000954594233969325, 'l (rad)': 3.141592653589793, 'a (AU)': 0.06999999999999999, 't_stop (day)': 1155043.7297997407, 'stability': 'ST'}
{'file': 'orbit_a0.0800.bin', 'm_A (Msun)': 1.0, 'm_B (Msun)': 9.0, 'e': 0.5, 'apapse': True, 'm_P (Msun)': 0.000954594233969325, 'l (rad)': 3.141592653589793, 'a (AU)': 0.08, 't_stop (day)': 1326.7747745842544, 'stability': 'CA'}
{'file': 'orbit_p0.0400.bin', 'm_A (Msun)': 1.0, 'm_B (Msun)': 9.0, 'e': 0.5, 'apapse': False, 'm_P (Msun)': 0.000954594233969325, 'l (rad)': 4.71238898038469, 'a (AU)': 0.039999999999999994, 't_stop (day)': 1155043.7297997407, 'stability': 'ST'}
{'file': 'orbit_p0.0500.bin', 'm_A (Msun)': 1.0, 'm_B (Msun)': 9.0, 'e': 0.5, 'apapse': False, 'm_P (Msun)': 0.000954594233969325, 'l (rad)': 4.71238898038469, 'a (AU)': 0.049999999999999996, 't_stop (day)': 1155043.7297997407, 'stability': 'ST'}
{'file': 'orbit_p0.0600.bin', 'm_A (Msun)': 1.0, 'm_B (Msun)': 9.0, 'e': 0.5, 'apapse': False, 'm_P (Msun)': 0.000954594233969325, 'l (rad)': 4.71238898038469, 'a (AU)': 0.06, 't_stop (day)': 1155043.7297997407, 'stability': 'ST'}
{'file': 'orbit_p0.0700.bin', 'm_A (Msun)': 1.0, 'm_B (Msun)': 9.0, 'e': 0.5, 'apapse': False, 'm_P (Msun)': 0.000954594233969325, 'l (rad)': 4.71238898038469, 'a (AU)': 0.06999999999999999, 't_stop (day)': 6255.131197613654, 'stability': 'CA'}
{'file': 'orbit_p0.0800.bin', 'm_A (Msun)': 1.0, 'm_B (Msun)': 9.0, 'e': 0.5, 'apapse': False, 'm_P (Msun)': 0.000954594233969325, 'l (rad)': 4.71238898038469, 'a (AU)': 0.08, 't_stop (day)': 11099.978039114992, 'stability': 'EJ'}
{'file': 'orbit_a0.0400.bin', 'm_A (Msun)': 1.0, 'm_B (Msun)': 9.0, 'e': 0.5, 'apapse': True, 'm_P (Msun)': 0.000954594233969325, 'l (rad)': 4.71238898038469, 'a (AU)': 0.039999999999999994, 't_stop (day)': 1155043.7297997407, 'stability': 'ST'}
{'file': 'orbit_a0.0500.bin', 'm_A (Msun)': 1.0, 'm_B (Msun)': 9.0, 'e': 0.5, 'apapse': True, 'm_P (Msun)': 0.000954594233969325, 'l (rad)': 4.71238898038469, 'a (AU)': 0.049999999999999996, 't_stop (day)': 1155043.7297997407, 'stability': 'ST'}
{'file': 'orbit_a0.0600.bin', 'm_A (Msun)': 1.0, 'm_B (Msun)': 9.0, 'e': 0.5, 'apapse': True, 'm_P (Msun)': 0.000954594233969325, 'l (rad)': 4.71238898038469, 'a (AU)': 0.06, 't_stop (day)': 1155043.7297997407, 'stability': 'ST'}
{'file': 'orbit_a0.0700.bin', 'm_A (Msun)': 1.0, 'm_B (Msun)': 9.0, 'e': 0.5, 'apapse': True, 'm_P (Msun)': 0.000954594233969325, 'l (rad)': 4.71238898038469, 'a (AU)': 0.06999999999999999, 't_stop (day)': 1155043.7297997407, 'stability': 'ST'}
{'file': 'orbit_a0.0800.bin', 'm_A (Msun)': 1.0, 'm_B (Msun)': 9.0, 'e': 0.5, 'apapse': True, 'm_P (Msun)': 0.000954594233969325, 'l (rad)': 4.71238898038469, 'a (AU)': 0.08, 't_stop (day)': 3999.7523352922976, 'stability': 'CA'}
