{'file': 'orbit_p0.1500.bin', 'm_A (Msun)': 1.0, 'm_B (Msun)': 0.6666666666666667, 'e': 0.4, 'apapse': False, 'm_P (Msun)': 0.0, 'l (rad)': 0.0, 'a (AU)': 0.15, 't_stop (day)': 2829267.7686104896, 'stability': 'ST'}
{'file': 'orbit_p0.1600.bin', 'm_A (Msun)': 1.0, 'm_B (Msun)': 0.6666666666666667, 'e': 0.4, 'apapse': False, 'm_P (Msun)': 0.0, 'l (rad)': 0.0, 'a (AU)': 0.16, 't_stop (day)': 2829267.7686104896, 'stability': 'ST'}
{'file': 'orbit_p0.1700.bin', 'm_A (Msun)': 1.0, 'm_B (Msun)': 0.6666666666666667, 'e': 0.4, 'apapse': False, 'm_P (Msun)': 0.0, 'l (rad)': 0.0, 'a (AU)': 0.17, 't_stop (day)': 2829267.7686104896, 'stability': 'ST'}
{'file': 'orbit_p0.1800.bin', 'm_A (Msun)': 1.0, 'm_B (Msun)': 0.6666666666666667, 'e': 0.4, 'apapse': False, 'm_P (Msun)': 0.0, 'l (rad)': 0.0, 'a (AU)': 0.18, 't_stop (day)': 1306034.629260046, 'stability': 'CA'}
{'file': 'orbit_a0.1500.bin', 'm_A (Msun)': 1.0, 'm_B (Msun)': 0.6666666666666667, 'e': 0.4, 'apapse': True, 'm_P (Msun)': 0.0, 'l (rad)': 0.0, 'a (AU)': 0.15, 't_stop (day)': 2829267.7686104896, 'stability': 'ST'}
{'file': 'orbit_a0.1600.bin', 'm_A (Msun)': 1.0, 'm_B (Msun)': 0.6666666666666667, 'e': 0.4, 'apapse': True, 'm_P (Msun)': 0.0, 'l (rad)': 0.0, 'a (AU)': 0.16, 't_stop (day)': 2829267.7686104896, 'stability': 'ST'}
{'file': 'orbit_a0.1700.bin', 'm_A (Msun)': 1.0, 'm_B (Msun)': 0.6666666666666667, 'e': 0.4, 'apapse': True, 'm_P (Msun)': 0.0, 'l (rad)': 0.0, 'a (AU)': 0.17, 't_stop (day)': 2829267.7686104896, 'stability': 'ST'}
{'file': 'orbit_a0.1800.bin', 'm_A (Msun)': 1.0, 'm_B (Msun)': 0.6666666666666667, 'e': 0.4, 'apapse': True, 'm_P (Msun)': 0.0, 'l (rad)': 0.0, 'a (AU)': 0.18, 't_stop (day)': 2829267.7686104896, 'stability': 'ST'}
{'file': 'orbit_p0.1500.bin', 'm_A (Msun)': 1.0, 'm_B (Msun)': 0.6666666666666667, 'e': 0.4, 'apapse': False, 'm_P (Msun)': 0.0, 'l (rad)': 1.5707963267948966, 'a (AU)': 0.15, 't_stop (day)': 2829267.7686104896, 'stability': 'ST'}
{'file': 'orbit_p0.1600.bin', 'm_A (Msun)': 1.0, 'm_B (Msun)': 0.6666666666666667, 'e': 0.4, 'apapse': False, 'm_P (Msun)': 0.0, 'l (rad)': 1.5707963267948966, 'a (AU)': 0.16, 't_stop (day)': 2829267.7686104896, 'stability': 'ST'}
{'file': 'orbit_p0.1700.bin', 'm_A (Msun)': 1.0, 'm_B (Msun)': 0.6666666666666667, 'e': 0.4, 'apapse': False, 'm_P (Msun)': 0.0, 'l (rad)': 1.5707963267948966, 'a (AU)': 0.17, 't_stop (day)': 105249.60360981556, 'stability': 'CA'}
{'file': 'orbit_p0.1800.bin', 'm_A (Msun)': 1.0, 'm_B (Msun)': 0.6666666666666667, 'e': 0.4, 'apapse': False, 'm_P (Msun)': 0.0, 'l (rad)': 1.5707963267948966, 'a (AU)': 0.18, 't_stop (day)': 18977.65069409417, 'stability': 'CA'}
{'file': 'orbit_a0.1500.bin', 'm_A (Msun)': 1.0, 'm_B (Msun)': 0.6666666666666667, 'e': 0.4, 'apapse': True, 'm_P (Msun)': 0.0, 'l (rad)': 1.5707963267948966, 'a (AU)': 0.15, 't_stop (day)': 2829267.7686104896, 'stability': 'ST'}
{'file': 'orbit_a0.1600.bin', 'm_A (Msun)': 1.0, 'm_B (Msun)': 0.6666666666666667, 'e': 0.4, 'apapse': True, 'm_P (Msun)': 0.0, 'l (rad)': 1.5707963267948966, 'a (AU)': 0.16, 't_stop (day)': 2829267.7686104896, 'stability': 'ST'}
{'file': 'orbit_a0.1700.bin', 'm_A (Msun)': 1.0, 'm_B (Msun)': 0.6666666666666667, 'e': 0.4, 'apapse': True, 'm_P (Msun)': 0.0, 'l (rad)': 1.5707963267948966, 'a (AU)': 0.17, 't_stop (day)': 2829267.7686104896, 'stability': 'ST'}
{'file': 'orbit_a0.1800.bin', 'm_A (Msun)': 1.0, 'm_B (Msun)': 0.6666666666666667, 'e': 0.4, 'apapse': True, 'm_P (Msun)': 0.0, 'l (rad)': 1.5707963267948966, 'a (AU)': 0.18, 't_stop (day)': 685441.0197982828, 'stability': 'CA'}
{'file': 'orbit_p0.1500.bin', 'm_A (Msun)': 1.0, 'm_B (Msun)': 0.6666666666666667, 'e': 0.4, 'apapse': False, 'm_P (Msun)': 0.0, 'l (rad)': 3.141592653589793, 'a (AU)': 0.15, 't_stop (day)': 2829267.7686104896, 'stability': 'ST'}
{'file': 'orbit_p0.1600.bin', 'm_A (Msun)': 1.0, 'm_B (Msun)': 0.6666666666666667, 'e': 0.4, 'apapse': False, 'm_P (Msun)': 0.0, 'l (rad)': 3.141592653589793, 'a (AU)': 0.16, 't_stop (day)': 2829267.7686104896, 'stability': 'ST'}
{'file': 'orbit_p0.1700.bin', 'm_A (Msun)': 1.0, 'm_B (Msun)': 0.6666666666666667, 'e': 0.4, 'apapse': False, 'm_P (Msun)': 0.0, 'l (rad)': 3.141592653589793, 'a (AU)': 0.17, 't_stop (day)': 2829267.7686104896, 'stability': 'ST'}
{'file': 'orbit_p0.1800.bin', 'm_A (Msun)': 1.0, 'm_B (Msun)': 0.6666666666666667, 'e': 0.4, 'apapse': False, 'm_P (Msun)': 0.0, 'l (rad)': 3.141592653589793, 'a (AU)': 0.18, 't_stop (day)': 2829267.7686104896, 'stability': 'ST'}
{'file': 'orbit_a0.1500.bin', 'm_A (Msun)': 1.0, 'm_B (Msun)': 0.6666666666666667, 'e': 0.4, 'apapse': True, 'm_P (Msun)': 0.0, 'l (rad)': 3.141592653589793, 'a (AU)': 0.15, 't_stop (day)': 2829267.7686104896, 'stability': 'ST'}
{'file': 'orbit_a0.1600.bin', 'm_A (Msun)': 1.0, 'm_B (Msun)': 0.6666666666666667, 'e': 0.4, 'apapse': True, 'm_P (Msun)': 0.0, 'l (rad)': 3.141592653589793, 'a (AU)': 0.16, 't_stop (day)': 2829267.7686104896, 'stability': 'ST'}
{'file': 'orbit_a0.1700.bin', 'm_A (Msun)': 1.0, 'm_B (Msun)': 0.6666666666666667, 'e': 0.4, 'apapse': True, 'm_P (Msun)': 0.0, 'l (rad)': 3.141592653589793, 'a (AU)': 0.17, 't_stop (day)': 2829267.7686104896, 'stability': 'ST'}
{'file': 'orbit_a0.1800.bin', 'm_A (Msun)': 1.0, 'm_B (Msun)': 0.6666666666666667, 'e': 0.4, 'apapse': True, 'm_P (Msun)': 0.0, 'l (rad)': 3.141592653589793, 'a (AU)': 0.18, 't_stop (day)': 2829267.7686104896, 'stability': 'ST'}
{'file': 'orbit_p0.1500.bin', 'm_A (Msun)': 1.0, 'm_B (Msun)': 0.6666666666666667, 'e': 0.4, 'apapse': False, 'm_P (Msun)': 0.0, 'l (rad)': 4.71238898038469, 'a (AU)': 0.15, 't_stop (day)': 2829267.7686104896, 'stability': 'ST'}
{'file': 'orbit_p0.1600.bin', 'm_A (Msun)': 1.0, 'm_B (Msun)': 0.6666666666666667, 'e': 0.4, 'apapse': False, 'm_P (Msun)': 0.0, 'l (rad)': 4.71238898038469, 'a (AU)': 0.16, 't_stop (day)': 2829267.7686104896, 'stability': 'ST'}
{'file': 'orbit_p0.1700.bin', 'm_A (Msun)': 1.0, 'm_B (Msun)': 0.6666666666666667, 'e': 0.4, 'apapse': False, 'm_P (Msun)': 0.0, 'l (rad)': 4.71238898038469, 'a (AU)': 0.17, 't_stop (day)': 371182.9536902973, 'stability': 'CA'}
{'file': 'orbit_p0.1800.bin', 'm_A (Msun)': 1.0, 'm_B (Msun)': 0.6666666666666667, 'e': 0.4, 'apapse': False, 'm_P (Msun)': 0.0, 'l (rad)': 4.71238898038469, 'a (AU)': 0.18, 't_stop (day)': 8798.343407611055, 'stability': 'CA'}
{'file': 'orbit_a0.1500.bin', 'm_A (Msun)': 1.0, 'm_B (Msun)': 0.6666666666666667, 'e': 0.4, 'apapse': True, 'm_P (Msun)': 0.0, 'l (rad)': 4.71238898038469, 'a (AU)': 0.15, 't_stop (day)': 2829267.7686104896, 'stability': 'ST'}
{'file': 'orbit_a0.1600.bin', 'm_A (Msun)': 1.0, 'm_B (Msun)': 0.6666666666666667, 'e': 0.4, 'apapse': True, 'm_P (Msun)': 0.0, 'l (rad)': 4.71238898038469, 'a (AU)': 0.16, 't_stop (day)': 2829267.7686104896, 'stability': 'ST'}
{'file': 'orbit_a0.1700.bin', 'm_A (Msun)': 1.0, 'm_B (Msun)': 0.6666666666666667, 'e': 0.4, 'apapse': True, 'm_P (Msun)': 0.0, 'l (rad)': 4.71238898038469, 'a (AU)': 0.17, 't_stop (day)': 2829267.7686104896, 'stability': 'ST'}
{'file': 'orbit_a0.1800.bin', 'm_A (Msun)': 1.0, 'm_B (Msun)': 0.6666666666666667, 'e': 0.4, 'apapse': True, 'm_P (Msun)': 0.0, 'l (rad)': 4.71238898038469, 'a (AU)': 0.18, 't_stop (day)': 1378627.4716161916, 'stability': 'CB'}
