{'file': 'orbit_p0.0200.bin', 'm_A (Msun)': 1.0, 'm_B (Msun)': 0.4285714285714286, 'e': 0.8, 'apapse': False, 'm_P (Msun)': 0.000954594233969325, 'l (rad)': 0.0, 'a (AU)': 0.02, 't_stop (day)': 3055958.462454599, 'stability': 'ST'}
{'file': 'orbit_p0.0300.bin', 'm_A (Msun)': 1.0, 'm_B (Msun)': 0.4285714285714286, 'e': 0.8, 'apapse': False, 'm_P (Msun)': 0.000954594233969325, 'l (rad)': 0.0, 'a (AU)': 0.03, 't_stop (day)': 3055958.462454599, 'stability': 'ST'}
{'file': 'orbit_p0.0400.bin', 'm_A (Msun)': 1.0, 'm_B (Msun)': 0.4285714285714286, 'e': 0.8, 'apapse': False, 'm_P (Msun)': 0.000954594233969325, 'l (rad)': 0.0, 'a (AU)': 0.04, 't_stop (day)': 3055958.462454599, 'stability': 'ST'}
{'file': 'orbit_p0.0500.bin', 'm_A (Msun)': 1.0, 'm_B (Msun)': 0.4285714285714286, 'e': 0.8, 'apapse': False, 'm_P (Msun)': 0.000954594233969325, 'l (rad)': 0.0, 'a (AU)': 0.05, 't_stop (day)': 3055958.462454599, 'stability': 'ST'}
{'file': 'orbit_p0.0600.bin', 'm_A (Msun)': 1.0, 'm_B (Msun)': 0.4285714285714286, 'e': 0.8, 'apapse': False, 'm_P (Msun)': 0.000954594233969325, 'l (rad)': 0.0, 'a (AU)': 0.06, 't_stop (day)': 134731.05366818924, 'stability': 'CA'}
{'file': 'orbit_a0.0200.bin', 'm_A (Msun)': 1.0, 'm_B (Msun)': 0.4285714285714286, 'e': 0.8, 'apapse': True, 'm_P (Msun)': 0.000954594233969325, 'l (rad)': 0.0, 'a (AU)': 0.02, 't_stop (day)': 3055958.462454599, 'stability': 'ST'}
{'file': 'orbit_a0.0300.bin', 'm_A (Msun)': 1.0, 'm_B (Msun)': 0.4285714285714286, 'e': 0.8, 'apapse': True, 'm_P (Msun)': 0.000954594233969325, 'l (rad)': 0.0, 'a (AU)': 0.03, 't_stop (day)': 3055958.462454599, 'stability': 'ST'}
{'file': 'orbit_a0.0400.bin', 'm_A (Msun)': 1.0, 'm_B (Msun)': 0.4285714285714286, 'e': 0.8, 'apapse': True, 'm_P (Msun)': 0.000954594233969325, 'l (rad)': 0.0, 'a (AU)': 0.04, 't_stop (day)': 3055958.462454599, 'stability': 'ST'}
{'file': 'orbit_a0.0500.bin', 'm_A (Msun)': 1.0, 'm_B (Msun)': 0.4285714285714286, 'e': 0.8, 'apapse': True, 'm_P (Msun)': 0.000954594233969325, 'l (rad)': 0.0, 'a (AU)': 0.05, 't_stop (day)': 2004023.501415278, 'stability': 'CA'}
{'file': 'orbit_a0.0600.bin', 'm_A (Msun)': 1.0, 'm_B (Msun)': 0.4285714285714286, 'e': 0.8, 'apapse': True, 'm_P (Msun)': 0.000954594233969325, 'l (rad)': 0.0, 'a (AU)': 0.06, 't_stop (day)': 479346.9698614954, 'stability': 'CA'}
{'file': 'orbit_p0.0200.bin', 'm_A (Msun)': 1.0, 'm_B (Msun)': 0.4285714285714286, 'e': 0.8, 'apapse': False, 'm_P (Msun)': 0.000954594233969325, 'l (rad)': 1.5707963267948966, 'a (AU)': 0.02, 't_stop (day)': 3055958.462454599, 'stability': 'ST'}
{'file': 'orbit_p0.0300.bin', 'm_A (Msun)': 1.0, 'm_B (Msun)': 0.4285714285714286, 'e': 0.8, 'apapse': False, 'm_P (Msun)': 0.000954594233969325, 'l (rad)': 1.5707963267948966, 'a (AU)': 0.03, 't_stop (day)': 3055958.462454599, 'stability': 'ST'}
{'file': 'orbit_p0.0400.bin', 'm_A (Msun)': 1.0, 'm_B (Msun)': 0.4285714285714286, 'e': 0.8, 'apapse': False, 'm_P (Msun)': 0.000954594233969325, 'l (rad)': 1.5707963267948966, 'a (AU)': 0.04, 't_stop (day)': 3055958.462454599, 'stability': 'ST'}
{'file': 'orbit_p0.0500.bin', 'm_A (Msun)': 1.0, 'm_B (Msun)': 0.4285714285714286, 'e': 0.8, 'apapse': False, 'm_P (Msun)': 0.000954594233969325, 'l (rad)': 1.5707963267948966, 'a (AU)': 0.05, 't_stop (day)': 1687375.8462233706, 'stability': 'CA'}
{'file': 'orbit_p0.0600.bin', 'm_A (Msun)': 1.0, 'm_B (Msun)': 0.4285714285714286, 'e': 0.8, 'apapse': False, 'm_P (Msun)': 0.000954594233969325, 'l (rad)': 1.5707963267948966, 'a (AU)': 0.06, 't_stop (day)': 174365.94154099334, 'stability': 'CA'}
{'file': 'orbit_a0.0200.bin', 'm_A (Msun)': 1.0, 'm_B (Msun)': 0.4285714285714286, 'e': 0.8, 'apapse': True, 'm_P (Msun)': 0.000954594233969325, 'l (rad)': 1.5707963267948966, 'a (AU)': 0.02, 't_stop (day)': 3055958.462454599, 'stability': 'ST'}
{'file': 'orbit_a0.0300.bin', 'm_A (Msun)': 1.0, 'm_B (Msun)': 0.4285714285714286, 'e': 0.8, 'apapse': True, 'm_P (Msun)': 0.000954594233969325, 'l (rad)': 1.5707963267948966, 'a (AU)': 0.03, 't_stop (day)': 3055958.462454599, 'stability': 'ST'}
{'file': 'orbit_a0.0400.bin', 'm_A (Msun)': 1.0, 'm_B (Msun)': 0.4285714285714286, 'e': 0.8, 'apapse': True, 'm_P (Msun)': 0.000954594233969325, 'l (rad)': 1.5707963267948966, 'a (AU)': 0.04, 't_stop (day)': 3055958.462454599, 'stability': 'ST'}
{'file': 'orbit_a0.0500.bin', 'm_A (Msun)': 1.0, 'm_B (Msun)': 0.4285714285714286, 'e': 0.8, 'apapse': True, 'm_P (Msun)': 0.000954594233969325, 'l (rad)': 1.5707963267948966, 'a (AU)': 0.05, 't_stop (day)': 3055958.462454599, 'stability': 'ST'}
{'file': 'orbit_a0.0600.bin', 'm_A (Msun)': 1.0, 'm_B (Msun)': 0.4285714285714286, 'e': 0.8, 'apapse': True, 'm_P (Msun)': 0.000954594233969325, 'l (rad)': 1.5707963267948966, 'a (AU)': 0.06, 't_stop (day)': 75918.39985807642, 'stability': 'CA'}
{'file': 'orbit_p0.0200.bin', 'm_A (Msun)': 1.0, 'm_B (Msun)': 0.4285714285714286, 'e': 0.8, 'apapse': False, 'm_P (Msun)': 0.000954594233969325, 'l (rad)': 3.141592653589793, 'a (AU)': 0.02, 't_stop (day)': 3055958.462454599, 'stability': 'ST'}
{'file': 'orbit_p0.0300.bin', 'm_A (Msun)': 1.0, 'm_B (Msun)': 0.4285714285714286, 'e': 0.8, 'apapse': False, 'm_P (Msun)': 0.000954594233969325, 'l (rad)': 3.141592653589793, 'a (AU)': 0.03, 't_stop (day)': 3055958.462454599, 'stability': 'ST'}
{'file': 'orbit_p0.0400.bin', 'm_A (Msun)': 1.0, 'm_B (Msun)': 0.4285714285714286, 'e': 0.8, 'apapse': False, 'm_P (Msun)': 0.000954594233969325, 'l (rad)': 3.141592653589793, 'a (AU)': 0.04, 't_stop (day)': 3055958.462454599, 'stability': 'ST'}
{'file': 'orbit_p0.0500.bin', 'm_A (Msun)': 1.0, 'm_B (Msun)': 0.4285714285714286, 'e': 0.8, 'apapse': False, 'm_P (Msun)': 0.000954594233969325, 'l (rad)': 3.141592653589793, 'a (AU)': 0.05, 't_stop (day)': 3055958.462454599, 'stability': 'ST'}
{'file': 'orbit_p0.0600.bin', 'm_A (Msun)': 1.0, 'm_B (Msun)': 0.4285714285714286, 'e': 0.8, 'apapse': False, 'm_P (Msun)': 0.000954594233969325, 'l (rad)': 3.141592653589793, 'a (AU)': 0.06, 't_stop (day)': 133035.8366938295, 'stability': 'CA'}
{'file': 'orbit_a0.0200.bin', 'm_A (Msun)': 1.0, 'm_B (Msun)': 0.4285714285714286, 'e': 0.8, 'apapse': True, 'm_P (Msun)': 0.000954594233969325, 'l (rad)': 3.141592653589793, 'a (AU)': 0.02, 't_stop (day)': 3055958.462454599, 'stability': 'ST'}
{'file': 'orbit_a0.0300.bin', 'm_A (Msun)': 1.0, 'm_B (Msun)': 0.4285714285714286, 'e': 0.8, 'apapse': True, 'm_P (Msun)': 0.000954594233969325, 'l (rad)': 3.141592653589793, 'a (AU)': 0.03, 't_stop (day)': 3055958.462454599, 'stability': 'ST'}
{'file': 'orbit_a0.0400.bin', 'm_A (Msun)': 1.0, 'm_B (Msun)': 0.4285714285714286, 'e': 0.8, 'apapse': True, 'm_P (Msun)': 0.000954594233969325, 'l (rad)': 3.141592653589793, 'a (AU)': 0.04, 't_stop (day)': 3055958.462454599, 'stability': 'ST'}
{'file': 'orbit_a0.0500.bin', 'm_A (Msun)': 1.0, 'm_B (Msun)': 0.4285714285714286, 'e': 0.8, 'apapse': True, 'm_P (Msun)': 0.000954594233969325, 'l (rad)': 3.141592653589793, 'a (AU)': 0.05, 't_stop (day)': 2776414.72350506, 'stability': 'EJ'}
{'file': 'orbit_a0.0600.bin', 'm_A (Msun)': 1.0, 'm_B (Msun)': 0.4285714285714286, 'e': 0.8, 'apapse': True, 'm_P (Msun)': 0.000954594233969325, 'l (rad)': 3.141592653589793, 'a (AU)': 0.06, 't_stop (day)': 70310.01351745248, 'stability': 'CA'}
{'file': 'orbit_p0.0200.bin', 'm_A (Msun)': 1.0, 'm_B (Msun)': 0.4285714285714286, 'e': 0.8, 'apapse': False, 'm_P (Msun)': 0.000954594233969325, 'l (rad)': 4.71238898038469, 'a (AU)': 0.02, 't_stop (day)': 3055958.462454599, 'stability': 'ST'}
{'file': 'orbit_p0.0300.bin', 'm_A (Msun)': 1.0, 'm_B (Msun)': 0.4285714285714286, 'e': 0.8, 'apapse': False, 'm_P (Msun)': 0.000954594233969325, 'l (rad)': 4.71238898038469, 'a (AU)': 0.03, 't_stop (day)': 3055958.462454599, 'stability': 'ST'}
{'file': 'orbit_p0.0400.bin', 'm_A (Msun)': 1.0, 'm_B (Msun)': 0.4285714285714286, 'e': 0.8, 'apapse': False, 'm_P (Msun)': 0.000954594233969325, 'l (rad)': 4.71238898038469, 'a (AU)': 0.04, 't_stop (day)': 3055958.462454599, 'stability': 'ST'}
{'file': 'orbit_p0.0500.bin', 'm_A (Msun)': 1.0, 'm_B (Msun)': 0.4285714285714286, 'e': 0.8, 'apapse': False, 'm_P (Msun)': 0.000954594233969325, 'l (rad)': 4.71238898038469, 'a (AU)': 0.05, 't_stop (day)': 2627266.6491049193, 'stability': 'CA'}
{'file': 'orbit_p0.0600.bin', 'm_A (Msun)': 1.0, 'm_B (Msun)': 0.4285714285714286, 'e': 0.8, 'apapse': False, 'm_P (Msun)': 0.000954594233969325, 'l (rad)': 4.71238898038469, 'a (AU)': 0.06, 't_stop (day)': 128302.35317084184, 'stability': 'CA'}
{'file': 'orbit_a0.0200.bin', 'm_A (Msun)': 1.0, 'm_B (Msun)': 0.4285714285714286, 'e': 0.8, 'apapse': True, 'm_P (Msun)': 0.000954594233969325, 'l (rad)': 4.71238898038469, 'a (AU)': 0.02, 't_stop (day)': 3055958.462454599, 'stability': 'ST'}
{'file': 'orbit_a0.0300.bin', 'm_A (Msun)': 1.0, 'm_B (Msun)': 0.4285714285714286, 'e': 0.8, 'apapse': True, 'm_P (Msun)': 0.000954594233969325, 'l (rad)': 4.71238898038469, 'a (AU)': 0.03, 't_stop (day)': 3055958.462454599, 'stability': 'ST'}
{'file': 'orbit_a0.0400.bin', 'm_A (Msun)': 1.0, 'm_B (Msun)': 0.4285714285714286, 'e': 0.8, 'apapse': True, 'm_P (Msun)': 0.000954594233969325, 'l (rad)': 4.71238898038469, 'a (AU)': 0.04, 't_stop (day)': 3055958.462454599, 'stability': 'ST'}
{'file': 'orbit_a0.0500.bin', 'm_A (Msun)': 1.0, 'm_B (Msun)': 0.4285714285714286, 'e': 0.8, 'apapse': True, 'm_P (Msun)': 0.000954594233969325, 'l (rad)': 4.71238898038469, 'a (AU)': 0.05, 't_stop (day)': 2801529.127247018, 'stability': 'CA'}
{'file': 'orbit_a0.0600.bin', 'm_A (Msun)': 1.0, 'm_B (Msun)': 0.4285714285714286, 'e': 0.8, 'apapse': True, 'm_P (Msun)': 0.000954594233969325, 'l (rad)': 4.71238898038469, 'a (AU)': 0.06, 't_stop (day)': 357835.11315704405, 'stability': 'CA'}
