{'file': 'orbit_p0.1100.bin', 'm_A (Msun)': 1.0, 'm_B (Msun)': 9.0, 'e': 0.0, 'apapse': False, 'm_P (Msun)': 0.028637827019079753, 'l (rad)': 0.0, 'a (AU)': 0.11, 't_stop (day)': 1155043.7297997407, 'stability': 'ST'}
{'file': 'orbit_p0.1200.bin', 'm_A (Msun)': 1.0, 'm_B (Msun)': 9.0, 'e': 0.0, 'apapse': False, 'm_P (Msun)': 0.028637827019079753, 'l (rad)': 0.0, 'a (AU)': 0.12000000000000001, 't_stop (day)': 1155043.7297997407, 'stability': 'ST'}
{'file': 'orbit_p0.1300.bin', 'm_A (Msun)': 1.0, 'm_B (Msun)': 9.0, 'e': 0.0, 'apapse': False, 'm_P (Msun)': 0.028637827019079753, 'l (rad)': 0.0, 'a (AU)': 0.13, 't_stop (day)': 1155043.7297997407, 'stability': 'ST'}
{'file': 'orbit_p0.1400.bin', 'm_A (Msun)': 1.0, 'm_B (Msun)': 9.0, 'e': 0.0, 'apapse': False, 'm_P (Msun)': 0.028637827019079753, 'l (rad)': 0.0, 'a (AU)': 0.14, 't_stop (day)': 1155043.7297997407, 'stability': 'ST'}
{'file': 'orbit_p0.1500.bin', 'm_A (Msun)': 1.0, 'm_B (Msun)': 9.0, 'e': 0.0, 'apapse': False, 'm_P (Msun)': 0.028637827019079753, 'l (rad)': 0.0, 'a (AU)': 0.15, 't_stop (day)': 25380.487114400083, 'stability': 'CA'}
{'file': 'orbit_a0.1100.bin', 'm_A (Msun)': 1.0, 'm_B (Msun)': 9.0, 'e': 0.0, 'apapse': True, 'm_P (Msun)': 0.028637827019079753, 'l (rad)': 0.0, 'a (AU)': 0.11, 't_stop (day)': 1155043.7297997407, 'stability': 'ST'}
{'file': 'orbit_a0.1200.bin', 'm_A (Msun)': 1.0, 'm_B (Msun)': 9.0, 'e': 0.0, 'apapse': True, 'm_P (Msun)': 0.028637827019079753, 'l (rad)': 0.0, 'a (AU)': 0.12000000000000001, 't_stop (day)': 1155043.7297997407, 'stability': 'ST'}
{'file': 'orbit_a0.1300.bin', 'm_A (Msun)': 1.0, 'm_B (Msun)': 9.0, 'e': 0.0, 'apapse': True, 'm_P (Msun)': 0.028637827019079753, 'l (rad)': 0.0, 'a (AU)': 0.13, 't_stop (day)': 1155043.7297997407, 'stability': 'ST'}
{'file': 'orbit_a0.1400.bin', 'm_A (Msun)': 1.0, 'm_B (Msun)': 9.0, 'e': 0.0, 'apapse': True, 'm_P (Msun)': 0.028637827019079753, 'l (rad)': 0.0, 'a (AU)': 0.14, 't_stop (day)': 1155043.7297997407, 'stability': 'ST'}
{'file': 'orbit_a0.1500.bin', 'm_A (Msun)': 1.0, 'm_B (Msun)': 9.0, 'e': 0.0, 'apapse': True, 'm_P (Msun)': 0.028637827019079753, 'l (rad)': 0.0, 'a (AU)': 0.15, 't_stop (day)': 30766.86529046844, 'stability': 'CA'}
{'file': 'orbit_p0.1100.bin', 'm_A (Msun)': 1.0, 'm_B (Msun)': 9.0, 'e': 0.0, 'apapse': False, 'm_P (Msun)': 0.028637827019079753, 'l (rad)': 1.5707963267948966, 'a (AU)': 0.11, 't_stop (day)': 1155043.7297997407, 'stability': 'ST'}
{'file': 'orbit_p0.1200.bin', 'm_A (Msun)': 1.0, 'm_B (Msun)': 9.0, 'e': 0.0, 'apapse': False, 'm_P (Msun)': 0.028637827019079753, 'l (rad)': 1.5707963267948966, 'a (AU)': 0.12000000000000001, 't_stop (day)': 1155043.7297997407, 'stability': 'ST'}
{'file': 'orbit_p0.1300.bin', 'm_A (Msun)': 1.0, 'm_B (Msun)': 9.0, 'e': 0.0, 'apapse': False, 'm_P (Msun)': 0.028637827019079753, 'l (rad)': 1.5707963267948966, 'a (AU)': 0.13, 't_stop (day)': 1155043.7297997407, 'stability': 'ST'}
{'file': 'orbit_p0.1400.bin', 'm_A (Msun)': 1.0, 'm_B (Msun)': 9.0, 'e': 0.0, 'apapse': False, 'm_P (Msun)': 0.028637827019079753, 'l (rad)': 1.5707963267948966, 'a (AU)': 0.14, 't_stop (day)': 101417.65092941401, 'stability': 'CA'}
{'file': 'orbit_p0.1500.bin', 'm_A (Msun)': 1.0, 'm_B (Msun)': 9.0, 'e': 0.0, 'apapse': False, 'm_P (Msun)': 0.028637827019079753, 'l (rad)': 1.5707963267948966, 'a (AU)': 0.15, 't_stop (day)': 59783.48999458695, 'stability': 'CA'}
{'file': 'orbit_a0.1100.bin', 'm_A (Msun)': 1.0, 'm_B (Msun)': 9.0, 'e': 0.0, 'apapse': True, 'm_P (Msun)': 0.028637827019079753, 'l (rad)': 1.5707963267948966, 'a (AU)': 0.11, 't_stop (day)': 1155043.7297997407, 'stability': 'ST'}
{'file': 'orbit_a0.1200.bin', 'm_A (Msun)': 1.0, 'm_B (Msun)': 9.0, 'e': 0.0, 'apapse': True, 'm_P (Msun)': 0.028637827019079753, 'l (rad)': 1.5707963267948966, 'a (AU)': 0.12000000000000001, 't_stop (day)': 1155043.7297997407, 'stability': 'ST'}
{'file': 'orbit_a0.1300.bin', 'm_A (Msun)': 1.0, 'm_B (Msun)': 9.0, 'e': 0.0, 'apapse': True, 'm_P (Msun)': 0.028637827019079753, 'l (rad)': 1.5707963267948966, 'a (AU)': 0.13, 't_stop (day)': 1155043.7297997407, 'stability': 'ST'}
{'file': 'orbit_a0.1400.bin', 'm_A (Msun)': 1.0, 'm_B (Msun)': 9.0, 'e': 0.0, 'apapse': True, 'm_P (Msun)': 0.028637827019079753, 'l (rad)': 1.5707963267948966, 'a (AU)': 0.14, 't_stop (day)': 1957.5404929870913, 'stability': 'CB'}
{'file': 'orbit_a0.1500.bin', 'm_A (Msun)': 1.0, 'm_B (Msun)': 9.0, 'e': 0.0, 'apapse': True, 'm_P (Msun)': 0.028637827019079753, 'l (rad)': 1.5707963267948966, 'a (AU)': 0.15, 't_stop (day)': 3262.90353050376, 'stability': 'CA'}
{'file': 'orbit_p0.1100.bin', 'm_A (Msun)': 1.0, 'm_B (Msun)': 9.0, 'e': 0.0, 'apapse': False, 'm_P (Msun)': 0.028637827019079753, 'l (rad)': 3.141592653589793, 'a (AU)': 0.11, 't_stop (day)': 1155043.7297997407, 'stability': 'ST'}
{'file': 'orbit_p0.1200.bin', 'm_A (Msun)': 1.0, 'm_B (Msun)': 9.0, 'e': 0.0, 'apapse': False, 'm_P (Msun)': 0.028637827019079753, 'l (rad)': 3.141592653589793, 'a (AU)': 0.12000000000000001, 't_stop (day)': 1155043.7297997407, 'stability': 'ST'}
{'file': 'orbit_p0.1300.bin', 'm_A (Msun)': 1.0, 'm_B (Msun)': 9.0, 'e': 0.0, 'apapse': False, 'm_P (Msun)': 0.028637827019079753, 'l (rad)': 3.141592653589793, 'a (AU)': 0.13, 't_stop (day)': 1155043.7297997407, 'stability': 'ST'}
{'file': 'orbit_p0.1400.bin', 'm_A (Msun)': 1.0, 'm_B (Msun)': 9.0, 'e': 0.0, 'apapse': False, 'm_P (Msun)': 0.028637827019079753, 'l (rad)': 3.141592653589793, 'a (AU)': 0.14, 't_stop (day)': 1155043.7297997407, 'stability': 'ST'}
{'file': 'orbit_p0.1500.bin', 'm_A (Msun)': 1.0, 'm_B (Msun)': 9.0, 'e': 0.0, 'apapse': False, 'm_P (Msun)': 0.028637827019079753, 'l (rad)': 3.141592653589793, 'a (AU)': 0.15, 't_stop (day)': 37853.260434471405, 'stability': 'CB'}
{'file': 'orbit_a0.1100.bin', 'm_A (Msun)': 1.0, 'm_B (Msun)': 9.0, 'e': 0.0, 'apapse': True, 'm_P (Msun)': 0.028637827019079753, 'l (rad)': 3.141592653589793, 'a (AU)': 0.11, 't_stop (day)': 1155043.7297997407, 'stability': 'ST'}
{'file': 'orbit_a0.1200.bin', 'm_A (Msun)': 1.0, 'm_B (Msun)': 9.0, 'e': 0.0, 'apapse': True, 'm_P (Msun)': 0.028637827019079753, 'l (rad)': 3.141592653589793, 'a (AU)': 0.12000000000000001, 't_stop (day)': 1155043.7297997407, 'stability': 'ST'}
{'file': 'orbit_a0.1300.bin', 'm_A (Msun)': 1.0, 'm_B (Msun)': 9.0, 'e': 0.0, 'apapse': True, 'm_P (Msun)': 0.028637827019079753, 'l (rad)': 3.141592653589793, 'a (AU)': 0.13, 't_stop (day)': 1155043.7297997407, 'stability': 'ST'}
{'file': 'orbit_a0.1400.bin', 'm_A (Msun)': 1.0, 'm_B (Msun)': 9.0, 'e': 0.0, 'apapse': True, 'm_P (Msun)': 0.028637827019079753, 'l (rad)': 3.141592653589793, 'a (AU)': 0.14, 't_stop (day)': 1155043.7297997407, 'stability': 'ST'}
{'file': 'orbit_a0.1500.bin', 'm_A (Msun)': 1.0, 'm_B (Msun)': 9.0, 'e': 0.0, 'apapse': True, 'm_P (Msun)': 0.028637827019079753, 'l (rad)': 3.141592653589793, 'a (AU)': 0.15, 't_stop (day)': 8801.847002474598, 'stability': 'CA'}
{'file': 'orbit_p0.1100.bin', 'm_A (Msun)': 1.0, 'm_B (Msun)': 9.0, 'e': 0.0, 'apapse': False, 'm_P (Msun)': 0.028637827019079753, 'l (rad)': 4.71238898038469, 'a (AU)': 0.11, 't_stop (day)': 1155043.7297997407, 'stability': 'ST'}
{'file': 'orbit_p0.1200.bin', 'm_A (Msun)': 1.0, 'm_B (Msun)': 9.0, 'e': 0.0, 'apapse': False, 'm_P (Msun)': 0.028637827019079753, 'l (rad)': 4.71238898038469, 'a (AU)': 0.12000000000000001, 't_stop (day)': 1155043.7297997407, 'stability': 'ST'}
{'file': 'orbit_p0.1300.bin', 'm_A (Msun)': 1.0, 'm_B (Msun)': 9.0, 'e': 0.0, 'apapse': False, 'm_P (Msun)': 0.028637827019079753, 'l (rad)': 4.71238898038469, 'a (AU)': 0.13, 't_stop (day)': 1155043.7297997407, 'stability': 'ST'}
{'file': 'orbit_p0.1400.bin', 'm_A (Msun)': 1.0, 'm_B (Msun)': 9.0, 'e': 0.0, 'apapse': False, 'm_P (Msun)': 0.028637827019079753, 'l (rad)': 4.71238898038469, 'a (AU)': 0.14, 't_stop (day)': 1957.5405243426876, 'stability': 'CB'}
{'file': 'orbit_p0.1500.bin', 'm_A (Msun)': 1.0, 'm_B (Msun)': 9.0, 'e': 0.0, 'apapse': False, 'm_P (Msun)': 0.028637827019079753, 'l (rad)': 4.71238898038469, 'a (AU)': 0.15, 't_stop (day)': 3262.9036617792353, 'stability': 'CA'}
{'file': 'orbit_a0.1100.bin', 'm_A (Msun)': 1.0, 'm_B (Msun)': 9.0, 'e': 0.0, 'apapse': True, 'm_P (Msun)': 0.028637827019079753, 'l (rad)': 4.71238898038469, 'a (AU)': 0.11, 't_stop (day)': 1155043.7297997407, 'stability': 'ST'}
{'file': 'orbit_a0.1200.bin', 'm_A (Msun)': 1.0, 'm_B (Msun)': 9.0, 'e': 0.0, 'apapse': True, 'm_P (Msun)': 0.028637827019079753, 'l (rad)': 4.71238898038469, 'a (AU)': 0.12000000000000001, 't_stop (day)': 1155043.7297997407, 'stability': 'ST'}
{'file': 'orbit_a0.1300.bin', 'm_A (Msun)': 1.0, 'm_B (Msun)': 9.0, 'e': 0.0, 'apapse': True, 'm_P (Msun)': 0.028637827019079753, 'l (rad)': 4.71238898038469, 'a (AU)': 0.13, 't_stop (day)': 1155043.7297997407, 'stability': 'ST'}
{'file': 'orbit_a0.1400.bin', 'm_A (Msun)': 1.0, 'm_B (Msun)': 9.0, 'e': 0.0, 'apapse': True, 'm_P (Msun)': 0.028637827019079753, 'l (rad)': 4.71238898038469, 'a (AU)': 0.14, 't_stop (day)': 24105.89032987292, 'stability': 'CB'}
{'file': 'orbit_a0.1500.bin', 'm_A (Msun)': 1.0, 'm_B (Msun)': 9.0, 'e': 0.0, 'apapse': True, 'm_P (Msun)': 0.028637827019079753, 'l (rad)': 4.71238898038469, 'a (AU)': 0.15, 't_stop (day)': 4014.613237187062, 'stability': 'CA'}
