{'file': 'orbit_p0.13.bin', 'm_A (Msun)': 1.0, 'm_B (Msun)': 2.333333333333333, 'e': 0.3, 'apapse': False, 'm_P (Msun)': 0.0, 'l (rad)': 0.0, 'a (AU)': 0.13, 't_stop (day)': 2000594.4249770092, 'stability': 'ST'}
{'file': 'orbit_p0.14.bin', 'm_A (Msun)': 1.0, 'm_B (Msun)': 2.333333333333333, 'e': 0.3, 'apapse': False, 'm_P (Msun)': 0.0, 'l (rad)': 0.0, 'a (AU)': 0.14, 't_stop (day)': 2000594.4249770092, 'stability': 'ST'}
{'file': 'orbit_p0.15.bin', 'm_A (Msun)': 1.0, 'm_B (Msun)': 2.333333333333333, 'e': 0.3, 'apapse': False, 'm_P (Msun)': 0.0, 'l (rad)': 0.0, 'a (AU)': 0.15, 't_stop (day)': 2000594.4249770092, 'stability': 'ST'}
{'file': 'orbit_p0.16.bin', 'm_A (Msun)': 1.0, 'm_B (Msun)': 2.333333333333333, 'e': 0.3, 'apapse': False, 'm_P (Msun)': 0.0, 'l (rad)': 0.0, 'a (AU)': 0.16, 't_stop (day)': 2000594.4249770092, 'stability': 'ST'}
{'file': 'orbit_a0.13.bin', 'm_A (Msun)': 1.0, 'm_B (Msun)': 2.333333333333333, 'e': 0.3, 'apapse': True, 'm_P (Msun)': 0.0, 'l (rad)': 0.0, 'a (AU)': 0.13, 't_stop (day)': 2000594.4249770092, 'stability': 'ST'}
{'file': 'orbit_a0.14.bin', 'm_A (Msun)': 1.0, 'm_B (Msun)': 2.333333333333333, 'e': 0.3, 'apapse': True, 'm_P (Msun)': 0.0, 'l (rad)': 0.0, 'a (AU)': 0.14, 't_stop (day)': 2000594.4249770092, 'stability': 'ST'}
{'file': 'orbit_a0.15.bin', 'm_A (Msun)': 1.0, 'm_B (Msun)': 2.333333333333333, 'e': 0.3, 'apapse': True, 'm_P (Msun)': 0.0, 'l (rad)': 0.0, 'a (AU)': 0.15, 't_stop (day)': 2000594.4249770092, 'stability': 'ST'}
{'file': 'orbit_a0.16.bin', 'm_A (Msun)': 1.0, 'm_B (Msun)': 2.333333333333333, 'e': 0.3, 'apapse': True, 'm_P (Msun)': 0.0, 'l (rad)': 0.0, 'a (AU)': 0.16, 't_stop (day)': 28946.869029534286, 'stability': 'CA'}
{'file': 'orbit_p0.13.bin', 'm_A (Msun)': 1.0, 'm_B (Msun)': 2.333333333333333, 'e': 0.3, 'apapse': False, 'm_P (Msun)': 0.0, 'l (rad)': 1.5707963267948966, 'a (AU)': 0.13, 't_stop (day)': 2000594.4249770092, 'stability': 'ST'}
{'file': 'orbit_p0.14.bin', 'm_A (Msun)': 1.0, 'm_B (Msun)': 2.333333333333333, 'e': 0.3, 'apapse': False, 'm_P (Msun)': 0.0, 'l (rad)': 1.5707963267948966, 'a (AU)': 0.14, 't_stop (day)': 2000594.4249770092, 'stability': 'ST'}
{'file': 'orbit_p0.15.bin', 'm_A (Msun)': 1.0, 'm_B (Msun)': 2.333333333333333, 'e': 0.3, 'apapse': False, 'm_P (Msun)': 0.0, 'l (rad)': 1.5707963267948966, 'a (AU)': 0.15, 't_stop (day)': 2796.745332503618, 'stability': 'CA'}
{'file': 'orbit_p0.16.bin', 'm_A (Msun)': 1.0, 'm_B (Msun)': 2.333333333333333, 'e': 0.3, 'apapse': False, 'm_P (Msun)': 0.0, 'l (rad)': 1.5707963267948966, 'a (AU)': 0.16, 't_stop (day)': 11194.559474346926, 'stability': 'EJ'}
{'file': 'orbit_a0.13.bin', 'm_A (Msun)': 1.0, 'm_B (Msun)': 2.333333333333333, 'e': 0.3, 'apapse': True, 'm_P (Msun)': 0.0, 'l (rad)': 1.5707963267948966, 'a (AU)': 0.13, 't_stop (day)': 2000594.4249770092, 'stability': 'ST'}
{'file': 'orbit_a0.14.bin', 'm_A (Msun)': 1.0, 'm_B (Msun)': 2.333333333333333, 'e': 0.3, 'apapse': True, 'm_P (Msun)': 0.0, 'l (rad)': 1.5707963267948966, 'a (AU)': 0.14, 't_stop (day)': 2000594.4249770092, 'stability': 'ST'}
{'file': 'orbit_a0.15.bin', 'm_A (Msun)': 1.0, 'm_B (Msun)': 2.333333333333333, 'e': 0.3, 'apapse': True, 'm_P (Msun)': 0.0, 'l (rad)': 1.5707963267948966, 'a (AU)': 0.15, 't_stop (day)': 2000594.4249770092, 'stability': 'ST'}
{'file': 'orbit_a0.16.bin', 'm_A (Msun)': 1.0, 'm_B (Msun)': 2.333333333333333, 'e': 0.3, 'apapse': True, 'm_P (Msun)': 0.0, 'l (rad)': 1.5707963267948966, 'a (AU)': 0.16, 't_stop (day)': 195857.07115245235, 'stability': 'CA'}
{'file': 'orbit_p0.13.bin', 'm_A (Msun)': 1.0, 'm_B (Msun)': 2.333333333333333, 'e': 0.3, 'apapse': False, 'm_P (Msun)': 0.0, 'l (rad)': 3.141592653589793, 'a (AU)': 0.13, 't_stop (day)': 2000594.4249770092, 'stability': 'ST'}
{'file': 'orbit_p0.14.bin', 'm_A (Msun)': 1.0, 'm_B (Msun)': 2.333333333333333, 'e': 0.3, 'apapse': False, 'm_P (Msun)': 0.0, 'l (rad)': 3.141592653589793, 'a (AU)': 0.14, 't_stop (day)': 2000594.4249770092, 'stability': 'ST'}
{'file': 'orbit_p0.15.bin', 'm_A (Msun)': 1.0, 'm_B (Msun)': 2.333333333333333, 'e': 0.3, 'apapse': False, 'm_P (Msun)': 0.0, 'l (rad)': 3.141592653589793, 'a (AU)': 0.15, 't_stop (day)': 2000594.4249770092, 'stability': 'ST'}
{'file': 'orbit_p0.16.bin', 'm_A (Msun)': 1.0, 'm_B (Msun)': 2.333333333333333, 'e': 0.3, 'apapse': False, 'm_P (Msun)': 0.0, 'l (rad)': 3.141592653589793, 'a (AU)': 0.16, 't_stop (day)': 2000594.4249770092, 'stability': 'ST'}
{'file': 'orbit_a0.13.bin', 'm_A (Msun)': 1.0, 'm_B (Msun)': 2.333333333333333, 'e': 0.3, 'apapse': True, 'm_P (Msun)': 0.0, 'l (rad)': 3.141592653589793, 'a (AU)': 0.13, 't_stop (day)': 2000594.4249770092, 'stability': 'ST'}
{'file': 'orbit_a0.14.bin', 'm_A (Msun)': 1.0, 'm_B (Msun)': 2.333333333333333, 'e': 0.3, 'apapse': True, 'm_P (Msun)': 0.0, 'l (rad)': 3.141592653589793, 'a (AU)': 0.14, 't_stop (day)': 2000594.4249770092, 'stability': 'ST'}
{'file': 'orbit_a0.15.bin', 'm_A (Msun)': 1.0, 'm_B (Msun)': 2.333333333333333, 'e': 0.3, 'apapse': True, 'm_P (Msun)': 0.0, 'l (rad)': 3.141592653589793, 'a (AU)': 0.15, 't_stop (day)': 2000594.4249770092, 'stability': 'ST'}
{'file': 'orbit_a0.16.bin', 'm_A (Msun)': 1.0, 'm_B (Msun)': 2.333333333333333, 'e': 0.3, 'apapse': True, 'm_P (Msun)': 0.0, 'l (rad)': 3.141592653589793, 'a (AU)': 0.16, 't_stop (day)': 2000594.4249770092, 'stability': 'ST'}
{'file': 'orbit_p0.13.bin', 'm_A (Msun)': 1.0, 'm_B (Msun)': 2.333333333333333, 'e': 0.3, 'apapse': False, 'm_P (Msun)': 0.0, 'l (rad)': 4.71238898038469, 'a (AU)': 0.13, 't_stop (day)': 2000594.4249770092, 'stability': 'ST'}
{'file': 'orbit_p0.14.bin', 'm_A (Msun)': 1.0, 'm_B (Msun)': 2.333333333333333, 'e': 0.3, 'apapse': False, 'm_P (Msun)': 0.0, 'l (rad)': 4.71238898038469, 'a (AU)': 0.14, 't_stop (day)': 2000594.4249770092, 'stability': 'ST'}
{'file': 'orbit_p0.15.bin', 'm_A (Msun)': 1.0, 'm_B (Msun)': 2.333333333333333, 'e': 0.3, 'apapse': False, 'm_P (Msun)': 0.0, 'l (rad)': 4.71238898038469, 'a (AU)': 0.15, 't_stop (day)': 5228.2923492329355, 'stability': 'CA'}
{'file': 'orbit_p0.16.bin', 'm_A (Msun)': 1.0, 'm_B (Msun)': 2.333333333333333, 'e': 0.3, 'apapse': False, 'm_P (Msun)': 0.0, 'l (rad)': 4.71238898038469, 'a (AU)': 0.16, 't_stop (day)': 1626.919852620168, 'stability': 'CA'}
{'file': 'orbit_a0.13.bin', 'm_A (Msun)': 1.0, 'm_B (Msun)': 2.333333333333333, 'e': 0.3, 'apapse': True, 'm_P (Msun)': 0.0, 'l (rad)': 4.71238898038469, 'a (AU)': 0.13, 't_stop (day)': 2000594.4249770092, 'stability': 'ST'}
{'file': 'orbit_a0.14.bin', 'm_A (Msun)': 1.0, 'm_B (Msun)': 2.333333333333333, 'e': 0.3, 'apapse': True, 'm_P (Msun)': 0.0, 'l (rad)': 4.71238898038469, 'a (AU)': 0.14, 't_stop (day)': 2000594.4249770092, 'stability': 'ST'}
{'file': 'orbit_a0.15.bin', 'm_A (Msun)': 1.0, 'm_B (Msun)': 2.333333333333333, 'e': 0.3, 'apapse': True, 'm_P (Msun)': 0.0, 'l (rad)': 4.71238898038469, 'a (AU)': 0.15, 't_stop (day)': 2000594.4249770092, 'stability': 'ST'}
{'file': 'orbit_a0.16.bin', 'm_A (Msun)': 1.0, 'm_B (Msun)': 2.333333333333333, 'e': 0.3, 'apapse': True, 'm_P (Msun)': 0.0, 'l (rad)': 4.71238898038469, 'a (AU)': 0.16, 't_stop (day)': 207378.99925753797, 'stability': 'CA'}
