{'file': 'orbit_p0.05.bin', 'm_A (Msun)': 1.0, 'm_B (Msun)': 9.000000000000002, 'e': 0.5, 'apapse': False, 'm_P (Msun)': 0.0, 'l (rad)': 0.0, 'a (AU)': 0.05, 't_stop (day)': 1155043.7297997407, 'stability': 'ST'}
{'file': 'orbit_p0.06.bin', 'm_A (Msun)': 1.0, 'm_B (Msun)': 9.000000000000002, 'e': 0.5, 'apapse': False, 'm_P (Msun)': 0.0, 'l (rad)': 0.0, 'a (AU)': 0.06, 't_stop (day)': 1155043.7297997407, 'stability': 'ST'}
{'file': 'orbit_p0.07.bin', 'm_A (Msun)': 1.0, 'm_B (Msun)': 9.000000000000002, 'e': 0.5, 'apapse': False, 'm_P (Msun)': 0.0, 'l (rad)': 0.0, 'a (AU)': 0.07, 't_stop (day)': 1155043.7297997407, 'stability': 'ST'}
{'file': 'orbit_p0.08.bin', 'm_A (Msun)': 1.0, 'm_B (Msun)': 9.000000000000002, 'e': 0.5, 'apapse': False, 'm_P (Msun)': 0.0, 'l (rad)': 0.0, 'a (AU)': 0.08, 't_stop (day)': 15596.280066123802, 'stability': 'CA'}
{'file': 'orbit_a0.05.bin', 'm_A (Msun)': 1.0, 'm_B (Msun)': 9.000000000000002, 'e': 0.5, 'apapse': True, 'm_P (Msun)': 0.0, 'l (rad)': 0.0, 'a (AU)': 0.05, 't_stop (day)': 1155043.7297997407, 'stability': 'ST'}
{'file': 'orbit_a0.06.bin', 'm_A (Msun)': 1.0, 'm_B (Msun)': 9.000000000000002, 'e': 0.5, 'apapse': True, 'm_P (Msun)': 0.0, 'l (rad)': 0.0, 'a (AU)': 0.06, 't_stop (day)': 1155043.7297997407, 'stability': 'ST'}
{'file': 'orbit_a0.07.bin', 'm_A (Msun)': 1.0, 'm_B (Msun)': 9.000000000000002, 'e': 0.5, 'apapse': True, 'm_P (Msun)': 0.0, 'l (rad)': 0.0, 'a (AU)': 0.07, 't_stop (day)': 1155043.7297997407, 'stability': 'ST'}
{'file': 'orbit_a0.08.bin', 'm_A (Msun)': 1.0, 'm_B (Msun)': 9.000000000000002, 'e': 0.5, 'apapse': True, 'm_P (Msun)': 0.0, 'l (rad)': 0.0, 'a (AU)': 0.08, 't_stop (day)': 1972.934520796347, 'stability': 'CA'}
{'file': 'orbit_p0.05.bin', 'm_A (Msun)': 1.0, 'm_B (Msun)': 9.000000000000002, 'e': 0.5, 'apapse': False, 'm_P (Msun)': 0.0, 'l (rad)': 1.5707963267948966, 'a (AU)': 0.05, 't_stop (day)': 1155043.7297997407, 'stability': 'ST'}
{'file': 'orbit_p0.06.bin', 'm_A (Msun)': 1.0, 'm_B (Msun)': 9.000000000000002, 'e': 0.5, 'apapse': False, 'm_P (Msun)': 0.0, 'l (rad)': 1.5707963267948966, 'a (AU)': 0.06, 't_stop (day)': 1155043.7297997407, 'stability': 'ST'}
{'file': 'orbit_p0.07.bin', 'm_A (Msun)': 1.0, 'm_B (Msun)': 9.000000000000002, 'e': 0.5, 'apapse': False, 'm_P (Msun)': 0.0, 'l (rad)': 1.5707963267948966, 'a (AU)': 0.07, 't_stop (day)': 3932.339814065553, 'stability': 'CA'}
{'file': 'orbit_p0.08.bin', 'm_A (Msun)': 1.0, 'm_B (Msun)': 9.000000000000002, 'e': 0.5, 'apapse': False, 'm_P (Msun)': 0.0, 'l (rad)': 1.5707963267948966, 'a (AU)': 0.08, 't_stop (day)': 1856.8445844903838, 'stability': 'EJ'}
{'file': 'orbit_a0.05.bin', 'm_A (Msun)': 1.0, 'm_B (Msun)': 9.000000000000002, 'e': 0.5, 'apapse': True, 'm_P (Msun)': 0.0, 'l (rad)': 1.5707963267948966, 'a (AU)': 0.05, 't_stop (day)': 1155043.7297997407, 'stability': 'ST'}
{'file': 'orbit_a0.06.bin', 'm_A (Msun)': 1.0, 'm_B (Msun)': 9.000000000000002, 'e': 0.5, 'apapse': True, 'm_P (Msun)': 0.0, 'l (rad)': 1.5707963267948966, 'a (AU)': 0.06, 't_stop (day)': 1155043.7297997407, 'stability': 'ST'}
{'file': 'orbit_a0.07.bin', 'm_A (Msun)': 1.0, 'm_B (Msun)': 9.000000000000002, 'e': 0.5, 'apapse': True, 'm_P (Msun)': 0.0, 'l (rad)': 1.5707963267948966, 'a (AU)': 0.07, 't_stop (day)': 1155043.7297997407, 'stability': 'ST'}
{'file': 'orbit_a0.08.bin', 'm_A (Msun)': 1.0, 'm_B (Msun)': 9.000000000000002, 'e': 0.5, 'apapse': True, 'm_P (Msun)': 0.0, 'l (rad)': 1.5707963267948966, 'a (AU)': 0.08, 't_stop (day)': 4555.520564121584, 'stability': 'EJ'}
{'file': 'orbit_p0.05.bin', 'm_A (Msun)': 1.0, 'm_B (Msun)': 9.000000000000002, 'e': 0.5, 'apapse': False, 'm_P (Msun)': 0.0, 'l (rad)': 3.141592653589793, 'a (AU)': 0.05, 't_stop (day)': 1155043.7297997407, 'stability': 'ST'}
{'file': 'orbit_p0.06.bin', 'm_A (Msun)': 1.0, 'm_B (Msun)': 9.000000000000002, 'e': 0.5, 'apapse': False, 'm_P (Msun)': 0.0, 'l (rad)': 3.141592653589793, 'a (AU)': 0.06, 't_stop (day)': 1155043.7297997407, 'stability': 'ST'}
{'file': 'orbit_p0.07.bin', 'm_A (Msun)': 1.0, 'm_B (Msun)': 9.000000000000002, 'e': 0.5, 'apapse': False, 'm_P (Msun)': 0.0, 'l (rad)': 3.141592653589793, 'a (AU)': 0.07, 't_stop (day)': 1155043.7297997407, 'stability': 'ST'}
{'file': 'orbit_p0.08.bin', 'm_A (Msun)': 1.0, 'm_B (Msun)': 9.000000000000002, 'e': 0.5, 'apapse': False, 'm_P (Msun)': 0.0, 'l (rad)': 3.141592653589793, 'a (AU)': 0.08, 't_stop (day)': 13412.471125535045, 'stability': 'EJ'}
{'file': 'orbit_a0.05.bin', 'm_A (Msun)': 1.0, 'm_B (Msun)': 9.000000000000002, 'e': 0.5, 'apapse': True, 'm_P (Msun)': 0.0, 'l (rad)': 3.141592653589793, 'a (AU)': 0.05, 't_stop (day)': 1155043.7297997407, 'stability': 'ST'}
{'file': 'orbit_a0.06.bin', 'm_A (Msun)': 1.0, 'm_B (Msun)': 9.000000000000002, 'e': 0.5, 'apapse': True, 'm_P (Msun)': 0.0, 'l (rad)': 3.141592653589793, 'a (AU)': 0.06, 't_stop (day)': 1155043.7297997407, 'stability': 'ST'}
{'file': 'orbit_a0.07.bin', 'm_A (Msun)': 1.0, 'm_B (Msun)': 9.000000000000002, 'e': 0.5, 'apapse': True, 'm_P (Msun)': 0.0, 'l (rad)': 3.141592653589793, 'a (AU)': 0.07, 't_stop (day)': 1155043.7297997407, 'stability': 'ST'}
{'file': 'orbit_a0.08.bin', 'm_A (Msun)': 1.0, 'm_B (Msun)': 9.000000000000002, 'e': 0.5, 'apapse': True, 'm_P (Msun)': 0.0, 'l (rad)': 3.141592653589793, 'a (AU)': 0.08, 't_stop (day)': 1688.2287106990925, 'stability': 'CA'}
{'file': 'orbit_p0.05.bin', 'm_A (Msun)': 1.0, 'm_B (Msun)': 9.000000000000002, 'e': 0.5, 'apapse': False, 'm_P (Msun)': 0.0, 'l (rad)': 4.71238898038469, 'a (AU)': 0.05, 't_stop (day)': 1155043.7297997407, 'stability': 'ST'}
{'file': 'orbit_p0.06.bin', 'm_A (Msun)': 1.0, 'm_B (Msun)': 9.000000000000002, 'e': 0.5, 'apapse': False, 'm_P (Msun)': 0.0, 'l (rad)': 4.71238898038469, 'a (AU)': 0.06, 't_stop (day)': 1155043.7297997407, 'stability': 'ST'}
{'file': 'orbit_p0.07.bin', 'm_A (Msun)': 1.0, 'm_B (Msun)': 9.000000000000002, 'e': 0.5, 'apapse': False, 'm_P (Msun)': 0.0, 'l (rad)': 4.71238898038469, 'a (AU)': 0.07, 't_stop (day)': 5568.500494616732, 'stability': 'EJ'}
{'file': 'orbit_p0.08.bin', 'm_A (Msun)': 1.0, 'm_B (Msun)': 9.000000000000002, 'e': 0.5, 'apapse': False, 'm_P (Msun)': 0.0, 'l (rad)': 4.71238898038469, 'a (AU)': 0.08, 't_stop (day)': 1386.5419585982554, 'stability': 'CA'}
{'file': 'orbit_a0.05.bin', 'm_A (Msun)': 1.0, 'm_B (Msun)': 9.000000000000002, 'e': 0.5, 'apapse': True, 'm_P (Msun)': 0.0, 'l (rad)': 4.71238898038469, 'a (AU)': 0.05, 't_stop (day)': 1155043.7297997407, 'stability': 'ST'}
{'file': 'orbit_a0.06.bin', 'm_A (Msun)': 1.0, 'm_B (Msun)': 9.000000000000002, 'e': 0.5, 'apapse': True, 'm_P (Msun)': 0.0, 'l (rad)': 4.71238898038469, 'a (AU)': 0.06, 't_stop (day)': 1155043.7297997407, 'stability': 'ST'}
{'file': 'orbit_a0.07.bin', 'm_A (Msun)': 1.0, 'm_B (Msun)': 9.000000000000002, 'e': 0.5, 'apapse': True, 'm_P (Msun)': 0.0, 'l (rad)': 4.71238898038469, 'a (AU)': 0.07, 't_stop (day)': 1155043.7297997407, 'stability': 'ST'}
{'file': 'orbit_a0.08.bin', 'm_A (Msun)': 1.0, 'm_B (Msun)': 9.000000000000002, 'e': 0.5, 'apapse': True, 'm_P (Msun)': 0.0, 'l (rad)': 4.71238898038469, 'a (AU)': 0.08, 't_stop (day)': 4904.811131811678, 'stability': 'EJ'}
