{'file': 'orbit_p0.1400.bin', 'm_A (Msun)': 1.0, 'm_B (Msun)': 0.25, 'e': 0.5, 'apapse': False, 'm_P (Msun)': 0.028637827019079753, 'l (rad)': 0.0, 'a (AU)': 0.14, 't_stop (day)': 3266957.015633596, 'stability': 'ST'}
{'file': 'orbit_p0.1500.bin', 'm_A (Msun)': 1.0, 'm_B (Msun)': 0.25, 'e': 0.5, 'apapse': False, 'm_P (Msun)': 0.028637827019079753, 'l (rad)': 0.0, 'a (AU)': 0.15, 't_stop (day)': 3266957.015633596, 'stability': 'ST'}
{'file': 'orbit_p0.1600.bin', 'm_A (Msun)': 1.0, 'm_B (Msun)': 0.25, 'e': 0.5, 'apapse': False, 'm_P (Msun)': 0.028637827019079753, 'l (rad)': 0.0, 'a (AU)': 0.16, 't_stop (day)': 2462292.553134761, 'stability': 'CA'}
{'file': 'orbit_p0.1700.bin', 'm_A (Msun)': 1.0, 'm_B (Msun)': 0.25, 'e': 0.5, 'apapse': False, 'm_P (Msun)': 0.028637827019079753, 'l (rad)': 0.0, 'a (AU)': 0.17, 't_stop (day)': 193434.91141217566, 'stability': 'CA'}
{'file': 'orbit_p0.1800.bin', 'm_A (Msun)': 1.0, 'm_B (Msun)': 0.25, 'e': 0.5, 'apapse': False, 'm_P (Msun)': 0.028637827019079753, 'l (rad)': 0.0, 'a (AU)': 0.18, 't_stop (day)': 374781.54406377603, 'stability': 'CA'}
{'file': 'orbit_a0.1400.bin', 'm_A (Msun)': 1.0, 'm_B (Msun)': 0.25, 'e': 0.5, 'apapse': True, 'm_P (Msun)': 0.028637827019079753, 'l (rad)': 0.0, 'a (AU)': 0.14, 't_stop (day)': 3266957.015633596, 'stability': 'ST'}
{'file': 'orbit_a0.1500.bin', 'm_A (Msun)': 1.0, 'm_B (Msun)': 0.25, 'e': 0.5, 'apapse': True, 'm_P (Msun)': 0.028637827019079753, 'l (rad)': 0.0, 'a (AU)': 0.15, 't_stop (day)': 3266957.015633596, 'stability': 'ST'}
{'file': 'orbit_a0.1600.bin', 'm_A (Msun)': 1.0, 'm_B (Msun)': 0.25, 'e': 0.5, 'apapse': True, 'm_P (Msun)': 0.028637827019079753, 'l (rad)': 0.0, 'a (AU)': 0.16, 't_stop (day)': 1404389.4095454512, 'stability': 'CA'}
{'file': 'orbit_a0.1700.bin', 'm_A (Msun)': 1.0, 'm_B (Msun)': 0.25, 'e': 0.5, 'apapse': True, 'm_P (Msun)': 0.028637827019079753, 'l (rad)': 0.0, 'a (AU)': 0.17, 't_stop (day)': 477898.85830417403, 'stability': 'CA'}
{'file': 'orbit_a0.1800.bin', 'm_A (Msun)': 1.0, 'm_B (Msun)': 0.25, 'e': 0.5, 'apapse': True, 'm_P (Msun)': 0.028637827019079753, 'l (rad)': 0.0, 'a (AU)': 0.18, 't_stop (day)': 169069.03089069735, 'stability': 'CA'}
{'file': 'orbit_p0.1400.bin', 'm_A (Msun)': 1.0, 'm_B (Msun)': 0.25, 'e': 0.5, 'apapse': False, 'm_P (Msun)': 0.028637827019079753, 'l (rad)': 1.5707963267948966, 'a (AU)': 0.14, 't_stop (day)': 3266957.015633596, 'stability': 'ST'}
{'file': 'orbit_p0.1500.bin', 'm_A (Msun)': 1.0, 'm_B (Msun)': 0.25, 'e': 0.5, 'apapse': False, 'm_P (Msun)': 0.028637827019079753, 'l (rad)': 1.5707963267948966, 'a (AU)': 0.15, 't_stop (day)': 3266957.015633596, 'stability': 'ST'}
{'file': 'orbit_p0.1600.bin', 'm_A (Msun)': 1.0, 'm_B (Msun)': 0.25, 'e': 0.5, 'apapse': False, 'm_P (Msun)': 0.028637827019079753, 'l (rad)': 1.5707963267948966, 'a (AU)': 0.16, 't_stop (day)': 3266957.015633596, 'stability': 'ST'}
{'file': 'orbit_p0.1700.bin', 'm_A (Msun)': 1.0, 'm_B (Msun)': 0.25, 'e': 0.5, 'apapse': False, 'm_P (Msun)': 0.028637827019079753, 'l (rad)': 1.5707963267948966, 'a (AU)': 0.17, 't_stop (day)': 384350.6676816435, 'stability': 'CA'}
{'file': 'orbit_p0.1800.bin', 'm_A (Msun)': 1.0, 'm_B (Msun)': 0.25, 'e': 0.5, 'apapse': False, 'm_P (Msun)': 0.028637827019079753, 'l (rad)': 1.5707963267948966, 'a (AU)': 0.18, 't_stop (day)': 46639.928208723795, 'stability': 'CA'}
{'file': 'orbit_a0.1400.bin', 'm_A (Msun)': 1.0, 'm_B (Msun)': 0.25, 'e': 0.5, 'apapse': True, 'm_P (Msun)': 0.028637827019079753, 'l (rad)': 1.5707963267948966, 'a (AU)': 0.14, 't_stop (day)': 3266957.015633596, 'stability': 'ST'}
{'file': 'orbit_a0.1500.bin', 'm_A (Msun)': 1.0, 'm_B (Msun)': 0.25, 'e': 0.5, 'apapse': True, 'm_P (Msun)': 0.028637827019079753, 'l (rad)': 1.5707963267948966, 'a (AU)': 0.15, 't_stop (day)': 3266957.015633596, 'stability': 'ST'}
{'file': 'orbit_a0.1600.bin', 'm_A (Msun)': 1.0, 'm_B (Msun)': 0.25, 'e': 0.5, 'apapse': True, 'm_P (Msun)': 0.028637827019079753, 'l (rad)': 1.5707963267948966, 'a (AU)': 0.16, 't_stop (day)': 880036.5945457346, 'stability': 'CA'}
{'file': 'orbit_a0.1700.bin', 'm_A (Msun)': 1.0, 'm_B (Msun)': 0.25, 'e': 0.5, 'apapse': True, 'm_P (Msun)': 0.028637827019079753, 'l (rad)': 1.5707963267948966, 'a (AU)': 0.17, 't_stop (day)': 148541.67470013068, 'stability': 'CA'}
{'file': 'orbit_a0.1800.bin', 'm_A (Msun)': 1.0, 'm_B (Msun)': 0.25, 'e': 0.5, 'apapse': True, 'm_P (Msun)': 0.028637827019079753, 'l (rad)': 1.5707963267948966, 'a (AU)': 0.18, 't_stop (day)': 28952.9345542664, 'stability': 'CA'}
{'file': 'orbit_p0.1400.bin', 'm_A (Msun)': 1.0, 'm_B (Msun)': 0.25, 'e': 0.5, 'apapse': False, 'm_P (Msun)': 0.028637827019079753, 'l (rad)': 3.141592653589793, 'a (AU)': 0.14, 't_stop (day)': 3266957.015633596, 'stability': 'ST'}
{'file': 'orbit_p0.1500.bin', 'm_A (Msun)': 1.0, 'm_B (Msun)': 0.25, 'e': 0.5, 'apapse': False, 'm_P (Msun)': 0.028637827019079753, 'l (rad)': 3.141592653589793, 'a (AU)': 0.15, 't_stop (day)': 3266957.015633596, 'stability': 'ST'}
{'file': 'orbit_p0.1600.bin', 'm_A (Msun)': 1.0, 'm_B (Msun)': 0.25, 'e': 0.5, 'apapse': False, 'm_P (Msun)': 0.028637827019079753, 'l (rad)': 3.141592653589793, 'a (AU)': 0.16, 't_stop (day)': 3266957.015633596, 'stability': 'ST'}
{'file': 'orbit_p0.1700.bin', 'm_A (Msun)': 1.0, 'm_B (Msun)': 0.25, 'e': 0.5, 'apapse': False, 'm_P (Msun)': 0.028637827019079753, 'l (rad)': 3.141592653589793, 'a (AU)': 0.17, 't_stop (day)': 1082822.3634518865, 'stability': 'CA'}
{'file': 'orbit_p0.1800.bin', 'm_A (Msun)': 1.0, 'm_B (Msun)': 0.25, 'e': 0.5, 'apapse': False, 'm_P (Msun)': 0.028637827019079753, 'l (rad)': 3.141592653589793, 'a (AU)': 0.18, 't_stop (day)': 274523.21211360104, 'stability': 'CA'}
{'file': 'orbit_a0.1400.bin', 'm_A (Msun)': 1.0, 'm_B (Msun)': 0.25, 'e': 0.5, 'apapse': True, 'm_P (Msun)': 0.028637827019079753, 'l (rad)': 3.141592653589793, 'a (AU)': 0.14, 't_stop (day)': 3266957.015633596, 'stability': 'ST'}
{'file': 'orbit_a0.1500.bin', 'm_A (Msun)': 1.0, 'm_B (Msun)': 0.25, 'e': 0.5, 'apapse': True, 'm_P (Msun)': 0.028637827019079753, 'l (rad)': 3.141592653589793, 'a (AU)': 0.15, 't_stop (day)': 3266957.015633596, 'stability': 'ST'}
{'file': 'orbit_a0.1600.bin', 'm_A (Msun)': 1.0, 'm_B (Msun)': 0.25, 'e': 0.5, 'apapse': True, 'm_P (Msun)': 0.028637827019079753, 'l (rad)': 3.141592653589793, 'a (AU)': 0.16, 't_stop (day)': 1427501.340528714, 'stability': 'CA'}
{'file': 'orbit_a0.1700.bin', 'm_A (Msun)': 1.0, 'm_B (Msun)': 0.25, 'e': 0.5, 'apapse': True, 'm_P (Msun)': 0.028637827019079753, 'l (rad)': 3.141592653589793, 'a (AU)': 0.17, 't_stop (day)': 125661.86550865762, 'stability': 'CA'}
{'file': 'orbit_a0.1800.bin', 'm_A (Msun)': 1.0, 'm_B (Msun)': 0.25, 'e': 0.5, 'apapse': True, 'm_P (Msun)': 0.028637827019079753, 'l (rad)': 3.141592653589793, 'a (AU)': 0.18, 't_stop (day)': 171898.2895435322, 'stability': 'CA'}
{'file': 'orbit_p0.1400.bin', 'm_A (Msun)': 1.0, 'm_B (Msun)': 0.25, 'e': 0.5, 'apapse': False, 'm_P (Msun)': 0.028637827019079753, 'l (rad)': 4.71238898038469, 'a (AU)': 0.14, 't_stop (day)': 3266957.015633596, 'stability': 'ST'}
{'file': 'orbit_p0.1500.bin', 'm_A (Msun)': 1.0, 'm_B (Msun)': 0.25, 'e': 0.5, 'apapse': False, 'm_P (Msun)': 0.028637827019079753, 'l (rad)': 4.71238898038469, 'a (AU)': 0.15, 't_stop (day)': 3266957.015633596, 'stability': 'ST'}
{'file': 'orbit_p0.1600.bin', 'm_A (Msun)': 1.0, 'm_B (Msun)': 0.25, 'e': 0.5, 'apapse': False, 'm_P (Msun)': 0.028637827019079753, 'l (rad)': 4.71238898038469, 'a (AU)': 0.16, 't_stop (day)': 888365.7714418018, 'stability': 'CA'}
{'file': 'orbit_p0.1700.bin', 'm_A (Msun)': 1.0, 'm_B (Msun)': 0.25, 'e': 0.5, 'apapse': False, 'm_P (Msun)': 0.028637827019079753, 'l (rad)': 4.71238898038469, 'a (AU)': 0.17, 't_stop (day)': 214209.74768229065, 'stability': 'CA'}
{'file': 'orbit_p0.1800.bin', 'm_A (Msun)': 1.0, 'm_B (Msun)': 0.25, 'e': 0.5, 'apapse': False, 'm_P (Msun)': 0.028637827019079753, 'l (rad)': 4.71238898038469, 'a (AU)': 0.18, 't_stop (day)': 47406.89309839072, 'stability': 'CA'}
{'file': 'orbit_a0.1400.bin', 'm_A (Msun)': 1.0, 'm_B (Msun)': 0.25, 'e': 0.5, 'apapse': True, 'm_P (Msun)': 0.028637827019079753, 'l (rad)': 4.71238898038469, 'a (AU)': 0.14, 't_stop (day)': 3266957.015633596, 'stability': 'ST'}
{'file': 'orbit_a0.1500.bin', 'm_A (Msun)': 1.0, 'm_B (Msun)': 0.25, 'e': 0.5, 'apapse': True, 'm_P (Msun)': 0.028637827019079753, 'l (rad)': 4.71238898038469, 'a (AU)': 0.15, 't_stop (day)': 3266957.015633596, 'stability': 'ST'}
{'file': 'orbit_a0.1600.bin', 'm_A (Msun)': 1.0, 'm_B (Msun)': 0.25, 'e': 0.5, 'apapse': True, 'm_P (Msun)': 0.028637827019079753, 'l (rad)': 4.71238898038469, 'a (AU)': 0.16, 't_stop (day)': 1001932.7783292343, 'stability': 'CA'}
{'file': 'orbit_a0.1700.bin', 'm_A (Msun)': 1.0, 'm_B (Msun)': 0.25, 'e': 0.5, 'apapse': True, 'm_P (Msun)': 0.028637827019079753, 'l (rad)': 4.71238898038469, 'a (AU)': 0.17, 't_stop (day)': 151663.18582343857, 'stability': 'CA'}
{'file': 'orbit_a0.1800.bin', 'm_A (Msun)': 1.0, 'm_B (Msun)': 0.25, 'e': 0.5, 'apapse': True, 'm_P (Msun)': 0.028637827019079753, 'l (rad)': 4.71238898038469, 'a (AU)': 0.18, 't_stop (day)': 169207.84386711134, 'stability': 'EJ'}
