{'file': 'orbit_p0.2800.bin', 'm_A (Msun)': 1.0, 'm_B (Msun)': 0.6666666666666667, 'e': 0.0, 'apapse': False, 'm_P (Msun)': 0.000954594233969325, 'l (rad)': 0.0, 'a (AU)': 0.27999999999999997, 't_stop (day)': 2829267.7686104896, 'stability': 'ST'}
{'file': 'orbit_p0.2900.bin', 'm_A (Msun)': 1.0, 'm_B (Msun)': 0.6666666666666667, 'e': 0.0, 'apapse': False, 'm_P (Msun)': 0.000954594233969325, 'l (rad)': 0.0, 'a (AU)': 0.29, 't_stop (day)': 2829267.7686104896, 'stability': 'ST'}
{'file': 'orbit_p0.3000.bin', 'm_A (Msun)': 1.0, 'm_B (Msun)': 0.6666666666666667, 'e': 0.0, 'apapse': False, 'm_P (Msun)': 0.000954594233969325, 'l (rad)': 0.0, 'a (AU)': 0.3, 't_stop (day)': 2829267.7686104896, 'stability': 'ST'}
{'file': 'orbit_p0.3100.bin', 'm_A (Msun)': 1.0, 'm_B (Msun)': 0.6666666666666667, 'e': 0.0, 'apapse': False, 'm_P (Msun)': 0.000954594233969325, 'l (rad)': 0.0, 'a (AU)': 0.31, 't_stop (day)': 2829267.7686104896, 'stability': 'ST'}
{'file': 'orbit_p0.3200.bin', 'm_A (Msun)': 1.0, 'm_B (Msun)': 0.6666666666666667, 'e': 0.0, 'apapse': False, 'm_P (Msun)': 0.000954594233969325, 'l (rad)': 0.0, 'a (AU)': 0.32, 't_stop (day)': 2829267.7686104896, 'stability': 'ST'}
{'file': 'orbit_a0.2800.bin', 'm_A (Msun)': 1.0, 'm_B (Msun)': 0.6666666666666667, 'e': 0.0, 'apapse': True, 'm_P (Msun)': 0.000954594233969325, 'l (rad)': 0.0, 'a (AU)': 0.27999999999999997, 't_stop (day)': 2829267.7686104896, 'stability': 'ST'}
{'file': 'orbit_a0.2900.bin', 'm_A (Msun)': 1.0, 'm_B (Msun)': 0.6666666666666667, 'e': 0.0, 'apapse': True, 'm_P (Msun)': 0.000954594233969325, 'l (rad)': 0.0, 'a (AU)': 0.29, 't_stop (day)': 2829267.7686104896, 'stability': 'ST'}
{'file': 'orbit_a0.3000.bin', 'm_A (Msun)': 1.0, 'm_B (Msun)': 0.6666666666666667, 'e': 0.0, 'apapse': True, 'm_P (Msun)': 0.000954594233969325, 'l (rad)': 0.0, 'a (AU)': 0.3, 't_stop (day)': 2829267.7686104896, 'stability': 'ST'}
{'file': 'orbit_a0.3100.bin', 'm_A (Msun)': 1.0, 'm_B (Msun)': 0.6666666666666667, 'e': 0.0, 'apapse': True, 'm_P (Msun)': 0.000954594233969325, 'l (rad)': 0.0, 'a (AU)': 0.31, 't_stop (day)': 2829267.7686104896, 'stability': 'ST'}
{'file': 'orbit_a0.3200.bin', 'm_A (Msun)': 1.0, 'm_B (Msun)': 0.6666666666666667, 'e': 0.0, 'apapse': True, 'm_P (Msun)': 0.000954594233969325, 'l (rad)': 0.0, 'a (AU)': 0.32, 't_stop (day)': 2829267.7686104896, 'stability': 'ST'}
{'file': 'orbit_p0.2800.bin', 'm_A (Msun)': 1.0, 'm_B (Msun)': 0.6666666666666667, 'e': 0.0, 'apapse': False, 'm_P (Msun)': 0.000954594233969325, 'l (rad)': 1.5707963267948966, 'a (AU)': 0.27999999999999997, 't_stop (day)': 2829267.7686104896, 'stability': 'ST'}
{'file': 'orbit_p0.2900.bin', 'm_A (Msun)': 1.0, 'm_B (Msun)': 0.6666666666666667, 'e': 0.0, 'apapse': False, 'm_P (Msun)': 0.000954594233969325, 'l (rad)': 1.5707963267948966, 'a (AU)': 0.29, 't_stop (day)': 2829267.7686104896, 'stability': 'ST'}
{'file': 'orbit_p0.3000.bin', 'm_A (Msun)': 1.0, 'm_B (Msun)': 0.6666666666666667, 'e': 0.0, 'apapse': False, 'm_P (Msun)': 0.000954594233969325, 'l (rad)': 1.5707963267948966, 'a (AU)': 0.3, 't_stop (day)': 2829267.7686104896, 'stability': 'ST'}
{'file': 'orbit_p0.3100.bin', 'm_A (Msun)': 1.0, 'm_B (Msun)': 0.6666666666666667, 'e': 0.0, 'apapse': False, 'm_P (Msun)': 0.000954594233969325, 'l (rad)': 1.5707963267948966, 'a (AU)': 0.31, 't_stop (day)': 682.7523251630365, 'stability': 'CB'}
{'file': 'orbit_p0.3200.bin', 'm_A (Msun)': 1.0, 'm_B (Msun)': 0.6666666666666667, 'e': 0.0, 'apapse': False, 'm_P (Msun)': 0.000954594233969325, 'l (rad)': 1.5707963267948966, 'a (AU)': 0.32, 't_stop (day)': 378.0872937180734, 'stability': 'CA'}
{'file': 'orbit_a0.2800.bin', 'm_A (Msun)': 1.0, 'm_B (Msun)': 0.6666666666666667, 'e': 0.0, 'apapse': True, 'm_P (Msun)': 0.000954594233969325, 'l (rad)': 1.5707963267948966, 'a (AU)': 0.27999999999999997, 't_stop (day)': 2829267.7686104896, 'stability': 'ST'}
{'file': 'orbit_a0.2900.bin', 'm_A (Msun)': 1.0, 'm_B (Msun)': 0.6666666666666667, 'e': 0.0, 'apapse': True, 'm_P (Msun)': 0.000954594233969325, 'l (rad)': 1.5707963267948966, 'a (AU)': 0.29, 't_stop (day)': 2829267.7686104896, 'stability': 'ST'}
{'file': 'orbit_a0.3000.bin', 'm_A (Msun)': 1.0, 'm_B (Msun)': 0.6666666666666667, 'e': 0.0, 'apapse': True, 'm_P (Msun)': 0.000954594233969325, 'l (rad)': 1.5707963267948966, 'a (AU)': 0.3, 't_stop (day)': 2829267.7686104896, 'stability': 'ST'}
{'file': 'orbit_a0.3100.bin', 'm_A (Msun)': 1.0, 'm_B (Msun)': 0.6666666666666667, 'e': 0.0, 'apapse': True, 'm_P (Msun)': 0.000954594233969325, 'l (rad)': 1.5707963267948966, 'a (AU)': 0.31, 't_stop (day)': 435.8714889398685, 'stability': 'CA'}
{'file': 'orbit_a0.3200.bin', 'm_A (Msun)': 1.0, 'm_B (Msun)': 0.6666666666666667, 'e': 0.0, 'apapse': True, 'm_P (Msun)': 0.000954594233969325, 'l (rad)': 1.5707963267948966, 'a (AU)': 0.32, 't_stop (day)': 1721.8591542830886, 'stability': 'CA'}
{'file': 'orbit_p0.2800.bin', 'm_A (Msun)': 1.0, 'm_B (Msun)': 0.6666666666666667, 'e': 0.0, 'apapse': False, 'm_P (Msun)': 0.000954594233969325, 'l (rad)': 3.141592653589793, 'a (AU)': 0.27999999999999997, 't_stop (day)': 2829267.7686104896, 'stability': 'ST'}
{'file': 'orbit_p0.2900.bin', 'm_A (Msun)': 1.0, 'm_B (Msun)': 0.6666666666666667, 'e': 0.0, 'apapse': False, 'm_P (Msun)': 0.000954594233969325, 'l (rad)': 3.141592653589793, 'a (AU)': 0.29, 't_stop (day)': 2829267.7686104896, 'stability': 'ST'}
{'file': 'orbit_p0.3000.bin', 'm_A (Msun)': 1.0, 'm_B (Msun)': 0.6666666666666667, 'e': 0.0, 'apapse': False, 'm_P (Msun)': 0.000954594233969325, 'l (rad)': 3.141592653589793, 'a (AU)': 0.3, 't_stop (day)': 2829267.7686104896, 'stability': 'ST'}
{'file': 'orbit_p0.3100.bin', 'm_A (Msun)': 1.0, 'm_B (Msun)': 0.6666666666666667, 'e': 0.0, 'apapse': False, 'm_P (Msun)': 0.000954594233969325, 'l (rad)': 3.141592653589793, 'a (AU)': 0.31, 't_stop (day)': 2829267.7686104896, 'stability': 'ST'}
{'file': 'orbit_p0.3200.bin', 'm_A (Msun)': 1.0, 'm_B (Msun)': 0.6666666666666667, 'e': 0.0, 'apapse': False, 'm_P (Msun)': 0.000954594233969325, 'l (rad)': 3.141592653589793, 'a (AU)': 0.32, 't_stop (day)': 2829267.7686104896, 'stability': 'ST'}
{'file': 'orbit_a0.2800.bin', 'm_A (Msun)': 1.0, 'm_B (Msun)': 0.6666666666666667, 'e': 0.0, 'apapse': True, 'm_P (Msun)': 0.000954594233969325, 'l (rad)': 3.141592653589793, 'a (AU)': 0.27999999999999997, 't_stop (day)': 2829267.7686104896, 'stability': 'ST'}
{'file': 'orbit_a0.2900.bin', 'm_A (Msun)': 1.0, 'm_B (Msun)': 0.6666666666666667, 'e': 0.0, 'apapse': True, 'm_P (Msun)': 0.000954594233969325, 'l (rad)': 3.141592653589793, 'a (AU)': 0.29, 't_stop (day)': 2829267.7686104896, 'stability': 'ST'}
{'file': 'orbit_a0.3000.bin', 'm_A (Msun)': 1.0, 'm_B (Msun)': 0.6666666666666667, 'e': 0.0, 'apapse': True, 'm_P (Msun)': 0.000954594233969325, 'l (rad)': 3.141592653589793, 'a (AU)': 0.3, 't_stop (day)': 2829267.7686104896, 'stability': 'ST'}
{'file': 'orbit_a0.3100.bin', 'm_A (Msun)': 1.0, 'm_B (Msun)': 0.6666666666666667, 'e': 0.0, 'apapse': True, 'm_P (Msun)': 0.000954594233969325, 'l (rad)': 3.141592653589793, 'a (AU)': 0.31, 't_stop (day)': 2829267.7686104896, 'stability': 'ST'}
{'file': 'orbit_a0.3200.bin', 'm_A (Msun)': 1.0, 'm_B (Msun)': 0.6666666666666667, 'e': 0.0, 'apapse': True, 'm_P (Msun)': 0.000954594233969325, 'l (rad)': 3.141592653589793, 'a (AU)': 0.32, 't_stop (day)': 2829267.7686104896, 'stability': 'ST'}
{'file': 'orbit_p0.2800.bin', 'm_A (Msun)': 1.0, 'm_B (Msun)': 0.6666666666666667, 'e': 0.0, 'apapse': False, 'm_P (Msun)': 0.000954594233969325, 'l (rad)': 4.71238898038469, 'a (AU)': 0.27999999999999997, 't_stop (day)': 2829267.7686104896, 'stability': 'ST'}
{'file': 'orbit_p0.2900.bin', 'm_A (Msun)': 1.0, 'm_B (Msun)': 0.6666666666666667, 'e': 0.0, 'apapse': False, 'm_P (Msun)': 0.000954594233969325, 'l (rad)': 4.71238898038469, 'a (AU)': 0.29, 't_stop (day)': 2829267.7686104896, 'stability': 'ST'}
{'file': 'orbit_p0.3000.bin', 'm_A (Msun)': 1.0, 'm_B (Msun)': 0.6666666666666667, 'e': 0.0, 'apapse': False, 'm_P (Msun)': 0.000954594233969325, 'l (rad)': 4.71238898038469, 'a (AU)': 0.3, 't_stop (day)': 2829267.7686104896, 'stability': 'ST'}
{'file': 'orbit_p0.3100.bin', 'm_A (Msun)': 1.0, 'm_B (Msun)': 0.6666666666666667, 'e': 0.0, 'apapse': False, 'm_P (Msun)': 0.000954594233969325, 'l (rad)': 4.71238898038469, 'a (AU)': 0.31, 't_stop (day)': 435.87134804839445, 'stability': 'CA'}
{'file': 'orbit_p0.3200.bin', 'm_A (Msun)': 1.0, 'm_B (Msun)': 0.6666666666666667, 'e': 0.0, 'apapse': False, 'm_P (Msun)': 0.000954594233969325, 'l (rad)': 4.71238898038469, 'a (AU)': 0.32, 't_stop (day)': 1721.8592167865772, 'stability': 'CA'}
{'file': 'orbit_a0.2800.bin', 'm_A (Msun)': 1.0, 'm_B (Msun)': 0.6666666666666667, 'e': 0.0, 'apapse': True, 'm_P (Msun)': 0.000954594233969325, 'l (rad)': 4.71238898038469, 'a (AU)': 0.27999999999999997, 't_stop (day)': 2829267.7686104896, 'stability': 'ST'}
{'file': 'orbit_a0.2900.bin', 'm_A (Msun)': 1.0, 'm_B (Msun)': 0.6666666666666667, 'e': 0.0, 'apapse': True, 'm_P (Msun)': 0.000954594233969325, 'l (rad)': 4.71238898038469, 'a (AU)': 0.29, 't_stop (day)': 2829267.7686104896, 'stability': 'ST'}
{'file': 'orbit_a0.3000.bin', 'm_A (Msun)': 1.0, 'm_B (Msun)': 0.6666666666666667, 'e': 0.0, 'apapse': True, 'm_P (Msun)': 0.000954594233969325, 'l (rad)': 4.71238898038469, 'a (AU)': 0.3, 't_stop (day)': 2829267.7686104896, 'stability': 'ST'}
{'file': 'orbit_a0.3100.bin', 'm_A (Msun)': 1.0, 'm_B (Msun)': 0.6666666666666667, 'e': 0.0, 'apapse': True, 'm_P (Msun)': 0.000954594233969325, 'l (rad)': 4.71238898038469, 'a (AU)': 0.31, 't_stop (day)': 682.752313726731, 'stability': 'CB'}
{'file': 'orbit_a0.3200.bin', 'm_A (Msun)': 1.0, 'm_B (Msun)': 0.6666666666666667, 'e': 0.0, 'apapse': True, 'm_P (Msun)': 0.000954594233969325, 'l (rad)': 4.71238898038469, 'a (AU)': 0.32, 't_stop (day)': 378.0873197662432, 'stability': 'CA'}
