{'file': 'orbit_p0.3600.bin', 'm_A (Msun)': 1.0, 'm_B (Msun)': 0.25, 'e': 0.0, 'apapse': False, 'm_P (Msun)': 0.028637827019079753, 'l (rad)': 0.0, 'a (AU)': 0.36, 't_stop (day)': 3266957.015633596, 'stability': 'ST'}
{'file': 'orbit_p0.3700.bin', 'm_A (Msun)': 1.0, 'm_B (Msun)': 0.25, 'e': 0.0, 'apapse': False, 'm_P (Msun)': 0.028637827019079753, 'l (rad)': 0.0, 'a (AU)': 0.37, 't_stop (day)': 3266957.015633596, 'stability': 'ST'}
{'file': 'orbit_p0.3800.bin', 'm_A (Msun)': 1.0, 'm_B (Msun)': 0.25, 'e': 0.0, 'apapse': False, 'm_P (Msun)': 0.028637827019079753, 'l (rad)': 0.0, 'a (AU)': 0.38, 't_stop (day)': 3266957.015633596, 'stability': 'ST'}
{'file': 'orbit_p0.3900.bin', 'm_A (Msun)': 1.0, 'm_B (Msun)': 0.25, 'e': 0.0, 'apapse': False, 'm_P (Msun)': 0.028637827019079753, 'l (rad)': 0.0, 'a (AU)': 0.39, 't_stop (day)': 3266957.015633596, 'stability': 'ST'}
{'file': 'orbit_p0.4000.bin', 'm_A (Msun)': 1.0, 'm_B (Msun)': 0.25, 'e': 0.0, 'apapse': False, 'm_P (Msun)': 0.028637827019079753, 'l (rad)': 0.0, 'a (AU)': 0.4, 't_stop (day)': 3266957.015633596, 'stability': 'ST'}
{'file': 'orbit_a0.3600.bin', 'm_A (Msun)': 1.0, 'm_B (Msun)': 0.25, 'e': 0.0, 'apapse': True, 'm_P (Msun)': 0.028637827019079753, 'l (rad)': 0.0, 'a (AU)': 0.36, 't_stop (day)': 3266957.015633596, 'stability': 'ST'}
{'file': 'orbit_a0.3700.bin', 'm_A (Msun)': 1.0, 'm_B (Msun)': 0.25, 'e': 0.0, 'apapse': True, 'm_P (Msun)': 0.028637827019079753, 'l (rad)': 0.0, 'a (AU)': 0.37, 't_stop (day)': 3266957.015633596, 'stability': 'ST'}
{'file': 'orbit_a0.3800.bin', 'm_A (Msun)': 1.0, 'm_B (Msun)': 0.25, 'e': 0.0, 'apapse': True, 'm_P (Msun)': 0.028637827019079753, 'l (rad)': 0.0, 'a (AU)': 0.38, 't_stop (day)': 3266957.015633596, 'stability': 'ST'}
{'file': 'orbit_a0.3900.bin', 'm_A (Msun)': 1.0, 'm_B (Msun)': 0.25, 'e': 0.0, 'apapse': True, 'm_P (Msun)': 0.028637827019079753, 'l (rad)': 0.0, 'a (AU)': 0.39, 't_stop (day)': 35324.564814285965, 'stability': 'CA'}
{'file': 'orbit_a0.4000.bin', 'm_A (Msun)': 1.0, 'm_B (Msun)': 0.25, 'e': 0.0, 'apapse': True, 'm_P (Msun)': 0.028637827019079753, 'l (rad)': 0.0, 'a (AU)': 0.4, 't_stop (day)': 7132.947827267036, 'stability': 'CA'}
{'file': 'orbit_p0.3600.bin', 'm_A (Msun)': 1.0, 'm_B (Msun)': 0.25, 'e': 0.0, 'apapse': False, 'm_P (Msun)': 0.028637827019079753, 'l (rad)': 1.5707963267948966, 'a (AU)': 0.36, 't_stop (day)': 3266957.015633596, 'stability': 'ST'}
{'file': 'orbit_p0.3700.bin', 'm_A (Msun)': 1.0, 'm_B (Msun)': 0.25, 'e': 0.0, 'apapse': False, 'm_P (Msun)': 0.028637827019079753, 'l (rad)': 1.5707963267948966, 'a (AU)': 0.37, 't_stop (day)': 28026.41237329008, 'stability': 'CA'}
{'file': 'orbit_p0.3800.bin', 'm_A (Msun)': 1.0, 'm_B (Msun)': 0.25, 'e': 0.0, 'apapse': False, 'm_P (Msun)': 0.028637827019079753, 'l (rad)': 1.5707963267948966, 'a (AU)': 0.38, 't_stop (day)': 13308.090002452356, 'stability': 'CA'}
{'file': 'orbit_p0.3900.bin', 'm_A (Msun)': 1.0, 'm_B (Msun)': 0.25, 'e': 0.0, 'apapse': False, 'm_P (Msun)': 0.028637827019079753, 'l (rad)': 1.5707963267948966, 'a (AU)': 0.39, 't_stop (day)': 3084.723054179558, 'stability': 'CA'}
{'file': 'orbit_p0.4000.bin', 'm_A (Msun)': 1.0, 'm_B (Msun)': 0.25, 'e': 0.0, 'apapse': False, 'm_P (Msun)': 0.028637827019079753, 'l (rad)': 1.5707963267948966, 'a (AU)': 0.4, 't_stop (day)': 103778.10796678036, 'stability': 'CA'}
{'file': 'orbit_a0.3600.bin', 'm_A (Msun)': 1.0, 'm_B (Msun)': 0.25, 'e': 0.0, 'apapse': True, 'm_P (Msun)': 0.028637827019079753, 'l (rad)': 1.5707963267948966, 'a (AU)': 0.36, 't_stop (day)': 3266957.015633596, 'stability': 'ST'}
{'file': 'orbit_a0.3700.bin', 'm_A (Msun)': 1.0, 'm_B (Msun)': 0.25, 'e': 0.0, 'apapse': True, 'm_P (Msun)': 0.028637827019079753, 'l (rad)': 1.5707963267948966, 'a (AU)': 0.37, 't_stop (day)': 156422.9737646292, 'stability': 'CA'}
{'file': 'orbit_a0.3800.bin', 'm_A (Msun)': 1.0, 'm_B (Msun)': 0.25, 'e': 0.0, 'apapse': True, 'm_P (Msun)': 0.028637827019079753, 'l (rad)': 1.5707963267948966, 'a (AU)': 0.38, 't_stop (day)': 10793.415298534926, 'stability': 'CA'}
{'file': 'orbit_a0.3900.bin', 'm_A (Msun)': 1.0, 'm_B (Msun)': 0.25, 'e': 0.0, 'apapse': True, 'm_P (Msun)': 0.028637827019079753, 'l (rad)': 1.5707963267948966, 'a (AU)': 0.39, 't_stop (day)': 20134.60312949966, 'stability': 'EJ'}
{'file': 'orbit_a0.4000.bin', 'm_A (Msun)': 1.0, 'm_B (Msun)': 0.25, 'e': 0.0, 'apapse': True, 'm_P (Msun)': 0.028637827019079753, 'l (rad)': 1.5707963267948966, 'a (AU)': 0.4, 't_stop (day)': 17186.099953186455, 'stability': 'CA'}
{'file': 'orbit_p0.3600.bin', 'm_A (Msun)': 1.0, 'm_B (Msun)': 0.25, 'e': 0.0, 'apapse': False, 'm_P (Msun)': 0.028637827019079753, 'l (rad)': 3.141592653589793, 'a (AU)': 0.36, 't_stop (day)': 3266957.015633596, 'stability': 'ST'}
{'file': 'orbit_p0.3700.bin', 'm_A (Msun)': 1.0, 'm_B (Msun)': 0.25, 'e': 0.0, 'apapse': False, 'm_P (Msun)': 0.028637827019079753, 'l (rad)': 3.141592653589793, 'a (AU)': 0.37, 't_stop (day)': 3266957.015633596, 'stability': 'ST'}
{'file': 'orbit_p0.3800.bin', 'm_A (Msun)': 1.0, 'm_B (Msun)': 0.25, 'e': 0.0, 'apapse': False, 'm_P (Msun)': 0.028637827019079753, 'l (rad)': 3.141592653589793, 'a (AU)': 0.38, 't_stop (day)': 3266957.015633596, 'stability': 'ST'}
{'file': 'orbit_p0.3900.bin', 'm_A (Msun)': 1.0, 'm_B (Msun)': 0.25, 'e': 0.0, 'apapse': False, 'm_P (Msun)': 0.028637827019079753, 'l (rad)': 3.141592653589793, 'a (AU)': 0.39, 't_stop (day)': 52450.55084222216, 'stability': 'CA'}
{'file': 'orbit_p0.4000.bin', 'm_A (Msun)': 1.0, 'm_B (Msun)': 0.25, 'e': 0.0, 'apapse': False, 'm_P (Msun)': 0.028637827019079753, 'l (rad)': 3.141592653589793, 'a (AU)': 0.4, 't_stop (day)': 7132.9475454622425, 'stability': 'CA'}
{'file': 'orbit_a0.3600.bin', 'm_A (Msun)': 1.0, 'm_B (Msun)': 0.25, 'e': 0.0, 'apapse': True, 'm_P (Msun)': 0.028637827019079753, 'l (rad)': 3.141592653589793, 'a (AU)': 0.36, 't_stop (day)': 3266957.015633596, 'stability': 'ST'}
{'file': 'orbit_a0.3700.bin', 'm_A (Msun)': 1.0, 'm_B (Msun)': 0.25, 'e': 0.0, 'apapse': True, 'm_P (Msun)': 0.028637827019079753, 'l (rad)': 3.141592653589793, 'a (AU)': 0.37, 't_stop (day)': 3266957.015633596, 'stability': 'ST'}
{'file': 'orbit_a0.3800.bin', 'm_A (Msun)': 1.0, 'm_B (Msun)': 0.25, 'e': 0.0, 'apapse': True, 'm_P (Msun)': 0.028637827019079753, 'l (rad)': 3.141592653589793, 'a (AU)': 0.38, 't_stop (day)': 3266957.015633596, 'stability': 'ST'}
{'file': 'orbit_a0.3900.bin', 'm_A (Msun)': 1.0, 'm_B (Msun)': 0.25, 'e': 0.0, 'apapse': True, 'm_P (Msun)': 0.028637827019079753, 'l (rad)': 3.141592653589793, 'a (AU)': 0.39, 't_stop (day)': 3266957.015633596, 'stability': 'ST'}
{'file': 'orbit_a0.4000.bin', 'm_A (Msun)': 1.0, 'm_B (Msun)': 0.25, 'e': 0.0, 'apapse': True, 'm_P (Msun)': 0.028637827019079753, 'l (rad)': 3.141592653589793, 'a (AU)': 0.4, 't_stop (day)': 3266957.015633596, 'stability': 'ST'}
{'file': 'orbit_p0.3600.bin', 'm_A (Msun)': 1.0, 'm_B (Msun)': 0.25, 'e': 0.0, 'apapse': False, 'm_P (Msun)': 0.028637827019079753, 'l (rad)': 4.71238898038469, 'a (AU)': 0.36, 't_stop (day)': 3266957.015633596, 'stability': 'ST'}
{'file': 'orbit_p0.3700.bin', 'm_A (Msun)': 1.0, 'm_B (Msun)': 0.25, 'e': 0.0, 'apapse': False, 'm_P (Msun)': 0.028637827019079753, 'l (rad)': 4.71238898038469, 'a (AU)': 0.37, 't_stop (day)': 88465.22379358177, 'stability': 'CA'}
{'file': 'orbit_p0.3800.bin', 'm_A (Msun)': 1.0, 'm_B (Msun)': 0.25, 'e': 0.0, 'apapse': False, 'm_P (Msun)': 0.028637827019079753, 'l (rad)': 4.71238898038469, 'a (AU)': 0.38, 't_stop (day)': 10793.41556110157, 'stability': 'CA'}
{'file': 'orbit_p0.3900.bin', 'm_A (Msun)': 1.0, 'm_B (Msun)': 0.25, 'e': 0.0, 'apapse': False, 'm_P (Msun)': 0.028637827019079753, 'l (rad)': 4.71238898038469, 'a (AU)': 0.39, 't_stop (day)': 20131.863889714965, 'stability': 'EJ'}
{'file': 'orbit_p0.4000.bin', 'm_A (Msun)': 1.0, 'm_B (Msun)': 0.25, 'e': 0.0, 'apapse': False, 'm_P (Msun)': 0.028637827019079753, 'l (rad)': 4.71238898038469, 'a (AU)': 0.4, 't_stop (day)': 17186.10004341771, 'stability': 'CA'}
{'file': 'orbit_a0.3600.bin', 'm_A (Msun)': 1.0, 'm_B (Msun)': 0.25, 'e': 0.0, 'apapse': True, 'm_P (Msun)': 0.028637827019079753, 'l (rad)': 4.71238898038469, 'a (AU)': 0.36, 't_stop (day)': 3266957.015633596, 'stability': 'ST'}
{'file': 'orbit_a0.3700.bin', 'm_A (Msun)': 1.0, 'm_B (Msun)': 0.25, 'e': 0.0, 'apapse': True, 'm_P (Msun)': 0.028637827019079753, 'l (rad)': 4.71238898038469, 'a (AU)': 0.37, 't_stop (day)': 28026.412493256157, 'stability': 'CA'}
{'file': 'orbit_a0.3800.bin', 'm_A (Msun)': 1.0, 'm_B (Msun)': 0.25, 'e': 0.0, 'apapse': True, 'm_P (Msun)': 0.028637827019079753, 'l (rad)': 4.71238898038469, 'a (AU)': 0.38, 't_stop (day)': 34577.54435306884, 'stability': 'CA'}
{'file': 'orbit_a0.3900.bin', 'm_A (Msun)': 1.0, 'm_B (Msun)': 0.25, 'e': 0.0, 'apapse': True, 'm_P (Msun)': 0.028637827019079753, 'l (rad)': 4.71238898038469, 'a (AU)': 0.39, 't_stop (day)': 3084.7230211972783, 'stability': 'CA'}
{'file': 'orbit_a0.4000.bin', 'm_A (Msun)': 1.0, 'm_B (Msun)': 0.25, 'e': 0.0, 'apapse': True, 'm_P (Msun)': 0.028637827019079753, 'l (rad)': 4.71238898038469, 'a (AU)': 0.4, 't_stop (day)': 100628.03821643387, 'stability': 'CB'}
