{'file': 'orbit_p0.1000.bin', 'm_A (Msun)': 1.0, 'm_B (Msun)': 4.0, 'e': 0.3, 'apapse': False, 'm_P (Msun)': 0.000954594233969325, 'l (rad)': 0.0, 'a (AU)': 0.09999999999999999, 't_stop (day)': 1633478.507816798, 'stability': 'ST'}
{'file': 'orbit_p0.1100.bin', 'm_A (Msun)': 1.0, 'm_B (Msun)': 4.0, 'e': 0.3, 'apapse': False, 'm_P (Msun)': 0.000954594233969325, 'l (rad)': 0.0, 'a (AU)': 0.11, 't_stop (day)': 1633478.507816798, 'stability': 'ST'}
{'file': 'orbit_p0.1200.bin', 'm_A (Msun)': 1.0, 'm_B (Msun)': 4.0, 'e': 0.3, 'apapse': False, 'm_P (Msun)': 0.000954594233969325, 'l (rad)': 0.0, 'a (AU)': 0.12, 't_stop (day)': 1633478.507816798, 'stability': 'ST'}
{'file': 'orbit_p0.1300.bin', 'm_A (Msun)': 1.0, 'm_B (Msun)': 4.0, 'e': 0.3, 'apapse': False, 'm_P (Msun)': 0.000954594233969325, 'l (rad)': 0.0, 'a (AU)': 0.13, 't_stop (day)': 1633478.507816798, 'stability': 'ST'}
{'file': 'orbit_p0.1400.bin', 'm_A (Msun)': 1.0, 'm_B (Msun)': 4.0, 'e': 0.3, 'apapse': False, 'm_P (Msun)': 0.000954594233969325, 'l (rad)': 0.0, 'a (AU)': 0.13999999999999999, 't_stop (day)': 1633478.507816798, 'stability': 'ST'}
{'file': 'orbit_a0.1000.bin', 'm_A (Msun)': 1.0, 'm_B (Msun)': 4.0, 'e': 0.3, 'apapse': True, 'm_P (Msun)': 0.000954594233969325, 'l (rad)': 0.0, 'a (AU)': 0.09999999999999999, 't_stop (day)': 1633478.507816798, 'stability': 'ST'}
{'file': 'orbit_a0.1100.bin', 'm_A (Msun)': 1.0, 'm_B (Msun)': 4.0, 'e': 0.3, 'apapse': True, 'm_P (Msun)': 0.000954594233969325, 'l (rad)': 0.0, 'a (AU)': 0.11, 't_stop (day)': 1633478.507816798, 'stability': 'ST'}
{'file': 'orbit_a0.1200.bin', 'm_A (Msun)': 1.0, 'm_B (Msun)': 4.0, 'e': 0.3, 'apapse': True, 'm_P (Msun)': 0.000954594233969325, 'l (rad)': 0.0, 'a (AU)': 0.12, 't_stop (day)': 1633478.507816798, 'stability': 'ST'}
{'file': 'orbit_a0.1300.bin', 'm_A (Msun)': 1.0, 'm_B (Msun)': 4.0, 'e': 0.3, 'apapse': True, 'm_P (Msun)': 0.000954594233969325, 'l (rad)': 0.0, 'a (AU)': 0.13, 't_stop (day)': 1633478.507816798, 'stability': 'ST'}
{'file': 'orbit_a0.1400.bin', 'm_A (Msun)': 1.0, 'm_B (Msun)': 4.0, 'e': 0.3, 'apapse': True, 'm_P (Msun)': 0.000954594233969325, 'l (rad)': 0.0, 'a (AU)': 0.13999999999999999, 't_stop (day)': 17435.191318300742, 'stability': 'EJ'}
{'file': 'orbit_p0.1000.bin', 'm_A (Msun)': 1.0, 'm_B (Msun)': 4.0, 'e': 0.3, 'apapse': False, 'm_P (Msun)': 0.000954594233969325, 'l (rad)': 1.5707963267948966, 'a (AU)': 0.09999999999999999, 't_stop (day)': 1633478.507816798, 'stability': 'ST'}
{'file': 'orbit_p0.1100.bin', 'm_A (Msun)': 1.0, 'm_B (Msun)': 4.0, 'e': 0.3, 'apapse': False, 'm_P (Msun)': 0.000954594233969325, 'l (rad)': 1.5707963267948966, 'a (AU)': 0.11, 't_stop (day)': 1633478.507816798, 'stability': 'ST'}
{'file': 'orbit_p0.1200.bin', 'm_A (Msun)': 1.0, 'm_B (Msun)': 4.0, 'e': 0.3, 'apapse': False, 'm_P (Msun)': 0.000954594233969325, 'l (rad)': 1.5707963267948966, 'a (AU)': 0.12, 't_stop (day)': 1633478.507816798, 'stability': 'ST'}
{'file': 'orbit_p0.1300.bin', 'm_A (Msun)': 1.0, 'm_B (Msun)': 4.0, 'e': 0.3, 'apapse': False, 'm_P (Msun)': 0.000954594233969325, 'l (rad)': 1.5707963267948966, 'a (AU)': 0.13, 't_stop (day)': 2621.676315863441, 'stability': 'CA'}
{'file': 'orbit_p0.1400.bin', 'm_A (Msun)': 1.0, 'm_B (Msun)': 4.0, 'e': 0.3, 'apapse': False, 'm_P (Msun)': 0.000954594233969325, 'l (rad)': 1.5707963267948966, 'a (AU)': 0.13999999999999999, 't_stop (day)': 811.4885341022303, 'stability': 'CA'}
{'file': 'orbit_a0.1000.bin', 'm_A (Msun)': 1.0, 'm_B (Msun)': 4.0, 'e': 0.3, 'apapse': True, 'm_P (Msun)': 0.000954594233969325, 'l (rad)': 1.5707963267948966, 'a (AU)': 0.09999999999999999, 't_stop (day)': 1633478.507816798, 'stability': 'ST'}
{'file': 'orbit_a0.1100.bin', 'm_A (Msun)': 1.0, 'm_B (Msun)': 4.0, 'e': 0.3, 'apapse': True, 'm_P (Msun)': 0.000954594233969325, 'l (rad)': 1.5707963267948966, 'a (AU)': 0.11, 't_stop (day)': 1633478.507816798, 'stability': 'ST'}
{'file': 'orbit_a0.1200.bin', 'm_A (Msun)': 1.0, 'm_B (Msun)': 4.0, 'e': 0.3, 'apapse': True, 'm_P (Msun)': 0.000954594233969325, 'l (rad)': 1.5707963267948966, 'a (AU)': 0.12, 't_stop (day)': 1633478.507816798, 'stability': 'ST'}
{'file': 'orbit_a0.1300.bin', 'm_A (Msun)': 1.0, 'm_B (Msun)': 4.0, 'e': 0.3, 'apapse': True, 'm_P (Msun)': 0.000954594233969325, 'l (rad)': 1.5707963267948966, 'a (AU)': 0.13, 't_stop (day)': 1633478.507816798, 'stability': 'ST'}
{'file': 'orbit_a0.1400.bin', 'm_A (Msun)': 1.0, 'm_B (Msun)': 4.0, 'e': 0.3, 'apapse': True, 'm_P (Msun)': 0.000954594233969325, 'l (rad)': 1.5707963267948966, 'a (AU)': 0.13999999999999999, 't_stop (day)': 3531.5706316226037, 'stability': 'CA'}
{'file': 'orbit_p0.1000.bin', 'm_A (Msun)': 1.0, 'm_B (Msun)': 4.0, 'e': 0.3, 'apapse': False, 'm_P (Msun)': 0.000954594233969325, 'l (rad)': 3.141592653589793, 'a (AU)': 0.09999999999999999, 't_stop (day)': 1633478.507816798, 'stability': 'ST'}
{'file': 'orbit_p0.1100.bin', 'm_A (Msun)': 1.0, 'm_B (Msun)': 4.0, 'e': 0.3, 'apapse': False, 'm_P (Msun)': 0.000954594233969325, 'l (rad)': 3.141592653589793, 'a (AU)': 0.11, 't_stop (day)': 1633478.507816798, 'stability': 'ST'}
{'file': 'orbit_p0.1200.bin', 'm_A (Msun)': 1.0, 'm_B (Msun)': 4.0, 'e': 0.3, 'apapse': False, 'm_P (Msun)': 0.000954594233969325, 'l (rad)': 3.141592653589793, 'a (AU)': 0.12, 't_stop (day)': 1633478.507816798, 'stability': 'ST'}
{'file': 'orbit_p0.1300.bin', 'm_A (Msun)': 1.0, 'm_B (Msun)': 4.0, 'e': 0.3, 'apapse': False, 'm_P (Msun)': 0.000954594233969325, 'l (rad)': 3.141592653589793, 'a (AU)': 0.13, 't_stop (day)': 1633478.507816798, 'stability': 'ST'}
{'file': 'orbit_p0.1400.bin', 'm_A (Msun)': 1.0, 'm_B (Msun)': 4.0, 'e': 0.3, 'apapse': False, 'm_P (Msun)': 0.000954594233969325, 'l (rad)': 3.141592653589793, 'a (AU)': 0.13999999999999999, 't_stop (day)': 1633478.507816798, 'stability': 'ST'}
{'file': 'orbit_a0.1000.bin', 'm_A (Msun)': 1.0, 'm_B (Msun)': 4.0, 'e': 0.3, 'apapse': True, 'm_P (Msun)': 0.000954594233969325, 'l (rad)': 3.141592653589793, 'a (AU)': 0.09999999999999999, 't_stop (day)': 1633478.507816798, 'stability': 'ST'}
{'file': 'orbit_a0.1100.bin', 'm_A (Msun)': 1.0, 'm_B (Msun)': 4.0, 'e': 0.3, 'apapse': True, 'm_P (Msun)': 0.000954594233969325, 'l (rad)': 3.141592653589793, 'a (AU)': 0.11, 't_stop (day)': 1633478.507816798, 'stability': 'ST'}
{'file': 'orbit_a0.1200.bin', 'm_A (Msun)': 1.0, 'm_B (Msun)': 4.0, 'e': 0.3, 'apapse': True, 'm_P (Msun)': 0.000954594233969325, 'l (rad)': 3.141592653589793, 'a (AU)': 0.12, 't_stop (day)': 1633478.507816798, 'stability': 'ST'}
{'file': 'orbit_a0.1300.bin', 'm_A (Msun)': 1.0, 'm_B (Msun)': 4.0, 'e': 0.3, 'apapse': True, 'm_P (Msun)': 0.000954594233969325, 'l (rad)': 3.141592653589793, 'a (AU)': 0.13, 't_stop (day)': 1633478.507816798, 'stability': 'ST'}
{'file': 'orbit_a0.1400.bin', 'm_A (Msun)': 1.0, 'm_B (Msun)': 4.0, 'e': 0.3, 'apapse': True, 'm_P (Msun)': 0.000954594233969325, 'l (rad)': 3.141592653589793, 'a (AU)': 0.13999999999999999, 't_stop (day)': 5308.277647331106, 'stability': 'CA'}
{'file': 'orbit_p0.1000.bin', 'm_A (Msun)': 1.0, 'm_B (Msun)': 4.0, 'e': 0.3, 'apapse': False, 'm_P (Msun)': 0.000954594233969325, 'l (rad)': 4.71238898038469, 'a (AU)': 0.09999999999999999, 't_stop (day)': 1633478.507816798, 'stability': 'ST'}
{'file': 'orbit_p0.1100.bin', 'm_A (Msun)': 1.0, 'm_B (Msun)': 4.0, 'e': 0.3, 'apapse': False, 'm_P (Msun)': 0.000954594233969325, 'l (rad)': 4.71238898038469, 'a (AU)': 0.11, 't_stop (day)': 1633478.507816798, 'stability': 'ST'}
{'file': 'orbit_p0.1200.bin', 'm_A (Msun)': 1.0, 'm_B (Msun)': 4.0, 'e': 0.3, 'apapse': False, 'm_P (Msun)': 0.000954594233969325, 'l (rad)': 4.71238898038469, 'a (AU)': 0.12, 't_stop (day)': 1633478.507816798, 'stability': 'ST'}
{'file': 'orbit_p0.1300.bin', 'm_A (Msun)': 1.0, 'm_B (Msun)': 4.0, 'e': 0.3, 'apapse': False, 'm_P (Msun)': 0.000954594233969325, 'l (rad)': 4.71238898038469, 'a (AU)': 0.13, 't_stop (day)': 5095.2510422049945, 'stability': 'CA'}
{'file': 'orbit_p0.1400.bin', 'm_A (Msun)': 1.0, 'm_B (Msun)': 4.0, 'e': 0.3, 'apapse': False, 'm_P (Msun)': 0.000954594233969325, 'l (rad)': 4.71238898038469, 'a (AU)': 0.13999999999999999, 't_stop (day)': 1166.127703502068, 'stability': 'CA'}
{'file': 'orbit_a0.1000.bin', 'm_A (Msun)': 1.0, 'm_B (Msun)': 4.0, 'e': 0.3, 'apapse': True, 'm_P (Msun)': 0.000954594233969325, 'l (rad)': 4.71238898038469, 'a (AU)': 0.09999999999999999, 't_stop (day)': 1633478.507816798, 'stability': 'ST'}
{'file': 'orbit_a0.1100.bin', 'm_A (Msun)': 1.0, 'm_B (Msun)': 4.0, 'e': 0.3, 'apapse': True, 'm_P (Msun)': 0.000954594233969325, 'l (rad)': 4.71238898038469, 'a (AU)': 0.11, 't_stop (day)': 1633478.507816798, 'stability': 'ST'}
{'file': 'orbit_a0.1200.bin', 'm_A (Msun)': 1.0, 'm_B (Msun)': 4.0, 'e': 0.3, 'apapse': True, 'm_P (Msun)': 0.000954594233969325, 'l (rad)': 4.71238898038469, 'a (AU)': 0.12, 't_stop (day)': 1633478.507816798, 'stability': 'ST'}
{'file': 'orbit_a0.1300.bin', 'm_A (Msun)': 1.0, 'm_B (Msun)': 4.0, 'e': 0.3, 'apapse': True, 'm_P (Msun)': 0.000954594233969325, 'l (rad)': 4.71238898038469, 'a (AU)': 0.13, 't_stop (day)': 1633478.507816798, 'stability': 'ST'}
{'file': 'orbit_a0.1400.bin', 'm_A (Msun)': 1.0, 'm_B (Msun)': 4.0, 'e': 0.3, 'apapse': True, 'm_P (Msun)': 0.000954594233969325, 'l (rad)': 4.71238898038469, 'a (AU)': 0.13999999999999999, 't_stop (day)': 3695.307080213638, 'stability': 'CA'}
