{'file': 'orbit_p0.1600.bin', 'm_A (Msun)': 1.0, 'm_B (Msun)': 2.333333333333333, 'e': 0.1, 'apapse': False, 'm_P (Msun)': 0.028637827019079753, 'l (rad)': 0.0, 'a (AU)': 0.16, 't_stop (day)': 2000594.4249770092, 'stability': 'ST'}
{'file': 'orbit_p0.1700.bin', 'm_A (Msun)': 1.0, 'm_B (Msun)': 2.333333333333333, 'e': 0.1, 'apapse': False, 'm_P (Msun)': 0.028637827019079753, 'l (rad)': 0.0, 'a (AU)': 0.16999999999999998, 't_stop (day)': 2000594.4249770092, 'stability': 'ST'}
{'file': 'orbit_p0.1800.bin', 'm_A (Msun)': 1.0, 'm_B (Msun)': 2.333333333333333, 'e': 0.1, 'apapse': False, 'm_P (Msun)': 0.028637827019079753, 'l (rad)': 0.0, 'a (AU)': 0.18, 't_stop (day)': 2000594.4249770092, 'stability': 'ST'}
{'file': 'orbit_p0.1900.bin', 'm_A (Msun)': 1.0, 'm_B (Msun)': 2.333333333333333, 'e': 0.1, 'apapse': False, 'm_P (Msun)': 0.028637827019079753, 'l (rad)': 0.0, 'a (AU)': 0.19, 't_stop (day)': 2000594.4249770092, 'stability': 'ST'}
{'file': 'orbit_p0.2000.bin', 'm_A (Msun)': 1.0, 'm_B (Msun)': 2.333333333333333, 'e': 0.1, 'apapse': False, 'm_P (Msun)': 0.028637827019079753, 'l (rad)': 0.0, 'a (AU)': 0.19999999999999998, 't_stop (day)': 2000594.4249770092, 'stability': 'ST'}
{'file': 'orbit_a0.1600.bin', 'm_A (Msun)': 1.0, 'm_B (Msun)': 2.333333333333333, 'e': 0.1, 'apapse': True, 'm_P (Msun)': 0.028637827019079753, 'l (rad)': 0.0, 'a (AU)': 0.16, 't_stop (day)': 2000594.4249770092, 'stability': 'ST'}
{'file': 'orbit_a0.1700.bin', 'm_A (Msun)': 1.0, 'm_B (Msun)': 2.333333333333333, 'e': 0.1, 'apapse': True, 'm_P (Msun)': 0.028637827019079753, 'l (rad)': 0.0, 'a (AU)': 0.16999999999999998, 't_stop (day)': 2000594.4249770092, 'stability': 'ST'}
{'file': 'orbit_a0.1800.bin', 'm_A (Msun)': 1.0, 'm_B (Msun)': 2.333333333333333, 'e': 0.1, 'apapse': True, 'm_P (Msun)': 0.028637827019079753, 'l (rad)': 0.0, 'a (AU)': 0.18, 't_stop (day)': 2000594.4249770092, 'stability': 'ST'}
{'file': 'orbit_a0.1900.bin', 'm_A (Msun)': 1.0, 'm_B (Msun)': 2.333333333333333, 'e': 0.1, 'apapse': True, 'm_P (Msun)': 0.028637827019079753, 'l (rad)': 0.0, 'a (AU)': 0.19, 't_stop (day)': 2000594.4249770092, 'stability': 'ST'}
{'file': 'orbit_a0.2000.bin', 'm_A (Msun)': 1.0, 'm_B (Msun)': 2.333333333333333, 'e': 0.1, 'apapse': True, 'm_P (Msun)': 0.028637827019079753, 'l (rad)': 0.0, 'a (AU)': 0.19999999999999998, 't_stop (day)': 2000594.4249770092, 'stability': 'ST'}
{'file': 'orbit_p0.1600.bin', 'm_A (Msun)': 1.0, 'm_B (Msun)': 2.333333333333333, 'e': 0.1, 'apapse': False, 'm_P (Msun)': 0.028637827019079753, 'l (rad)': 1.5707963267948966, 'a (AU)': 0.16, 't_stop (day)': 2000594.4249770092, 'stability': 'ST'}
{'file': 'orbit_p0.1700.bin', 'm_A (Msun)': 1.0, 'm_B (Msun)': 2.333333333333333, 'e': 0.1, 'apapse': False, 'm_P (Msun)': 0.028637827019079753, 'l (rad)': 1.5707963267948966, 'a (AU)': 0.16999999999999998, 't_stop (day)': 2000594.4249770092, 'stability': 'ST'}
{'file': 'orbit_p0.1800.bin', 'm_A (Msun)': 1.0, 'm_B (Msun)': 2.333333333333333, 'e': 0.1, 'apapse': False, 'm_P (Msun)': 0.028637827019079753, 'l (rad)': 1.5707963267948966, 'a (AU)': 0.18, 't_stop (day)': 2000594.4249770092, 'stability': 'ST'}
{'file': 'orbit_p0.1900.bin', 'm_A (Msun)': 1.0, 'm_B (Msun)': 2.333333333333333, 'e': 0.1, 'apapse': False, 'm_P (Msun)': 0.028637827019079753, 'l (rad)': 1.5707963267948966, 'a (AU)': 0.19, 't_stop (day)': 55195.92538351349, 'stability': 'CA'}
{'file': 'orbit_p0.2000.bin', 'm_A (Msun)': 1.0, 'm_B (Msun)': 2.333333333333333, 'e': 0.1, 'apapse': False, 'm_P (Msun)': 0.028637827019079753, 'l (rad)': 1.5707963267948966, 'a (AU)': 0.19999999999999998, 't_stop (day)': 7662.861412558244, 'stability': 'CA'}
{'file': 'orbit_a0.1600.bin', 'm_A (Msun)': 1.0, 'm_B (Msun)': 2.333333333333333, 'e': 0.1, 'apapse': True, 'm_P (Msun)': 0.028637827019079753, 'l (rad)': 1.5707963267948966, 'a (AU)': 0.16, 't_stop (day)': 2000594.4249770092, 'stability': 'ST'}
{'file': 'orbit_a0.1700.bin', 'm_A (Msun)': 1.0, 'm_B (Msun)': 2.333333333333333, 'e': 0.1, 'apapse': True, 'm_P (Msun)': 0.028637827019079753, 'l (rad)': 1.5707963267948966, 'a (AU)': 0.16999999999999998, 't_stop (day)': 2000594.4249770092, 'stability': 'ST'}
{'file': 'orbit_a0.1800.bin', 'm_A (Msun)': 1.0, 'm_B (Msun)': 2.333333333333333, 'e': 0.1, 'apapse': True, 'm_P (Msun)': 0.028637827019079753, 'l (rad)': 1.5707963267948966, 'a (AU)': 0.18, 't_stop (day)': 2000594.4249770092, 'stability': 'ST'}
{'file': 'orbit_a0.1900.bin', 'm_A (Msun)': 1.0, 'm_B (Msun)': 2.333333333333333, 'e': 0.1, 'apapse': True, 'm_P (Msun)': 0.028637827019079753, 'l (rad)': 1.5707963267948966, 'a (AU)': 0.19, 't_stop (day)': 2000594.4249770092, 'stability': 'ST'}
{'file': 'orbit_a0.2000.bin', 'm_A (Msun)': 1.0, 'm_B (Msun)': 2.333333333333333, 'e': 0.1, 'apapse': True, 'm_P (Msun)': 0.028637827019079753, 'l (rad)': 1.5707963267948966, 'a (AU)': 0.19999999999999998, 't_stop (day)': 4169.249135556084, 'stability': 'CA'}
{'file': 'orbit_p0.1600.bin', 'm_A (Msun)': 1.0, 'm_B (Msun)': 2.333333333333333, 'e': 0.1, 'apapse': False, 'm_P (Msun)': 0.028637827019079753, 'l (rad)': 3.141592653589793, 'a (AU)': 0.16, 't_stop (day)': 2000594.4249770092, 'stability': 'ST'}
{'file': 'orbit_p0.1700.bin', 'm_A (Msun)': 1.0, 'm_B (Msun)': 2.333333333333333, 'e': 0.1, 'apapse': False, 'm_P (Msun)': 0.028637827019079753, 'l (rad)': 3.141592653589793, 'a (AU)': 0.16999999999999998, 't_stop (day)': 2000594.4249770092, 'stability': 'ST'}
{'file': 'orbit_p0.1800.bin', 'm_A (Msun)': 1.0, 'm_B (Msun)': 2.333333333333333, 'e': 0.1, 'apapse': False, 'm_P (Msun)': 0.028637827019079753, 'l (rad)': 3.141592653589793, 'a (AU)': 0.18, 't_stop (day)': 2000594.4249770092, 'stability': 'ST'}
{'file': 'orbit_p0.1900.bin', 'm_A (Msun)': 1.0, 'm_B (Msun)': 2.333333333333333, 'e': 0.1, 'apapse': False, 'm_P (Msun)': 0.028637827019079753, 'l (rad)': 3.141592653589793, 'a (AU)': 0.19, 't_stop (day)': 2000594.4249770092, 'stability': 'ST'}
{'file': 'orbit_p0.2000.bin', 'm_A (Msun)': 1.0, 'm_B (Msun)': 2.333333333333333, 'e': 0.1, 'apapse': False, 'm_P (Msun)': 0.028637827019079753, 'l (rad)': 3.141592653589793, 'a (AU)': 0.19999999999999998, 't_stop (day)': 2000594.4249770092, 'stability': 'ST'}
{'file': 'orbit_a0.1600.bin', 'm_A (Msun)': 1.0, 'm_B (Msun)': 2.333333333333333, 'e': 0.1, 'apapse': True, 'm_P (Msun)': 0.028637827019079753, 'l (rad)': 3.141592653589793, 'a (AU)': 0.16, 't_stop (day)': 2000594.4249770092, 'stability': 'ST'}
{'file': 'orbit_a0.1700.bin', 'm_A (Msun)': 1.0, 'm_B (Msun)': 2.333333333333333, 'e': 0.1, 'apapse': True, 'm_P (Msun)': 0.028637827019079753, 'l (rad)': 3.141592653589793, 'a (AU)': 0.16999999999999998, 't_stop (day)': 2000594.4249770092, 'stability': 'ST'}
{'file': 'orbit_a0.1800.bin', 'm_A (Msun)': 1.0, 'm_B (Msun)': 2.333333333333333, 'e': 0.1, 'apapse': True, 'm_P (Msun)': 0.028637827019079753, 'l (rad)': 3.141592653589793, 'a (AU)': 0.18, 't_stop (day)': 2000594.4249770092, 'stability': 'ST'}
{'file': 'orbit_a0.1900.bin', 'm_A (Msun)': 1.0, 'm_B (Msun)': 2.333333333333333, 'e': 0.1, 'apapse': True, 'm_P (Msun)': 0.028637827019079753, 'l (rad)': 3.141592653589793, 'a (AU)': 0.19, 't_stop (day)': 2000594.4249770092, 'stability': 'ST'}
{'file': 'orbit_a0.2000.bin', 'm_A (Msun)': 1.0, 'm_B (Msun)': 2.333333333333333, 'e': 0.1, 'apapse': True, 'm_P (Msun)': 0.028637827019079753, 'l (rad)': 3.141592653589793, 'a (AU)': 0.19999999999999998, 't_stop (day)': 2000594.4249770092, 'stability': 'ST'}
{'file': 'orbit_p0.1600.bin', 'm_A (Msun)': 1.0, 'm_B (Msun)': 2.333333333333333, 'e': 0.1, 'apapse': False, 'm_P (Msun)': 0.028637827019079753, 'l (rad)': 4.71238898038469, 'a (AU)': 0.16, 't_stop (day)': 2000594.4249770092, 'stability': 'ST'}
{'file': 'orbit_p0.1700.bin', 'm_A (Msun)': 1.0, 'm_B (Msun)': 2.333333333333333, 'e': 0.1, 'apapse': False, 'm_P (Msun)': 0.028637827019079753, 'l (rad)': 4.71238898038469, 'a (AU)': 0.16999999999999998, 't_stop (day)': 2000594.4249770092, 'stability': 'ST'}
{'file': 'orbit_p0.1800.bin', 'm_A (Msun)': 1.0, 'm_B (Msun)': 2.333333333333333, 'e': 0.1, 'apapse': False, 'm_P (Msun)': 0.028637827019079753, 'l (rad)': 4.71238898038469, 'a (AU)': 0.18, 't_stop (day)': 2000594.4249770092, 'stability': 'ST'}
{'file': 'orbit_p0.1900.bin', 'm_A (Msun)': 1.0, 'm_B (Msun)': 2.333333333333333, 'e': 0.1, 'apapse': False, 'm_P (Msun)': 0.028637827019079753, 'l (rad)': 4.71238898038469, 'a (AU)': 0.19, 't_stop (day)': 58451.36132414843, 'stability': 'CA'}
{'file': 'orbit_p0.2000.bin', 'm_A (Msun)': 1.0, 'm_B (Msun)': 2.333333333333333, 'e': 0.1, 'apapse': False, 'm_P (Msun)': 0.028637827019079753, 'l (rad)': 4.71238898038469, 'a (AU)': 0.19999999999999998, 't_stop (day)': 2525.647986890508, 'stability': 'CB'}
{'file': 'orbit_a0.1600.bin', 'm_A (Msun)': 1.0, 'm_B (Msun)': 2.333333333333333, 'e': 0.1, 'apapse': True, 'm_P (Msun)': 0.028637827019079753, 'l (rad)': 4.71238898038469, 'a (AU)': 0.16, 't_stop (day)': 2000594.4249770092, 'stability': 'ST'}
{'file': 'orbit_a0.1700.bin', 'm_A (Msun)': 1.0, 'm_B (Msun)': 2.333333333333333, 'e': 0.1, 'apapse': True, 'm_P (Msun)': 0.028637827019079753, 'l (rad)': 4.71238898038469, 'a (AU)': 0.16999999999999998, 't_stop (day)': 2000594.4249770092, 'stability': 'ST'}
{'file': 'orbit_a0.1800.bin', 'm_A (Msun)': 1.0, 'm_B (Msun)': 2.333333333333333, 'e': 0.1, 'apapse': True, 'm_P (Msun)': 0.028637827019079753, 'l (rad)': 4.71238898038469, 'a (AU)': 0.18, 't_stop (day)': 2000594.4249770092, 'stability': 'ST'}
{'file': 'orbit_a0.1900.bin', 'm_A (Msun)': 1.0, 'm_B (Msun)': 2.333333333333333, 'e': 0.1, 'apapse': True, 'm_P (Msun)': 0.028637827019079753, 'l (rad)': 4.71238898038469, 'a (AU)': 0.19, 't_stop (day)': 2000594.4249770092, 'stability': 'ST'}
{'file': 'orbit_a0.2000.bin', 'm_A (Msun)': 1.0, 'm_B (Msun)': 2.333333333333333, 'e': 0.1, 'apapse': True, 'm_P (Msun)': 0.028637827019079753, 'l (rad)': 4.71238898038469, 'a (AU)': 0.19999999999999998, 't_stop (day)': 12080.554956932883, 'stability': 'CA'}
